{"/Users/baukh/work/cloud-react/src/components/index.js": {"path":"/Users/baukh/work/cloud-react/src/components/index.js","statementMap":{"0":{"start":{"line":4,"column":0},"end":{"line":6,"column":1}},"1":{"start":{"line":5,"column":1},"end":{"line":5,"column":44}}},"fnMap":{},"branchMap":{"0":{"loc":{"start":{"line":4,"column":0},"end":{"line":6,"column":1}},"type":"if","locations":[{"start":{"line":4,"column":0},"end":{"line":6,"column":1}},{"start":{"line":4,"column":0},"end":{"line":6,"column":1}}],"line":4}},"s":{"0":0,"1":0},"f":{},"b":{"0":[0,0]}}
,"/Users/baukh/work/cloud-react/src/components/bread-crumbs/index.js": {"path":"/Users/baukh/work/cloud-react/src/components/bread-crumbs/index.js","statementMap":{"0":{"start":{"line":8,"column":52},"end":{"line":8,"column":57}},"1":{"start":{"line":9,"column":1},"end":{"line":18,"column":3}},"2":{"start":{"line":13,"column":4},"end":{"line":15,"column":9}},"3":{"start":{"line":13,"column":38},"end":{"line":13,"column":51}},"4":{"start":{"line":20,"column":0},"end":{"line":25,"column":2}},"5":{"start":{"line":26,"column":0},"end":{"line":31,"column":2}}},"fnMap":{"0":{"name":"BreadCrumbs","decl":{"start":{"line":7,"column":24},"end":{"line":7,"column":35}},"loc":{"start":{"line":7,"column":43},"end":{"line":19,"column":1}},"line":7},"1":{"name":"(anonymous_1)","decl":{"start":{"line":11,"column":13},"end":{"line":11,"column":14}},"loc":{"start":{"line":13,"column":4},"end":{"line":15,"column":9}},"line":13},"2":{"name":"(anonymous_2)","decl":{"start":{"line":13,"column":32},"end":{"line":13,"column":33}},"loc":{"start":{"line":13,"column":38},"end":{"line":13,"column":51}},"line":13}},"branchMap":{},"s":{"0":0,"1":0,"2":0,"3":0,"4":0,"5":0},"f":{"0":0,"1":0,"2":0},"b":{}}
,"/Users/baukh/work/cloud-react/src/components/button/index.js": {"path":"/Users/baukh/work/cloud-react/src/components/button/index.js","statementMap":{"0":{"start":{"line":9,"column":17},"end":{"line":9,"column":56}},"1":{"start":{"line":11,"column":1},"end":{"line":20,"column":3}},"2":{"start":{"line":14,"column":4},"end":{"line":17,"column":6}},"3":{"start":{"line":24,"column":20},"end":{"line":33,"column":2}},"4":{"start":{"line":35,"column":23},"end":{"line":44,"column":2}},"5":{"start":{"line":46,"column":16},"end":{"line":46,"column":27}},"6":{"start":{"line":64,"column":6},"end":{"line":64,"column":16}},"7":{"start":{"line":66,"column":22},"end":{"line":66,"column":43}},"8":{"start":{"line":67,"column":21},"end":{"line":75,"column":3}},"9":{"start":{"line":77,"column":2},"end":{"line":91,"column":4}}},"fnMap":{"0":{"name":"ButtonGroup","decl":{"start":{"line":8,"column":9},"end":{"line":8,"column":20}},"loc":{"start":{"line":8,"column":52},"end":{"line":21,"column":1}},"line":8},"1":{"name":"(anonymous_1)","decl":{"start":{"line":13,"column":27},"end":{"line":13,"column":28}},"loc":{"start":{"line":14,"column":4},"end":{"line":17,"column":6}},"line":14},"2":{"name":"(anonymous_2)","decl":{"start":{"line":48,"column":1},"end":{"line":48,"column":2}},"loc":{"start":{"line":48,"column":10},"end":{"line":92,"column":2}},"line":48}},"branchMap":{"0":{"loc":{"start":{"line":66,"column":22},"end":{"line":66,"column":43}},"type":"cond-expr","locations":[{"start":{"line":66,"column":29},"end":{"line":66,"column":32}},{"start":{"line":66,"column":35},"end":{"line":66,"column":43}}],"line":66},"1":{"loc":{"start":{"line":81,"column":14},"end":{"line":81,"column":33}},"type":"binary-expr","locations":[{"start":{"line":81,"column":14},"end":{"line":81,"column":22}},{"start":{"line":81,"column":26},"end":{"line":81,"column":33}}],"line":81},"2":{"loc":{"start":{"line":84,"column":11},"end":{"line":84,"column":28}},"type":"binary-expr","locations":[{"start":{"line":84,"column":11},"end":{"line":84,"column":15}},{"start":{"line":84,"column":19},"end":{"line":84,"column":28}}],"line":84},"3":{"loc":{"start":{"line":85,"column":11},"end":{"line":85,"column":38}},"type":"cond-expr","locations":[{"start":{"line":85,"column":18},"end":{"line":85,"column":27}},{"start":{"line":85,"column":30},"end":{"line":85,"column":38}}],"line":85},"4":{"loc":{"start":{"line":86,"column":13},"end":{"line":86,"column":38}},"type":"cond-expr","locations":[{"start":{"line":86,"column":20},"end":{"line":86,"column":26}},{"start":{"line":86,"column":29},"end":{"line":86,"column":38}}],"line":86},"5":{"loc":{"start":{"line":88,"column":5},"end":{"line":88,"column":66}},"type":"binary-expr","locations":[{"start":{"line":88,"column":5},"end":{"line":88,"column":12}},{"start":{"line":88,"column":16},"end":{"line":88,"column":66}}],"line":88}},"s":{"0":0,"1":0,"2":0,"3":5,"4":5,"5":5,"6":8,"7":8,"8":8,"9":8},"f":{"0":0,"1":0,"2":8},"b":{"0":[0,8],"1":[8,4],"2":[8,8],"3":[0,8],"4":[0,8],"5":[8,0]},"_coverageSchema":"1a1c01bbd47fc00a2c39e90264f33305004495a9","hash":"c350e1e9c3ef046f6a06d98bb25431082c082867"}
,"/Users/baukh/work/cloud-react/src/components/checkbox/index.js": {"path":"/Users/baukh/work/cloud-react/src/components/checkbox/index.js","statementMap":{"0":{"start":{"line":8,"column":22},"end":{"line":8,"column":45}},"1":{"start":{"line":11,"column":57},"end":{"line":11,"column":62}},"2":{"start":{"line":13,"column":20},"end":{"line":13,"column":46}},"3":{"start":{"line":15,"column":15},"end":{"line":39,"column":2}},"4":{"start":{"line":16,"column":2},"end":{"line":38,"column":4}},"5":{"start":{"line":22,"column":4},"end":{"line":24,"column":5}},"6":{"start":{"line":23,"column":5},"end":{"line":23,"column":23}},"7":{"start":{"line":26,"column":18},"end":{"line":26,"column":43}},"8":{"start":{"line":28,"column":4},"end":{"line":30,"column":5}},"9":{"start":{"line":29,"column":5},"end":{"line":29,"column":35}},"10":{"start":{"line":32,"column":4},"end":{"line":34,"column":5}},"11":{"start":{"line":33,"column":5},"end":{"line":33,"column":28}},"12":{"start":{"line":36,"column":4},"end":{"line":36,"column":27}},"13":{"start":{"line":41,"column":17},"end":{"line":44,"column":3}},"14":{"start":{"line":46,"column":1},"end":{"line":46,"column":49}},"15":{"start":{"line":49,"column":0},"end":{"line":54,"column":2}},"16":{"start":{"line":56,"column":0},"end":{"line":61,"column":2}},"17":{"start":{"line":64,"column":20},"end":{"line":72,"column":2}},"18":{"start":{"line":74,"column":23},"end":{"line":82,"column":2}},"19":{"start":{"line":84,"column":16},"end":{"line":84,"column":21}},"20":{"start":{"line":87,"column":2},"end":{"line":87,"column":15}},"21":{"start":{"line":89,"column":2},"end":{"line":91,"column":4}},"22":{"start":{"line":95,"column":40},"end":{"line":95,"column":50}},"23":{"start":{"line":96,"column":2},"end":{"line":96,"column":23}},"24":{"start":{"line":96,"column":16},"end":{"line":96,"column":23}},"25":{"start":{"line":98,"column":18},"end":{"line":98,"column":35}},"26":{"start":{"line":100,"column":2},"end":{"line":100,"column":29}},"27":{"start":{"line":102,"column":2},"end":{"line":102,"column":27}},"28":{"start":{"line":106,"column":22},"end":{"line":106,"column":32}},"29":{"start":{"line":107,"column":2},"end":{"line":107,"column":62}},"30":{"start":{"line":111,"column":83},"end":{"line":111,"column":93}},"31":{"start":{"line":112,"column":18},"end":{"line":112,"column":34}},"32":{"start":{"line":114,"column":18},"end":{"line":118,"column":4}},"33":{"start":{"line":120,"column":2},"end":{"line":136,"column":4}},"34":{"start":{"line":129,"column":7},"end":{"line":129,"column":29}}},"fnMap":{"0":{"name":"Group","decl":{"start":{"line":10,"column":9},"end":{"line":10,"column":14}},"loc":{"start":{"line":10,"column":22},"end":{"line":47,"column":1}},"line":10},"1":{"name":"(anonymous_1)","decl":{"start":{"line":15,"column":38},"end":{"line":15,"column":39}},"loc":{"start":{"line":16,"column":2},"end":{"line":38,"column":4}},"line":16},"2":{"name":"(anonymous_2)","decl":{"start":{"line":21,"column":3},"end":{"line":21,"column":4}},"loc":{"start":{"line":21,"column":26},"end":{"line":37,"column":4}},"line":21},"3":{"name":"(anonymous_3)","decl":{"start":{"line":86,"column":1},"end":{"line":86,"column":2}},"loc":{"start":{"line":86,"column":20},"end":{"line":92,"column":2}},"line":86},"4":{"name":"(anonymous_4)","decl":{"start":{"line":94,"column":1},"end":{"line":94,"column":2}},"loc":{"start":{"line":94,"column":18},"end":{"line":103,"column":2}},"line":94},"5":{"name":"(anonymous_5)","decl":{"start":{"line":105,"column":1},"end":{"line":105,"column":2}},"loc":{"start":{"line":105,"column":13},"end":{"line":108,"column":2}},"line":105},"6":{"name":"(anonymous_6)","decl":{"start":{"line":110,"column":1},"end":{"line":110,"column":2}},"loc":{"start":{"line":110,"column":10},"end":{"line":137,"column":2}},"line":110},"7":{"name":"(anonymous_7)","decl":{"start":{"line":128,"column":16},"end":{"line":128,"column":17}},"loc":{"start":{"line":128,"column":22},"end":{"line":130,"column":7}},"line":128}},"branchMap":{"0":{"loc":{"start":{"line":13,"column":20},"end":{"line":13,"column":46}},"type":"cond-expr","locations":[{"start":{"line":13,"column":28},"end":{"line":13,"column":38}},{"start":{"line":13,"column":41},"end":{"line":13,"column":46}}],"line":13},"1":{"loc":{"start":{"line":17,"column":13},"end":{"line":17,"column":69}},"type":"cond-expr","locations":[{"start":{"line":17,"column":38},"end":{"line":17,"column":58}},{"start":{"line":17,"column":61},"end":{"line":17,"column":69}}],"line":17},"2":{"loc":{"start":{"line":19,"column":12},"end":{"line":19,"column":97}},"type":"cond-expr","locations":[{"start":{"line":19,"column":41},"end":{"line":19,"column":50}},{"start":{"line":19,"column":53},"end":{"line":19,"column":97}}],"line":19},"3":{"loc":{"start":{"line":22,"column":4},"end":{"line":24,"column":5}},"type":"if","locations":[{"start":{"line":22,"column":4},"end":{"line":24,"column":5}},{"start":{"line":22,"column":4},"end":{"line":24,"column":5}}],"line":22},"4":{"loc":{"start":{"line":28,"column":4},"end":{"line":30,"column":5}},"type":"if","locations":[{"start":{"line":28,"column":4},"end":{"line":30,"column":5}},{"start":{"line":28,"column":4},"end":{"line":30,"column":5}}],"line":28},"5":{"loc":{"start":{"line":28,"column":8},"end":{"line":28,"column":30}},"type":"binary-expr","locations":[{"start":{"line":28,"column":8},"end":{"line":28,"column":18}},{"start":{"line":28,"column":22},"end":{"line":28,"column":30}}],"line":28},"6":{"loc":{"start":{"line":32,"column":4},"end":{"line":34,"column":5}},"type":"if","locations":[{"start":{"line":32,"column":4},"end":{"line":34,"column":5}},{"start":{"line":32,"column":4},"end":{"line":34,"column":5}}],"line":32},"7":{"loc":{"start":{"line":32,"column":8},"end":{"line":32,"column":31}},"type":"binary-expr","locations":[{"start":{"line":32,"column":8},"end":{"line":32,"column":20}},{"start":{"line":32,"column":24},"end":{"line":32,"column":31}}],"line":32},"8":{"loc":{"start":{"line":96,"column":2},"end":{"line":96,"column":23}},"type":"if","locations":[{"start":{"line":96,"column":2},"end":{"line":96,"column":23}},{"start":{"line":96,"column":2},"end":{"line":96,"column":23}}],"line":96},"9":{"loc":{"start":{"line":107,"column":9},"end":{"line":107,"column":61}},"type":"cond-expr","locations":[{"start":{"line":107,"column":33},"end":{"line":107,"column":51}},{"start":{"line":107,"column":54},"end":{"line":107,"column":61}}],"line":107},"10":{"loc":{"start":{"line":111,"column":35},"end":{"line":111,"column":49}},"type":"default-arg","locations":[{"start":{"line":111,"column":47},"end":{"line":111,"column":49}}],"line":111},"11":{"loc":{"start":{"line":111,"column":51},"end":{"line":111,"column":61}},"type":"default-arg","locations":[{"start":{"line":111,"column":59},"end":{"line":111,"column":61}}],"line":111},"12":{"loc":{"start":{"line":116,"column":39},"end":{"line":116,"column":70}},"type":"cond-expr","locations":[{"start":{"line":116,"column":49},"end":{"line":116,"column":54}},{"start":{"line":116,"column":57},"end":{"line":116,"column":70}}],"line":116}},"s":{"0":5,"1":0,"2":0,"3":0,"4":0,"5":0,"6":0,"7":0,"8":0,"9":0,"10":0,"11":0,"12":0,"13":0,"14":0,"15":5,"16":5,"17":5,"18":5,"19":5,"20":0,"21":0,"22":0,"23":0,"24":0,"25":0,"26":0,"27":0,"28":0,"29":0,"30":0,"31":0,"32":0,"33":0,"34":0},"f":{"0":0,"1":0,"2":0,"3":0,"4":0,"5":0,"6":0,"7":0},"b":{"0":[0,0],"1":[0,0],"2":[0,0],"3":[0,0],"4":[0,0],"5":[0,0],"6":[0,0],"7":[0,0],"8":[0,0],"9":[0,0],"10":[0],"11":[0],"12":[0,0]},"_coverageSchema":"1a1c01bbd47fc00a2c39e90264f33305004495a9","hash":"b406179cc8d8f2fc583692d11da5776ef299e63a"}
,"/Users/baukh/work/cloud-react/src/components/datepicker/constant.js": {"path":"/Users/baukh/work/cloud-react/src/components/datepicker/constant.js","statementMap":{"0":{"start":{"line":3,"column":29},"end":{"line":3,"column":54}},"1":{"start":{"line":4,"column":33},"end":{"line":4,"column":58}},"2":{"start":{"line":5,"column":34},"end":{"line":5,"column":60}},"3":{"start":{"line":6,"column":30},"end":{"line":6,"column":58}},"4":{"start":{"line":7,"column":28},"end":{"line":7,"column":54}},"5":{"start":{"line":8,"column":24},"end":{"line":8,"column":39}},"6":{"start":{"line":10,"column":24},"end":{"line":10,"column":98}},"7":{"start":{"line":12,"column":23},"end":{"line":23,"column":1}},"8":{"start":{"line":25,"column":25},"end":{"line":51,"column":1}},"9":{"start":{"line":53,"column":22},"end":{"line":58,"column":1}},"10":{"start":{"line":60,"column":12},"end":{"line":60,"column":22}},"11":{"start":{"line":61,"column":14},"end":{"line":61,"column":32}},"12":{"start":{"line":62,"column":12},"end":{"line":62,"column":25}},"13":{"start":{"line":64,"column":27},"end":{"line":71,"column":1}}},"fnMap":{},"branchMap":{"0":{"loc":{"start":{"line":66,"column":15},"end":{"line":66,"column":47}},"type":"cond-expr","locations":[{"start":{"line":66,"column":28},"end":{"line":66,"column":39}},{"start":{"line":66,"column":42},"end":{"line":66,"column":47}}],"line":66},"1":{"loc":{"start":{"line":67,"column":14},"end":{"line":67,"column":40}},"type":"cond-expr","locations":[{"start":{"line":67,"column":25},"end":{"line":67,"column":34}},{"start":{"line":67,"column":37},"end":{"line":67,"column":40}}],"line":67}},"s":{"0":5,"1":5,"2":5,"3":5,"4":5,"5":5,"6":5,"7":5,"8":5,"9":5,"10":5,"11":5,"12":5,"13":5},"f":{},"b":{"0":[0,5],"1":[5,0]},"_coverageSchema":"1a1c01bbd47fc00a2c39e90264f33305004495a9","hash":"62daeaefdaaf875df7bbee2abef73d23c93390cc"}
,"/Users/baukh/work/cloud-react/src/components/datepicker/index.js": {"path":"/Users/baukh/work/cloud-react/src/components/datepicker/index.js","statementMap":{"0":{"start":{"line":9,"column":0},"end":{"line":15,"column":3}}},"fnMap":{},"branchMap":{},"s":{"0":5},"f":{},"b":{},"_coverageSchema":"1a1c01bbd47fc00a2c39e90264f33305004495a9","hash":"ac3d7af84b38d78a3d9c14a86097da669d9195cf"}
,"/Users/baukh/work/cloud-react/src/components/datepicker/proptypes.js": {"path":"/Users/baukh/work/cloud-react/src/components/datepicker/proptypes.js","statementMap":{"0":{"start":{"line":4,"column":25},"end":{"line":16,"column":1}},"1":{"start":{"line":18,"column":29},"end":{"line":30,"column":1}}},"fnMap":{},"branchMap":{},"s":{"0":5,"1":5},"f":{},"b":{},"_coverageSchema":"1a1c01bbd47fc00a2c39e90264f33305004495a9","hash":"410ec44972d0da797b2179ab8ae25559dc92b1b8"}
,"/Users/baukh/work/cloud-react/src/components/datepicker/utils.js": {"path":"/Users/baukh/work/cloud-react/src/components/datepicker/utils.js","statementMap":{"0":{"start":{"line":10,"column":18},"end":{"line":10,"column":64}},"1":{"start":{"line":11,"column":19},"end":{"line":11,"column":38}},"2":{"start":{"line":12,"column":13},"end":{"line":12,"column":36}},"3":{"start":{"line":14,"column":1},"end":{"line":20,"column":2}},"4":{"start":{"line":16,"column":2},"end":{"line":18,"column":3}},"5":{"start":{"line":17,"column":3},"end":{"line":17,"column":13}},"6":{"start":{"line":19,"column":2},"end":{"line":19,"column":12}},"7":{"start":{"line":21,"column":1},"end":{"line":23,"column":2}},"8":{"start":{"line":22,"column":2},"end":{"line":22,"column":12}},"9":{"start":{"line":24,"column":1},"end":{"line":24,"column":11}},"10":{"start":{"line":28,"column":13},"end":{"line":28,"column":23}},"11":{"start":{"line":29,"column":1},"end":{"line":29,"column":86}},"12":{"start":{"line":33,"column":13},"end":{"line":33,"column":23}},"13":{"start":{"line":34,"column":12},"end":{"line":34,"column":35}},"14":{"start":{"line":35,"column":12},"end":{"line":35,"column":37}},"15":{"start":{"line":37,"column":1},"end":{"line":37,"column":73}},"16":{"start":{"line":41,"column":13},"end":{"line":41,"column":27}},"17":{"start":{"line":42,"column":17},"end":{"line":42,"column":37}},"18":{"start":{"line":43,"column":19},"end":{"line":43,"column":41}},"19":{"start":{"line":44,"column":19},"end":{"line":44,"column":41}},"20":{"start":{"line":45,"column":1},"end":{"line":52,"column":3}},"21":{"start":{"line":56,"column":13},"end":{"line":56,"column":23}},"22":{"start":{"line":57,"column":1},"end":{"line":57,"column":70}},"23":{"start":{"line":61,"column":13},"end":{"line":61,"column":17}},"24":{"start":{"line":62,"column":16},"end":{"line":62,"column":48}},"25":{"start":{"line":63,"column":19},"end":{"line":63,"column":44}},"26":{"start":{"line":64,"column":18},"end":{"line":64,"column":27}},"27":{"start":{"line":65,"column":16},"end":{"line":65,"column":25}},"28":{"start":{"line":66,"column":19},"end":{"line":66,"column":27}},"29":{"start":{"line":67,"column":18},"end":{"line":67,"column":28}},"30":{"start":{"line":68,"column":23},"end":{"line":68,"column":25}},"31":{"start":{"line":69,"column":23},"end":{"line":69,"column":25}},"32":{"start":{"line":70,"column":22},"end":{"line":70,"column":24}},"33":{"start":{"line":71,"column":17},"end":{"line":71,"column":21}},"34":{"start":{"line":73,"column":1},"end":{"line":78,"column":2}},"35":{"start":{"line":74,"column":2},"end":{"line":74,"column":17}},"36":{"start":{"line":75,"column":2},"end":{"line":75,"column":13}},"37":{"start":{"line":77,"column":2},"end":{"line":77,"column":24}},"38":{"start":{"line":80,"column":19},"end":{"line":80,"column":49}},"39":{"start":{"line":82,"column":1},"end":{"line":85,"column":2}},"40":{"start":{"line":82,"column":14},"end":{"line":82,"column":15}},"41":{"start":{"line":83,"column":2},"end":{"line":83,"column":36}},"42":{"start":{"line":84,"column":2},"end":{"line":84,"column":9}},"43":{"start":{"line":86,"column":1},"end":{"line":89,"column":2}},"44":{"start":{"line":86,"column":14},"end":{"line":86,"column":15}},"45":{"start":{"line":87,"column":2},"end":{"line":87,"column":24}},"46":{"start":{"line":88,"column":2},"end":{"line":88,"column":9}},"47":{"start":{"line":90,"column":1},"end":{"line":93,"column":2}},"48":{"start":{"line":90,"column":14},"end":{"line":90,"column":15}},"49":{"start":{"line":91,"column":2},"end":{"line":91,"column":27}},"50":{"start":{"line":92,"column":2},"end":{"line":92,"column":9}},"51":{"start":{"line":95,"column":14},"end":{"line":95,"column":67}},"52":{"start":{"line":96,"column":1},"end":{"line":103,"column":2}},"53":{"start":{"line":97,"column":18},"end":{"line":97,"column":39}},"54":{"start":{"line":98,"column":23},"end":{"line":98,"column":58}},"55":{"start":{"line":99,"column":2},"end":{"line":102,"column":3}},"56":{"start":{"line":99,"column":15},"end":{"line":99,"column":16}},"57":{"start":{"line":100,"column":3},"end":{"line":100,"column":44}},"58":{"start":{"line":101,"column":3},"end":{"line":101,"column":10}},"59":{"start":{"line":105,"column":1},"end":{"line":109,"column":3}},"60":{"start":{"line":113,"column":1},"end":{"line":113,"column":34}},"61":{"start":{"line":118,"column":52},"end":{"line":118,"column":56}},"62":{"start":{"line":119,"column":21},"end":{"line":119,"column":84}},"63":{"start":{"line":120,"column":11},"end":{"line":128,"column":2}},"64":{"start":{"line":129,"column":12},"end":{"line":129,"column":15}},"65":{"start":{"line":130,"column":1},"end":{"line":132,"column":2}},"66":{"start":{"line":131,"column":2},"end":{"line":131,"column":79}},"67":{"start":{"line":133,"column":1},"end":{"line":137,"column":4}},"68":{"start":{"line":134,"column":2},"end":{"line":136,"column":3}},"69":{"start":{"line":135,"column":3},"end":{"line":135,"column":110}},"70":{"start":{"line":138,"column":1},"end":{"line":138,"column":13}},"71":{"start":{"line":142,"column":1},"end":{"line":144,"column":2}},"72":{"start":{"line":143,"column":2},"end":{"line":143,"column":11}},"73":{"start":{"line":145,"column":1},"end":{"line":147,"column":2}},"74":{"start":{"line":146,"column":2},"end":{"line":146,"column":15}},"75":{"start":{"line":148,"column":1},"end":{"line":148,"column":20}},"76":{"start":{"line":152,"column":1},"end":{"line":152,"column":39}},"77":{"start":{"line":156,"column":1},"end":{"line":156,"column":69}},"78":{"start":{"line":167,"column":12},"end":{"line":167,"column":16}},"79":{"start":{"line":168,"column":21},"end":{"line":168,"column":30}},"80":{"start":{"line":169,"column":25},"end":{"line":169,"column":36}},"81":{"start":{"line":171,"column":18},"end":{"line":171,"column":45}},"82":{"start":{"line":173,"column":1},"end":{"line":175,"column":2}},"83":{"start":{"line":174,"column":2},"end":{"line":174,"column":39}},"84":{"start":{"line":177,"column":1},"end":{"line":180,"column":2}},"85":{"start":{"line":178,"column":24},"end":{"line":178,"column":32}},"86":{"start":{"line":179,"column":2},"end":{"line":179,"column":115}},"87":{"start":{"line":182,"column":1},"end":{"line":193,"column":2}},"88":{"start":{"line":183,"column":23},"end":{"line":183,"column":31}},"89":{"start":{"line":184,"column":2},"end":{"line":192,"column":4}},"90":{"start":{"line":195,"column":1},"end":{"line":225,"column":2}},"91":{"start":{"line":196,"column":17},"end":{"line":196,"column":44}},"92":{"start":{"line":197,"column":22},"end":{"line":197,"column":42}},"93":{"start":{"line":198,"column":29},"end":{"line":198,"column":40}},"94":{"start":{"line":201,"column":2},"end":{"line":201,"column":120}},"95":{"start":{"line":204,"column":2},"end":{"line":206,"column":3}},"96":{"start":{"line":205,"column":3},"end":{"line":205,"column":16}},"97":{"start":{"line":209,"column":2},"end":{"line":224,"column":3}},"98":{"start":{"line":211,"column":3},"end":{"line":213,"column":4}},"99":{"start":{"line":212,"column":4},"end":{"line":212,"column":17}},"100":{"start":{"line":215,"column":3},"end":{"line":217,"column":4}},"101":{"start":{"line":216,"column":4},"end":{"line":216,"column":16}},"102":{"start":{"line":219,"column":22},"end":{"line":219,"column":42}},"103":{"start":{"line":220,"column":34},"end":{"line":220,"column":44}},"104":{"start":{"line":221,"column":3},"end":{"line":223,"column":4}},"105":{"start":{"line":222,"column":4},"end":{"line":222,"column":17}},"106":{"start":{"line":226,"column":1},"end":{"line":226,"column":13}},"107":{"start":{"line":229,"column":14},"end":{"line":237,"column":1}}},"fnMap":{"0":{"name":"getMonthMaxDay","decl":{"start":{"line":9,"column":9},"end":{"line":9,"column":23}},"loc":{"start":{"line":9,"column":37},"end":{"line":25,"column":1}},"line":9},"1":{"name":"getMonthSize","decl":{"start":{"line":27,"column":9},"end":{"line":27,"column":21}},"loc":{"start":{"line":27,"column":35},"end":{"line":30,"column":1}},"line":27},"2":{"name":"getWeekDisplayRange","decl":{"start":{"line":32,"column":9},"end":{"line":32,"column":28}},"loc":{"start":{"line":32,"column":42},"end":{"line":38,"column":1}},"line":32},"3":{"name":"displayNow","decl":{"start":{"line":40,"column":16},"end":{"line":40,"column":26}},"loc":{"start":{"line":40,"column":46},"end":{"line":53,"column":1}},"line":40},"4":{"name":"today","decl":{"start":{"line":55,"column":16},"end":{"line":55,"column":21}},"loc":{"start":{"line":55,"column":24},"end":{"line":58,"column":1}},"line":55},"5":{"name":"getMonthData","decl":{"start":{"line":60,"column":9},"end":{"line":60,"column":21}},"loc":{"start":{"line":60,"column":35},"end":{"line":110,"column":1}},"line":60},"6":{"name":"refreshDays","decl":{"start":{"line":112,"column":16},"end":{"line":112,"column":27}},"loc":{"start":{"line":112,"column":41},"end":{"line":114,"column":1}},"line":112},"7":{"name":"convert","decl":{"start":{"line":117,"column":16},"end":{"line":117,"column":23}},"loc":{"start":{"line":117,"column":35},"end":{"line":139,"column":1}},"line":117},"8":{"name":"(anonymous_8)","decl":{"start":{"line":133,"column":24},"end":{"line":133,"column":25}},"loc":{"start":{"line":133,"column":29},"end":{"line":137,"column":2}},"line":133},"9":{"name":"formatTime","decl":{"start":{"line":141,"column":16},"end":{"line":141,"column":26}},"loc":{"start":{"line":141,"column":42},"end":{"line":149,"column":1}},"line":141},"10":{"name":"transformObj","decl":{"start":{"line":151,"column":16},"end":{"line":151,"column":28}},"loc":{"start":{"line":151,"column":35},"end":{"line":153,"column":1}},"line":151},"11":{"name":"formatZero","decl":{"start":{"line":155,"column":16},"end":{"line":155,"column":26}},"loc":{"start":{"line":155,"column":34},"end":{"line":157,"column":1}},"line":155},"12":{"name":"checkFormat","decl":{"start":{"line":166,"column":16},"end":{"line":166,"column":27}},"loc":{"start":{"line":166,"column":66},"end":{"line":227,"column":1}},"line":166}},"branchMap":{"0":{"loc":{"start":{"line":10,"column":27},"end":{"line":10,"column":59}},"type":"binary-expr","locations":[{"start":{"line":10,"column":27},"end":{"line":10,"column":31}},{"start":{"line":10,"column":35},"end":{"line":10,"column":59}}],"line":10},"1":{"loc":{"start":{"line":14,"column":1},"end":{"line":20,"column":2}},"type":"if","locations":[{"start":{"line":14,"column":1},"end":{"line":20,"column":2}},{"start":{"line":14,"column":1},"end":{"line":20,"column":2}}],"line":14},"2":{"loc":{"start":{"line":16,"column":2},"end":{"line":18,"column":3}},"type":"if","locations":[{"start":{"line":16,"column":2},"end":{"line":18,"column":3}},{"start":{"line":16,"column":2},"end":{"line":18,"column":3}}],"line":16},"3":{"loc":{"start":{"line":16,"column":6},"end":{"line":16,"column":74}},"type":"binary-expr","locations":[{"start":{"line":16,"column":7},"end":{"line":16,"column":25}},{"start":{"line":16,"column":29},"end":{"line":16,"column":49}},{"start":{"line":16,"column":54},"end":{"line":16,"column":74}}],"line":16},"4":{"loc":{"start":{"line":21,"column":1},"end":{"line":23,"column":2}},"type":"if","locations":[{"start":{"line":21,"column":1},"end":{"line":23,"column":2}},{"start":{"line":21,"column":1},"end":{"line":23,"column":2}}],"line":21},"5":{"loc":{"start":{"line":29,"column":17},"end":{"line":29,"column":42}},"type":"binary-expr","locations":[{"start":{"line":29,"column":17},"end":{"line":29,"column":21}},{"start":{"line":29,"column":25},"end":{"line":29,"column":42}}],"line":29},"6":{"loc":{"start":{"line":29,"column":44},"end":{"line":29,"column":71}},"type":"binary-expr","locations":[{"start":{"line":29,"column":44},"end":{"line":29,"column":49}},{"start":{"line":29,"column":53},"end":{"line":29,"column":71}}],"line":29},"7":{"loc":{"start":{"line":34,"column":12},"end":{"line":34,"column":35}},"type":"binary-expr","locations":[{"start":{"line":34,"column":12},"end":{"line":34,"column":17}},{"start":{"line":34,"column":21},"end":{"line":34,"column":35}}],"line":34},"8":{"loc":{"start":{"line":35,"column":12},"end":{"line":35,"column":37}},"type":"binary-expr","locations":[{"start":{"line":35,"column":12},"end":{"line":35,"column":16}},{"start":{"line":35,"column":20},"end":{"line":35,"column":37}}],"line":35},"9":{"loc":{"start":{"line":40,"column":27},"end":{"line":40,"column":44}},"type":"default-arg","locations":[{"start":{"line":40,"column":34},"end":{"line":40,"column":44}}],"line":40},"10":{"loc":{"start":{"line":73,"column":1},"end":{"line":78,"column":2}},"type":"if","locations":[{"start":{"line":73,"column":1},"end":{"line":78,"column":2}},{"start":{"line":73,"column":1},"end":{"line":78,"column":2}}],"line":73},"11":{"loc":{"start":{"line":96,"column":1},"end":{"line":103,"column":2}},"type":"if","locations":[{"start":{"line":96,"column":1},"end":{"line":103,"column":2}},{"start":{"line":96,"column":1},"end":{"line":103,"column":2}}],"line":96},"12":{"loc":{"start":{"line":98,"column":23},"end":{"line":98,"column":58}},"type":"cond-expr","locations":[{"start":{"line":98,"column":47},"end":{"line":98,"column":48}},{"start":{"line":98,"column":51},"end":{"line":98,"column":58}}],"line":98},"13":{"loc":{"start":{"line":106,"column":8},"end":{"line":106,"column":37}},"type":"binary-expr","locations":[{"start":{"line":106,"column":8},"end":{"line":106,"column":31}},{"start":{"line":106,"column":35},"end":{"line":106,"column":37}}],"line":106},"14":{"loc":{"start":{"line":107,"column":11},"end":{"line":107,"column":29}},"type":"binary-expr","locations":[{"start":{"line":107,"column":11},"end":{"line":107,"column":23}},{"start":{"line":107,"column":27},"end":{"line":107,"column":29}}],"line":107},"15":{"loc":{"start":{"line":108,"column":8},"end":{"line":108,"column":27}},"type":"binary-expr","locations":[{"start":{"line":108,"column":8},"end":{"line":108,"column":21}},{"start":{"line":108,"column":25},"end":{"line":108,"column":27}}],"line":108},"16":{"loc":{"start":{"line":130,"column":1},"end":{"line":132,"column":2}},"type":"if","locations":[{"start":{"line":130,"column":1},"end":{"line":132,"column":2}},{"start":{"line":130,"column":1},"end":{"line":132,"column":2}}],"line":130},"17":{"loc":{"start":{"line":130,"column":5},"end":{"line":130,"column":33}},"type":"binary-expr","locations":[{"start":{"line":130,"column":5},"end":{"line":130,"column":9}},{"start":{"line":130,"column":13},"end":{"line":130,"column":33}}],"line":130},"18":{"loc":{"start":{"line":134,"column":2},"end":{"line":136,"column":3}},"type":"if","locations":[{"start":{"line":134,"column":2},"end":{"line":136,"column":3}},{"start":{"line":134,"column":2},"end":{"line":136,"column":3}}],"line":134},"19":{"loc":{"start":{"line":135,"column":34},"end":{"line":135,"column":108}},"type":"cond-expr","locations":[{"start":{"line":135,"column":59},"end":{"line":135,"column":63}},{"start":{"line":135,"column":66},"end":{"line":135,"column":108}}],"line":135},"20":{"loc":{"start":{"line":141,"column":34},"end":{"line":141,"column":40}},"type":"default-arg","locations":[{"start":{"line":141,"column":38},"end":{"line":141,"column":40}}],"line":141},"21":{"loc":{"start":{"line":142,"column":1},"end":{"line":144,"column":2}},"type":"if","locations":[{"start":{"line":142,"column":1},"end":{"line":144,"column":2}},{"start":{"line":142,"column":1},"end":{"line":144,"column":2}}],"line":142},"22":{"loc":{"start":{"line":145,"column":1},"end":{"line":147,"column":2}},"type":"if","locations":[{"start":{"line":145,"column":1},"end":{"line":147,"column":2}},{"start":{"line":145,"column":1},"end":{"line":147,"column":2}}],"line":145},"23":{"loc":{"start":{"line":152,"column":8},"end":{"line":152,"column":38}},"type":"cond-expr","locations":[{"start":{"line":152,"column":15},"end":{"line":152,"column":31}},{"start":{"line":152,"column":34},"end":{"line":152,"column":38}}],"line":152},"24":{"loc":{"start":{"line":156,"column":8},"end":{"line":156,"column":68}},"type":"cond-expr","locations":[{"start":{"line":156,"column":35},"end":{"line":156,"column":60}},{"start":{"line":156,"column":63},"end":{"line":156,"column":68}}],"line":156},"25":{"loc":{"start":{"line":166,"column":28},"end":{"line":166,"column":38}},"type":"default-arg","locations":[{"start":{"line":166,"column":36},"end":{"line":166,"column":38}}],"line":166},"26":{"loc":{"start":{"line":173,"column":1},"end":{"line":175,"column":2}},"type":"if","locations":[{"start":{"line":173,"column":1},"end":{"line":175,"column":2}},{"start":{"line":173,"column":1},"end":{"line":175,"column":2}}],"line":173},"27":{"loc":{"start":{"line":177,"column":1},"end":{"line":180,"column":2}},"type":"if","locations":[{"start":{"line":177,"column":1},"end":{"line":180,"column":2}},{"start":{"line":177,"column":1},"end":{"line":180,"column":2}}],"line":177},"28":{"loc":{"start":{"line":179,"column":9},"end":{"line":179,"column":114}},"type":"binary-expr","locations":[{"start":{"line":179,"column":9},"end":{"line":179,"column":30}},{"start":{"line":179,"column":34},"end":{"line":179,"column":56}},{"start":{"line":179,"column":60},"end":{"line":179,"column":87}},{"start":{"line":179,"column":91},"end":{"line":179,"column":100}},{"start":{"line":179,"column":104},"end":{"line":179,"column":114}}],"line":179},"29":{"loc":{"start":{"line":182,"column":1},"end":{"line":193,"column":2}},"type":"if","locations":[{"start":{"line":182,"column":1},"end":{"line":193,"column":2}},{"start":{"line":182,"column":1},"end":{"line":193,"column":2}}],"line":182},"30":{"loc":{"start":{"line":185,"column":3},"end":{"line":191,"column":38}},"type":"binary-expr","locations":[{"start":{"line":185,"column":3},"end":{"line":185,"column":24}},{"start":{"line":186,"column":3},"end":{"line":186,"column":30}},{"start":{"line":187,"column":3},"end":{"line":187,"column":28}},{"start":{"line":188,"column":3},"end":{"line":188,"column":12}},{"start":{"line":189,"column":3},"end":{"line":189,"column":13}},{"start":{"line":190,"column":3},"end":{"line":190,"column":10}},{"start":{"line":191,"column":3},"end":{"line":191,"column":38}}],"line":185},"31":{"loc":{"start":{"line":195,"column":1},"end":{"line":225,"column":2}},"type":"if","locations":[{"start":{"line":195,"column":1},"end":{"line":225,"column":2}},{"start":{"line":195,"column":1},"end":{"line":225,"column":2}}],"line":195},"32":{"loc":{"start":{"line":201,"column":9},"end":{"line":201,"column":119}},"type":"binary-expr","locations":[{"start":{"line":201,"column":9},"end":{"line":201,"column":33}},{"start":{"line":201,"column":37},"end":{"line":201,"column":59}},{"start":{"line":201,"column":63},"end":{"line":201,"column":90}},{"start":{"line":201,"column":94},"end":{"line":201,"column":119}}],"line":201},"33":{"loc":{"start":{"line":204,"column":2},"end":{"line":206,"column":3}},"type":"if","locations":[{"start":{"line":204,"column":2},"end":{"line":206,"column":3}},{"start":{"line":204,"column":2},"end":{"line":206,"column":3}}],"line":204},"34":{"loc":{"start":{"line":204,"column":6},"end":{"line":204,"column":87}},"type":"binary-expr","locations":[{"start":{"line":204,"column":6},"end":{"line":204,"column":10}},{"start":{"line":204,"column":15},"end":{"line":204,"column":24}},{"start":{"line":204,"column":28},"end":{"line":204,"column":38}},{"start":{"line":204,"column":42},"end":{"line":204,"column":49}},{"start":{"line":204,"column":53},"end":{"line":204,"column":86}}],"line":204},"35":{"loc":{"start":{"line":209,"column":2},"end":{"line":224,"column":3}},"type":"if","locations":[{"start":{"line":209,"column":2},"end":{"line":224,"column":3}},{"start":{"line":209,"column":2},"end":{"line":224,"column":3}}],"line":209},"36":{"loc":{"start":{"line":211,"column":3},"end":{"line":213,"column":4}},"type":"if","locations":[{"start":{"line":211,"column":3},"end":{"line":213,"column":4}},{"start":{"line":211,"column":3},"end":{"line":213,"column":4}}],"line":211},"37":{"loc":{"start":{"line":215,"column":3},"end":{"line":217,"column":4}},"type":"if","locations":[{"start":{"line":215,"column":3},"end":{"line":217,"column":4}},{"start":{"line":215,"column":3},"end":{"line":217,"column":4}}],"line":215},"38":{"loc":{"start":{"line":221,"column":3},"end":{"line":223,"column":4}},"type":"if","locations":[{"start":{"line":221,"column":3},"end":{"line":223,"column":4}},{"start":{"line":221,"column":3},"end":{"line":223,"column":4}}],"line":221},"39":{"loc":{"start":{"line":221,"column":7},"end":{"line":221,"column":144}},"type":"binary-expr","locations":[{"start":{"line":221,"column":7},"end":{"line":221,"column":30}},{"start":{"line":221,"column":34},"end":{"line":221,"column":39}},{"start":{"line":221,"column":43},"end":{"line":221,"column":50}},{"start":{"line":221,"column":54},"end":{"line":221,"column":61}},{"start":{"line":221,"column":65},"end":{"line":221,"column":73}},{"start":{"line":221,"column":77},"end":{"line":221,"column":86}},{"start":{"line":221,"column":90},"end":{"line":221,"column":100}},{"start":{"line":221,"column":104},"end":{"line":221,"column":115}},{"start":{"line":221,"column":119},"end":{"line":221,"column":129}},{"start":{"line":221,"column":133},"end":{"line":221,"column":144}}],"line":221}},"s":{"0":0,"1":0,"2":0,"3":0,"4":0,"5":0,"6":0,"7":0,"8":0,"9":0,"10":4,"11":4,"12":2,"13":2,"14":2,"15":2,"16":40,"17":40,"18":40,"19":40,"20":40,"21":62,"22":62,"23":2,"24":2,"25":2,"26":2,"27":2,"28":2,"29":2,"30":2,"31":2,"32":2,"33":2,"34":2,"35":0,"36":0,"37":2,"38":2,"39":2,"40":2,"41":10,"42":10,"43":2,"44":2,"45":12,"46":12,"47":2,"48":2,"49":62,"50":62,"51":2,"52":2,"53":0,"54":0,"55":0,"56":0,"57":0,"58":0,"59":2,"60":2,"61":0,"62":0,"63":0,"64":0,"65":0,"66":0,"67":0,"68":0,"69":0,"70":0,"71":0,"72":0,"73":0,"74":0,"75":0,"76":3,"77":0,"78":4,"79":4,"80":4,"81":4,"82":4,"83":1,"84":3,"85":1,"86":1,"87":2,"88":1,"89":1,"90":1,"91":1,"92":1,"93":1,"94":1,"95":1,"96":0,"97":1,"98":0,"99":0,"100":0,"101":0,"102":0,"103":0,"104":0,"105":0,"106":1,"107":5},"f":{"0":0,"1":4,"2":2,"3":40,"4":62,"5":2,"6":2,"7":0,"8":0,"9":0,"10":3,"11":0,"12":4},"b":{"0":[0,0],"1":[0,0],"2":[0,0],"3":[0,0,0],"4":[0,0],"5":[4,0],"6":[4,0],"7":[2,0],"8":[2,0],"9":[38],"10":[0,2],"11":[0,2],"12":[0,0],"13":[2,0],"14":[2,0],"15":[2,0],"16":[0,0],"17":[0,0],"18":[0,0],"19":[0,0],"20":[0],"21":[0,0],"22":[0,0],"23":[0,3],"24":[0,0],"25":[4],"26":[1,3],"27":[1,2],"28":[1,0,0,0,0],"29":[1,1],"30":[1,0,0,0,0,0,0],"31":[1,0],"32":[1,0,0,0],"33":[0,1],"34":[1,0,0,0,0],"35":[0,1],"36":[0,0],"37":[0,0],"38":[0,0],"39":[0,0,0,0,0,0,0,0,0,0]},"_coverageSchema":"1a1c01bbd47fc00a2c39e90264f33305004495a9","hash":"151aed6a3ca8c7aebed4f5e13fb2e6425d675a77"}
,"/Users/baukh/work/cloud-react/src/components/datepicker/common/arrow.js": {"path":"/Users/baukh/work/cloud-react/src/components/datepicker/common/arrow.js","statementMap":{"0":{"start":{"line":6,"column":14},"end":{"line":9,"column":1}},"1":{"start":{"line":11,"column":25},"end":{"line":29,"column":1}},"2":{"start":{"line":12,"column":31},"end":{"line":12,"column":36}},"3":{"start":{"line":14,"column":17},"end":{"line":16,"column":3}},"4":{"start":{"line":18,"column":21},"end":{"line":22,"column":2}},"5":{"start":{"line":19,"column":2},"end":{"line":21,"column":3}},"6":{"start":{"line":20,"column":3},"end":{"line":20,"column":25}},"7":{"start":{"line":24,"column":1},"end":{"line":28,"column":3}},"8":{"start":{"line":31,"column":26},"end":{"line":49,"column":1}},"9":{"start":{"line":32,"column":31},"end":{"line":32,"column":36}},"10":{"start":{"line":34,"column":17},"end":{"line":36,"column":3}},"11":{"start":{"line":38,"column":21},"end":{"line":42,"column":2}},"12":{"start":{"line":39,"column":2},"end":{"line":41,"column":3}},"13":{"start":{"line":40,"column":3},"end":{"line":40,"column":26}},"14":{"start":{"line":44,"column":1},"end":{"line":48,"column":3}}},"fnMap":{"0":{"name":"(anonymous_0)","decl":{"start":{"line":11,"column":25},"end":{"line":11,"column":26}},"loc":{"start":{"line":11,"column":34},"end":{"line":29,"column":1}},"line":11},"1":{"name":"(anonymous_1)","decl":{"start":{"line":18,"column":21},"end":{"line":18,"column":22}},"loc":{"start":{"line":18,"column":27},"end":{"line":22,"column":2}},"line":18},"2":{"name":"(anonymous_2)","decl":{"start":{"line":31,"column":26},"end":{"line":31,"column":27}},"loc":{"start":{"line":31,"column":35},"end":{"line":49,"column":1}},"line":31},"3":{"name":"(anonymous_3)","decl":{"start":{"line":38,"column":21},"end":{"line":38,"column":22}},"loc":{"start":{"line":38,"column":27},"end":{"line":42,"column":2}},"line":38}},"branchMap":{"0":{"loc":{"start":{"line":19,"column":2},"end":{"line":21,"column":3}},"type":"if","locations":[{"start":{"line":19,"column":2},"end":{"line":21,"column":3}},{"start":{"line":19,"column":2},"end":{"line":21,"column":3}}],"line":19},"1":{"loc":{"start":{"line":39,"column":2},"end":{"line":41,"column":3}},"type":"if","locations":[{"start":{"line":39,"column":2},"end":{"line":41,"column":3}},{"start":{"line":39,"column":2},"end":{"line":41,"column":3}}],"line":39}},"s":{"0":5,"1":5,"2":3,"3":3,"4":3,"5":0,"6":0,"7":3,"8":5,"9":3,"10":3,"11":3,"12":0,"13":0,"14":3},"f":{"0":3,"1":0,"2":3,"3":0},"b":{"0":[0,0],"1":[0,0]},"_coverageSchema":"1a1c01bbd47fc00a2c39e90264f33305004495a9","hash":"0031b15f17699e192cbedc5429596ecd45ee4db0"}
,"/Users/baukh/work/cloud-react/src/components/datepicker/common/header.js": {"path":"/Users/baukh/work/cloud-react/src/components/datepicker/common/header.js","statementMap":{"0":{"start":{"line":10,"column":19},"end":{"line":17,"column":2}},"1":{"start":{"line":11,"column":26},"end":{"line":11,"column":36}},"2":{"start":{"line":13,"column":17},"end":{"line":13,"column":45}},"3":{"start":{"line":14,"column":16},"end":{"line":14,"column":45}},"4":{"start":{"line":16,"column":2},"end":{"line":16,"column":82}},"5":{"start":{"line":19,"column":19},"end":{"line":26,"column":2}},"6":{"start":{"line":20,"column":26},"end":{"line":20,"column":36}},"7":{"start":{"line":22,"column":17},"end":{"line":22,"column":45}},"8":{"start":{"line":23,"column":16},"end":{"line":23,"column":46}},"9":{"start":{"line":25,"column":2},"end":{"line":25,"column":82}},"10":{"start":{"line":28,"column":21},"end":{"line":31,"column":2}},"11":{"start":{"line":29,"column":26},"end":{"line":29,"column":36}},"12":{"start":{"line":30,"column":2},"end":{"line":30,"column":52}},"13":{"start":{"line":33,"column":20},"end":{"line":36,"column":2}},"14":{"start":{"line":34,"column":26},"end":{"line":34,"column":36}},"15":{"start":{"line":35,"column":2},"end":{"line":35,"column":53}},"16":{"start":{"line":38,"column":15},"end":{"line":61,"column":2}},"17":{"start":{"line":39,"column":23},"end":{"line":39,"column":33}},"18":{"start":{"line":41,"column":16},"end":{"line":41,"column":27}},"19":{"start":{"line":42,"column":24},"end":{"line":42,"column":36}},"20":{"start":{"line":44,"column":2},"end":{"line":48,"column":3}},"21":{"start":{"line":45,"column":46},"end":{"line":45,"column":49}},"22":{"start":{"line":46,"column":46},"end":{"line":46,"column":49}},"23":{"start":{"line":47,"column":3},"end":{"line":47,"column":119}},"24":{"start":{"line":50,"column":2},"end":{"line":53,"column":3}},"25":{"start":{"line":51,"column":46},"end":{"line":51,"column":49}},"26":{"start":{"line":52,"column":3},"end":{"line":52,"column":93}},"27":{"start":{"line":55,"column":2},"end":{"line":58,"column":3}},"28":{"start":{"line":56,"column":46},"end":{"line":56,"column":49}},"29":{"start":{"line":57,"column":3},"end":{"line":57,"column":93}},"30":{"start":{"line":60,"column":2},"end":{"line":60,"column":66}},"31":{"start":{"line":63,"column":20},"end":{"line":86,"column":2}},"32":{"start":{"line":64,"column":29},"end":{"line":64,"column":39}},"33":{"start":{"line":66,"column":14},"end":{"line":66,"column":18}},"34":{"start":{"line":67,"column":22},"end":{"line":67,"column":34}},"35":{"start":{"line":69,"column":2},"end":{"line":75,"column":3}},"36":{"start":{"line":70,"column":3},"end":{"line":70,"column":21}},"37":{"start":{"line":71,"column":3},"end":{"line":71,"column":14}},"38":{"start":{"line":72,"column":9},"end":{"line":75,"column":3}},"39":{"start":{"line":73,"column":3},"end":{"line":73,"column":22}},"40":{"start":{"line":74,"column":3},"end":{"line":74,"column":14}},"41":{"start":{"line":77,"column":2},"end":{"line":81,"column":3}},"42":{"start":{"line":78,"column":3},"end":{"line":78,"column":26}},"43":{"start":{"line":78,"column":13},"end":{"line":78,"column":26}},"44":{"start":{"line":79,"column":46},"end":{"line":79,"column":49}},"45":{"start":{"line":80,"column":3},"end":{"line":80,"column":63}},"46":{"start":{"line":83,"column":2},"end":{"line":83,"column":25}},"47":{"start":{"line":83,"column":12},"end":{"line":83,"column":25}},"48":{"start":{"line":84,"column":45},"end":{"line":84,"column":48}},"49":{"start":{"line":85,"column":2},"end":{"line":85,"column":62}},"50":{"start":{"line":88,"column":14},"end":{"line":92,"column":2}},"51":{"start":{"line":89,"column":33},"end":{"line":89,"column":43}},"52":{"start":{"line":90,"column":19},"end":{"line":90,"column":65}},"53":{"start":{"line":91,"column":2},"end":{"line":91,"column":43}},"54":{"start":{"line":94,"column":14},"end":{"line":98,"column":2}},"55":{"start":{"line":95,"column":33},"end":{"line":95,"column":43}},"56":{"start":{"line":96,"column":19},"end":{"line":96,"column":65}},"57":{"start":{"line":97,"column":2},"end":{"line":97,"column":43}},"58":{"start":{"line":100,"column":19},"end":{"line":112,"column":2}},"59":{"start":{"line":101,"column":23},"end":{"line":101,"column":33}},"60":{"start":{"line":102,"column":2},"end":{"line":104,"column":3}},"61":{"start":{"line":103,"column":3},"end":{"line":103,"column":59}},"62":{"start":{"line":105,"column":2},"end":{"line":107,"column":3}},"63":{"start":{"line":106,"column":3},"end":{"line":106,"column":68}},"64":{"start":{"line":108,"column":2},"end":{"line":110,"column":3}},"65":{"start":{"line":109,"column":3},"end":{"line":109,"column":68}},"66":{"start":{"line":111,"column":2},"end":{"line":111,"column":76}},"67":{"start":{"line":115,"column":20},"end":{"line":115,"column":30}},"68":{"start":{"line":116,"column":2},"end":{"line":127,"column":4}},"69":{"start":{"line":119,"column":22},"end":{"line":119,"column":49}},"70":{"start":{"line":120,"column":5},"end":{"line":124,"column":7}},"71":{"start":{"line":131,"column":16},"end":{"line":131,"column":18}},"72":{"start":{"line":132,"column":19},"end":{"line":132,"column":29}},"73":{"start":{"line":133,"column":14},"end":{"line":133,"column":31}},"74":{"start":{"line":134,"column":14},"end":{"line":134,"column":31}},"75":{"start":{"line":136,"column":2},"end":{"line":142,"column":3}},"76":{"start":{"line":136,"column":15},"end":{"line":136,"column":18}},"77":{"start":{"line":137,"column":3},"end":{"line":141,"column":5}},"78":{"start":{"line":143,"column":2},"end":{"line":147,"column":4}},"79":{"start":{"line":151,"column":27},"end":{"line":151,"column":37}},"80":{"start":{"line":153,"column":2},"end":{"line":160,"column":4}},"81":{"start":{"line":164,"column":0},"end":{"line":171,"column":2}},"82":{"start":{"line":173,"column":0},"end":{"line":180,"column":2}}},"fnMap":{"0":{"name":"(anonymous_0)","decl":{"start":{"line":10,"column":19},"end":{"line":10,"column":20}},"loc":{"start":{"line":10,"column":25},"end":{"line":17,"column":2}},"line":10},"1":{"name":"(anonymous_1)","decl":{"start":{"line":19,"column":19},"end":{"line":19,"column":20}},"loc":{"start":{"line":19,"column":25},"end":{"line":26,"column":2}},"line":19},"2":{"name":"(anonymous_2)","decl":{"start":{"line":28,"column":21},"end":{"line":28,"column":22}},"loc":{"start":{"line":28,"column":30},"end":{"line":31,"column":2}},"line":28},"3":{"name":"(anonymous_3)","decl":{"start":{"line":33,"column":20},"end":{"line":33,"column":21}},"loc":{"start":{"line":33,"column":29},"end":{"line":36,"column":2}},"line":33},"4":{"name":"(anonymous_4)","decl":{"start":{"line":38,"column":15},"end":{"line":38,"column":16}},"loc":{"start":{"line":38,"column":64},"end":{"line":61,"column":2}},"line":38},"5":{"name":"(anonymous_5)","decl":{"start":{"line":63,"column":20},"end":{"line":63,"column":21}},"loc":{"start":{"line":63,"column":44},"end":{"line":86,"column":2}},"line":63},"6":{"name":"(anonymous_6)","decl":{"start":{"line":88,"column":14},"end":{"line":88,"column":15}},"loc":{"start":{"line":88,"column":20},"end":{"line":92,"column":2}},"line":88},"7":{"name":"(anonymous_7)","decl":{"start":{"line":94,"column":14},"end":{"line":94,"column":15}},"loc":{"start":{"line":94,"column":20},"end":{"line":98,"column":2}},"line":94},"8":{"name":"(anonymous_8)","decl":{"start":{"line":100,"column":19},"end":{"line":100,"column":20}},"loc":{"start":{"line":100,"column":34},"end":{"line":112,"column":2}},"line":100},"9":{"name":"(anonymous_9)","decl":{"start":{"line":114,"column":1},"end":{"line":114,"column":2}},"loc":{"start":{"line":114,"column":15},"end":{"line":128,"column":2}},"line":114},"10":{"name":"(anonymous_10)","decl":{"start":{"line":118,"column":18},"end":{"line":118,"column":19}},"loc":{"start":{"line":118,"column":34},"end":{"line":125,"column":5}},"line":118},"11":{"name":"(anonymous_11)","decl":{"start":{"line":130,"column":1},"end":{"line":130,"column":2}},"loc":{"start":{"line":130,"column":14},"end":{"line":148,"column":2}},"line":130},"12":{"name":"(anonymous_12)","decl":{"start":{"line":150,"column":1},"end":{"line":150,"column":2}},"loc":{"start":{"line":150,"column":10},"end":{"line":161,"column":2}},"line":150}},"branchMap":{"0":{"loc":{"start":{"line":13,"column":17},"end":{"line":13,"column":45}},"type":"cond-expr","locations":[{"start":{"line":13,"column":31},"end":{"line":13,"column":33}},{"start":{"line":13,"column":36},"end":{"line":13,"column":45}}],"line":13},"1":{"loc":{"start":{"line":14,"column":16},"end":{"line":14,"column":45}},"type":"cond-expr","locations":[{"start":{"line":14,"column":30},"end":{"line":14,"column":38}},{"start":{"line":14,"column":41},"end":{"line":14,"column":45}}],"line":14},"2":{"loc":{"start":{"line":22,"column":17},"end":{"line":22,"column":45}},"type":"cond-expr","locations":[{"start":{"line":22,"column":32},"end":{"line":22,"column":33}},{"start":{"line":22,"column":36},"end":{"line":22,"column":45}}],"line":22},"3":{"loc":{"start":{"line":23,"column":16},"end":{"line":23,"column":46}},"type":"cond-expr","locations":[{"start":{"line":23,"column":31},"end":{"line":23,"column":39}},{"start":{"line":23,"column":42},"end":{"line":23,"column":46}}],"line":23},"4":{"loc":{"start":{"line":38,"column":30},"end":{"line":38,"column":59}},"type":"default-arg","locations":[{"start":{"line":38,"column":44},"end":{"line":38,"column":59}}],"line":38},"5":{"loc":{"start":{"line":44,"column":2},"end":{"line":48,"column":3}},"type":"if","locations":[{"start":{"line":44,"column":2},"end":{"line":48,"column":3}},{"start":{"line":44,"column":2},"end":{"line":48,"column":3}}],"line":44},"6":{"loc":{"start":{"line":44,"column":6},"end":{"line":44,"column":16}},"type":"binary-expr","locations":[{"start":{"line":44,"column":6},"end":{"line":44,"column":9}},{"start":{"line":44,"column":13},"end":{"line":44,"column":16}}],"line":44},"7":{"loc":{"start":{"line":47,"column":10},"end":{"line":47,"column":118}},"type":"binary-expr","locations":[{"start":{"line":47,"column":10},"end":{"line":47,"column":62}},{"start":{"line":47,"column":66},"end":{"line":47,"column":118}}],"line":47},"8":{"loc":{"start":{"line":50,"column":2},"end":{"line":53,"column":3}},"type":"if","locations":[{"start":{"line":50,"column":2},"end":{"line":53,"column":3}},{"start":{"line":50,"column":2},"end":{"line":53,"column":3}}],"line":50},"9":{"loc":{"start":{"line":50,"column":6},"end":{"line":50,"column":17}},"type":"binary-expr","locations":[{"start":{"line":50,"column":6},"end":{"line":50,"column":9}},{"start":{"line":50,"column":13},"end":{"line":50,"column":17}}],"line":50},"10":{"loc":{"start":{"line":52,"column":10},"end":{"line":52,"column":92}},"type":"binary-expr","locations":[{"start":{"line":52,"column":10},"end":{"line":52,"column":62}},{"start":{"line":52,"column":66},"end":{"line":52,"column":92}}],"line":52},"11":{"loc":{"start":{"line":55,"column":2},"end":{"line":58,"column":3}},"type":"if","locations":[{"start":{"line":55,"column":2},"end":{"line":58,"column":3}},{"start":{"line":55,"column":2},"end":{"line":58,"column":3}}],"line":55},"12":{"loc":{"start":{"line":55,"column":6},"end":{"line":55,"column":17}},"type":"binary-expr","locations":[{"start":{"line":55,"column":6},"end":{"line":55,"column":10}},{"start":{"line":55,"column":14},"end":{"line":55,"column":17}}],"line":55},"13":{"loc":{"start":{"line":57,"column":10},"end":{"line":57,"column":92}},"type":"binary-expr","locations":[{"start":{"line":57,"column":10},"end":{"line":57,"column":62}},{"start":{"line":57,"column":66},"end":{"line":57,"column":92}}],"line":57},"14":{"loc":{"start":{"line":60,"column":9},"end":{"line":60,"column":65}},"type":"binary-expr","locations":[{"start":{"line":60,"column":9},"end":{"line":60,"column":35}},{"start":{"line":60,"column":39},"end":{"line":60,"column":65}}],"line":60},"15":{"loc":{"start":{"line":69,"column":2},"end":{"line":75,"column":3}},"type":"if","locations":[{"start":{"line":69,"column":2},"end":{"line":75,"column":3}},{"start":{"line":69,"column":2},"end":{"line":75,"column":3}}],"line":69},"16":{"loc":{"start":{"line":72,"column":9},"end":{"line":75,"column":3}},"type":"if","locations":[{"start":{"line":72,"column":9},"end":{"line":75,"column":3}},{"start":{"line":72,"column":9},"end":{"line":75,"column":3}}],"line":72},"17":{"loc":{"start":{"line":77,"column":2},"end":{"line":81,"column":3}},"type":"if","locations":[{"start":{"line":77,"column":2},"end":{"line":81,"column":3}},{"start":{"line":77,"column":2},"end":{"line":81,"column":3}}],"line":77},"18":{"loc":{"start":{"line":78,"column":3},"end":{"line":78,"column":26}},"type":"if","locations":[{"start":{"line":78,"column":3},"end":{"line":78,"column":26}},{"start":{"line":78,"column":3},"end":{"line":78,"column":26}}],"line":78},"19":{"loc":{"start":{"line":83,"column":2},"end":{"line":83,"column":25}},"type":"if","locations":[{"start":{"line":83,"column":2},"end":{"line":83,"column":25}},{"start":{"line":83,"column":2},"end":{"line":83,"column":25}}],"line":83},"20":{"loc":{"start":{"line":90,"column":19},"end":{"line":90,"column":65}},"type":"cond-expr","locations":[{"start":{"line":90,"column":47},"end":{"line":90,"column":55}},{"start":{"line":90,"column":58},"end":{"line":90,"column":65}}],"line":90},"21":{"loc":{"start":{"line":90,"column":19},"end":{"line":90,"column":44}},"type":"binary-expr","locations":[{"start":{"line":90,"column":19},"end":{"line":90,"column":22}},{"start":{"line":90,"column":26},"end":{"line":90,"column":44}}],"line":90},"22":{"loc":{"start":{"line":91,"column":9},"end":{"line":91,"column":42}},"type":"cond-expr","locations":[{"start":{"line":91,"column":27},"end":{"line":91,"column":31}},{"start":{"line":91,"column":34},"end":{"line":91,"column":42}}],"line":91},"23":{"loc":{"start":{"line":96,"column":19},"end":{"line":96,"column":65}},"type":"cond-expr","locations":[{"start":{"line":96,"column":47},"end":{"line":96,"column":55}},{"start":{"line":96,"column":58},"end":{"line":96,"column":65}}],"line":96},"24":{"loc":{"start":{"line":96,"column":19},"end":{"line":96,"column":44}},"type":"binary-expr","locations":[{"start":{"line":96,"column":19},"end":{"line":96,"column":22}},{"start":{"line":96,"column":26},"end":{"line":96,"column":44}}],"line":96},"25":{"loc":{"start":{"line":97,"column":9},"end":{"line":97,"column":42}},"type":"cond-expr","locations":[{"start":{"line":97,"column":27},"end":{"line":97,"column":31}},{"start":{"line":97,"column":34},"end":{"line":97,"column":42}}],"line":97},"26":{"loc":{"start":{"line":102,"column":2},"end":{"line":104,"column":3}},"type":"if","locations":[{"start":{"line":102,"column":2},"end":{"line":104,"column":3}},{"start":{"line":102,"column":2},"end":{"line":104,"column":3}}],"line":102},"27":{"loc":{"start":{"line":102,"column":6},"end":{"line":102,"column":16}},"type":"binary-expr","locations":[{"start":{"line":102,"column":6},"end":{"line":102,"column":9}},{"start":{"line":102,"column":13},"end":{"line":102,"column":16}}],"line":102},"28":{"loc":{"start":{"line":103,"column":10},"end":{"line":103,"column":58}},"type":"binary-expr","locations":[{"start":{"line":103,"column":10},"end":{"line":103,"column":32}},{"start":{"line":103,"column":36},"end":{"line":103,"column":58}}],"line":103},"29":{"loc":{"start":{"line":105,"column":2},"end":{"line":107,"column":3}},"type":"if","locations":[{"start":{"line":105,"column":2},"end":{"line":107,"column":3}},{"start":{"line":105,"column":2},"end":{"line":107,"column":3}}],"line":105},"30":{"loc":{"start":{"line":105,"column":6},"end":{"line":105,"column":17}},"type":"binary-expr","locations":[{"start":{"line":105,"column":6},"end":{"line":105,"column":9}},{"start":{"line":105,"column":13},"end":{"line":105,"column":17}}],"line":105},"31":{"loc":{"start":{"line":106,"column":10},"end":{"line":106,"column":67}},"type":"binary-expr","locations":[{"start":{"line":106,"column":10},"end":{"line":106,"column":32}},{"start":{"line":106,"column":36},"end":{"line":106,"column":67}}],"line":106},"32":{"loc":{"start":{"line":108,"column":2},"end":{"line":110,"column":3}},"type":"if","locations":[{"start":{"line":108,"column":2},"end":{"line":110,"column":3}},{"start":{"line":108,"column":2},"end":{"line":110,"column":3}}],"line":108},"33":{"loc":{"start":{"line":108,"column":6},"end":{"line":108,"column":17}},"type":"binary-expr","locations":[{"start":{"line":108,"column":6},"end":{"line":108,"column":10}},{"start":{"line":108,"column":14},"end":{"line":108,"column":17}}],"line":108},"34":{"loc":{"start":{"line":109,"column":10},"end":{"line":109,"column":67}},"type":"binary-expr","locations":[{"start":{"line":109,"column":10},"end":{"line":109,"column":32}},{"start":{"line":109,"column":36},"end":{"line":109,"column":67}}],"line":109},"35":{"loc":{"start":{"line":111,"column":9},"end":{"line":111,"column":75}},"type":"binary-expr","locations":[{"start":{"line":111,"column":9},"end":{"line":111,"column":40}},{"start":{"line":111,"column":44},"end":{"line":111,"column":75}}],"line":111}},"s":{"0":1,"1":0,"2":0,"3":0,"4":0,"5":1,"6":0,"7":0,"8":0,"9":0,"10":1,"11":0,"12":0,"13":1,"14":0,"15":0,"16":1,"17":12,"18":12,"19":12,"20":12,"21":0,"22":0,"23":0,"24":12,"25":0,"26":0,"27":12,"28":0,"29":0,"30":12,"31":1,"32":2,"33":2,"34":2,"35":2,"36":0,"37":0,"38":2,"39":0,"40":0,"41":2,"42":1,"43":1,"44":0,"45":0,"46":1,"47":1,"48":0,"49":0,"50":1,"51":52,"52":52,"53":52,"54":1,"55":52,"56":52,"57":52,"58":1,"59":51,"60":51,"61":0,"62":51,"63":0,"64":51,"65":0,"66":51,"67":1,"68":1,"69":12,"70":12,"71":1,"72":1,"73":1,"74":1,"75":1,"76":1,"77":51,"78":1,"79":1,"80":1,"81":5,"82":5},"f":{"0":0,"1":0,"2":0,"3":0,"4":12,"5":2,"6":52,"7":52,"8":51,"9":1,"10":12,"11":1,"12":1},"b":{"0":[0,0],"1":[0,0],"2":[0,0],"3":[0,0],"4":[12],"5":[0,12],"6":[12,0],"7":[0,0],"8":[0,12],"9":[12,0],"10":[0,0],"11":[0,12],"12":[12,12],"13":[0,0],"14":[12,12],"15":[0,2],"16":[0,2],"17":[1,1],"18":[1,0],"19":[1,0],"20":[0,52],"21":[52,0],"22":[0,52],"23":[0,52],"24":[52,0],"25":[0,52],"26":[0,51],"27":[51,0],"28":[0,0],"29":[0,51],"30":[51,0],"31":[0,0],"32":[0,51],"33":[51,51],"34":[0,0],"35":[51,51]},"_coverageSchema":"1a1c01bbd47fc00a2c39e90264f33305004495a9","hash":"82d70b67cf6bba1ddb9d7ca729249a4fbf2dfbe3"}
,"/Users/baukh/work/cloud-react/src/components/datepicker/common/picker.js": {"path":"/Users/baukh/work/cloud-react/src/components/datepicker/common/picker.js","statementMap":{"0":{"start":{"line":17,"column":22},"end":{"line":17,"column":37}},"1":{"start":{"line":20,"column":2},"end":{"line":20,"column":15}},"2":{"start":{"line":22,"column":53},"end":{"line":22,"column":58}},"3":{"start":{"line":23,"column":22},"end":{"line":23,"column":99}},"4":{"start":{"line":25,"column":2},"end":{"line":34,"column":4}},"5":{"start":{"line":36,"column":2},"end":{"line":36,"column":28}},"6":{"start":{"line":37,"column":2},"end":{"line":37,"column":30}},"7":{"start":{"line":39,"column":2},"end":{"line":39,"column":34}},"8":{"start":{"line":41,"column":2},"end":{"line":43,"column":4}},"9":{"start":{"line":42,"column":3},"end":{"line":42,"column":24}},"10":{"start":{"line":44,"column":2},"end":{"line":46,"column":4}},"11":{"start":{"line":45,"column":3},"end":{"line":45,"column":29}},"12":{"start":{"line":47,"column":2},"end":{"line":49,"column":4}},"13":{"start":{"line":48,"column":3},"end":{"line":48,"column":28}},"14":{"start":{"line":50,"column":2},"end":{"line":52,"column":4}},"15":{"start":{"line":51,"column":3},"end":{"line":51,"column":24}},"16":{"start":{"line":56,"column":24},"end":{"line":56,"column":33}},"17":{"start":{"line":57,"column":19},"end":{"line":57,"column":24}},"18":{"start":{"line":58,"column":29},"end":{"line":58,"column":38}},"19":{"start":{"line":60,"column":2},"end":{"line":65,"column":3}},"20":{"start":{"line":61,"column":3},"end":{"line":64,"column":5}},"21":{"start":{"line":66,"column":2},"end":{"line":66,"column":14}},"22":{"start":{"line":70,"column":2},"end":{"line":70,"column":67}},"23":{"start":{"line":71,"column":2},"end":{"line":73,"column":3}},"24":{"start":{"line":72,"column":3},"end":{"line":72,"column":42}},"25":{"start":{"line":77,"column":47},"end":{"line":77,"column":56}},"26":{"start":{"line":78,"column":26},"end":{"line":78,"column":36}},"27":{"start":{"line":79,"column":24},"end":{"line":79,"column":34}},"28":{"start":{"line":80,"column":2},"end":{"line":83,"column":3}},"29":{"start":{"line":81,"column":16},"end":{"line":81,"column":72}},"30":{"start":{"line":82,"column":3},"end":{"line":82,"column":39}},"31":{"start":{"line":84,"column":2},"end":{"line":86,"column":3}},"32":{"start":{"line":85,"column":3},"end":{"line":85,"column":28}},"33":{"start":{"line":90,"column":2},"end":{"line":90,"column":70}},"34":{"start":{"line":91,"column":2},"end":{"line":91,"column":34}},"35":{"start":{"line":95,"column":2},"end":{"line":95,"column":37}},"36":{"start":{"line":99,"column":2},"end":{"line":99,"column":35}},"37":{"start":{"line":103,"column":25},"end":{"line":103,"column":37}},"38":{"start":{"line":104,"column":2},"end":{"line":104,"column":44}},"39":{"start":{"line":113,"column":21},"end":{"line":122,"column":2}},"40":{"start":{"line":114,"column":24},"end":{"line":114,"column":34}},"41":{"start":{"line":115,"column":16},"end":{"line":115,"column":99}},"42":{"start":{"line":116,"column":2},"end":{"line":118,"column":5}},"43":{"start":{"line":119,"column":2},"end":{"line":121,"column":3}},"44":{"start":{"line":120,"column":3},"end":{"line":120,"column":30}},"45":{"start":{"line":129,"column":15},"end":{"line":132,"column":2}},"46":{"start":{"line":130,"column":2},"end":{"line":130,"column":51}},"47":{"start":{"line":131,"column":2},"end":{"line":131,"column":28}},"48":{"start":{"line":134,"column":17},"end":{"line":155,"column":2}},"49":{"start":{"line":135,"column":52},"end":{"line":135,"column":62}},"50":{"start":{"line":136,"column":27},"end":{"line":136,"column":37}},"51":{"start":{"line":138,"column":20},"end":{"line":138,"column":71}},"52":{"start":{"line":140,"column":21},"end":{"line":140,"column":114}},"53":{"start":{"line":142,"column":2},"end":{"line":144,"column":3}},"54":{"start":{"line":143,"column":3},"end":{"line":143,"column":113}},"55":{"start":{"line":146,"column":2},"end":{"line":148,"column":3}},"56":{"start":{"line":147,"column":3},"end":{"line":147,"column":121}},"57":{"start":{"line":150,"column":2},"end":{"line":152,"column":3}},"58":{"start":{"line":151,"column":3},"end":{"line":151,"column":119}},"59":{"start":{"line":154,"column":2},"end":{"line":154,"column":130}},"60":{"start":{"line":157,"column":12},"end":{"line":162,"column":2}},"61":{"start":{"line":158,"column":2},"end":{"line":158,"column":24}},"62":{"start":{"line":159,"column":2},"end":{"line":161,"column":3}},"63":{"start":{"line":160,"column":3},"end":{"line":160,"column":46}},"64":{"start":{"line":165,"column":15},"end":{"line":189,"column":2}},"65":{"start":{"line":166,"column":24},"end":{"line":166,"column":139}},"66":{"start":{"line":167,"column":47},"end":{"line":167,"column":57}},"67":{"start":{"line":168,"column":36},"end":{"line":168,"column":46}},"68":{"start":{"line":171,"column":2},"end":{"line":175,"column":3}},"69":{"start":{"line":172,"column":3},"end":{"line":172,"column":37}},"70":{"start":{"line":173,"column":3},"end":{"line":173,"column":29}},"71":{"start":{"line":174,"column":3},"end":{"line":174,"column":10}},"72":{"start":{"line":178,"column":2},"end":{"line":181,"column":3}},"73":{"start":{"line":179,"column":3},"end":{"line":179,"column":31}},"74":{"start":{"line":180,"column":3},"end":{"line":180,"column":10}},"75":{"start":{"line":184,"column":2},"end":{"line":188,"column":3}},"76":{"start":{"line":186,"column":4},"end":{"line":186,"column":147}},"77":{"start":{"line":187,"column":3},"end":{"line":187,"column":45}},"78":{"start":{"line":191,"column":17},"end":{"line":236,"column":2}},"79":{"start":{"line":192,"column":27},"end":{"line":192,"column":31}},"80":{"start":{"line":193,"column":17},"end":{"line":193,"column":27}},"81":{"start":{"line":194,"column":67},"end":{"line":194,"column":77}},"82":{"start":{"line":196,"column":2},"end":{"line":229,"column":3}},"83":{"start":{"line":197,"column":3},"end":{"line":199,"column":6}},"84":{"start":{"line":201,"column":17},"end":{"line":201,"column":35}},"85":{"start":{"line":203,"column":3},"end":{"line":214,"column":4}},"86":{"start":{"line":204,"column":4},"end":{"line":204,"column":29}},"87":{"start":{"line":206,"column":4},"end":{"line":206,"column":37}},"88":{"start":{"line":207,"column":4},"end":{"line":213,"column":6}},"89":{"start":{"line":216,"column":3},"end":{"line":227,"column":4}},"90":{"start":{"line":218,"column":4},"end":{"line":226,"column":10}},"91":{"start":{"line":219,"column":30},"end":{"line":219,"column":83}},"92":{"start":{"line":220,"column":28},"end":{"line":220,"column":70}},"93":{"start":{"line":221,"column":29},"end":{"line":221,"column":72}},"94":{"start":{"line":223,"column":5},"end":{"line":225,"column":6}},"95":{"start":{"line":224,"column":6},"end":{"line":224,"column":74}},"96":{"start":{"line":228,"column":3},"end":{"line":228,"column":10}},"97":{"start":{"line":231,"column":2},"end":{"line":233,"column":5}},"98":{"start":{"line":234,"column":2},"end":{"line":234,"column":23}},"99":{"start":{"line":235,"column":2},"end":{"line":235,"column":39}},"100":{"start":{"line":238,"column":15},"end":{"line":256,"column":2}},"101":{"start":{"line":239,"column":40},"end":{"line":239,"column":89}},"102":{"start":{"line":240,"column":60},"end":{"line":240,"column":70}},"103":{"start":{"line":241,"column":33},"end":{"line":241,"column":98}},"104":{"start":{"line":242,"column":24},"end":{"line":242,"column":91}},"105":{"start":{"line":243,"column":20},"end":{"line":243,"column":50}},"106":{"start":{"line":244,"column":2},"end":{"line":251,"column":3}},"107":{"start":{"line":245,"column":3},"end":{"line":250,"column":5}},"108":{"start":{"line":252,"column":2},"end":{"line":255,"column":4}},"109":{"start":{"line":258,"column":16},"end":{"line":269,"column":2}},"110":{"start":{"line":259,"column":2},"end":{"line":259,"column":22}},"111":{"start":{"line":260,"column":23},"end":{"line":260,"column":33}},"112":{"start":{"line":261,"column":22},"end":{"line":261,"column":32}},"113":{"start":{"line":263,"column":2},"end":{"line":263,"column":23}},"114":{"start":{"line":263,"column":16},"end":{"line":263,"column":23}},"115":{"start":{"line":266,"column":2},"end":{"line":268,"column":3}},"116":{"start":{"line":267,"column":3},"end":{"line":267,"column":28}},"117":{"start":{"line":271,"column":16},"end":{"line":322,"column":2}},"118":{"start":{"line":272,"column":39},"end":{"line":272,"column":49}},"119":{"start":{"line":273,"column":2},"end":{"line":321,"column":3}},"120":{"start":{"line":275,"column":3},"end":{"line":278,"column":4}},"121":{"start":{"line":276,"column":4},"end":{"line":276,"column":32}},"122":{"start":{"line":277,"column":4},"end":{"line":277,"column":11}},"123":{"start":{"line":280,"column":28},"end":{"line":280,"column":38}},"124":{"start":{"line":283,"column":51},"end":{"line":283,"column":107}},"125":{"start":{"line":285,"column":28},"end":{"line":285,"column":70}},"126":{"start":{"line":287,"column":4},"end":{"line":287,"column":140}},"127":{"start":{"line":289,"column":3},"end":{"line":291,"column":6}},"128":{"start":{"line":294,"column":3},"end":{"line":296,"column":4}},"129":{"start":{"line":295,"column":4},"end":{"line":295,"column":29}},"130":{"start":{"line":299,"column":21},"end":{"line":299,"column":111}},"131":{"start":{"line":301,"column":3},"end":{"line":303,"column":6}},"132":{"start":{"line":306,"column":3},"end":{"line":320,"column":4}},"133":{"start":{"line":307,"column":4},"end":{"line":319,"column":5}},"134":{"start":{"line":308,"column":5},"end":{"line":308,"column":56}},"135":{"start":{"line":309,"column":11},"end":{"line":319,"column":5}},"136":{"start":{"line":310,"column":5},"end":{"line":310,"column":61}},"137":{"start":{"line":311,"column":11},"end":{"line":319,"column":5}},"138":{"start":{"line":312,"column":5},"end":{"line":312,"column":60}},"139":{"start":{"line":313,"column":11},"end":{"line":319,"column":5}},"140":{"start":{"line":314,"column":20},"end":{"line":314,"column":58}},"141":{"start":{"line":315,"column":22},"end":{"line":315,"column":53}},"142":{"start":{"line":317,"column":5},"end":{"line":317,"column":123}},"143":{"start":{"line":324,"column":19},"end":{"line":339,"column":2}},"144":{"start":{"line":325,"column":36},"end":{"line":325,"column":46}},"145":{"start":{"line":326,"column":38},"end":{"line":326,"column":48}},"146":{"start":{"line":329,"column":2},"end":{"line":333,"column":3}},"147":{"start":{"line":330,"column":3},"end":{"line":330,"column":37}},"148":{"start":{"line":331,"column":3},"end":{"line":331,"column":29}},"149":{"start":{"line":332,"column":3},"end":{"line":332,"column":10}},"150":{"start":{"line":337,"column":3},"end":{"line":337,"column":146}},"151":{"start":{"line":338,"column":2},"end":{"line":338,"column":44}},"152":{"start":{"line":344,"column":19},"end":{"line":358,"column":2}},"153":{"start":{"line":345,"column":27},"end":{"line":345,"column":37}},"154":{"start":{"line":346,"column":55},"end":{"line":346,"column":65}},"155":{"start":{"line":347,"column":20},"end":{"line":347,"column":39}},"156":{"start":{"line":348,"column":17},"end":{"line":348,"column":42}},"157":{"start":{"line":349,"column":2},"end":{"line":355,"column":3}},"158":{"start":{"line":351,"column":3},"end":{"line":351,"column":143}},"159":{"start":{"line":352,"column":3},"end":{"line":354,"column":6}},"160":{"start":{"line":357,"column":2},"end":{"line":357,"column":21}},"161":{"start":{"line":361,"column":80},"end":{"line":361,"column":84}},"162":{"start":{"line":362,"column":43},"end":{"line":362,"column":53}},"163":{"start":{"line":363,"column":90},"end":{"line":363,"column":100}},"164":{"start":{"line":364,"column":21},"end":{"line":381,"column":4}},"165":{"start":{"line":383,"column":2},"end":{"line":411,"column":4}},"166":{"start":{"line":415,"column":0},"end":{"line":427,"column":2}},"167":{"start":{"line":429,"column":0},"end":{"line":441,"column":2}}},"fnMap":{"0":{"name":"(anonymous_0)","decl":{"start":{"line":19,"column":1},"end":{"line":19,"column":2}},"loc":{"start":{"line":19,"column":20},"end":{"line":53,"column":2}},"line":19},"1":{"name":"(anonymous_1)","decl":{"start":{"line":41,"column":22},"end":{"line":41,"column":23}},"loc":{"start":{"line":41,"column":29},"end":{"line":43,"column":3}},"line":41},"2":{"name":"(anonymous_2)","decl":{"start":{"line":44,"column":27},"end":{"line":44,"column":28}},"loc":{"start":{"line":44,"column":34},"end":{"line":46,"column":3}},"line":44},"3":{"name":"(anonymous_3)","decl":{"start":{"line":47,"column":26},"end":{"line":47,"column":27}},"loc":{"start":{"line":47,"column":33},"end":{"line":49,"column":3}},"line":47},"4":{"name":"(anonymous_4)","decl":{"start":{"line":50,"column":22},"end":{"line":50,"column":23}},"loc":{"start":{"line":50,"column":29},"end":{"line":52,"column":3}},"line":50},"5":{"name":"(anonymous_5)","decl":{"start":{"line":55,"column":1},"end":{"line":55,"column":2}},"loc":{"start":{"line":55,"column":51},"end":{"line":67,"column":2}},"line":55},"6":{"name":"(anonymous_6)","decl":{"start":{"line":69,"column":1},"end":{"line":69,"column":2}},"loc":{"start":{"line":69,"column":21},"end":{"line":74,"column":2}},"line":69},"7":{"name":"(anonymous_7)","decl":{"start":{"line":76,"column":1},"end":{"line":76,"column":2}},"loc":{"start":{"line":76,"column":31},"end":{"line":87,"column":2}},"line":76},"8":{"name":"(anonymous_8)","decl":{"start":{"line":89,"column":1},"end":{"line":89,"column":2}},"loc":{"start":{"line":89,"column":24},"end":{"line":92,"column":2}},"line":89},"9":{"name":"(anonymous_9)","decl":{"start":{"line":94,"column":1},"end":{"line":94,"column":2}},"loc":{"start":{"line":94,"column":14},"end":{"line":96,"column":2}},"line":94},"10":{"name":"(anonymous_10)","decl":{"start":{"line":98,"column":1},"end":{"line":98,"column":2}},"loc":{"start":{"line":98,"column":16},"end":{"line":100,"column":2}},"line":98},"11":{"name":"(anonymous_11)","decl":{"start":{"line":102,"column":1},"end":{"line":102,"column":2}},"loc":{"start":{"line":102,"column":14},"end":{"line":105,"column":2}},"line":102},"12":{"name":"(anonymous_12)","decl":{"start":{"line":113,"column":21},"end":{"line":113,"column":22}},"loc":{"start":{"line":113,"column":73},"end":{"line":122,"column":2}},"line":113},"13":{"name":"(anonymous_13)","decl":{"start":{"line":129,"column":15},"end":{"line":129,"column":16}},"loc":{"start":{"line":129,"column":46},"end":{"line":132,"column":2}},"line":129},"14":{"name":"(anonymous_14)","decl":{"start":{"line":134,"column":17},"end":{"line":134,"column":18}},"loc":{"start":{"line":134,"column":23},"end":{"line":155,"column":2}},"line":134},"15":{"name":"(anonymous_15)","decl":{"start":{"line":157,"column":12},"end":{"line":157,"column":13}},"loc":{"start":{"line":157,"column":19},"end":{"line":162,"column":2}},"line":157},"16":{"name":"(anonymous_16)","decl":{"start":{"line":165,"column":15},"end":{"line":165,"column":16}},"loc":{"start":{"line":165,"column":20},"end":{"line":189,"column":2}},"line":165},"17":{"name":"(anonymous_17)","decl":{"start":{"line":191,"column":17},"end":{"line":191,"column":18}},"loc":{"start":{"line":191,"column":30},"end":{"line":236,"column":2}},"line":191},"18":{"name":"(anonymous_18)","decl":{"start":{"line":218,"column":35},"end":{"line":218,"column":36}},"loc":{"start":{"line":218,"column":41},"end":{"line":226,"column":5}},"line":218},"19":{"name":"(anonymous_19)","decl":{"start":{"line":238,"column":15},"end":{"line":238,"column":16}},"loc":{"start":{"line":238,"column":21},"end":{"line":256,"column":2}},"line":238},"20":{"name":"(anonymous_20)","decl":{"start":{"line":258,"column":16},"end":{"line":258,"column":17}},"loc":{"start":{"line":258,"column":21},"end":{"line":269,"column":2}},"line":258},"21":{"name":"(anonymous_21)","decl":{"start":{"line":271,"column":16},"end":{"line":271,"column":17}},"loc":{"start":{"line":271,"column":30},"end":{"line":322,"column":2}},"line":271},"22":{"name":"(anonymous_22)","decl":{"start":{"line":324,"column":19},"end":{"line":324,"column":20}},"loc":{"start":{"line":324,"column":25},"end":{"line":339,"column":2}},"line":324},"23":{"name":"(anonymous_23)","decl":{"start":{"line":344,"column":19},"end":{"line":344,"column":20}},"loc":{"start":{"line":344,"column":25},"end":{"line":358,"column":2}},"line":344},"24":{"name":"(anonymous_24)","decl":{"start":{"line":360,"column":1},"end":{"line":360,"column":2}},"loc":{"start":{"line":360,"column":10},"end":{"line":412,"column":2}},"line":360}},"branchMap":{"0":{"loc":{"start":{"line":23,"column":22},"end":{"line":23,"column":99}},"type":"cond-expr","locations":[{"start":{"line":23,"column":37},"end":{"line":23,"column":87}},{"start":{"line":23,"column":90},"end":{"line":23,"column":99}}],"line":23},"1":{"loc":{"start":{"line":26,"column":17},"end":{"line":26,"column":92}},"type":"cond-expr","locations":[{"start":{"line":26,"column":25},"end":{"line":26,"column":78}},{"start":{"line":26,"column":81},"end":{"line":26,"column":92}}],"line":26},"2":{"loc":{"start":{"line":60,"column":2},"end":{"line":65,"column":3}},"type":"if","locations":[{"start":{"line":60,"column":2},"end":{"line":65,"column":3}},{"start":{"line":60,"column":2},"end":{"line":65,"column":3}}],"line":60},"3":{"loc":{"start":{"line":71,"column":2},"end":{"line":73,"column":3}},"type":"if","locations":[{"start":{"line":71,"column":2},"end":{"line":73,"column":3}},{"start":{"line":71,"column":2},"end":{"line":73,"column":3}}],"line":71},"4":{"loc":{"start":{"line":80,"column":2},"end":{"line":83,"column":3}},"type":"if","locations":[{"start":{"line":80,"column":2},"end":{"line":83,"column":3}},{"start":{"line":80,"column":2},"end":{"line":83,"column":3}}],"line":80},"5":{"loc":{"start":{"line":81,"column":16},"end":{"line":81,"column":72}},"type":"cond-expr","locations":[{"start":{"line":81,"column":37},"end":{"line":81,"column":64}},{"start":{"line":81,"column":67},"end":{"line":81,"column":72}}],"line":81},"6":{"loc":{"start":{"line":81,"column":16},"end":{"line":81,"column":34}},"type":"binary-expr","locations":[{"start":{"line":81,"column":16},"end":{"line":81,"column":25}},{"start":{"line":81,"column":29},"end":{"line":81,"column":34}}],"line":81},"7":{"loc":{"start":{"line":84,"column":2},"end":{"line":86,"column":3}},"type":"if","locations":[{"start":{"line":84,"column":2},"end":{"line":86,"column":3}},{"start":{"line":84,"column":2},"end":{"line":86,"column":3}}],"line":84},"8":{"loc":{"start":{"line":104,"column":9},"end":{"line":104,"column":43}},"type":"binary-expr","locations":[{"start":{"line":104,"column":9},"end":{"line":104,"column":21}},{"start":{"line":104,"column":25},"end":{"line":104,"column":43}}],"line":104},"9":{"loc":{"start":{"line":113,"column":22},"end":{"line":113,"column":33}},"type":"default-arg","locations":[{"start":{"line":113,"column":31},"end":{"line":113,"column":33}}],"line":113},"10":{"loc":{"start":{"line":113,"column":35},"end":{"line":113,"column":48}},"type":"default-arg","locations":[{"start":{"line":113,"column":43},"end":{"line":113,"column":48}}],"line":113},"11":{"loc":{"start":{"line":113,"column":50},"end":{"line":113,"column":68}},"type":"default-arg","locations":[{"start":{"line":113,"column":63},"end":{"line":113,"column":68}}],"line":113},"12":{"loc":{"start":{"line":115,"column":16},"end":{"line":115,"column":99}},"type":"cond-expr","locations":[{"start":{"line":115,"column":54},"end":{"line":115,"column":84}},{"start":{"line":115,"column":87},"end":{"line":115,"column":99}}],"line":115},"13":{"loc":{"start":{"line":115,"column":16},"end":{"line":115,"column":51}},"type":"binary-expr","locations":[{"start":{"line":115,"column":17},"end":{"line":115,"column":23}},{"start":{"line":115,"column":27},"end":{"line":115,"column":36}},{"start":{"line":115,"column":41},"end":{"line":115,"column":51}}],"line":115},"14":{"loc":{"start":{"line":115,"column":87},"end":{"line":115,"column":99}},"type":"binary-expr","locations":[{"start":{"line":115,"column":87},"end":{"line":115,"column":93}},{"start":{"line":115,"column":97},"end":{"line":115,"column":99}}],"line":115},"15":{"loc":{"start":{"line":117,"column":17},"end":{"line":117,"column":65}},"type":"cond-expr","locations":[{"start":{"line":117,"column":25},"end":{"line":117,"column":60}},{"start":{"line":117,"column":63},"end":{"line":117,"column":65}}],"line":117},"16":{"loc":{"start":{"line":119,"column":2},"end":{"line":121,"column":3}},"type":"if","locations":[{"start":{"line":119,"column":2},"end":{"line":121,"column":3}},{"start":{"line":119,"column":2},"end":{"line":121,"column":3}}],"line":119},"17":{"loc":{"start":{"line":129,"column":24},"end":{"line":129,"column":41}},"type":"default-arg","locations":[{"start":{"line":129,"column":37},"end":{"line":129,"column":41}}],"line":129},"18":{"loc":{"start":{"line":140,"column":21},"end":{"line":140,"column":114}},"type":"cond-expr","locations":[{"start":{"line":140,"column":49},"end":{"line":140,"column":109}},{"start":{"line":140,"column":112},"end":{"line":140,"column":114}}],"line":140},"19":{"loc":{"start":{"line":140,"column":21},"end":{"line":140,"column":46}},"type":"binary-expr","locations":[{"start":{"line":140,"column":21},"end":{"line":140,"column":30}},{"start":{"line":140,"column":34},"end":
[...]
tart":{"line":88,"column":2},"end":{"line":88,"column":27}}],"line":88},"8":{"loc":{"start":{"line":108,"column":2},"end":{"line":113,"column":3}},"type":"if","locations":[{"start":{"line":108,"column":2},"end":{"line":113,"column":3}},{"start":{"line":108,"column":2},"end":{"line":113,"column":3}}],"line":108},"9":{"loc":{"start":{"line":119,"column":2},"end":{"line":124,"column":3}},"type":"if","locations":[{"start":{"line":119,"column":2},"end":{"line":124,"column":3}},{"start":{"line":119,"column":2},"end":{"line":124,"column":3}}],"line":119},"10":{"loc":{"start":{"line":129,"column":3},"end":{"line":132,"column":4}},"type":"if","locations":[{"start":{"line":129,"column":3},"end":{"line":132,"column":4}},{"start":{"line":129,"column":3},"end":{"line":132,"column":4}}],"line":129},"11":{"loc":{"start":{"line":139,"column":2},"end":{"line":145,"column":3}},"type":"if","locations":[{"start":{"line":139,"column":2},"end":{"line":145,"column":3}},{"start":{"line":139,"column":2},"end":{"line":145,"column":3}}],"line":139},"12":{"loc":{"start":{"line":151,"column":2},"end":{"line":157,"column":3}},"type":"if","locations":[{"start":{"line":151,"column":2},"end":{"line":157,"column":3}},{"start":{"line":151,"column":2},"end":{"line":157,"column":3}}],"line":151},"13":{"loc":{"start":{"line":168,"column":2},"end":{"line":172,"column":3}},"type":"if","locations":[{"start":{"line":168,"column":2},"end":{"line":172,"column":3}},{"start":{"line":168,"column":2},"end":{"line":172,"column":3}}],"line":168},"14":{"loc":{"start":{"line":174,"column":2},"end":{"line":176,"column":3}},"type":"if","locations":[{"start":{"line":174,"column":2},"end":{"line":176,"column":3}},{"start":{"line":174,"column":2},"end":{"line":176,"column":3}}],"line":174},"15":{"loc":{"start":{"line":182,"column":2},"end":{"line":194,"column":3}},"type":"if","locations":[{"start":{"line":182,"column":2},"end":{"line":194,"column":3}},{"start":{"line":182,"column":2},"end":{"line":194,"column":3}}],"line":182},"16":{"loc":{"start":{"line":184,"column":3},"end":{"line":186,"column":4}},"type":"if","locations":[{"start":{"line":184,"column":3},"end":{"line":186,"column":4}},{"start":{"line":184,"column":3},"end":{"line":186,"column":4}}],"line":184},"17":{"loc":{"start":{"line":190,"column":4},"end":{"line":192,"column":5}},"type":"if","locations":[{"start":{"line":190,"column":4},"end":{"line":192,"column":5}},{"start":{"line":190,"column":4},"end":{"line":192,"column":5}}],"line":190},"18":{"loc":{"start":{"line":199,"column":18},"end":{"line":199,"column":46}},"type":"binary-expr","locations":[{"start":{"line":199,"column":18},"end":{"line":199,"column":31}},{"start":{"line":199,"column":35},"end":{"line":199,"column":46}}],"line":199},"19":{"loc":{"start":{"line":227,"column":3},"end":{"line":229,"column":4}},"type":"if","locations":[{"start":{"line":227,"column":3},"end":{"line":229,"column":4}},{"start":{"line":227,"column":3},"end":{"line":229,"column":4}}],"line":227},"20":{"loc":{"start":{"line":227,"column":7},"end":{"line":227,"column":23}},"type":"binary-expr","locations":[{"start":{"line":227,"column":7},"end":{"line":227,"column":10}},{"start":{"line":227,"column":14},"end":{"line":227,"column":23}}],"line":227},"21":{"loc":{"start":{"line":249,"column":17},"end":{"line":253,"column":6}},"type":"cond-expr","locations":[{"start":{"line":250,"column":5},"end":{"line":250,"column":7}},{"start":{"line":251,"column":5},"end":{"line":253,"column":6}}],"line":249},"22":{"loc":{"start":{"line":268,"column":7},"end":{"line":268,"column":141}},"type":"cond-expr","locations":[{"start":{"line":268,"column":31},"end":{"line":268,"column":105}},{"start":{"line":268,"column":108},"end":{"line":268,"column":141}}],"line":268}},"s":{"0":0,"1":0,"2":0,"3":0,"4":0,"5":0,"6":0,"7":0,"8":0,"9":0,"10":0,"11":0,"12":0,"13":0,"14":0,"15":0,"16":0,"17":0,"18":0,"19":0,"20":0,"21":0,"22":0,"23":0,"24":0,"25":0,"26":0,"27":0,"28":0,"29":0,"30":0,"31":0,"32":0,"33":0,"34":0,"35":0,"36":0,"37":0,"38":0,"39":0,"40":0,"41":0,"42":0,"43":0,"44":0,"45":0,"46":0,"47":0,"48":0,"49":0,"50":0,"51":0,"52":0,"53":0,"54":0,"55":0,"56":0,"57":0,"58":0,"59":0,"60":0,"61":0,"62":0,"63":0,"64":0,"65":0,"66":0,"67":0,"68":0,"69":0,"70":0,"71":0,"72":0,"73":0,"74":0,"75":0,"76":0,"77":0,"78":0,"79":0,"80":0,"81":0,"82":0,"83":0,"84":0,"85":0,"86":0,"87":0,"88":0,"89":0,"90":0,"91":0,"92":0,"93":0,"94":0,"95":0,"96":0,"97":0,"98":0,"99":0,"100":0,"101":0},"f":{"0":0,"1":0,"2":0,"3":0,"4":0,"5":0,"6":0,"7":0,"8":0,"9":0,"10":0,"11":0,"12":0,"13":0,"14":0,"15":0,"16":0,"17":0,"18":0,"19":0,"20":0,"21":0,"22":0,"23":0,"24":0,"25":0,"26":0,"27":0,"28":0},"b":{"0":[0,0],"1":[0,0],"2":[0,0],"3":[0,0],"4":[0,0],"5":[0,0],"6":[0,0],"7":[0,0],"8":[0,0],"9":[0,0],"10":[0,0],"11":[0,0],"12":[0,0],"13":[0,0],"14":[0,0],"15":[0,0],"16":[0,0],"17":[0,0],"18":[0,0],"19":[0,0],"20":[0,0],"21":[0,0],"22":[0,0]}}
,"/Users/baukh/work/cloud-react/src/components/upload/list.js": {"path":"/Users/baukh/work/cloud-react/src/components/upload/list.js","statementMap":{"0":{"start":{"line":9,"column":15},"end":{"line":9,"column":31}},"1":{"start":{"line":11,"column":13},"end":{"line":28,"column":1}},"2":{"start":{"line":12,"column":28},"end":{"line":12,"column":33}},"3":{"start":{"line":14,"column":1},"end":{"line":27,"column":4}},"4":{"start":{"line":15,"column":2},"end":{"line":26,"column":4}},"5":{"start":{"line":22,"column":6},"end":{"line":22,"column":21}},"6":{"start":{"line":30,"column":16},"end":{"line":47,"column":1}},"7":{"start":{"line":31,"column":28},"end":{"line":31,"column":33}},"8":{"start":{"line":33,"column":1},"end":{"line":46,"column":4}},"9":{"start":{"line":34,"column":2},"end":{"line":45,"column":4}},"10":{"start":{"line":41,"column":6},"end":{"line":41,"column":21}},"11":{"start":{"line":51,"column":39},"end":{"line":51,"column":49}},"12":{"start":{"line":53,"column":18},"end":{"line":55,"column":4}},"13":{"start":{"line":57,"column":2},"end":{"line":61,"column":4}},"14":{"start":{"line":65,"column":0},"end":{"line":69,"column":2}},"15":{"start":{"line":71,"column":0},"end":{"line":75,"column":2}}},"fnMap":{"0":{"name":"(anonymous_0)","decl":{"start":{"line":11,"column":13},"end":{"line":11,"column":14}},"loc":{"start":{"line":11,"column":22},"end":{"line":28,"column":1}},"line":11},"1":{"name":"(anonymous_1)","decl":{"start":{"line":14,"column":17},"end":{"line":14,"column":18}},"loc":{"start":{"line":14,"column":25},"end":{"line":27,"column":2}},"line":14},"2":{"name":"(anonymous_2)","decl":{"start":{"line":21,"column":14},"end":{"line":21,"column":15}},"loc":{"start":{"line":21,"column":20},"end":{"line":23,"column":6}},"line":21},"3":{"name":"(anonymous_3)","decl":{"start":{"line":30,"column":16},"end":{"line":30,"column":17}},"loc":{"start":{"line":30,"column":25},"end":{"line":47,"column":1}},"line":30},"4":{"name":"(anonymous_4)","decl":{"start":{"line":33,"column":17},"end":{"line":33,"column":18}},"loc":{"start":{"line":33,"column":25},"end":{"line":46,"column":2}},"line":33},"5":{"name":"(anonymous_5)","decl":{"start":{"line":40,"column":14},"end":{"line":40,"column":15}},"loc":{"start":{"line":40,"column":20},"end":{"line":42,"column":6}},"line":40},"6":{"name":"(anonymous_6)","decl":{"start":{"line":50,"column":1},"end":{"line":50,"column":2}},"loc":{"start":{"line":50,"column":10},"end":{"line":62,"column":2}},"line":50}},"branchMap":{"0":{"loc":{"start":{"line":59,"column":5},"end":{"line":59,"column":123}},"type":"cond-expr","locations":[{"start":{"line":59,"column":29},"end":{"line":59,"column":73}},{"start":{"line":59,"column":76},"end":{"line":59,"column":123}}],"line":59}},"s":{"0":0,"1":0,"2":0,"3":0,"4":0,"5":0,"6":0,"7":0,"8":0,"9":0,"10":0,"11":0,"12":0,"13":0,"14":0,"15":0},"f":{"0":0,"1":0,"2":0,"3":0,"4":0,"5":0,"6":0},"b":{"0":[0,0]}}
,"/Users/baukh/work/cloud-react/src/components/upload/utils.js": {"path":"/Users/baukh/work/cloud-react/src/components/upload/utils.js","statementMap":{"0":{"start":{"line":2,"column":13},"end":{"line":2,"column":23}},"1":{"start":{"line":3,"column":1},"end":{"line":3,"column":24}}},"fnMap":{"0":{"name":"getUuid","decl":{"start":{"line":1,"column":24},"end":{"line":1,"column":31}},"loc":{"start":{"line":1,"column":34},"end":{"line":4,"column":1}},"line":1}},"branchMap":{},"s":{"0":0,"1":0},"f":{"0":0},"b":{}}
,"/Users/baukh/work/cloud-react/src/contexts/context-provider.js": {"path":"/Users/baukh/work/cloud-react/src/contexts/context-provider.js","statementMap":{"0":{"start":{"line":17,"column":2},"end":{"line":17,"column":72}}},"fnMap":{"0":{"name":"(anonymous_0)","decl":{"start":{"line":16,"column":1},"end":{"line":16,"column":2}},"loc":{"start":{"line":16,"column":14},"end":{"line":18,"column":2}},"line":16}},"branchMap":{"0":{"loc":{"start":{"line":17,"column":9},"end":{"line":17,"column":71}},"type":"binary-expr","locations":[{"start":{"line":17,"column":9},"end":{"line":17,"column":54}},{"start":{"line":17,"column":58},"end":{"line":17,"column":71}}],"line":17}},"s":{"0":0},"f":{"0":0},"b":{"0":[0,0]},"_coverageSchema":"1a1c01bbd47fc00a2c39e90264f33305004495a9","hash":"f2ca83013aaeb0fa08292e81c3e5f200dbbc347a"}
,"/Users/baukh/work/cloud-react/src/utils/config.js": {"path":"/Users/baukh/work/cloud-react/src/utils/config.js","statementMap":{"0":{"start":{"line":1,"column":25},"end":{"line":1,"column":32}},"1":{"start":{"line":2,"column":22},"end":{"line":2,"column":25}}},"fnMap":{},"branchMap":{},"s":{"0":5,"1":5},"f":{},"b":{},"_coverageSchema":"1a1c01bbd47fc00a2c39e90264f33305004495a9","hash":"9e27d967003c87b4ffd869d13e399f005aa7468a"}
,"/Users/baukh/work/cloud-react/src/utils/flat.js": {"path":"/Users/baukh/work/cloud-react/src/utils/flat.js","statementMap":{"0":{"start":{"line":2,"column":18},"end":{"line":7,"column":2}},"1":{"start":{"line":3,"column":2},"end":{"line":5,"column":3}},"2":{"start":{"line":4,"column":3},"end":{"line":4,"column":100}},"3":{"start":{"line":4,"column":35},"end":{"line":4,"column":94}},"4":{"start":{"line":6,"column":2},"end":{"line":6,"column":21}},"5":{"start":{"line":8,"column":1},"end":{"line":8,"column":33}}},"fnMap":{"0":{"name":"flat","decl":{"start":{"line":1,"column":24},"end":{"line":1,"column":28}},"loc":{"start":{"line":1,"column":45},"end":{"line":9,"column":1}},"line":1},"1":{"name":"(anonymous_1)","decl":{"start":{"line":2,"column":18},"end":{"line":2,"column":19}},"loc":{"start":{"line":2,"column":30},"end":{"line":7,"column":2}},"line":2},"2":{"name":"(anonymous_2)","decl":{"start":{"line":4,"column":21},"end":{"line":4,"column":22}},"loc":{"start":{"line":4,"column":35},"end":{"line":4,"column":94}},"line":4}},"branchMap":{"0":{"loc":{"start":{"line":3,"column":2},"end":{"line":5,"column":3}},"type":"if","locations":[{"start":{"line":3,"column":2},"end":{"line":5,"column":3}},{"start":{"line":3,"column":2},"end":{"line":5,"column":3}}],"line":3},"1":{"loc":{"start":{"line":4,"column":46},"end":{"line":4,"column":93}},"type":"cond-expr","locations":[{"start":{"line":4,"column":67},"end":{"line":4,"column":87}},{"start":{"line":4,"column":90},"end":{"line":4,"column":93}}],"line":4}},"s":{"0":12,"1":12,"2":12,"3":828,"4":0,"5":12},"f":{"0":12,"1":12,"2":828},"b":{"0":[12,0],"1":[0,828]},"_coverageSchema":"1a1c01bbd47fc00a2c39e90264f33305004495a9","hash":"e477431be054d0fdbe477ee9e79e5b5f88e1f9e3"}
,"/Users/baukh/work/cloud-react/src/utils/get-root-window.js": {"path":"/Users/baukh/work/cloud-react/src/utils/get-root-window.js","statementMap":{"0":{"start":{"line":2,"column":12},"end":{"line":2,"column":18}},"1":{"start":{"line":4,"column":1},"end":{"line":4,"column":31}},"2":{"start":{"line":4,"column":19},"end":{"line":4,"column":31}},"3":{"start":{"line":6,"column":21},"end":{"line":23,"column":2}},"4":{"start":{"line":7,"column":2},"end":{"line":22,"column":3}},"5":{"start":{"line":9,"column":3},"end":{"line":11,"column":4}},"6":{"start":{"line":10,"column":4},"end":{"line":10,"column":16}},"7":{"start":{"line":13,"column":3},"end":{"line":15,"column":4}},"8":{"start":{"line":14,"column":4},"end":{"line":14,"column":16}},"9":{"start":{"line":17,"column":3},"end":{"line":17,"column":17}},"10":{"start":{"line":19,"column":3},"end":{"line":19,"column":28}},"11":{"start":{"line":21,"column":3},"end":{"line":21,"column":15}},"12":{"start":{"line":25,"column":1},"end":{"line":25,"column":28}}},"fnMap":{"0":{"name":"getRootWindow","decl":{"start":{"line":1,"column":24},"end":{"line":1,"column":37}},"loc":{"start":{"line":1,"column":58},"end":{"line":26,"column":1}},"line":1},"1":{"name":"(anonymous_1)","decl":{"start":{"line":6,"column":21},"end":{"line":6,"column":22}},"loc":{"start":{"line":6,"column":37},"end":{"line":23,"column":2}},"line":6}},"branchMap":{"0":{"loc":{"start":{"line":1,"column":38},"end":{"line":1,"column":56}},"type":"default-arg","locations":[{"start":{"line":1,"column":52},"end":{"line":1,"column":56}}],"line":1},"1":{"loc":{"start":{"line":4,"column":1},"end":{"line":4,"column":31}},"type":"if","locations":[{"start":{"line":4,"column":1},"end":{"line":4,"column":31}},{"start":{"line":4,"column":1},"end":{"line":4,"column":31}}],"line":4},"2":{"loc":{"start":{"line":9,"column":3},"end":{"line":11,"column":4}},"type":"if","locations":[{"start":{"line":9,"column":3},"end":{"line":11,"column":4}},{"start":{"line":9,"column":3},"end":{"line":11,"column":4}}],"line":9},"3":{"loc":{"start":{"line":9,"column":7},"end":{"line":9,"column":34}},"type":"binary-expr","locations":[{"start":{"line":9,"column":7},"end":{"line":9,"column":14}},{"start":{"line":9,"column":18},"end":{"line":9,"column":34}}],"line":9},"4":{"loc":{"start":{"line":13,"column":3},"end":{"line":15,"column":4}},"type":"if","locations":[{"start":{"line":13,"column":3},"end":{"line":15,"column":4}},{"start":{"line":13,"column":3},"end":{"line":15,"column":4}}],"line":13}},"s":{"0":0,"1":0,"2":0,"3":0,"4":0,"5":0,"6":0,"7":0,"8":0,"9":0,"10":0,"11":0,"12":0},"f":{"0":0,"1":0},"b":{"0":[0],"1":[0,0],"2":[0,0],"3":[0,0],"4":[0,0]},"_coverageSchema":"1a1c01bbd47fc00a2c39e90264f33305004495a9","hash":"a45326db9cae597c6d7f0fb027e66e208d31d816"}
,"/Users/baukh/work/cloud-react/src/utils/get-styles.js": {"path":"/Users/baukh/work/cloud-react/src/utils/get-styles.js","statementMap":{"0":{"start":{"line":2,"column":16},"end":{"line":2,"column":83}},"1":{"start":{"line":4,"column":22},"end":{"line":15,"column":39}},"2":{"start":{"line":6,"column":3},"end":{"line":12,"column":4}},"3":{"start":{"line":7,"column":4},"end":{"line":9,"column":5}},"4":{"start":{"line":8,"column":5},"end":{"line":8,"column":17}},"5":{"start":{"line":13,"column":3},"end":{"line":13,"column":16}},"6":{"start":{"line":15,"column":16},"end":{"line":15,"column":38}},"7":{"start":{"line":17,"column":18},"end":{"line":32,"column":3}},"8":{"start":{"line":18,"column":2},"end":{"line":18,"column":24}},"9":{"start":{"line":20,"column":2},"end":{"line":20,"column":13}},"10":{"start":{"line":22,"column":2},"end":{"line":24,"column":3}},"11":{"start":{"line":23,"column":3},"end":{"line":23,"column":18}},"12":{"start":{"line":26,"column":2},"end":{"line":29,"column":3}},"13":{"start":{"line":27,"column":25},"end":{"line":27,"column":128}},"14":{"start":{"line":28,"column":3},"end":{"line":28,"column":51}},"15":{"start":{"line":31,"column":2},"end":{"line":31,"column":17}},"16":{"start":{"line":34,"column":1},"end":{"line":34,"column":17}}},"fnMap":{"0":{"name":"getCssText","decl":{"start":{"line":1,"column":9},"end":{"line":1,"column":19}},"loc":{"start":{"line":1,"column":41},"end":{"line":35,"column":1}},"line":1},"1":{"name":"(anonymous_1)","decl":{"start":{"line":5,"column":10},"end":{"line":5,"column":11}},"loc":{"start":{"line":5,"column":19},"end":{"line":14,"column":3}},"line":5},"2":{"name":"(anonymous_2)","decl":{"start":{"line":15,"column":7},"end":{"line":15,"column":8}},"loc":{"start":{"line":15,"column":16},"end":{"line":15,"column":38}},"line":15},"3":{"name":"(anonymous_3)","decl":{"start":{"line":17,"column":38},"end":{"line":17,"column":39}},"loc":{"start":{"line":17,"column":57},"end":{"line":21,"column":2}},"line":17},"4":{"name":"(anonymous_4)","decl":{"start":{"line":21,"column":12},"end":{"line":21,"column":13}},"loc":{"start":{"line":21,"column":43},"end":{"line":32,"column":2}},"line":21}},"branchMap":{"0":{"loc":{"start":{"line":7,"column":4},"end":{"line":9,"column":5}},"type":"if","locations":[{"start":{"line":7,"column":4},"end":{"line":9,"column":5}},{"start":{"line":7,"column":4},"end":{"line":9,"column":5}}],"line":7},"1":{"loc":{"start":{"line":7,"column":8},"end":{"line":7,"column":47}},"type":"binary-expr","locations":[{"start":{"line":7,"column":8},"end":{"line":7,"column":19}},{"start":{"line":7,"column":23},"end":{"line":7,"column":47}}],"line":7},"2":{"loc":{"start":{"line":22,"column":2},"end":{"line":24,"column":3}},"type":"if","locations":[{"start":{"line":22,"column":2},"end":{"line":24,"column":3}},{"start":{"line":22,"column":2},"end":{"line":24,"column":3}}],"line":22},"3":{"loc":{"start":{"line":26,"column":2},"end":{"line":29,"column":3}},"type":"if","locations":[{"start":{"line":26,"column":2},"end":{"line":29,"column":3}},{"start":{"line":26,"column":2},"end":{"line":29,"column":3}}],"line":26}},"s":{"0":0,"1":0,"2":0,"3":0,"4":0,"5":0,"6":0,"7":0,"8":0,"9":0,"10":0,"11":0,"12":0,"13":0,"14":0,"15":0,"16":0},"f":{"0":0,"1":0,"2":0,"3":0,"4":0},"b":{"0":[0,0],"1":[0,0],"2":[0,0],"3":[0,0]},"_coverageSchema":"1a1c01bbd47fc00a2c39e90264f33305004495a9","hash":"a9b35213b148b6d1c06f4a036e1ef5c92a1cbf3b"}
,"/Users/baukh/work/cloud-react/src/utils/index.js": {"path":"/Users/baukh/work/cloud-react/src/utils/index.js","statementMap":{},"fnMap":{},"branchMap":{},"s":{},"f":{},"b":{},"_coverageSchema":"1a1c01bbd47fc00a2c39e90264f33305004495a9","hash":"d291b6fc3d115c76bc73178675df2be1b049e471"}
,"/Users/baukh/work/cloud-react/src/utils/noop.js": {"path":"/Users/baukh/work/cloud-react/src/utils/noop.js","statementMap":{"0":{"start":{"line":1,"column":13},"end":{"line":1,"column":21}}},"fnMap":{"0":{"name":"(anonymous_0)","decl":{"start":{"line":1,"column":13},"end":{"line":1,"column":14}},"loc":{"start":{"line":1,"column":19},"end":{"line":1,"column":21}},"line":1}},"branchMap":{},"s":{"0":5},"f":{"0":0},"b":{},"_coverageSchema":"1a1c01bbd47fc00a2c39e90264f33305004495a9","hash":"bc2832fede392b790b4a0a05c87049aaf6112974"}
,"/Users/baukh/work/cloud-react/src/utils/omit.js": {"path":"/Users/baukh/work/cloud-react/src/utils/omit.js","statementMap":{"0":{"start":{"line":1,"column":13},"end":{"line":6,"column":7}},"1":{"start":{"line":1,"column":36},"end":{"line":6,"column":7}},"2":{"start":{"line":2,"column":2},"end":{"line":4,"column":3}},"3":{"start":{"line":3,"column":3},"end":{"line":3,"column":25}},"4":{"start":{"line":5,"column":2},"end":{"line":5,"column":13}}},"fnMap":{"0":{"name":"(anonymous_0)","decl":{"start":{"line":1,"column":13},"end":{"line":1,"column":14}},"loc":{"start":{"line":1,"column":36},"end":{"line":6,"column":7}},"line":1},"1":{"name":"(anonymous_1)","decl":{"start":{"line":1,"column":62},"end":{"line":1,"column":63}},"loc":{"start":{"line":1,"column":76},"end":{"line":6,"column":2}},"line":1}},"branchMap":{"0":{"loc":{"start":{"line":2,"column":2},"end":{"line":4,"column":3}},"type":"if","locations":[{"start":{"line":2,"column":2},"end":{"line":4,"column":3}},{"start":{"line":2,"column":2},"end":{"line":4,"column":3}}],"line":2}},"s":{"0":5,"1":40,"2":524,"3":268,"4":524},"f":{"0":40,"1":524},"b":{"0":[268,256]},"_coverageSchema":"1a1c01bbd47fc00a2c39e90264f33305004495a9","hash":"d27df537bf9dcb153916ba8fcfba6c33a31bf048"}
,"/Users/baukh/work/cloud-react/src/utils/sandbox-selector.js": {"path":"/Users/baukh/work/cloud-react/src/utils/sandbox-selector.js","statementMap":{"0":{"start":{"line":1,"column":24},"end":{"line":1,"column":32}}},"fnMap":{},"branchMap":{},"s":{"0":5},"f":{},"b":{},"_coverageSchema":"1a1c01bbd47fc00a2c39e90264f33305004495a9","hash":"5713506d64c9c758a31d74030d5f5ae3cef29b52"}
}
