TN:
SF:src/components/index.js
FNF:0
FNH:0
DA:4,0
DA:5,0
LF:2
LH:0
BRDA:4,0,0,0
BRDA:4,0,1,0
BRF:2
BRH:0
end_of_record
TN:
SF:src/components/bread-crumbs/index.js
FN:7,BreadCrumbs
FN:11,(anonymous_1)
FN:13,(anonymous_2)
FNF:3
FNH:0
FNDA:0,BreadCrumbs
FNDA:0,(anonymous_1)
FNDA:0,(anonymous_2)
DA:8,0
DA:9,0
DA:13,0
DA:20,0
DA:26,0
LF:5
LH:0
BRF:0
BRH:0
end_of_record
TN:
SF:src/components/button/index.js
FN:8,ButtonGroup
FN:13,(anonymous_1)
FN:48,(anonymous_2)
FNF:3
FNH:1
FNDA:0,ButtonGroup
FNDA:0,(anonymous_1)
FNDA:8,(anonymous_2)
DA:9,0
DA:11,0
DA:14,0
DA:24,5
DA:35,5
DA:46,5
DA:64,8
DA:66,8
DA:67,8
DA:77,8
LF:10
LH:7
BRDA:66,0,0,0
BRDA:66,0,1,8
BRDA:81,1,0,8
BRDA:81,1,1,4
BRDA:84,2,0,8
BRDA:84,2,1,8
BRDA:85,3,0,0
BRDA:85,3,1,8
BRDA:86,4,0,0
BRDA:86,4,1,8
BRDA:88,5,0,8
BRDA:88,5,1,0
BRF:12
BRH:8
end_of_record
TN:
SF:src/components/checkbox/index.js
FN:10,Group
FN:15,(anonymous_1)
FN:21,(anonymous_2)
FN:86,(anonymous_3)
FN:94,(anonymous_4)
FN:105,(anonymous_5)
FN:110,(anonymous_6)
FN:128,(anonymous_7)
FNF:8
FNH:0
FNDA:0,Group
FNDA:0,(anonymous_1)
FNDA:0,(anonymous_2)
FNDA:0,(anonymous_3)
FNDA:0,(anonymous_4)
FNDA:0,(anonymous_5)
FNDA:0,(anonymous_6)
FNDA:0,(anonymous_7)
DA:8,5
DA:11,0
DA:13,0
DA:15,0
DA:16,0
DA:22,0
DA:23,0
DA:26,0
DA:28,0
DA:29,0
DA:32,0
DA:33,0
DA:36,0
DA:41,0
DA:46,0
DA:49,5
DA:56,5
DA:64,5
DA:74,5
DA:84,5
DA:87,0
DA:89,0
DA:95,0
DA:96,0
DA:98,0
DA:100,0
DA:102,0
DA:106,0
DA:107,0
DA:111,0
DA:112,0
DA:114,0
DA:120,0
DA:129,0
LF:34
LH:6
BRDA:13,0,0,0
BRDA:13,0,1,0
BRDA:17,1,0,0
BRDA:17,1,1,0
BRDA:19,2,0,0
BRDA:19,2,1,0
BRDA:22,3,0,0
BRDA:22,3,1,0
BRDA:28,4,0,0
BRDA:28,4,1,0
BRDA:28,5,0,0
BRDA:28,5,1,0
BRDA:32,6,0,0
BRDA:32,6,1,0
BRDA:32,7,0,0
BRDA:32,7,1,0
BRDA:96,8,0,0
BRDA:96,8,1,0
BRDA:107,9,0,0
BRDA:107,9,1,0
BRDA:111,10,0,0
BRDA:111,11,0,0
BRDA:116,12,0,0
BRDA:116,12,1,0
BRF:24
BRH:0
end_of_record
TN:
SF:src/components/datepicker/constant.js
FNF:0
FNH:0
DA:3,5
DA:4,5
DA:5,5
DA:6,5
DA:7,5
DA:8,5
DA:10,5
DA:12,5
DA:25,5
DA:53,5
DA:60,5
DA:61,5
DA:62,5
DA:64,5
LF:14
LH:14
BRDA:66,0,0,0
BRDA:66,0,1,5
BRDA:67,1,0,5
BRDA:67,1,1,0
BRF:4
BRH:2
end_of_record
TN:
SF:src/components/datepicker/index.js
FNF:0
FNH:0
DA:9,5
LF:1
LH:1
BRF:0
BRH:0
end_of_record
TN:
SF:src/components/datepicker/proptypes.js
FNF:0
FNH:0
DA:4,5
DA:18,5
LF:2
LH:2
BRF:0
BRH:0
end_of_record
TN:
SF:src/components/datepicker/utils.js
FN:9,getMonthMaxDay
FN:27,getMonthSize
FN:32,getWeekDisplayRange
FN:40,displayNow
FN:55,today
FN:60,getMonthData
FN:112,refreshDays
FN:117,convert
FN:133,(anonymous_8)
FN:141,formatTime
FN:151,transformObj
FN:155,formatZero
FN:166,checkFormat
FNF:13
FNH:8
FNDA:0,getMonthMaxDay
FNDA:4,getMonthSize
FNDA:2,getWeekDisplayRange
FNDA:40,displayNow
FNDA:62,today
FNDA:2,getMonthData
FNDA:2,refreshDays
FNDA:0,convert
FNDA:0,(anonymous_8)
FNDA:0,formatTime
FNDA:3,transformObj
FNDA:0,formatZero
FNDA:4,checkFormat
DA:10,0
DA:11,0
DA:12,0
DA:14,0
DA:16,0
DA:17,0
DA:19,0
DA:21,0
DA:22,0
DA:24,0
DA:28,4
DA:29,4
DA:33,2
DA:34,2
DA:35,2
DA:37,2
DA:41,40
DA:42,40
DA:43,40
DA:44,40
DA:45,40
DA:56,62
DA:57,62
DA:61,2
DA:62,2
DA:63,2
DA:64,2
DA:65,2
DA:66,2
DA:67,2
DA:68,2
DA:69,2
DA:70,2
DA:71,2
DA:73,2
DA:74,0
DA:75,0
DA:77,2
DA:80,2
DA:82,2
DA:83,10
DA:84,10
DA:86,2
DA:87,12
DA:88,12
DA:90,2
DA:91,62
DA:92,62
DA:95,2
DA:96,2
DA:97,0
DA:98,0
DA:99,0
DA:100,0
DA:101,0
DA:105,2
DA:113,2
DA:118,0
DA:119,0
DA:120,0
DA:129,0
DA:130,0
DA:131,0
DA:133,0
DA:134,0
DA:135,0
DA:138,0
DA:142,0
DA:143,0
DA:145,0
DA:146,0
DA:148,0
DA:152,3
DA:156,0
DA:167,4
DA:168,4
DA:169,4
DA:171,4
DA:173,4
DA:174,1
DA:177,3
DA:178,1
DA:179,1
DA:182,2
DA:183,1
DA:184,1
DA:195,1
DA:196,1
DA:197,1
DA:198,1
DA:201,1
DA:204,1
DA:205,0
DA:209,1
DA:211,0
DA:212,0
DA:215,0
DA:216,0
DA:219,0
DA:220,0
DA:221,0
DA:222,0
DA:226,1
DA:229,5
LF:104
LH:62
BRDA:10,0,0,0
BRDA:10,0,1,0
BRDA:14,1,0,0
BRDA:14,1,1,0
BRDA:16,2,0,0
BRDA:16,2,1,0
BRDA:16,3,0,0
BRDA:16,3,1,0
BRDA:16,3,2,0
BRDA:21,4,0,0
BRDA:21,4,1,0
BRDA:29,5,0,4
BRDA:29,5,1,0
BRDA:29,6,0,4
BRDA:29,6,1,0
BRDA:34,7,0,2
BRDA:34,7,1,0
BRDA:35,8,0,2
BRDA:35,8,1,0
BRDA:40,9,0,38
BRDA:73,10,0,0
BRDA:73,10,1,2
BRDA:96,11,0,0
BRDA:96,11,1,2
BRDA:98,12,0,0
BRDA:98,12,1,0
BRDA:106,13,0,2
BRDA:106,13,1,0
BRDA:107,14,0,2
BRDA:107,14,1,0
BRDA:108,15,0,2
BRDA:108,15,1,0
BRDA:130,16,0,0
BRDA:130,16,1,0
BRDA:130,17,0,0
BRDA:130,17,1,0
BRDA:134,18,0,0
BRDA:134,18,1,0
BRDA:135,19,0,0
BRDA:135,19,1,0
BRDA:141,20,0,0
BRDA:142,21,0,0
BRDA:142,21,1,0
BRDA:145,22,0,0
BRDA:145,22,1,0
BRDA:152,23,0,0
BRDA:152,23,1,3
BRDA:156,24,0,0
BRDA:156,24,1,0
BRDA:166,25,0,4
BRDA:173,26,0,1
BRDA:173,26,1,3
BRDA:177,27,0,1
BRDA:177,27,1,2
BRDA:179,28,0,1
BRDA:179,28,1,0
BRDA:179,28,2,0
BRDA:179,28,3,0
BRDA:179,28,4,0
BRDA:182,29,0,1
BRDA:182,29,1,1
BRDA:185,30,0,1
BRDA:185,30,1,0
BRDA:185,30,2,0
BRDA:185,30,3,0
BRDA:185,30,4,0
BRDA:185,30,5,0
BRDA:185,30,6,0
BRDA:195,31,0,1
BRDA:195,31,1,0
BRDA:201,32,0,1
BRDA:201,32,1,0
BRDA:201,32,2,0
BRDA:201,32,3,0
BRDA:204,33,0,0
BRDA:204,33,1,1
BRDA:204,34,0,1
BRDA:204,34,1,0
BRDA:204,34,2,0
BRDA:204,34,3,0
BRDA:204,34,4,0
BRDA:209,35,0,0
BRDA:209,35,1,1
BRDA:211,36,0,0
BRDA:211,36,1,0
BRDA:215,37,0,0
BRDA:215,37,1,0
BRDA:221,38,0,0
BRDA:221,38,1,0
BRDA:221,39,0,0
BRDA:221,39,1,0
BRDA:221,39,2,0
BRDA:221,39,3,0
BRDA:221,39,4,0
BRDA:221,39,5,0
BRDA:221,39,6,0
BRDA:221,39,7,0
BRDA:221,39,8,0
BRDA:221,39,9,0
BRF:99
BRH:25
end_of_record
TN:
SF:src/components/datepicker/common/arrow.js
FN:11,(anonymous_0)
FN:18,(anonymous_1)
FN:31,(anonymous_2)
FN:38,(anonymous_3)
FNF:4
FNH:2
FNDA:3,(anonymous_0)
FNDA:0,(anonymous_1)
FNDA:3,(anonymous_2)
FNDA:0,(anonymous_3)
DA:6,5
DA:11,5
DA:12,3
DA:14,3
DA:18,3
DA:19,0
DA:20,0
DA:24,3
DA:31,5
DA:32,3
DA:34,3
DA:38,3
DA:39,0
DA:40,0
DA:44,3
LF:15
LH:11
BRDA:19,0,0,0
BRDA:19,0,1,0
BRDA:39,1,0,0
BRDA:39,1,1,0
BRF:4
BRH:0
end_of_record
TN:
SF:src/components/datepicker/common/header.js
FN:10,(anonymous_0)
FN:19,(anonymous_1)
FN:28,(anonymous_2)
FN:33,(anonymous_3)
FN:38,(anonymous_4)
FN:63,(anonymous_5)
FN:88,(anonymous_6)
FN:94,(anonymous_7)
FN:100,(anonymous_8)
FN:114,(anonymous_9)
FN:118,(anonymous_10)
FN:130,(anonymous_11)
FN:150,(anonymous_12)
FNF:13
FNH:9
FNDA:0,(anonymous_0)
FNDA:0,(anonymous_1)
FNDA:0,(anonymous_2)
FNDA:0,(anonymous_3)
FNDA:12,(anonymous_4)
FNDA:2,(anonymous_5)
FNDA:52,(anonymous_6)
FNDA:52,(anonymous_7)
FNDA:51,(anonymous_8)
FNDA:1,(anonymous_9)
FNDA:12,(anonymous_10)
FNDA:1,(anonymous_11)
FNDA:1,(anonymous_12)
DA:10,1
DA:11,0
DA:13,0
DA:14,0
DA:16,0
DA:19,1
DA:20,0
DA:22,0
DA:23,0
DA:25,0
DA:28,1
DA:29,0
DA:30,0
DA:33,1
DA:34,0
DA:35,0
DA:38,1
DA:39,12
DA:41,12
DA:42,12
DA:44,12
DA:45,0
DA:46,0
DA:47,0
DA:50,12
DA:51,0
DA:52,0
DA:55,12
DA:56,0
DA:57,0
DA:60,12
DA:63,1
DA:64,2
DA:66,2
DA:67,2
DA:69,2
DA:70,0
DA:71,0
DA:72,2
DA:73,0
DA:74,0
DA:77,2
DA:78,1
DA:79,0
DA:80,0
DA:83,1
DA:84,0
DA:85,0
DA:88,1
DA:89,52
DA:90,52
DA:91,52
DA:94,1
DA:95,52
DA:96,52
DA:97,52
DA:100,1
DA:101,51
DA:102,51
DA:103,0
DA:105,51
DA:106,0
DA:108,51
DA:109,0
DA:111,51
DA:115,1
DA:116,1
DA:119,12
DA:120,12
DA:131,1
DA:132,1
DA:133,1
DA:134,1
DA:136,1
DA:137,51
DA:143,1
DA:151,1
DA:153,1
DA:164,5
DA:173,5
LF:80
LH:50
BRDA:13,0,0,0
BRDA:13,0,1,0
BRDA:14,1,0,0
BRDA:14,1,1,0
BRDA:22,2,0,0
BRDA:22,2,1,0
BRDA:23,3,0,0
BRDA:23,3,1,0
BRDA:38,4,0,12
BRDA:44,5,0,0
BRDA:44,5,1,12
BRDA:44,6,0,12
BRDA:44,6,1,0
BRDA:47,7,0,0
BRDA:47,7,1,0
BRDA:50,8,0,0
BRDA:50,8,1,12
BRDA:50,9,0,12
BRDA:50,9,1,0
BRDA:52,10,0,0
BRDA:52,10,1,0
BRDA:55,11,0,0
BRDA:55,11,1,12
BRDA:55,12,0,12
BRDA:55,12,1,12
BRDA:57,13,0,0
BRDA:57,13,1,0
BRDA:60,14,0,12
BRDA:60,14,1,12
BRDA:69,15,0,0
BRDA:69,15,1,2
BRDA:72,16,0,0
BRDA:72,16,1,2
BRDA:77,17,0,1
BRDA:77,17,1,1
BRDA:78,18,0,1
BRDA:78,18,1,0
BRDA:83,19,0,1
BRDA:83,19,1,0
BRDA:90,20,0,0
BRDA:90,20,1,52
BRDA:90,21,0,52
BRDA:90,21,1,0
BRDA:91,22,0,0
BRDA:91,22,1,52
BRDA:96,23,0,0
BRDA:96,23,1,52
BRDA:96,24,0,52
BRDA:96,24,1,0
BRDA:97,25,0,0
BRDA:97,25,1,52
BRDA:102,26,0,0
BRDA:102,26,1,51
BRDA:102,27,0,51
BRDA:102,27,1,0
BRDA:103,28,0,0
BRDA:103,28,1,0
BRDA:105,29,0,0
BRDA:105,29,1,51
BRDA:105,30,0,51
BRDA:105,30,1,0
BRDA:106,31,0,0
BRDA:106,31,1,0
BRDA:108,32,0,0
BRDA:108,32,1,51
BRDA:108,33,0,51
BRDA:108,33,1,51
BRDA:109,34,0,0
BRDA:109,34,1,0
BRDA:111,35,0,51
BRDA:111,35,1,51
BRF:71
BRH:31
end_of_record
TN:
SF:src/components/datepicker/common/picker.js
FN:19,(anonymous_0)
FN:41,(anonymous_1)
FN:44,(anonymous_2)
FN:47,(anonymous_3)
FN:50,(anonymous_4)
FN:55,(anonymous_5)
FN:69,(anonymous_6)
FN:76,(anonymous_7)
FN:89,(anonymous_8)
FN:94,(anonymous_9)
FN:98,(anonymous_10)
FN:102,(anonymous_11)
FN:113,(anonymous_12)
FN:129,(anonymous_13)
FN:134,(anonymous_14)
FN:157,(anonymous_15)
FN:165,(anonymous_16)
FN:191,(anonymous_17)
FN:218,(anonymous_18)
FN:238,(anonymous_19)
FN:258,(anonymous_20)
FN:271,(anonymous_21)
FN:324,(anonymous_22)
FN:344,(anonymous_23)
FN:360,(anonymous_24)
FNF:25
FNH:15
FNDA:18,(anonymous_0)
FNDA:1,(anonymous_1)
FNDA:1,(anonymous_2)
FNDA:1,(anonymous_3)
FNDA:1,(anonymous_4)
FNDA:22,(anonymous_5)
FNDA:10,(anonymous_6)
FNDA:4,(anonymous_7)
FNDA:4,(anonymous_8)
FNDA:0,(anonymous_9)
FNDA:18,(anonymous_10)
FNDA:0,(anonymous_11)
FNDA:0,(anonymous_12)
FNDA:0,(anonymous_13)
FNDA:4,(anonymous_14)
FNDA:0,(anonymous_15)
FNDA:0,(anonymous_16)
FNDA:4,(anonymous_17)
FNDA:0,(anonymous_18)
FNDA:4,(anonymous_19)
FNDA:8,(anonymous_20)
FNDA:0,(anonymous_21)
FNDA:0,(anonymous_22)
FNDA:0,(anonymous_23)
FNDA:22,(anonymous_24)
DA:17,5
DA:20,18
DA:22,18
DA:23,18
DA:25,18
DA:36,18
DA:37,18
DA:39,18
DA:41,18
DA:42,1
DA:44,18
DA:45,1
DA:47,18
DA:48,1
DA:50,18
DA:51,1
DA:56,22
DA:57,22
DA:58,22
DA:60,22
DA:61,0
DA:66,22
DA:70,10
DA:71,10
DA:72,0
DA:77,4
DA:78,4
DA:79,4
DA:80,4
DA:81,0
DA:82,0
DA:84,4
DA:85,0
DA:90,4
DA:91,4
DA:95,0
DA:99,18
DA:103,0
DA:104,0
DA:113,18
DA:114,0
DA:115,0
DA:116,0
DA:119,0
DA:120,0
DA:129,18
DA:130,0
DA:131,0
DA:134,18
DA:135,4
DA:136,4
DA:138,4
DA:140,4
DA:142,4
DA:143,1
DA:146,3
DA:147,1
DA:150,2
DA:151,1
DA:154,1
DA:157,18
DA:158,0
DA:159,0
DA:160,0
DA:165,18
DA:166,0
DA:167,0
DA:168,0
DA:171,0
DA:172,0
DA:173,0
DA:174,0
DA:178,0
DA:179,0
DA:180,0
DA:184,0
DA:186,0
DA:187,0
DA:191,18
DA:192,4
DA:193,4
DA:194,4
DA:196,4
DA:197,4
DA:201,4
DA:203,4
DA:204,0
DA:206,4
DA:207,4
DA:216,4
DA:218,0
DA:219,0
DA:220,0
DA:221,0
DA:223,0
DA:224,0
DA:228,4
DA:231,0
DA:234,0
DA:235,0
DA:238,18
DA:239,4
DA:240,4
DA:241,4
DA:242,4
DA:243,4
DA:244,4
DA:245,0
DA:252,4
DA:258,18
DA:259,8
DA:260,8
DA:261,8
DA:263,8
DA:266,4
DA:267,4
DA:271,18
DA:272,0
DA:273,0
DA:275,0
DA:276,0
DA:277,0
DA:280,0
DA:283,0
DA:285,0
DA:287,0
DA:289,0
DA:294,0
DA:295,0
DA:299,0
DA:301,0
DA:306,0
DA:307,0
DA:308,0
DA:309,0
DA:310,0
DA:311,0
DA:312,0
DA:313,0
DA:314,0
DA:315,0
DA:317,0
DA:324,18
DA:325,0
DA:326,0
DA:329,0
DA:330,0
DA:331,0
DA:332,0
DA:337,0
DA:338,0
DA:344,18
DA:345,0
DA:346,0
DA:347,0
DA:348,0
DA:349,0
DA:351,0
DA:352,0
DA:357,0
DA:361,22
DA:362,22
DA:363,22
DA:364,22
DA:383,22
DA:415,5
DA:429,5
LF:167
LH:84
BRDA:23,0,0,0
BRDA:23,0,1,18
BRDA:26,1,0,0
BRDA:26,1,1,18
BRDA:60,2,0,0
BRDA:60,2,1,22
BRDA:71,3,0,0
BRDA:71,3,1,10
BRDA:80,4,0,0
BRDA:80,4,1,4
BRDA:81,5,0,0
BRDA:81,5,1,0
BRDA:81,6,0,0
BRDA:81,6,1,0
BRDA:84,7,0,0
BRDA:84,7,1,4
BRDA:104,8,0,0
BRDA:104,8,1,0
BRDA:113,9,0,0
BRDA:113,10,0,0
BRDA:113,11,0,0
BRDA:115,12,0,0
BRDA:115,12,1,0
BRDA:115,13,0,0
BRDA:115,13,1,0
BRDA:115,13,2,0
BRDA:115,14,0,0
BRDA:115,14,1,0
BRDA:117,15,0,0
BRDA:117,15,1,0
BRDA:119,16,0,0
BRDA:119,16,1,0
BRDA:129,17,0,0
BRDA:140,18,0,0
BRDA:140,18,1,4
BRDA:140,19,0,4
BRDA:140,19,1,0
BRDA:142,20,0,1
BRDA:142,20,1,3
BRDA:146,21,0,1
BRDA:146,21,1,2
BRDA:150,22,0,1
BRDA:150,22,1,1
BRDA:159,23,0,0
BRDA:159,23,1,0
BRDA:166,24,0,0
BRDA:166,24,1,0
BRDA:166,24,2,0
BRDA:171,25,0,0
BRDA:171,25,1,0
BRDA:171,26,0,0
BRDA:171,26,1,0
BRDA:171,26,2,0
BRDA:178,27,0,0
BRDA:178,27,1,0
BRDA:178,28,0,0
BRDA:178,28,1,0
BRDA:178,28,2,0
BRDA:184,29,0,0
BRDA:184,29,1,0
BRDA:184,30,0,0
BRDA:184,30,1,0
BRDA:184,30,2,0
BRDA:186,31,0,0
BRDA:186,31,1,0
BRDA:196,32,0,4
BRDA:196,32,1,0
BRDA:196,33,0,4
BRDA:196,33,1,4
BRDA:203,34,0,0
BRDA:203,34,1,4
BRDA:216,35,0,0
BRDA:216,35,1,4
BRDA:223,36,0,0
BRDA:223,36,1,0
BRDA:242,37,0,4
BRDA:242,37,1,0
BRDA:242,37,2,0
BRDA:243,38,0,0
BRDA:243,38,1,4
BRDA:244,39,0,0
BRDA:244,39,1,4
BRDA:248,40,0,0
BRDA:248,40,1,0
BRDA:253,41,0,0
BRDA:253,41,1,4
BRDA:263,42,0,4
BRDA:263,42,1,4
BRDA:266,43,0,4
BRDA:266,43,1,0
BRDA:271,44,0,0
BRDA:273,45,0,0
BRDA:273,45,1,0
BRDA:275,46,0,0
BRDA:275,46,1,0
BRDA:275,47,0,0
BRDA:275,47,1,0
BRDA:283,48,0,0
BRDA:283,48,1,0
BRDA:287,49,0,0
BRDA:287,49,1,0
BRDA:287,50,0,0
BRDA:287,50,1,0
BRDA:294,51,0,0
BRDA:294,51,1,0
BRDA:294,52,0,0
BRDA:294,52,1,0
BRDA:299,53,0,0
BRDA:299,53,1,0
BRDA:306,54,0,0
BRDA:306,54,1,0
BRDA:306,55,0,0
BRDA:306,55,1,0
BRDA:307,56,0,0
BRDA:307,56,1,0
BRDA:309,57,0,0
BRDA:309,57,1,0
BRDA:311,58,0,0
BRDA:311,58,1,0
BRDA:313,59,0,0
BRDA:313,59,1,0
BRDA:317,60,0,0
BRDA:317,60,1,0
BRDA:329,61,0,0
BRDA:329,61,1,0
BRDA:329,62,0,0
BRDA:329,62,1,0
BRDA:337,63,0,0
BRDA:337,63,1,0
BRDA:349,64,0,0
BRDA:349,64,1,0
BRDA:349,65,0,0
BRDA:349,65,1,0
BRDA:349,65,2,0
BRDA:402,66,0,22
BRDA:402,66,1,4
BRDA:402,66,2,0
BRF:137
BRH:28
end_of_record
TN:
SF:src/components/datepicker/common/time.js
FN:8,formatNumber
FN:16,(anonymous_1)
FN:32,(anonymous_2)
FN:41,(anonymous_3)
FN:51,(anonymous_4)
FN:61,(anonymous_5)
FN:71,(anonymous_6)
FN:72,(anonymous_7)
FN:80,(anonymous_8)
FN:81,(anonymous_9)
FN:89,(anonymous_10)
FN:90,(anonymous_11)
FN:98,(anonymous_12)
FN:131,(anonymous_13)
FN:164,(anonymous_14)
FN:190,(anonymous_15)
FNF:16
FNH:6
FNDA:1,formatNumber
FNDA:2,(anonymous_1)
FNDA:1,(anonymous_2)
FNDA:2,(anonymous_3)
FNDA:0,(anonymous_4)
FNDA:0,(anonymous_5)
FNDA:0,(anonymous_6)
FNDA:0,(anonymous_7)
FNDA:0,(anonymous_8)
FNDA:0,(anonymous_9)
FNDA:0,(anonymous_10)
FNDA:0,(anonymous_11)
FNDA:1,(anonymous_12)
FNDA:0,(anonymous_13)
FNDA:0,(anonymous_14)
FNDA:3,(anonymous_15)
DA:9,1
DA:10,1
DA:12,1
DA:17,2
DA:19,2
DA:20,2
DA:22,2
DA:24,2
DA:33,1
DA:34,1
DA:36,1
DA:37,0
DA:42,2
DA:44,2
DA:45,0
DA:48,2
DA:52,0
DA:54,0
DA:61,2
DA:62,0
DA:64,0
DA:71,2
DA:72,0
DA:73,0
DA:80,2
DA:81,0
DA:82,0
DA:89,2
DA:90,0
DA:91,0
DA:98,2
DA:99,1
DA:100,1
DA:101,1
DA:103,1
DA:104,1
DA:105,0
DA:107,1
DA:109,1
DA:110,1
DA:111,1
DA:114,0
DA:118,1
DA:122,1
DA:124,1
DA:131,2
DA:132,0
DA:133,0
DA:134,0
DA:136,0
DA:137,0
DA:138,0
DA:141,0
DA:142,0
DA:143,0
DA:144,0
DA:147,0
DA:151,0
DA:155,0
DA:157,0
DA:164,2
DA:165,0
DA:166,0
DA:167,0
DA:169,0
DA:170,0
DA:171,0
DA:174,0
DA:177,0
DA:181,0
DA:183,0
DA:191,3
DA:192,3
DA:195,3
DA:203,3
DA:239,5
DA:248,5
LF:77
LH:39
BRDA:36,0,0,0
BRDA:36,0,1,1
BRDA:44,1,0,0
BRDA:44,1,1,2
BRDA:44,2,0,2
BRDA:44,2,1,0
BRDA:45,3,0,0
BRDA:45,3,1,0
BRDA:103,4,0,1
BRDA:103,4,1,0
BRDA:104,5,0,0
BRDA:104,5,1,1
BRDA:107,6,0,1
BRDA:107,6,1,0
BRDA:107,7,0,1
BRDA:107,7,1,1
BRDA:136,8,0,0
BRDA:136,8,1,0
BRDA:137,9,0,0
BRDA:137,9,1,0
BRDA:141,10,0,0
BRDA:141,10,1,0
BRDA:141,11,0,0
BRDA:141,11,1,0
BRDA:169,12,0,0
BRDA:169,12,1,0
BRDA:170,13,0,0
BRDA:170,13,1,0
BRDA:195,14,0,3
BRDA:195,14,1,0
BRDA:205,15,0,3
BRDA:205,15,1,0
BRF:32
BRH:10
end_of_record
TN:
SF:src/components/datepicker/common/utils.js
FN:7,createWrapper
FN:21,renderDOM
FN:28,destroyDOM
FNF:3
FNH:2
FNDA:4,createWrapper
FNDA:4,renderDOM
FNDA:0,destroyDOM
DA:4,5
DA:8,4
DA:9,4
DA:10,4
DA:11,4
DA:12,4
DA:13,4
DA:14,4
DA:15,4
DA:16,4
DA:17,4
DA:22,4
DA:23,4
DA:24,4
DA:29,0
DA:30,0
DA:31,0
DA:32,0
DA:33,0
DA:35,0
DA:36,0
LF:21
LH:14
BRDA:14,0,0,4
BRDA:14,0,1,0
BRDA:15,1,0,4
BRDA:15,1,1,0
BRDA:30,2,0,0
BRDA:30,2,1,0
BRDA:35,3,0,0
BRDA:35,3,1,0
BRF:8
BRH:2
end_of_record
TN:
SF:src/components/datepicker/common/week.js
FN:12,(anonymous_0)
FN:20,(anonymous_1)
FN:46,(anonymous_2)
FN:49,(anonymous_3)
FN:56,(anonymous_4)
FN:57,(anonymous_5)
FN:64,(anonymous_6)
FN:70,(anonymous_7)
FN:83,(anonymous_8)
FN:85,(anonymous_9)
FN:97,(anonymous_10)
FN:103,(anonymous_11)
FN:116,(anonymous_12)
FNF:13
FNH:10
FNDA:0,(anonymous_0)
FNDA:84,(anonymous_1)
FNDA:2,(anonymous_2)
FNDA:14,(anonymous_3)
FNDA:4,(anonymous_4)
FNDA:22,(anonymous_5)
FNDA:0,(anonymous_6)
FNDA:2,(anonymous_7)
FNDA:2,(anonymous_8)
FNDA:62,(anonymous_9)
FNDA:0,(anonymous_10)
FNDA:2,(anonymous_11)
FNDA:2,(anonymous_12)
DA:10,2
DA:12,2
DA:13,0
DA:20,2
DA:21,84
DA:23,84
DA:24,84
DA:25,84
DA:27,84
DA:28,84
DA:30,84
DA:31,0
DA:32,0
DA:34,0
DA:37,84
DA:38,0
DA:39,0
DA:41,0
DA:43,84
DA:47,2
DA:50,14
DA:57,4
DA:58,22
DA:59,22
DA:62,22
DA:64,0
DA:71,2
DA:72,2
DA:73,2
DA:74,2
DA:75,0
DA:76,0
DA:78,2
DA:80,2
DA:84,2
DA:85,2
DA:86,62
DA:87,62
DA:88,62
DA:89,62
DA:95,62
DA:97,0
DA:104,2
DA:105,2
DA:106,2
DA:107,2
DA:108,0
DA:109,0
DA:111,2
DA:113,2
DA:117,2
DA:119,2
DA:138,5
DA:146,5
LF:54
LH:41
BRDA:30,0,0,0
BRDA:30,0,1,84
BRDA:30,1,0,84
BRDA:30,1,1,84
BRDA:31,2,0,0
BRDA:31,2,1,0
BRDA:31,3,0,0
BRDA:31,3,1,0
BRDA:37,4,0,0
BRDA:37,4,1,84
BRDA:37,5,0,84
BRDA:37,5,1,84
BRDA:38,6,0,0
BRDA:38,6,1,0
BRDA:38,7,0,0
BRDA:38,7,1,0
BRDA:64,8,0,0
BRDA:64,8,1,0
BRDA:74,9,0,0
BRDA:74,9,1,2
BRDA:97,10,0,0
BRDA:97,10,1,0
BRDA:107,11,0,0
BRDA:107,11,1,2
BRF:24
BRH:8
end_of_record
TN:
SF:src/components/datepicker/date-picker/grid.js
FN:11,(anonymous_0)
FN:28,(anonymous_1)
FN:34,(anonymous_2)
FN:46,(anonymous_3)
FN:56,(anonymous_4)
FN:70,(anonymous_5)
FN:86,(anonymous_6)
FN:94,(anonymous_7)
FN:98,(anonymous_8)
FN:105,(anonymous_9)
FNF:10
FNH:4
FNDA:1,(anonymous_0)
FNDA:0,(anonymous_1)
FNDA:0,(anonymous_2)
FNDA:1,(anonymous_3)
FNDA:1,(anonymous_4)
FNDA:0,(anonymous_5)
FNDA:0,(anonymous_6)
FNDA:0,(anonymous_7)
FNDA:0,(anonymous_8)
FNDA:1,(anonymous_9)
DA:12,1
DA:14,1
DA:16,1
DA:18,1
DA:20,1
DA:29,0
DA:30,0
DA:35,0
DA:36,0
DA:37,0
DA:38,0
DA:47,1
DA:48,1
DA:49,0
DA:53,1
DA:56,1
DA:57,1
DA:58,1
DA:59,1
DA:60,1
DA:61,1
DA:62,1
DA:63,1
DA:64,1
DA:65,0
DA:67,1
DA:70,1
DA:71,0
DA:72,0
DA:74,0
DA:75,0
DA:77,0
DA:78,0
DA:79,0
DA:80,0
DA:81,0
DA:83,0
DA:86,1
DA:87,0
DA:94,1
DA:95,0
DA:98,1
DA:99,0
DA:100,0
DA:102,0
DA:106,1
DA:107,1
DA:109,1
DA:111,1
DA:146,5
DA:161,5
LF:51
LH:28
BRDA:22,0,0,1
BRDA:22,0,1,1
BRDA:22,0,2,0
BRDA:22,1,0,0
BRDA:22,1,1,0
BRDA:23,2,0,1
BRDA:23,2,1,1
BRDA:23,2,2,0
BRDA:23,3,0,0
BRDA:23,3,1,0
BRDA:24,4,0,1
BRDA:24,4,1,1
BRDA:24,4,2,0
BRDA:24,5,0,0
BRDA:24,5,1,0
BRDA:29,6,0,0
BRDA:29,6,1,0
BRDA:35,7,0,0
BRDA:35,7,1,0
BRDA:37,8,0,0
BRDA:37,8,1,0
BRDA:39,9,0,0
BRDA:39,9,1,0
BRDA:40,10,0,0
BRDA:40,10,1,0
BRDA:41,11,0,0
BRDA:41,11,1,0
BRDA:48,12,0,0
BRDA:48,12,1,1
BRDA:64,13,0,0
BRDA:64,13,1,1
BRDA:64,14,0,1
BRDA:64,14,1,1
BRDA:67,15,0,1
BRDA:67,15,1,1
BRDA:77,16,0,0
BRDA:77,16,1,0
BRDA:77,17,0,0
BRDA:77,17,1,0
BRDA:78,18,0,0
BRDA:78,18,1,0
BRDA:78,19,0,0
BRDA:78,19,1,0
BRDA:80,20,0,0
BRDA:80,20,1,0
BRDA:80,21,0,0
BRDA:80,21,1,0
BRDA:83,22,0,0
BRDA:83,22,1,0
BRDA:125,23,0,1
BRDA:125,23,1,0
BRDA:128,24,0,0
BRDA:128,24,1,1
BRDA:137,25,0,1
BRDA:137,25,1,0
BRF:55
BRH:15
end_of_record
TN:
SF:src/components/datepicker/date-picker/index.js
FN:9,(anonymous_0)
FN:18,(anonymous_1)
FN:28,(anonymous_2)
FNF:3
FNH:2
FNDA:6,(anonymous_0)
FNDA:0,(anonymous_1)
FNDA:6,(anonymous_2)
DA:10,6
DA:11,6
DA:12,6
DA:13,6
DA:14,6
DA:15,6
DA:18,6
DA:19,0
DA:20,0
DA:22,0
DA:23,0
DA:25,0
DA:29,6
DA:30,6
DA:34,5
DA:44,5
LF:16
LH:11
BRDA:12,0,0,0
BRDA:12,0,1,6
BRDA:13,1,0,0
BRDA:13,1,1,6
BRDA:14,2,0,0
BRDA:14,2,1,6
BRDA:15,3,0,6
BRDA:15,3,1,6
BRDA:20,4,0,0
BRDA:20,4,1,0
BRDA:22,5,0,0
BRDA:22,5,1,0
BRDA:23,6,0,0
BRDA:23,6,1,0
BRF:14
BRH:5
end_of_record
TN:
SF:src/components/datepicker/date-picker/main.js
FN:9,(anonymous_0)
FN:24,(anonymous_1)
FN:34,(anonymous_2)
FN:41,(anonymous_3)
FN:49,(anonymous_4)
FNF:5
FNH:2
FNDA:1,(anonymous_0)
FNDA:0,(anonymous_1)
FNDA:0,(anonymous_2)
FNDA:0,(anonymous_3)
FNDA:1,(anonymous_4)
DA:10,1
DA:12,1
DA:14,1
DA:16,1
DA:24,1
DA:25,0
DA:26,0
DA:34,1
DA:35,0
DA:41,1
DA:42,0
DA:50,1
DA:51,1
DA:52,1
DA:80,5
DA:88,5
LF:16
LH:12
BRDA:18,0,0,0
BRDA:18,0,1,1
BRDA:19,1,0,0
BRDA:19,1,1,1
BRDA:20,2,0,0
BRDA:20,2,1,1
BRDA:28,3,0,0
BRDA:28,3,1,0
BRDA:29,4,0,0
BRDA:29,4,1,0
BRDA:30,5,0,0
BRDA:30,5,1,0
BRDA:69,6,0,1
BRDA:69,6,1,1
BRDA:70,7,0,1
BRDA:70,7,1,1
BRF:16
BRH:7
end_of_record
TN:
SF:src/components/datepicker/date-range/index.js
FN:8,(anonymous_0)
FN:23,(anonymous_1)
FN:34,(anonymous_2)
FN:39,(anonymous_3)
FN:44,(anonymous_4)
FN:48,(anonymous_5)
FNF:6
FNH:0
FNDA:0,(anonymous_0)
FNDA:0,(anonymous_1)
FNDA:0,(anonymous_2)
FNDA:0,(anonymous_3)
FNDA:0,(anonymous_4)
FNDA:0,(anonymous_5)
DA:9,0
DA:11,0
DA:12,0
DA:14,0
DA:16,0
DA:24,0
DA:25,0
DA:26,0
DA:28,0
DA:29,0
DA:31,0
DA:34,0
DA:35,0
DA:36,0
DA:39,0
DA:40,0
DA:41,0
DA:44,0
DA:45,0
DA:49,0
DA:50,0
DA:52,0
DA:54,0
DA:55,0
DA:56,0
DA:57,0
DA:58,0
DA:60,0
DA:88,5
DA:96,5
LF:30
LH:2
BRDA:12,0,0,0
BRDA:12,0,1,0
BRDA:12,0,2,0
BRDA:24,1,0,0
BRDA:24,1,1,0
BRDA:24,2,0,0
BRDA:24,2,1,0
BRDA:28,3,0,0
BRDA:28,3,1,0
BRDA:50,4,0,0
BRDA:54,5,0,0
BRDA:54,5,1,0
BRDA:55,6,0,0
BRDA:55,6,1,0
BRDA:67,7,0,0
BRDA:67,7,1,0
BRDA:76,8,0,0
BRDA:76,8,1,0
BRF:18
BRH:0
end_of_record
TN:
SF:src/components/datepicker/month-day/grid.js
FN:10,(anonymous_0)
FN:20,(anonymous_1)
FN:28,(anonymous_2)
FN:34,(anonymous_3)
FN:41,(anonymous_4)
FN:49,(anonymous_5)
FN:75,(anonymous_6)
FNF:7
FNH:2
FNDA:1,(anonymous_0)
FNDA:0,(anonymous_1)
FNDA:0,(anonymous_2)
FNDA:0,(anonymous_3)
FNDA:0,(anonymous_4)
FNDA:1,(anonymous_5)
FNDA:0,(anonymous_6)
DA:11,1
DA:13,1
DA:15,1
DA:21,0
DA:23,0
DA:24,0
DA:29,0
DA:34,1
DA:35,0
DA:38,0
DA:41,1
DA:42,0
DA:43,0
DA:45,0
DA:54,1
DA:56,1
DA:57,1
DA:58,1
DA:59,1
DA:61,1
DA:75,0
DA:87,5
DA:93,5
LF:23
LH:13
BRDA:23,0,0,0
BRDA:23,0,1,0
BRDA:42,1,0,0
BRDA:42,1,1,0
BRDA:58,2,0,0
BRDA:58,2,1,1
BRDA:59,3,0,0
BRDA:59,3,1,1
BRF:8
BRH:2
end_of_record
TN:
SF:src/components/datepicker/month-day/index.js
FN:9,(anonymous_0)
FN:14,(anonymous_1)
FNF:2
FNH:1
FNDA:0,(anonymous_0)
FNDA:4,(anonymous_1)
DA:9,4
DA:10,0
DA:11,0
DA:15,4
DA:19,5
DA:25,5
LF:6
LH:4
BRDA:10,0,0,0
BRDA:10,0,1,0
BRF:2
BRH:0
end_of_record
TN:
SF:src/components/datepicker/month-day/main.js
FN:11,(anonymous_0)
FN:22,(anonymous_1)
FN:29,(anonymous_2)
FN:39,(anonymous_3)
FN:49,(anonymous_4)
FN:55,(anonymous_5)
FN:76,(anonymous_6)
FN:83,(anonymous_7)
FN:92,(anonymous_8)
FNF:9
FNH:3
FNDA:1,(anonymous_0)
FNDA:0,(anonymous_1)
FNDA:0,(anonymous_2)
FNDA:0,(anonymous_3)
FNDA:0,(anonymous_4)
FNDA:0,(anonymous_5)
FNDA:0,(anonymous_6)
FNDA:1,(anonymous_7)
FNDA:12,(anonymous_8)
DA:12,1
DA:14,1
DA:16,1
DA:22,1
DA:23,0
DA:29,1
DA:30,0
DA:32,0
DA:33,0
DA:39,1
DA:40,0
DA:42,0
DA:43,0
DA:49,1
DA:50,0
DA:55,1
DA:56,0
DA:60,0
DA:61,0
DA:64,0
DA:69,0
DA:76,1
DA:77,0
DA:84,1
DA:86,1
DA:93,12
DA:107,5
DA:112,5
LF:28
LH:14
BRDA:17,0,0,0
BRDA:17,0,1,1
BRDA:18,1,0,0
BRDA:18,1,1,1
BRDA:24,2,0,0
BRDA:24,2,1,0
BRDA:25,3,0,0
BRDA:25,3,1,0
BRDA:32,4,0,0
BRDA:32,4,1,0
BRDA:42,5,0,0
BRDA:42,5,1,0
BRDA:60,6,0,0
BRDA:60,6,1,0
BRF:14
BRH:2
end_of_record
TN:
SF:src/components/datepicker/time-picker/index.js
FN:8,(anonymous_0)
FNF:1
FNH:1
FNDA:2,(anonymous_0)
DA:9,2
DA:13,5
DA:18,5
LF:3
LH:3
BRF:0
BRH:0
end_of_record
TN:
SF:src/components/datepicker/year/grid.js
FN:11,getClassName
FN:25,(anonymous_1)
FN:36,(anonymous_2)
FN:43,(anonymous_3)
FN:49,(anonymous_4)
FN:55,(anonymous_5)
FN:65,(anonymous_6)
FN:75,(anonymous_7)
FN:83,(anonymous_8)
FN:93,(anonymous_9)
FN:96,(anonymous_10)
FN:99,(anonymous_11)
FN:107,(anonymous_12)
FN:110,(anonymous_13)
FNF:14
FNH:5
FNDA:15,getClassName
FNDA:1,(anonymous_1)
FNDA:0,(anonymous_2)
FNDA:0,(anonymous_3)
FNDA:1,(anonymous_4)
FNDA:0,(anonymous_5)
FNDA:0,(anonymous_6)
FNDA:1,(anonymous_7)
FNDA:5,(anonymous_8)
FNDA:0,(anonymous_9)
FNDA:0,(anonymous_10)
FNDA:0,(anonymous_11)
FNDA:0,(anonymous_12)
FNDA:0,(anonymous_13)
DA:9,5
DA:12,15
DA:13,0
DA:15,15
DA:16,0
DA:18,15
DA:19,1
DA:21,14
DA:26,1
DA:28,1
DA:29,1
DA:31,1
DA:37,0
DA:38,0
DA:39,0
DA:44,0
DA:49,1
DA:50,1
DA:51,1
DA:52,1
DA:55,1
DA:56,0
DA:57,0
DA:60,0
DA:65,1
DA:66,0
DA:68,0
DA:69,0
DA:70,0
DA:72,0
DA:76,1
DA:77,1
DA:79,1
DA:84,5
DA:85,5
DA:86,5
DA:87,5
DA:88,5
DA:89,5
DA:90,5
DA:93,0
DA:96,0
DA:99,0
DA:107,0
DA:110,0
DA:119,5
DA:128,5
LF:47
LH:28
BRDA:12,0,0,0
BRDA:12,0,1,15
BRDA:12,1,0,15
BRDA:12,1,1,15
BRDA:15,2,0,0
BRDA:15,2,1,15
BRDA:18,3,0,1
BRDA:18,3,1,14
BRDA:38,4,0,0
BRDA:38,4,1,0
BRDA:52,5,0,1
BRDA:52,5,1,1
BRDA:56,6,0,0
BRDA:56,6,1,0
BRDA:68,7,0,0
BRDA:68,7,1,0
BRF:16
BRH:8
end_of_record
TN:
SF:src/components/datepicker/year/index.js
FN:8,(anonymous_0)
FN:12,(anonymous_1)
FNF:2
FNH:1
FNDA:0,(anonymous_0)
FNDA:4,(anonymous_1)
DA:8,4
DA:9,0
DA:13,4
DA:14,4
DA:15,4
DA:16,4
DA:22,5
DA:29,5
LF:8
LH:7
BRDA:14,0,0,0
BRDA:14,0,1,4
BRDA:14,1,0,4
BRDA:14,1,1,0
BRDA:15,2,0,0
BRDA:15,2,1,4
BRDA:15,3,0,4
BRDA:15,3,1,0
BRF:8
BRH:4
end_of_record
TN:
SF:src/components/datepicker/year/main.js
FN:7,(anonymous_0)
FN:16,(anonymous_1)
FN:23,(anonymous_2)
FN:33,(anonymous_3)
FN:40,(anonymous_4)
FN:48,(anonymous_5)
FNF:6
FNH:3
FNDA:1,(anonymous_0)
FNDA:0,(anonymous_1)
FNDA:1,(anonymous_2)
FNDA:0,(anonymous_3)
FNDA:0,(anonymous_4)
FNDA:1,(anonymous_5)
DA:8,1
DA:9,1
DA:10,1
DA:16,1
DA:17,0
DA:23,1
DA:24,1
DA:25,1
DA:27,1
DA:28,1
DA:30,0
DA:33,1
DA:34,0
DA:35,0
DA:40,1
DA:41,0
DA:43,0
DA:49,1
DA:50,1
DA:52,1
DA:54,1
LF:21
LH:15
BRDA:25,0,0,0
BRDA:25,0,1,1
BRDA:27,1,0,1
BRDA:27,1,1,0
BRDA:27,2,0,1
BRDA:27,2,1,0
BRDA:52,3,0,0
BRDA:52,3,1,1
BRF:8
BRH:4
end_of_record
TN:
SF:src/components/datepicker/year-month/grid.js
FN:12,formatData
FN:17,(anonymous_1)
FN:25,(anonymous_2)
FN:32,(anonymous_3)
FN:38,(anonymous_4)
FN:45,(anonymous_5)
FN:62,(anonymous_6)
FN:97,(anonymous_7)
FN:104,(anonymous_8)
FN:111,(anonymous_9)
FN:133,(anonymous_10)
FN:138,(anonymous_11)
FN:143,(anonymous_12)
FN:156,(anonymous_13)
FN:164,(anonymous_14)
FNF:15
FNH:5
FNDA:0,formatData
FNDA:1,(anonymous_1)
FNDA:0,(anonymous_2)
FNDA:0,(anonymous_3)
FNDA:0,(anonymous_4)
FNDA:1,(anonymous_5)
FNDA:12,(anonymous_6)
FNDA:0,(anonymous_7)
FNDA:1,(anonymous_8)
FNDA:4,(anonymous_9)
FNDA:0,(anonymous_10)
FNDA:0,(anonymous_11)
FNDA:0,(anonymous_12)
FNDA:0,(anonymous_13)
FNDA:0,(anonymous_14)
DA:9,5
DA:10,5
DA:13,0
DA:18,1
DA:19,1
DA:20,1
DA:26,0
DA:27,0
DA:28,0
DA:33,0
DA:38,1
DA:39,0
DA:40,0
DA:42,0
DA:45,1
DA:46,1
DA:47,1
DA:48,1
DA:49,1
DA:50,0
DA:52,1
DA:53,0
DA:54,0
DA:55,0
DA:56,0
DA:59,1
DA:62,1
DA:63,12
DA:64,12
DA:66,12
DA:67,0
DA:70,12
DA:71,12
DA:72,12
DA:73,12
DA:74,12
DA:75,0
DA:77,12
DA:78,0
DA:80,12
DA:81,0
DA:83,12
DA:84,12
DA:88,0
DA:90,12
DA:91,1
DA:94,11
DA:97,1
DA:98,0
DA:99,0
DA:100,0
DA:101,0
DA:105,1
DA:107,1
DA:112,4
DA:113,4
DA:114,4
DA:115,4
DA:120,4
DA:125,4
DA:130,4
DA:133,0
DA:138,0
DA:143,0
DA:156,0
DA:164,0
DA:174,5
DA:179,5
LF:68
LH:41
BRDA:21,0,0,0
BRDA:21,0,1,1
BRDA:27,1,0,0
BRDA:27,1,1,0
BRDA:39,2,0,0
BRDA:39,2,1,0
BRDA:49,3,0,0
BRDA:49,3,1,1
BRDA:49,4,0,1
BRDA:49,4,1,1
BRDA:52,5,0,0
BRDA:52,5,1,1
BRDA:55,6,0,0
BRDA:55,6,1,0
BRDA:55,7,0,0
BRDA:55,7,1,0
BRDA:66,8,0,0
BRDA:66,8,1,12
BRDA:66,9,0,12
BRDA:66,9,1,0
BRDA:74,10,0,0
BRDA:74,10,1,12
BRDA:74,11,0,12
BRDA:74,11,1,12
BRDA:77,12,0,0
BRDA:77,12,1,12
BRDA:77,13,0,12
BRDA:77,13,1,0
BRDA:80,14,0,0
BRDA:80,14,1,12
BRDA:80,15,0,12
BRDA:80,15,1,0
BRDA:83,16,0,12
BRDA:83,16,1,0
BRDA:84,17,0,0
BRDA:84,17,1,12
BRDA:85,18,0,12
BRDA:85,18,1,0
BRDA:85,18,2,12
BRDA:85,18,3,0
BRDA:90,19,0,1
BRDA:90,19,1,11
BRDA:100,20,0,0
BRDA:100,20,1,0
BRF:44
BRH:20
end_of_record
TN:
SF:src/components/datepicker/year-month/index.js
FN:9,(anonymous_0)
FN:14,(anonymous_1)
FNF:2
FNH:1
FNDA:0,(anonymous_0)
FNDA:4,(anonymous_1)
DA:9,4
DA:10,0
DA:11,0
DA:15,4
DA:19,5
DA:27,5
LF:6
LH:4
BRDA:10,0,0,0
BRDA:10,0,1,0
BRF:2
BRH:0
end_of_record
TN:
SF:src/components/datepicker/year-month/main.js
FN:7,(anonymous_0)
FN:23,(anonymous_1)
FN:30,(anonymous_2)
FN:49,(anonymous_3)
FN:55,(anonymous_4)
FN:63,(anonymous_5)
FNF:6
FNH:3
FNDA:1,(anonymous_0)
FNDA:0,(anonymous_1)
FNDA:1,(anonymous_2)
FNDA:0,(anonymous_3)
FNDA:0,(anonymous_4)
FNDA:1,(anonymous_5)
DA:8,1
DA:10,1
DA:12,1
DA:13,1
DA:15,1
DA:17,1
DA:23,1
DA:24,0
DA:31,1
DA:33,1
DA:35,1
DA:36,0
DA:39,1
DA:40,0
DA:42,1
DA:43,0
DA:46,1
DA:49,1
DA:50,0
DA:55,1
DA:56,0
DA:57,0
DA:64,1
DA:65,1
DA:67,1
DA:69,1
DA:70,201
DA:77,1
LF:28
LH:21
BRDA:35,0,0,0
BRDA:35,0,1,1
BRDA:39,1,0,0
BRDA:39,1,1,1
BRDA:42,2,0,0
BRDA:42,2,1,1
BRDA:56,3,0,0
BRDA:56,3,1,0
BRF:8
BRH:3
end_of_record
TN:
SF:src/components/field/index.js
FN:18,(anonymous_0)
FN:26,(anonymous_1)
FN:67,(anonymous_2)
FN:78,(anonymous_3)
FN:82,(anonymous_4)
FN:90,(anonymous_5)
FN:93,(anonymous_6)
FN:100,(anonymous_7)
FN:119,(anonymous_8)
FN:135,(anonymous_9)
FN:136,(anonymous_10)
FN:141,(anonymous_11)
FN:151,(anonymous_12)
FN:156,(anonymous_13)
FN:166,(anonymous_14)
FN:180,(anonymous_15)
FN:185,(anonymous_16)
FN:192,(anonymous_17)
FN:195,(anonymous_18)
FN:225,(anonymous_19)
FN:228,(anonymous_20)
FN:255,(anonymous_21)
FN:258,(anonymous_22)
FN:266,(anonymous_23)
FN:294,(anonymous_24)
FN:297,(anonymous_25)
FN:323,(anonymous_26)
FN:331,(anonymous_27)
FN:347,(anonymous_28)
FN:349,(anonymous_29)
FNF:30
FNH:0
FNDA:0,(anonymous_0)
FNDA:0,(anonymous_1)
FNDA:0,(anonymous_2)
FNDA:0,(anonymous_3)
FNDA:0,(anonymous_4)
FNDA:0,(anonymous_5)
FNDA:0,(anonymous_6)
FNDA:0,(anonymous_7)
FNDA:0,(anonymous_8)
FNDA:0,(anonymous_9)
FNDA:0,(anonymous_10)
FNDA:0,(anonymous_11)
FNDA:0,(anonymous_12)
FNDA:0,(anonymous_13)
FNDA:0,(anonymous_14)
FNDA:0,(anonymous_15)
FNDA:0,(anonymous_16)
FNDA:0,(anonymous_17)
FNDA:0,(anonymous_18)
FNDA:0,(anonymous_19)
FNDA:0,(anonymous_20)
FNDA:0,(anonymous_21)
FNDA:0,(anonymous_22)
FNDA:0,(anonymous_23)
FNDA:0,(anonymous_24)
FNDA:0,(anonymous_25)
FNDA:0,(anonymous_26)
FNDA:0,(anonymous_27)
FNDA:0,(anonymous_28)
FNDA:0,(anonymous_29)
DA:5,0
DA:6,0
DA:7,0
DA:9,0
DA:19,0
DA:20,0
DA:21,0
DA:24,0
DA:26,0
DA:34,0
DA:36,0
DA:38,0
DA:39,0
DA:50,0
DA:53,0
DA:54,0
DA:56,0
DA:57,0
DA:60,0
DA:66,0
DA:67,0
DA:68,0
DA:69,0
DA:71,0
DA:75,0
DA:78,0
DA:83,0
DA:84,0
DA:87,0
DA:90,0
DA:91,0
DA:93,0
DA:94,0
DA:97,0
DA:100,0
DA:101,0
DA:103,0
DA:104,0
DA:107,0
DA:108,0
DA:110,0
DA:111,0
DA:113,0
DA:114,0
DA:116,0
DA:119,0
DA:120,0
DA:122,0
DA:123,0
DA:124,0
DA:125,0
DA:128,0
DA:129,0
DA:131,0
DA:135,0
DA:136,0
DA:137,0
DA:141,0
DA:142,0
DA:144,0
DA:145,0
DA:148,0
DA:151,0
DA:152,0
DA:153,0
DA:156,0
DA:157,0
DA:159,0
DA:160,0
DA:162,0
DA:166,0
DA:167,0
DA:168,0
DA:171,0
DA:172,0
DA:174,0
DA:175,0
DA:177,0
DA:180,0
DA:181,0
DA:182,0
DA:185,0
DA:186,0
DA:189,0
DA:192,0
DA:193,0
DA:195,0
DA:196,0
DA:198,0
DA:201,0
DA:203,0
DA:204,0
DA:205,0
DA:206,0
DA:207,0
DA:208,0
DA:209,0
DA:212,0
DA:218,0
DA:222,0
DA:225,0
DA:226,0
DA:228,0
DA:229,0
DA:231,0
DA:234,0
DA:235,0
DA:236,0
DA:237,0
DA:238,0
DA:239,0
DA:242,0
DA:248,0
DA:252,0
DA:255,0
DA:256,0
DA:258,0
DA:259,0
DA:260,0
DA:263,0
DA:266,0
DA:267,0
DA:268,0
DA:269,0
DA:271,0
DA:272,0
DA:274,0
DA:275,0
DA:276,0
DA:277,0
DA:279,0
DA:280,0
DA:282,0
DA:284,0
DA:285,0
DA:287,0
DA:291,0
DA:294,0
DA:295,0
DA:297,0
DA:298,0
DA:299,0
DA:301,0
DA:302,0
DA:303,0
DA:305,0
DA:306,0
DA:308,0
DA:309,0
DA:313,0
DA:315,0
DA:316,0
DA:319,0
DA:323,0
DA:324,0
DA:325,0
DA:327,0
DA:328,0
DA:331,0
DA:332,0
DA:334,0
DA:336,0
DA:337,0
DA:339,0
DA:342,0
DA:347,0
DA:348,0
DA:349,0
DA:351,0
DA:354,0
LF:170
LH:0
BRDA:18,0,0,0
BRDA:21,1,0,0
BRDA:21,1,1,0
BRDA:26,2,0,0
BRDA:29,3,0,0
BRDA:30,4,0,0
BRDA:31,5,0,0
BRDA:32,6,0,0
BRDA:33,7,0,0
BRDA:38,8,0,0
BRDA:38,8,1,0
BRDA:40,9,0,0
BRDA:40,9,1,0
BRDA:53,10,0,0
BRDA:53,10,1,0
BRDA:53,11,0,0
BRDA:53,11,1,0
BRDA:63,12,0,0
BRDA:63,12,1,0
BRDA:66,13,0,0
BRDA:66,13,1,0
BRDA:83,14,0,0
BRDA:83,14,1,0
BRDA:90,15,0,0
BRDA:103,16,0,0
BRDA:103,16,1,0
BRDA:103,17,0,0
BRDA:103,17,1,0
BRDA:110,18,0,0
BRDA:110,18,1,0
BRDA:113,19,0,0
BRDA:113,19,1,0
BRDA:122,20,0,0
BRDA:122,20,1,0
BRDA:122,21,0,0
BRDA:122,21,1,0
BRDA:128,22,0,0
BRDA:128,22,1,0
BRDA:135,23,0,0
BRDA:144,24,0,0
BRDA:144,24,1,0
BRDA:144,25,0,0
BRDA:144,25,1,0
BRDA:144,25,2,0
BRDA:151,26,0,0
BRDA:152,27,0,0
BRDA:152,27,1,0
BRDA:159,28,0,0
BRDA:159,28,1,0
BRDA:167,29,0,0
BRDA:167,29,1,0
BRDA:167,30,0,0
BRDA:167,30,1,0
BRDA:171,31,0,0
BRDA:171,31,1,0
BRDA:175,32,0,0
BRDA:175,32,1,0
BRDA:181,33,0,0
BRDA:181,33,1,0
BRDA:192,34,0,0
BRDA:193,35,0,0
BRDA:193,35,1,0
BRDA:198,36,0,0
BRDA:198,36,1,0
BRDA:201,37,0,0
BRDA:201,37,1,0
BRDA:204,38,0,0
BRDA:204,38,1,0
BRDA:206,39,0,0
BRDA:206,39,1,0
BRDA:208,40,0,0
BRDA:208,40,1,0
BRDA:208,41,0,0
BRDA:208,41,1,0
BRDA:225,42,0,0
BRDA:226,43,0,0
BRDA:226,43,1,0
BRDA:231,44,0,0
BRDA:231,44,1,0
BRDA:234,45,0,0
BRDA:234,45,1,0
BRDA:236,46,0,0
BRDA:236,46,1,0
BRDA:236,47,0,0
BRDA:236,47,1,0
BRDA:238,48,0,0
BRDA:238,48,1,0
BRDA:238,49,0,0
BRDA:238,49,1,0
BRDA:256,50,0,0
BRDA:256,50,1,0
BRDA:268,51,0,0
BRDA:268,51,1,0
BRDA:268,52,0,0
BRDA:268,52,1,0
BRDA:269,53,0,0
BRDA:269,53,1,0
BRDA:279,54,0,0
BRDA:279,54,1,0
BRDA:284,55,0,0
BRDA:284,55,1,0
BRDA:298,56,0,0
BRDA:298,56,1,0
BRDA:301,57,0,0
BRDA:301,57,1,0
BRDA:305,58,0,0
BRDA:305,58,1,0
BRDA:315,59,0,0
BRDA:315,59,1,0
BRDA:315,60,0,0
BRDA:315,60,1,0
BRDA:325,61,0,0
BRDA:325,61,1,0
BRDA:325,62,0,0
BRDA:325,62,1,0
BRDA:334,63,0,0
BRDA:334,63,1,0
BRDA:334,64,0,0
BRDA:334,64,1,0
BRDA:337,65,0,0
BRDA:337,65,1,0
BRF:121
BRH:0
end_of_record
TN:
SF:src/components/field/validator.js
FN:8,(anonymous_0)
FN:16,(anonymous_1)
FN:17,(anonymous_2)
FN:24,(anonymous_3)
FN:31,(anonymous_4)
FN:40,(anonymous_5)
FN:49,(anonymous_6)
FN:56,(anonymous_7)
FN:56,(anonymous_8)
FN:58,validator
FN:77,(anonymous_10)
FN:78,(anonymous_11)
FNF:12
FNH:0
FNDA:0,(anonymous_0)
FNDA:0,(anonymous_1)
FNDA:0,(anonymous_2)
FNDA:0,(anonymous_3)
FNDA:0,(anonymous_4)
FNDA:0,(anonymous_5)
FNDA:0,(anonymous_6)
FNDA:0,(anonymous_7)
FNDA:0,(anonymous_8)
FNDA:0,validator
FNDA:0,(anonymous_10)
FNDA:0,(anonymous_11)
DA:1,0
DA:2,0
DA:3,0
DA:4,0
DA:5,0
DA:6,0
DA:8,0
DA:9,0
DA:16,0
DA:17,0
DA:19,0
DA:21,0
DA:24,0
DA:25,0
DA:26,0
DA:28,0
DA:31,0
DA:32,0
DA:34,0
DA:35,0
DA:37,0
DA:40,0
DA:41,0
DA:43,0
DA:44,0
DA:46,0
DA:49,0
DA:50,0
DA:51,0
DA:53,0
DA:56,0
DA:61,0
DA:63,0
DA:64,0
DA:66,0
DA:67,0
DA:68,0
DA:69,0
DA:70,0
DA:71,0
DA:72,0
DA:73,0
DA:74,0
DA:75,0
DA:76,0
DA:77,0
DA:78,0
DA:79,0
DA:85,0
LF:49
LH:0
BRDA:9,0,0,0
BRDA:9,0,1,0
BRDA:10,1,0,0
BRDA:10,1,1,0
BRDA:10,1,2,0
BRDA:10,1,3,0
BRDA:10,1,4,0
BRDA:10,1,5,0
BRDA:10,1,6,0
BRDA:19,2,0,0
BRDA:19,2,1,0
BRDA:25,3,0,0
BRDA:25,3,1,0
BRDA:25,4,0,0
BRDA:25,4,1,0
BRDA:26,5,0,0
BRDA:26,5,1,0
BRDA:34,6,0,0
BRDA:34,6,1,0
BRDA:34,7,0,0
BRDA:34,7,1,0
BRDA:35,8,0,0
BRDA:35,8,1,0
BRDA:43,9,0,0
BRDA:43,9,1,0
BRDA:43,10,0,0
BRDA:43,10,1,0
BRDA:44,11,0,0
BRDA:44,11,1,0
BRDA:50,12,0,0
BRDA:50,12,1,0
BRDA:50,13,0,0
BRDA:50,13,1,0
BRDA:50,13,2,0
BRDA:51,14,0,0
BRDA:51,14,1,0
BRDA:56,15,0,0
BRDA:56,15,1,0
BRDA:63,16,0,0
BRDA:63,16,1,0
BRDA:66,17,0,0
BRDA:66,17,1,0
BRDA:68,18,0,0
BRDA:68,18,1,0
BRDA:70,19,0,0
BRDA:70,19,1,0
BRDA:72,20,0,0
BRDA:72,20,1,0
BRDA:74,21,0,0
BRDA:74,21,1,0
BRDA:76,22,0,0
BRDA:76,22,1,0
BRDA:76,23,0,0
BRDA:76,23,1,0
BRF:54
BRH:0
end_of_record
TN:
SF:src/components/form/constants.js
FN:16,(anonymous_0)
FN:19,(anonymous_1)
FN:34,(anonymous_2)
FN:37,(anonymous_3)
FN:40,(anonymous_4)
FN:41,(anonymous_5)
FN:48,(anonymous_6)
FNF:7
FNH:0
FNDA:0,(anonymous_0)
FNDA:0,(anonymous_1)
FNDA:0,(anonymous_2)
FNDA:0,(anonymous_3)
FNDA:0,(anonymous_4)
FNDA:0,(anonymous_5)
FNDA:0,(anonymous_6)
DA:3,0
DA:9,0
DA:14,0
DA:16,0
DA:17,0
DA:19,0
DA:20,0
DA:22,0
DA:23,0
DA:24,0
DA:25,0
DA:26,0
DA:31,0
DA:34,0
DA:35,0
DA:37,0
DA:40,0
DA:41,0
DA:42,0
DA:44,0
DA:48,0
DA:49,0
DA:51,0
DA:52,0
DA:55,0
LF:25
LH:0
BRDA:22,0,0,0
BRDA:22,0,1,0
BRDA:23,1,0,0
BRDA:23,1,1,0
BRDA:25,2,0,0
BRDA:25,2,1,0
BRDA:25,3,0,0
BRDA:25,3,1,0
BRDA:42,4,0,0
BRDA:42,4,1,0
BRDA:49,5,0,0
BRDA:49,5,1,0
BRDA:51,6,0,0
BRDA:51,6,1,0
BRF:14
BRH:0
end_of_record
TN:
SF:src/components/form/context.js
FNF:0
FNH:0
DA:3,0
LF:1
LH:0
BRF:0
BRH:0
end_of_record
TN:
SF:src/components/form/explain.js
FN:5,Explain
FNF:1
FNH:0
FNDA:0,Explain
DA:6,0
LF:1
LH:0
BRDA:6,0,0,0
BRDA:6,0,1,0
BRF:2
BRH:0
end_of_record
TN:
SF:src/components/form/form-item.js
FN:17,(anonymous_0)
FN:21,(anonymous_1)
FN:30,(anonymous_2)
FN:34,(anonymous_3)
FN:43,(anonymous_4)
FN:51,(anonymous_5)
FN:55,(anonymous_6)
FN:62,(anonymous_7)
FN:72,(anonymous_8)
FN:88,(anonymous_9)
FN:97,(anonymous_10)
FN:116,(anonymous_11)
FN:137,(anonymous_12)
FNF:13
FNH:0
FNDA:0,(anonymous_0)
FNDA:0,(anonymous_1)
FNDA:0,(anonymous_2)
FNDA:0,(anonymous_3)
FNDA:0,(anonymous_4)
FNDA:0,(anonymous_5)
FNDA:0,(anonymous_6)
FNDA:0,(anonymous_7)
FNDA:0,(anonymous_8)
FNDA:0,(anonymous_9)
FNDA:0,(anonymous_10)
FNDA:0,(anonymous_11)
FNDA:0,(anonymous_12)
DA:12,0
DA:15,0
DA:18,0
DA:22,0
DA:23,0
DA:25,0
DA:26,0
DA:31,0
DA:35,0
DA:38,0
DA:39,0
DA:44,0
DA:45,0
DA:46,0
DA:48,0
DA:52,0
DA:56,0
DA:57,0
DA:59,0
DA:63,0
DA:65,0
DA:66,0
DA:69,0
DA:73,0
DA:74,0
DA:76,0
DA:77,0
DA:80,0
DA:81,0
DA:82,0
DA:84,0
DA:85,0
DA:86,0
DA:88,0
DA:91,0
DA:94,0
DA:98,0
DA:99,0
DA:100,0
DA:101,0
DA:103,0
DA:113,0
DA:117,0
DA:118,0
DA:119,0
DA:120,0
DA:122,0
DA:129,0
DA:138,0
DA:139,0
DA:141,0
DA:150,0
DA:152,0
DA:169,0
LF:54
LH:0
BRDA:25,0,0,0
BRDA:25,0,1,0
BRDA:34,1,0,0
BRDA:38,2,0,0
BRDA:38,2,1,0
BRDA:38,3,0,0
BRDA:38,3,1,0
BRDA:38,3,2,0
BRDA:38,3,3,0
BRDA:45,4,0,0
BRDA:46,5,0,0
BRDA:46,6,0,0
BRDA:46,6,1,0
BRDA:56,7,0,0
BRDA:56,7,1,0
BRDA:56,8,0,0
BRDA:56,8,1,0
BRDA:65,9,0,0
BRDA:65,9,1,0
BRDA:65,10,0,0
BRDA:65,10,1,0
BRDA:65,10,2,0
BRDA:76,11,0,0
BRDA:76,11,1,0
BRDA:80,12,0,0
BRDA:80,12,1,0
BRDA:80,13,0,0
BRDA:80,13,1,0
BRDA:80,13,2,0
BRDA:84,14,0,0
BRDA:84,14,1,0
BRDA:86,15,0,0
BRDA:86,16,0,0
BRDA:86,16,1,0
BRDA:100,17,0,0
BRDA:108,18,0,0
BRDA:108,18,1,0
BRDA:113,19,0,0
BRDA:113,19,1,0
BRDA:119,20,0,0
BRDA:120,21,0,0
BRDA:120,22,0,0
BRDA:120,22,1,0
BRDA:124,23,0,0
BRDA:124,23,1,0
BRF:45
BRH:0
end_of_record
TN:
SF:src/components/form/form-nexus.js
FN:10,(anonymous_0)
FN:19,(anonymous_1)
FN:23,(anonymous_2)
FN:37,(anonymous_3)
FNF:4
FNH:0
FNDA:0,(anonymous_0)
FNDA:0,(anonymous_1)
FNDA:0,(anonymous_2)
FNDA:0,(anonymous_3)
DA:11,0
DA:14,0
DA:15,0
DA:20,0
DA:27,0
DA:28,0
DA:30,0
DA:31,0
DA:34,0
DA:38,0
DA:40,0
DA:44,0
DA:46,0
DA:50,0
LF:14
LH:0
BRDA:14,0,0,0
BRDA:14,0,1,0
BRDA:14,1,0,0
BRDA:14,1,1,0
BRDA:14,1,2,0
BRDA:14,1,3,0
BRDA:30,2,0,0
BRDA:30,2,1,0
BRDA:30,3,0,0
BRDA:30,3,1,0
BRDA:30,3,2,0
BRF:11
BRH:0
end_of_record
TN:
SF:src/components/form/index.js
FN:23,(anonymous_0)
FN:27,(anonymous_1)
FN:50,(anonymous_2)
FNF:3
FNH:0
FNDA:0,(anonymous_0)
FNDA:0,(anonymous_1)
FNDA:0,(anonymous_2)
DA:15,0
DA:16,0
DA:19,0
DA:21,0
DA:24,0
DA:28,0
DA:30,0
DA:31,0
DA:34,0
DA:35,0
DA:36,0
DA:39,0
DA:40,0
DA:44,0
DA:51,0
DA:52,0
DA:53,0
DA:55,0
DA:65,0
DA:67,0
DA:85,0
LF:21
LH:0
BRDA:24,0,0,0
BRDA:24,0,1,0
BRDA:30,1,0,0
BRDA:30,1,1,0
BRDA:30,2,0,0
BRDA:30,2,1,0
BRDA:39,3,0,0
BRDA:39,3,1,0
BRDA:39,4,0,0
BRDA:39,4,1,0
BRDA:39,4,2,0
BRF:11
BRH:0
end_of_record
TN:
SF:src/components/form/render-children.js
FN:21,(anonymous_0)
FN:25,(anonymous_1)
FN:30,(anonymous_2)
FN:66,(anonymous_3)
FNF:4
FNH:0
FNDA:0,(anonymous_0)
FNDA:0,(anonymous_1)
FNDA:0,(anonymous_2)
FNDA:0,(anonymous_3)
DA:11,0
DA:13,0
DA:17,0
DA:22,0
DA:26,0
DA:27,0
DA:30,0
DA:31,0
DA:33,0
DA:35,0
DA:37,0
DA:38,0
DA:40,0
DA:41,0
DA:43,0
DA:56,0
DA:58,0
DA:59,0
DA:62,0
DA:67,0
DA:69,0
LF:21
LH:0
BRDA:26,0,0,0
BRDA:26,0,1,0
BRDA:31,1,0,0
BRDA:31,1,1,0
BRDA:35,2,0,0
BRDA:35,2,1,0
BRDA:37,3,0,0
BRDA:37,3,1,0
BRDA:37,4,0,0
BRDA:37,4,1,0
BRDA:38,5,0,0
BRDA:38,6,0,0
BRDA:51,7,0,0
BRDA:51,7,1,0
BRDA:58,8,0,0
BRDA:58,8,1,0
BRDA:58,9,0,0
BRDA:58,9,1,0
BRDA:58,9,2,0
BRF:19
BRH:0
end_of_record
TN:
SF:src/components/icon/index.js
FN:7,(anonymous_0)
FNF:1
FNH:1
FNDA:46,(anonymous_0)
DA:8,46
DA:9,46
DA:12,5
DA:17,5
LF:4
LH:4
BRF:0
BRH:0
end_of_record
TN:
SF:src/components/input/index.js
FN:59,(anonymous_0)
FN:68,(anonymous_1)
FN:71,(anonymous_2)
FN:71,(anonymous_3)
FN:74,(anonymous_4)
FN:75,(anonymous_5)
FN:80,(anonymous_6)
FN:89,(anonymous_7)
FN:95,(anonymous_8)
FN:103,(anonymous_9)
FN:109,(anonymous_10)
FN:115,(anonymous_11)
FN:119,(anonymous_12)
FN:129,(anonymous_13)
FN:136,(anonymous_14)
FN:137,(anonymous_15)
FN:140,(anonymous_16)
FN:141,(anonymous_17)
FN:144,(anonymous_18)
FN:145,(anonymous_19)
FN:149,(anonymous_20)
FN:168,(anonymous_21)
FN:186,(anonymous_22)
FN:202,(anonymous_23)
FN:213,(anonymous_24)
FN:230,(anonymous_25)
FN:276,InputWrapper
FN:339,Addon
FNF:28
FNH:16
FNDA:18,(anonymous_0)
FNDA:4,(anonymous_1)
FNDA:36,(anonymous_2)
FNDA:36,(anonymous_3)
FNDA:8,(anonymous_4)
FNDA:8,(anonymous_5)
FNDA:10,(anonymous_6)
FNDA:0,(anonymous_7)
FNDA:10,(anonymous_8)
FNDA:0,(anonymous_9)
FNDA:18,(anonymous_10)
FNDA:4,(anonymous_11)
FNDA:0,(anonymous_12)
FNDA:0,(anonymous_13)
FNDA:0,(anonymous_14)
FNDA:0,(anonymous_15)
FNDA:0,(anonymous_16)
FNDA:0,(anonymous_17)
FNDA:0,(anonymous_18)
FNDA:0,(anonymous_19)
FNDA:0,(anonymous_20)
FNDA:0,(anonymous_21)
FNDA:18,(anonymous_22)
FNDA:18,(anonymous_23)
FNDA:18,(anonymous_24)
FNDA:18,(anonymous_25)
FNDA:36,InputWrapper
FNDA:36,Addon
DA:11,5
DA:12,5
DA:15,5
DA:35,5
DA:55,5
DA:57,18
DA:60,18
DA:61,18
DA:65,18
DA:69,4
DA:70,4
DA:71,36
DA:74,8
DA:75,8
DA:81,10
DA:82,10
DA:83,0
DA:84,0
DA:86,10
DA:90,0
DA:91,0
DA:96,10
DA:97,10
DA:98,0
DA:99,0
DA:104,0
DA:110,18
DA:112,18
DA:116,4
DA:119,18
DA:120,0
DA:122,0
DA:123,0
DA:124,0
DA:126,0
DA:129,18
DA:130,0
DA:131,0
DA:132,0
DA:136,18
DA:137,0
DA:140,18
DA:141,0
DA:144,18
DA:145,0
DA:146,0
DA:150,0
DA:154,0
DA:155,0
DA:159,0
DA:160,0
DA:163,0
DA:165,0
DA:168,18
DA:169,0
DA:171,0
DA:172,0
DA:176,0
DA:177,0
DA:180,0
DA:183,0
DA:187,18
DA:189,14
DA:190,14
DA:192,14
DA:193,14
DA:199,14
DA:203,18
DA:204,18
DA:206,18
DA:214,18
DA:216,18
DA:231,18
DA:232,18
DA:233,18
DA:235,18
DA:237,18
DA:238,18
DA:250,18
DA:251,0
DA:255,18
DA:258,18
DA:277,36
DA:278,36
DA:281,36
DA:282,0
DA:291,36
DA:292,18
DA:301,18
DA:302,0
DA:313,18
DA:320,5
DA:329,5
DA:340,36
DA:343,5
DA:348,5
LF:96
LH:60
BRDA:71,0,0,4
BRDA:71,0,1,4
BRDA:71,0,2,4
BRDA:71,0,3,4
BRDA:71,0,4,0
BRDA:82,1,0,0
BRDA:82,1,1,10
BRDA:90,2,0,0
BRDA:90,2,1,0
BRDA:90,3,0,0
BRDA:90,3,1,0
BRDA:90,3,2,0
BRDA:97,4,0,0
BRDA:97,4,1,10
BRDA:98,5,0,0
BRDA:98,5,1,0
BRDA:112,6,0,18
BRDA:112,6,1,18
BRDA:112,6,2,0
BRDA:112,6,3,0
BRDA:112,6,4,0
BRDA:112,6,5,0
BRDA:112,6,6,0
BRDA:116,7,0,4
BRDA:116,7,1,0
BRDA:122,8,0,0
BRDA:122,8,1,0
BRDA:130,9,0,0
BRDA:130,9,1,0
BRDA:130,10,0,0
BRDA:130,10,1,0
BRDA:149,11,0,0
BRDA:154,12,0,0
BRDA:154,12,1,0
BRDA:169,13,0,0
BRDA:169,13,1,0
BRDA:171,14,0,0
BRDA:171,14,1,0
BRDA:176,15,0,0
BRDA:176,15,1,0
BRDA:187,16,0,4
BRDA:187,16,1,14
BRDA:206,17,0,0
BRDA:206,17,1,18
BRDA:206,18,0,18
BRDA:206,18,1,0
BRDA:216,19,0,18
BRDA:216,19,1,0
BRDA:250,20,0,0
BRDA:250,20,1,18
BRDA:251,21,0,0
BRDA:251,21,1,0
BRDA:277,22,0,36
BRDA:277,22,1,36
BRDA:278,23,0,36
BRDA:278,23,1,36
BRDA:281,24,0,0
BRDA:281,24,1,36
BRDA:281,25,0,36
BRDA:281,25,1,18
BRDA:291,26,0,18
BRDA:291,26,1,18
BRDA:291,27,0,36
BRDA:291,27,1,18
BRDA:301,28,0,0
BRDA:301,28,1,18
BRDA:301,29,0,18
BRDA:301,29,1,18
BRDA:340,30,0,18
BRDA:340,30,1,18
BRF:70
BRH:31
end_of_record
TN:
SF:src/components/input/textarea.js
FN:24,calcAutoHeight
FN:37,(anonymous_1)
FN:67,destory
FN:107,(anonymous_3)
FN:114,(anonymous_4)
FN:120,(anonymous_5)
FN:130,(anonymous_6)
FN:134,(anonymous_7)
FN:138,(anonymous_8)
FN:147,(anonymous_9)
FN:154,(anonymous_10)
FN:159,(anonymous_11)
FN:171,(anonymous_12)
FNF:13
FNH:0
FNDA:0,calcAutoHeight
FNDA:0,(anonymous_1)
FNDA:0,destory
FNDA:0,(anonymous_3)
FNDA:0,(anonymous_4)
FNDA:0,(anonymous_5)
FNDA:0,(anonymous_6)
FNDA:0,(anonymous_7)
FNDA:0,(anonymous_8)
FNDA:0,(anonymous_9)
FNDA:0,(anonymous_10)
FNDA:0,(anonymous_11)
FNDA:0,(anonymous_12)
DA:6,5
DA:7,5
DA:9,5
DA:11,5
DA:12,5
DA:14,5
DA:15,5
DA:25,0
DA:26,0
DA:27,0
DA:28,0
DA:31,0
DA:32,0
DA:34,0
DA:35,0
DA:37,0
DA:38,0
DA:41,0
DA:42,0
DA:44,0
DA:45,0
DA:46,0
DA:47,0
DA:49,0
DA:50,0
DA:51,0
DA:53,0
DA:54,0
DA:55,0
DA:56,0
DA:59,0
DA:68,0
DA:69,0
DA:70,0
DA:75,5
DA:91,5
DA:108,0
DA:109,0
DA:111,0
DA:115,0
DA:116,0
DA:121,0
DA:122,0
DA:123,0
DA:127,0
DA:131,0
DA:135,0
DA:138,0
DA:139,0
DA:141,0
DA:142,0
DA:144,0
DA:147,0
DA:148,0
DA:149,0
DA:151,0
DA:154,0
DA:155,0
DA:156,0
DA:160,0
DA:161,0
DA:162,0
DA:164,0
DA:165,0
DA:172,0
DA:173,0
DA:175,0
DA:176,0
DA:178,0
DA:184,0
LF:70
LH:9
BRDA:25,0,0,0
BRDA:25,0,1,0
BRDA:31,1,0,0
BRDA:31,1,1,0
BRDA:32,2,0,0
BRDA:32,2,1,0
BRDA:53,3,0,0
BRDA:53,3,1,0
BRDA:60,4,0,0
BRDA:60,4,1,0
BRDA:60,5,0,0
BRDA:60,5,1,0
BRDA:61,6,0,0
BRDA:61,6,1,0
BRDA:61,7,0,0
BRDA:61,7,1,0
BRDA:62,8,0,0
BRDA:62,8,1,0
BRDA:62,9,0,0
BRDA:62,9,1,0
BRDA:68,10,0,0
BRDA:68,10,1,0
BRDA:108,11,0,0
BRDA:108,11,1,0
BRDA:115,12,0,0
BRDA:115,12,1,0
BRDA:124,13,0,0
BRDA:124,13,1,0
BRDA:124,14,0,0
BRDA:124,14,1,0
BRDA:141,15,0,0
BRDA:141,15,1,0
BRDA:148,16,0,0
BRDA:148,16,1,0
BRDA:164,17,0,0
BRDA:164,17,1,0
BRDA:179,18,0,0
BRDA:179,18,1,0
BRDA:196,19,0,0
BRDA:196,19,1,0
BRDA:196,20,0,0
BRDA:196,20,1,0
BRDA:198,21,0,0
BRDA:198,21,1,0
BRF:44
BRH:0
end_of_record
TN:
SF:src/components/input-number/index.js
FN:16,(anonymous_0)
FN:27,(anonymous_1)
FN:44,(anonymous_2)
FN:57,(anonymous_3)
FN:63,(anonymous_4)
FN:76,(anonymous_5)
FN:80,(anonymous_6)
FN:86,(anonymous_7)
FN:92,(anonymous_8)
FN:99,(anonymous_9)
FN:114,(anonymous_10)
FN:124,(anonymous_11)
FN:133,(anonymous_12)
FN:153,(anonymous_13)
FN:178,(anonymous_14)
FN:218,(anonymous_15)
FNF:16
FNH:0
FNDA:0,(anonymous_0)
FNDA:0,(anonymous_1)
FNDA:0,(anonymous_2)
FNDA:0,(anonymous_3)
FNDA:0,(anonymous_4)
FNDA:0,(anonymous_5)
FNDA:0,(anonymous_6)
FNDA:0,(anonymous_7)
FNDA:0,(anonymous_8)
FNDA:0,(anonymous_9)
FNDA:0,(anonymous_10)
FNDA:0,(anonymous_11)
FNDA:0,(anonymous_12)
FNDA:0,(anonymous_13)
FNDA:0,(anonymous_14)
FNDA:0,(anonymous_15)
DA:12,0
DA:13,0
DA:17,0
DA:19,0
DA:28,0
DA:29,0
DA:31,0
DA:33,0
DA:35,0
DA:37,0
DA:41,0
DA:45,0
DA:47,0
DA:48,0
DA:49,0
DA:52,0
DA:53,0
DA:58,0
DA:64,0
DA:65,0
DA:66,0
DA:67,0
DA:68,0
DA:70,0
DA:77,0
DA:80,0
DA:81,0
DA:82,0
DA:86,0
DA:87,0
DA:88,0
DA:92,0
DA:93,0
DA:96,0
DA:99,0
DA:100,0
DA:101,0
DA:102,0
DA:103,0
DA:105,0
DA:110,0
DA:111,0
DA:114,0
DA:115,0
DA:116,0
DA:118,0
DA:121,0
DA:124,0
DA:125,0
DA:127,0
DA:128,0
DA:130,0
DA:134,0
DA:135,0
DA:136,0
DA:138,0
DA:139,0
DA:141,0
DA:142,0
DA:145,0
DA:149,0
DA:150,0
DA:154,0
DA:155,0
DA:157,0
DA:160,0
DA:164,0
DA:179,0
DA:181,0
DA:183,0
DA:198,0
DA:219,0
DA:221,0
DA:223,0
DA:228,0
DA:237,0
DA:257,0
LF:77
LH:0
BRDA:33,0,0,0
BRDA:33,0,1,0
BRDA:35,1,0,0
BRDA:35,1,1,0
BRDA:47,2,0,0
BRDA:47,2,1,0
BRDA:47,3,0,0
BRDA:47,3,1,0
BRDA:47,3,2,0
BRDA:47,3,3,0
BRDA:52,4,0,0
BRDA:52,4,1,0
BRDA:67,5,0,0
BRDA:67,5,1,0
BRDA:68,6,0,0
BRDA:68,6,1,0
BRDA:81,7,0,0
BRDA:81,7,1,0
BRDA:87,8,0,0
BRDA:87,8,1,0
BRDA:103,9,0,0
BRDA:103,9,1,0
BRDA:116,10,0,0
BRDA:116,10,1,0
BRDA:127,11,0,0
BRDA:127,11,1,0
BRDA:138,12,0,0
BRDA:138,12,1,0
BRDA:139,13,0,0
BRDA:139,13,1,0
BRDA:141,14,0,0
BRDA:141,14,1,0
BRDA:165,15,0,0
BRDA:165,15,1,0
BRF:34
BRH:0
end_of_record
TN:
SF:src/components/input-number/util.js
FN:1,isInvalid
FN:5,fixedPrecision
FN:21,getCurrentValue
FN:35,convertEmptyString2Zero
FN:48,fixDoubleOperation
FN:58,getCurrentPrecision
FN:72,isInvalidNumber
FN:77,isNotCompleteNumber
FNF:8
FNH:0
FNDA:0,isInvalid
FNDA:0,fixedPrecision
FNDA:0,getCurrentValue
FNDA:0,convertEmptyString2Zero
FNDA:0,fixDoubleOperation
FNDA:0,getCurrentPrecision
FNDA:0,isInvalidNumber
FNDA:0,isNotCompleteNumber
DA:2,0
DA:6,0
DA:7,0
DA:22,0
DA:23,0
DA:25,0
DA:26,0
DA:27,0
DA:29,0
DA:30,0
DA:32,0
DA:36,0
DA:49,0
DA:50,0
DA:51,0
DA:52,0
DA:53,0
DA:55,0
DA:61,0
DA:62,0
DA:63,0
DA:64,0
DA:66,0
DA:69,0
DA:74,0
DA:79,0
LF:26
LH:0
BRDA:2,0,0,0
BRDA:2,0,1,0
BRDA:2,0,2,0
BRDA:21,1,0,0
BRDA:22,2,0,0
BRDA:22,2,1,0
BRDA:25,3,0,0
BRDA:25,3,1,0
BRDA:26,4,0,0
BRDA:26,4,1,0
BRDA:29,5,0,0
BRDA:29,5,1,0
BRDA:36,6,0,0
BRDA:36,6,1,0
BRDA:61,7,0,0
BRDA:61,7,1,0
BRDA:61,8,0,0
BRDA:61,8,1,0
BRDA:62,9,0,0
BRDA:62,9,1,0
BRDA:63,10,0,0
BRDA:63,10,1,0
BRDA:64,11,0,0
BRDA:64,11,1,0
BRDA:74,12,0,0
BRDA:74,12,1,0
BRDA:74,12,2,0
BRDA:74,12,3,0
BRDA:81,13,0,0
BRDA:81,13,1,0
BRDA:81,13,2,0
BRDA:81,13,3,0
BRDA:81,13,4,0
BRF:33
BRH:0
end_of_record
TN:
SF:src/components/input-tag/index.js
FN:20,(anonymous_0)
FN:29,(anonymous_1)
FN:36,(anonymous_2)
FN:40,(anonymous_3)
FN:48,(anonymous_4)
FN:56,(anonymous_5)
FN:70,(anonymous_6)
FN:78,(anonymous_7)
FN:90,(anonymous_8)
FN:97,(anonymous_9)
FN:106,(anonymous_10)
FN:128,(anonymous_11)
FN:140,(anonymous_12)
FN:157,(anonymous_13)
FN:164,(anonymous_14)
FN:171,(anonymous_15)
FN:179,(anonymous_16)
FN:204,(anonymous_17)
FN:220,(anonymous_18)
FN:225,(anonymous_19)
FN:229,(anonymous_20)
FNF:21
FNH:0
FNDA:0,(anonymous_0)
FNDA:0,(anonymous_1)
FNDA:0,(anonymous_2)
FNDA:0,(anonymous_3)
FNDA:0,(anonymous_4)
FNDA:0,(anonymous_5)
FNDA:0,(anonymous_6)
FNDA:0,(anonymous_7)
FNDA:0,(anonymous_8)
FNDA:0,(anonymous_9)
FNDA:0,(anonymous_10)
FNDA:0,(anonymous_11)
FNDA:0,(anonymous_12)
FNDA:0,(anonymous_13)
FNDA:0,(anonymous_14)
FNDA:0,(anonymous_15)
FNDA:0,(anonymous_16)
FNDA:0,(anonymous_17)
FNDA:0,(anonymous_18)
FNDA:0,(anonymous_19)
FNDA:0,(anonymous_20)
DA:13,0
DA:16,0
DA:18,0
DA:21,0
DA:22,0
DA:30,0
DA:31,0
DA:32,0
DA:37,0
DA:40,0
DA:41,0
DA:42,0
DA:43,0
DA:44,0
DA:47,0
DA:48,0
DA:49,0
DA:51,0
DA:52,0
DA:53,0
DA:56,0
DA:61,0
DA:63,0
DA:67,0
DA:68,0
DA:70,0
DA:74,0
DA:78,0
DA:79,0
DA:81,0
DA:83,0
DA:87,0
DA:90,0
DA:91,0
DA:94,0
DA:97,0
DA:98,0
DA:99,0
DA:101,0
DA:102,0
DA:106,0
DA:107,0
DA:109,0
DA:111,0
DA:113,0
DA:114,0
DA:116,0
DA:118,0
DA:120,0
DA:121,0
DA:125,0
DA:128,0
DA:129,0
DA:133,0
DA:134,0
DA:140,0
DA:141,0
DA:142,0
DA:144,0
DA:145,0
DA:150,0
DA:151,0
DA:158,0
DA:159,0
DA:161,0
DA:165,0
DA:171,0
DA:180,0
DA:181,0
DA:183,0
DA:205,0
DA:207,0
DA:209,0
DA:210,0
DA:213,0
DA:214,0
DA:217,0
DA:221,0
DA:222,0
DA:226,0
DA:230,0
DA:232,0
DA:257,0
DA:267,0
LF:84
LH:0
BRDA:23,0,0,0
BRDA:23,0,1,0
BRDA:30,1,0,0
BRDA:30,1,1,0
BRDA:47,2,0,0
BRDA:47,2,1,0
BRDA:47,3,0,0
BRDA:47,3,1,0
BRDA:48,4,0,0
BRDA:48,4,1,0
BRDA:51,5,0,0
BRDA:51,5,1,0
BRDA:67,6,0,0
BRDA:67,6,1,0
BRDA:67,7,0,0
BRDA:67,7,1,0
BRDA:67,7,2,0
BRDA:99,8,0,0
BRDA:99,8,1,0
BRDA:113,9,0,0
BRDA:113,9,1,0
BRDA:120,10,0,0
BRDA:120,10,1,0
BRDA:133,11,0,0
BRDA:133,11,1,0
BRDA:144,12,0,0
BRDA:144,12,1,0
BRDA:163,13,0,0
BRDA:163,13,1,0
BRDA:171,14,0,0
BRDA:171,14,1,0
BRDA:185,15,0,0
BRDA:185,15,1,0
BRDA:194,16,0,0
BRDA:194,16,1,0
BRDA:209,17,0,0
BRDA:209,17,1,0
BRDA:209,18,0,0
BRDA:209,18,1,0
BRDA:213,19,0,0
BRDA:213,19,1,0
BRDA:213,20,0,0
BRDA:213,20,1,0
BRDA:222,21,0,0
BRDA:222,21,1,0
BRDA:222,22,0,0
BRDA:222,22,1,0
BRDA:234,23,0,0
BRDA:234,23,1,0
BRDA:237,24,0,0
BRDA:237,24,1,0
BRDA:246,25,0,0
BRDA:246,25,1,0
BRF:53
BRH:0
end_of_record
TN:
SF:src/components/layout/index.js
FN:7,generator
FN:8,(anonymous_1)
FN:10,(anonymous_2)
FN:18,(anonymous_3)
FN:25,(anonymous_4)
FNF:5
FNH:0
FNDA:0,generator
FNDA:0,(anonymous_1)
FNDA:0,(anonymous_2)
FNDA:0,(anonymous_3)
FNDA:0,(anonymous_4)
DA:8,0
DA:9,0
DA:11,0
DA:12,0
DA:18,0
DA:19,0
DA:20,0
DA:21,0
DA:26,0
DA:28,0
DA:36,0
DA:44,0
DA:45,0
DA:46,0
DA:47,0
DA:48,0
DA:50,0
DA:51,0
DA:52,0
DA:53,0
LF:20
LH:0
BRF:0
BRH:0
end_of_record
TN:
SF:src/components/loading/index.js
FN:16,SvgLoading
FN:39,(anonymous_1)
FN:46,(anonymous_2)
FN:49,(anonymous_3)
FN:57,(anonymous_4)
FN:63,(anonymous_5)
FN:70,(anonymous_6)
FN:74,(anonymous_7)
FNF:8
FNH:0
FNDA:0,SvgLoading
FNDA:0,(anonymous_1)
FNDA:0,(anonymous_2)
FNDA:0,(anonymous_3)
FNDA:0,(anonymous_4)
FNDA:0,(anonymous_5)
FNDA:0,(anonymous_6)
FNDA:0,(anonymous_7)
DA:8,0
DA:14,0
DA:17,0
DA:18,0
DA:21,0
DA:24,0
DA:37,0
DA:40,0
DA:41,0
DA:47,0
DA:48,0
DA:49,0
DA:50,0
DA:53,0
DA:58,0
DA:59,0
DA:64,0
DA:65,0
DA:66,0
DA:71,0
DA:75,0
DA:76,0
DA:78,0
DA:80,0
DA:95,0
DA:104,0
LF:26
LH:0
BRDA:31,0,0,0
BRDA:31,0,1,0
BRDA:48,1,0,0
BRDA:48,1,1,0
BRDA:58,2,0,0
BRDA:58,2,1,0
BRDA:65,3,0,0
BRDA:65,3,1,0
BRDA:65,4,0,0
BRDA:65,4,1,0
BRDA:80,5,0,0
BRDA:80,5,1,0
BRDA:83,6,0,0
BRDA:83,6,1,0
BRDA:83,6,2,0
BRDA:86,7,0,0
BRDA:86,7,1,0
BRDA:86,7,2,0
BRF:18
BRH:0
end_of_record
TN:
SF:src/components/menu/context.js
FNF:0
FNH:0
DA:4,0
DA:11,0
LF:2
LH:0
BRF:0
BRH:0
end_of_record
TN:
SF:src/components/menu/index.js
FN:14,uniSelectedKeys
FN:49,(anonymous_1)
FN:59,(anonymous_2)
FN:71,(anonymous_3)
FN:78,(anonymous_4)
FN:80,(anonymous_5)
FN:80,(anonymous_6)
FN:83,(anonymous_7)
FN:86,(anonymous_8)
FN:109,(anonymous_9)
FN:115,(anonymous_10)
FN:141,(anonymous_11)
FNF:12
FNH:0
FNDA:0,uniSelectedKeys
FNDA:0,(anonymous_1)
FNDA:0,(anonymous_2)
FNDA:0,(anonymous_3)
FNDA:0,(anonymous_4)
FNDA:0,(anonymous_5)
FNDA:0,(anonymous_6)
FNDA:0,(anonymous_7)
FNDA:0,(anonymous_8)
FNDA:0,(anonymous_9)
FNDA:0,(anonymous_10)
FNDA:0,(anonymous_11)
DA:15,0
DA:19,0
DA:37,0
DA:50,0
DA:51,0
DA:52,0
DA:60,0
DA:61,0
DA:62,0
DA:68,0
DA:71,0
DA:72,0
DA:79,0
DA:80,0
DA:84,0
DA:85,0
DA:86,0
DA:87,0
DA:89,0
DA:90,0
DA:91,0
DA:93,0
DA:94,0
DA:101,0
DA:110,0
DA:111,0
DA:115,0
DA:119,0
DA:121,0
DA:122,0
DA:124,0
DA:125,0
DA:128,0
DA:130,0
DA:142,0
DA:147,0
DA:148,0
DA:151,0
DA:152,0
DA:155,0
DA:156,0
DA:167,0
DA:168,0
LF:43
LH:0
BRDA:15,0,0,0
BRDA:15,0,1,0
BRDA:61,1,0,0
BRDA:61,1,1,0
BRDA:61,2,0,0
BRDA:61,2,1,0
BRDA:80,3,0,0
BRDA:80,3,1,0
BRDA:83,4,0,0
BRDA:89,5,0,0
BRDA:89,5,1,0
BRDA:93,6,0,0
BRDA:93,6,1,0
BRDA:109,7,0,0
BRDA:128,8,0,0
BRDA:128,8,1,0
BRDA:136,9,0,0
BRDA:136,9,1,0
BRDA:147,10,0,0
BRDA:147,10,1,0
BRDA:151,11,0,0
BRDA:151,11,1,0
BRF:22
BRH:0
end_of_record
TN:
SF:src/components/menu/menu-item.js
FN:29,(anonymous_0)
FN:35,(anonymous_1)
FNF:2
FNH:0
FNDA:0,(anonymous_0)
FNDA:0,(anonymous_1)
DA:9,0
DA:11,0
DA:20,0
DA:29,0
DA:30,0
DA:31,0
DA:32,0
DA:36,0
DA:38,0
DA:39,0
DA:41,0
DA:43,0
DA:44,0
DA:45,0
DA:54,0
LF:15
LH:0
BRDA:43,0,0,0
BRDA:43,0,1,0
BRDA:44,1,0,0
BRDA:44,1,1,0
BRF:4
BRH:0
end_of_record
TN:
SF:src/components/menu/sub-menu.js
FN:27,(anonymous_0)
FN:35,(anonymous_1)
FN:46,(anonymous_2)
FN:53,(anonymous_3)
FN:59,(anonymous_4)
FN:75,(anonymous_5)
FNF:6
FNH:0
FNDA:0,(anonymous_0)
FNDA:0,(anonymous_1)
FNDA:0,(anonymous_2)
FNDA:0,(anonymous_3)
FNDA:0,(anonymous_4)
FNDA:0,(anonymous_5)
DA:9,0
DA:18,0
DA:28,0
DA:29,0
DA:36,0
DA:37,0
DA:38,0
DA:43,0
DA:46,0
DA:47,0
DA:48,0
DA:49,0
DA:54,0
DA:60,0
DA:62,0
DA:64,0
DA:65,0
DA:67,0
DA:76,0
DA:77,0
DA:79,0
LF:21
LH:0
BRDA:37,0,0,0
BRDA:37,0,1,0
BRDA:62,1,0,0
BRDA:62,1,1,0
BRF:4
BRH:0
end_of_record
TN:
SF:src/components/message/index.js
FN:24,removeWraper
FN:32,entity
FN:90,(anonymous_2)
FN:96,(anonymous_3)
FN:98,(anonymous_4)
FN:103,(anonymous_5)
FN:112,(anonymous_6)
FN:141,(anonymous_7)
FN:144,(anonymous_8)
FN:150,(anonymous_9)
FN:171,(anonymous_10)
FN:178,(anonymous_11)
FNF:12
FNH:0
FNDA:0,removeWraper
FNDA:0,entity
FNDA:0,(anonymous_2)
FNDA:0,(anonymous_3)
FNDA:0,(anonymous_4)
FNDA:0,(anonymous_5)
FNDA:0,(anonymous_6)
FNDA:0,(anonymous_7)
FNDA:0,(anonymous_8)
FNDA:0,(anonymous_9)
FNDA:0,(anonymous_10)
FNDA:0,(anonymous_11)
DA:10,0
DA:12,0
DA:21,0
DA:25,0
DA:26,0
DA:27,0
DA:28,0
DA:33,0
DA:35,0
DA:36,0
DA:45,0
DA:52,0
DA:53,0
DA:55,0
DA:56,0
DA:57,0
DA:60,0
DA:62,0
DA:63,0
DA:64,0
DA:68,0
DA:69,0
DA:71,0
DA:73,0
DA:75,0
DA:77,0
DA:79,0
DA:91,0
DA:92,0
DA:93,0
DA:97,0
DA:98,0
DA:99,0
DA:104,0
DA:105,0
DA:106,0
DA:112,0
DA:113,0
DA:114,0
DA:116,0
DA:118,0
DA:120,0
DA:121,0
DA:122,0
DA:124,0
DA:130,0
DA:131,0
DA:132,0
DA:142,0
DA:143,0
DA:144,0
DA:145,0
DA:151,0
DA:153,0
DA:170,0
DA:172,0
DA:179,0
DA:187,0
LF:58
LH:0
BRDA:25,0,0,0
BRDA:25,0,1,0
BRDA:55,1,0,0
BRDA:55,1,1,0
BRDA:62,2,0,0
BRDA:62,2,1,0
BRDA:68,3,0,0
BRDA:68,3,1,0
BRDA:113,4,0,0
BRDA:113,4,1,0
BRDA:143,5,0,0
BRDA:143,5,1,0
BRF:12
BRH:0
end_of_record
TN:
SF:src/components/modal/index.js
FN:22,(anonymous_0)
FN:32,(anonymous_1)
FN:43,(anonymous_2)
FN:44,(anonymous_3)
FN:52,(anonymous_4)
FN:55,(anonymous_5)
FN:57,(anonymous_6)
FN:64,(anonymous_7)
FN:73,(anonymous_8)
FN:74,handleClose
FN:77,handleCancel
FN:80,handleOk
FN:93,(anonymous_12)
FN:103,(anonymous_13)
FN:113,(anonymous_14)
FN:123,(anonymous_15)
FN:133,(anonymous_16)
FNF:17
FNH:0
FNDA:0,(anonymous_0)
FNDA:0,(anonymous_1)
FNDA:0,(anonymous_2)
FNDA:0,(anonymous_3)
FNDA:0,(anonymous_4)
FNDA:0,(anonymous_5)
FNDA:0,(anonymous_6)
FNDA:0,(anonymous_7)
FNDA:0,(anonymous_8)
FNDA:0,handleClose
FNDA:0,handleCancel
FNDA:0,handleOk
FNDA:0,(anonymous_12)
FNDA:0,(anonymous_13)
FNDA:0,(anonymous_14)
FNDA:0,(anonymous_15)
FNDA:0,(anonymous_16)
DA:12,0
DA:16,0
DA:20,0
DA:23,0
DA:24,0
DA:25,0
DA:27,0
DA:32,0
DA:43,0
DA:44,0
DA:45,0
DA:49,0
DA:52,0
DA:53,0
DA:55,0
DA:56,0
DA:57,0
DA:58,0
DA:59,0
DA:64,0
DA:65,0
DA:66,0
DA:67,0
DA:68,0
DA:69,0
DA:70,0
DA:72,0
DA:73,0
DA:75,0
DA:78,0
DA:81,0
DA:82,0
DA:85,0
DA:89,0
DA:93,0
DA:94,0
DA:99,0
DA:103,0
DA:104,0
DA:109,0
DA:113,0
DA:114,0
DA:119,0
DA:123,0
DA:124,0
DA:129,0
DA:133,0
DA:134,0
DA:139,0
LF:49
LH:0
BRDA:32,0,0,0
BRDA:32,0,1,0
BRDA:56,1,0,0
BRDA:56,1,1,0
BRDA:67,2,0,0
BRDA:67,2,1,0
BRDA:72,3,0,0
BRDA:72,3,1,0
BRDA:97,4,0,0
BRDA:97,4,1,0
BRDA:107,5,0,0
BRDA:107,5,1,0
BRDA:117,6,0,0
BRDA:117,6,1,0
BRDA:127,7,0,0
BRDA:127,7,1,0
BRDA:137,8,0,0
BRDA:137,8,1,0
BRF:18
BRH:0
end_of_record
TN:
SF:src/components/modal/modal.js
FN:11,insertRootDocumentStyleRule
FN:28,(anonymous_1)
FN:83,(anonymous_2)
FN:93,(anonymous_3)
FN:107,(anonymous_4)
FN:111,(anonymous_5)
FN:115,(anonymous_6)
FN:119,(anonymous_7)
FN:123,(anonymous_8)
FN:128,(anonymous_9)
FN:141,(anonymous_10)
FN:148,(anonymous_11)
FN:149,(anonymous_12)
FN:159,(anonymous_13)
FN:163,(anonymous_14)
FN:168,(anonymous_15)
FN:190,(anonymous_16)
FN:201,(anonymous_17)
FN:207,(anonymous_18)
FN:208,(anonymous_19)
FN:240,(anonymous_20)
FN:244,(anonymous_21)
FN:317,ModalMask
FN:318,(anonymous_23)
FN:325,ModalHeader
FN:326,(anonymous_25)
FN:330,(anonymous_26)
FN:336,(anonymous_27)
FN:339,(anonymous_28)
FN:345,ModalBody
FN:356,ModalFooter
FN:357,(anonymous_31)
FN:363,(anonymous_32)
FNF:33
FNH:0
FNDA:0,insertRootDocumentStyleRule
FNDA:0,(anonymous_1)
FNDA:0,(anonymous_2)
FNDA:0,(anonymous_3)
FNDA:0,(anonymous_4)
FNDA:0,(anonymous_5)
FNDA:0,(anonymous_6)
FNDA:0,(anonymous_7)
FNDA:0,(anonymous_8)
FNDA:0,(anonymous_9)
FNDA:0,(anonymous_10)
FNDA:0,(anonymous_11)
FNDA:0,(anonymous_12)
FNDA:0,(anonymous_13)
FNDA:0,(anonymous_14)
FNDA:0,(anonymous_15)
FNDA:0,(anonymous_16)
FNDA:0,(anonymous_17)
FNDA:0,(anonymous_18)
FNDA:0,(anonymous_19)
FNDA:0,(anonymous_20)
FNDA:0,(anonymous_21)
FNDA:0,ModalMask
FNDA:0,(anonymous_23)
FNDA:0,ModalHeader
FNDA:0,(anonymous_25)
FNDA:0,(anonymous_26)
FNDA:0,(anonymous_27)
FNDA:0,(anonymous_28)
FNDA:0,ModalBody
FNDA:0,ModalFooter
FNDA:0,(anonymous_31)
FNDA:0,(anonymous_32)
DA:12,0
DA:14,0
DA:16,0
DA:18,0
DA:20,0
DA:21,0
DA:23,0
DA:24,0
DA:29,0
DA:30,0
DA:31,0
DA:33,0
DA:42,0
DA:44,0
DA:63,0
DA:84,0
DA:85,0
DA:86,0
DA:89,0
DA:90,0
DA:94,0
DA:96,0
DA:97,0
DA:98,0
DA:99,0
DA:102,0
DA:103,0
DA:108,0
DA:112,0
DA:116,0
DA:120,0
DA:124,0
DA:129,0
DA:130,0
DA:132,0
DA:133,0
DA:136,0
DA:142,0
DA:143,0
DA:148,0
DA:149,0
DA:150,0
DA:151,0
DA:152,0
DA:153,0
DA:154,0
DA:160,0
DA:164,0
DA:168,0
DA:170,0
DA:173,0
DA:176,0
DA:177,0
DA:180,0
DA:181,0
DA:183,0
DA:190,0
DA:191,0
DA:193,0
DA:194,0
DA:196,0
DA:197,0
DA:201,0
DA:202,0
DA:203,0
DA:207,0
DA:208,0
DA:209,0
DA:212,0
DA:214,0
DA:215,0
DA:218,0
DA:219,0
DA:221,0
DA:224,0
DA:225,0
DA:229,0
DA:231,0
DA:233,0
DA:237,0
DA:240,0
DA:241,0
DA:264,0
DA:266,0
DA:267,0
DA:270,0
DA:272,0
DA:280,0
DA:318,0
DA:319,0
DA:320,0
DA:322,0
DA:326,0
DA:327,0
DA:328,0
DA:330,0
DA:331,0
DA:333,0
DA:336,0
DA:339,0
DA:346,0
DA:357,0
DA:358,0
DA:359,0
DA:360,0
DA:363,0
DA:364,0
DA:365,0
DA:367,0
DA:368,0
DA:369,0
DA:370,0
DA:373,0
DA:374,0
DA:377,0
DA:378,0
DA:387,0
LF:117
LH:0
BRDA:14,0,0,0
BRDA:14,0,1,0
BRDA:84,1,0,0
BRDA:84,1,1,0
BRDA:96,2,0,0
BRDA:96,2,1,0
BRDA:96,3,0,0
BRDA:96,3,1,0
BRDA:102,4,0,0
BRDA:102,4,1,0
BRDA:132,5,0,0
BRDA:132,5,1,0
BRDA:142,6,0,0
BRDA:142,6,1,0
BRDA:150,7,0,0
BRDA:150,7,1,0
BRDA:151,8,0,0
BRDA:151,8,1,0
BRDA:229,9,0,0
BRDA:229,9,1,0
BRDA:229,10,0,0
BRDA:229,10,1,0
BRDA:231,11,0,0
BRDA:231,11,1,0
BRDA:231,12,0,0
BRDA:231,12,1,0
BRDA:266,13,0,0
BRDA:266,13,1,0
BRDA:266,14,0,0
BRDA:266,14,1,0
BRDA:322,15,0,0
BRDA:322,15,1,0
BRDA:322,16,0,0
BRDA:322,16,1,0
BRDA:334,17,0,0
BRDA:334,17,1,0
BRDA:359,18,0,0
BRDA:359,18,1,0
BRDA:369,19,0,0
BRDA:369,19,1,0
BRDA:373,20,0,0
BRDA:373,20,1,0
BRDA:373,21,0,0
BRDA:373,21,1,0
BRDA:377,22,0,0
BRDA:377,22,1,0
BRDA:377,23,0,0
BRDA:377,23,1,0
BRDA:377,23,2,0
BRDA:381,24,0,0
BRDA:381,24,1,0
BRDA:389,25,0,0
BRDA:389,25,1,0
BRF:53
BRH:0
end_of_record
TN:
SF:src/components/modal/prompt.js
FN:40,(anonymous_0)
FN:47,(anonymous_1)
FN:51,(anonymous_2)
FN:54,(anonymous_3)
FN:64,(anonymous_4)
FN:71,(anonymous_5)
FN:75,(anonymous_6)
FN:79,(anonymous_7)
FN:86,(anonymous_8)
FN:98,(anonymous_9)
FN:105,(anonymous_10)
FN:114,(anonymous_11)
FN:120,(anonymous_12)
FN:128,(anonymous_13)
FN:170,prompt
FNF:15
FNH:0
FNDA:0,(anonymous_0)
FNDA:0,(anonymous_1)
FNDA:0,(anonymous_2)
FNDA:0,(anonymous_3)
FNDA:0,(anonymous_4)
FNDA:0,(anonymous_5)
FNDA:0,(anonymous_6)
FNDA:0,(anonymous_7)
FNDA:0,(anonymous_8)
FNDA:0,(anonymous_9)
FNDA:0,(anonymous_10)
FNDA:0,(anonymous_11)
FNDA:0,(anonymous_12)
FNDA:0,(anonymous_13)
FNDA:0,prompt
DA:11,0
DA:13,0
DA:16,0
DA:28,0
DA:41,0
DA:42,0
DA:49,0
DA:51,0
DA:52,0
DA:55,0
DA:60,0
DA:65,0
DA:66,0
DA:72,0
DA:76,0
DA:79,0
DA:80,0
DA:81,0
DA:86,0
DA:87,0
DA:88,0
DA:90,0
DA:92,0
DA:94,0
DA:98,0
DA:99,0
DA:100,0
DA:101,0
DA:105,0
DA:106,0
DA:107,0
DA:109,0
DA:110,0
DA:113,0
DA:115,0
DA:118,0
DA:121,0
DA:123,0
DA:124,0
DA:129,0
DA:130,0
DA:137,0
DA:143,0
DA:172,0
DA:173,0
DA:174,0
DA:176,0
DA:177,0
DA:179,0
LF:49
LH:0
BRDA:49,0,0,0
BRDA:49,0,1,0
BRDA:65,1,0,0
BRDA:65,1,1,0
BRDA:80,2,0,0
BRDA:80,2,1,0
BRDA:109,3,0,0
BRDA:109,3,1,0
BRDA:123,4,0,0
BRDA:123,4,1,0
BRDA:132,5,0,0
BRDA:132,5,1,0
BRDA:133,6,0,0
BRDA:133,6,1,0
BRDA:134,7,0,0
BRDA:134,7,1,0
BRDA:135,8,0,0
BRDA:135,8,1,0
BRDA:140,9,0,0
BRDA:140,9,1,0
BRDA:157,10,0,0
BRDA:157,10,1,0
BRF:22
BRH:0
end_of_record
TN:
SF:src/components/pagination/index.js
FN:31,(anonymous_0)
FN:45,(anonymous_1)
FN:51,(anonymous_2)
FN:60,(anonymous_3)
FN:68,(anonymous_4)
FN:71,(anonymous_5)
FN:81,(anonymous_6)
FN:84,(anonymous_7)
FN:97,(anonymous_8)
FN:106,(anonymous_9)
FN:108,(anonymous_10)
FN:125,(anonymous_11)
FN:132,(anonymous_12)
FN:141,(anonymous_13)
FN:143,(anonymous_14)
FN:156,(anonymous_15)
FN:164,(anonymous_16)
FN:177,(anonymous_17)
FN:186,(anonymous_18)
FN:196,(anonymous_19)
FN:209,(anonymous_20)
FN:213,(anonymous_21)
FN:219,(anonymous_22)
FN:225,(anonymous_23)
FN:236,(anonymous_24)
FN:246,(anonymous_25)
FN:258,(anonymous_26)
FN:262,(anonymous_27)
FN:270,(anonymous_28)
FN:284,(anonymous_29)
FN:308,(anonymous_30)
FN:314,(anonymous_31)
FNF:32
FNH:0
FNDA:0,(anonymous_0)
FNDA:0,(anonymous_1)
FNDA:0,(anonymous_2)
FNDA:0,(anonymous_3)
FNDA:0,(anonymous_4)
FNDA:0,(anonymous_5)
FNDA:0,(anonymous_6)
FNDA:0,(anonymous_7)
FNDA:0,(anonymous_8)
FNDA:0,(anonymous_9)
FNDA:0,(anonymous_10)
FNDA:0,(anonymous_11)
FNDA:0,(anonymous_12)
FNDA:0,(anonymous_13)
FNDA:0,(anonymous_14)
FNDA:0,(anonymous_15)
FNDA:0,(anonymous_16)
FNDA:0,(anonymous_17)
FNDA:0,(anonymous_18)
FNDA:0,(anonymous_19)
FNDA:0,(anonymous_20)
FNDA:0,(anonymous_21)
FNDA:0,(anonymous_22)
FNDA:0,(anonymous_23)
FNDA:0,(anonymous_24)
FNDA:0,(anonymous_25)
FNDA:0,(anonymous_26)
FNDA:0,(anonymous_27)
FNDA:0,(anonymous_28)
FNDA:0,(anonymous_29)
FNDA:0,(anonymous_30)
FNDA:0,(anonymous_31)
DA:11,0
DA:21,0
DA:32,0
DA:34,0
DA:36,0
DA:42,0
DA:43,0
DA:44,0
DA:45,0
DA:47,0
DA:52,0
DA:53,0
DA:54,0
DA:55,0
DA:57,0
DA:61,0
DA:62,0
DA:68,0
DA:69,0
DA:70,0
DA:71,0
DA:81,0
DA:82,0
DA:83,0
DA:84,0
DA:90,0
DA:96,0
DA:97,0
DA:106,0
DA:107,0
DA:108,0
DA:112,0
DA:119,0
DA:120,0
DA:125,0
DA:131,0
DA:132,0
DA:141,0
DA:142,0
DA:143,0
DA:147,0
DA:154,0
DA:155,0
DA:156,0
DA:162,0
DA:163,0
DA:164,0
DA:170,0
DA:176,0
DA:177,0
DA:186,0
DA:187,0
DA:188,0
DA:189,0
DA:190,0
DA:192,0
DA:196,0
DA:197,0
DA:198,0
DA:200,0
DA:201,0
DA:203,0
DA:204,0
DA:206,0
DA:209,0
DA:210,0
DA:213,0
DA:214,0
DA:215,0
DA:216,0
DA:219,0
DA:220,0
DA:221,0
DA:222,0
DA:225,0
DA:226,0
DA:227,0
DA:228,0
DA:230,0
DA:233,0
DA:236,0
DA:237,0
DA:238,0
DA:239,0
DA:241,0
DA:243,0
DA:246,0
DA:247,0
DA:248,0
DA:255,0
DA:258,0
DA:259,0
DA:262,0
DA:263,0
DA:264,0
DA:266,0
DA:267,0
DA:271,0
DA:281,0
DA:284,0
DA:285,0
DA:286,0
DA:287,0
DA:289,0
DA:290,0
DA:293,0
DA:296,0
DA:297,0
DA:298,0
DA:301,0
DA:304,0
DA:308,0
DA:309,0
DA:315,0
DA:317,0
LF:115
LH:0
BRDA:42,0,0,0
BRDA:42,0,1,0
BRDA:43,1,0,0
BRDA:43,1,1,0
BRDA:53,2,0,0
BRDA:53,2,1,0
BRDA:71,3,0,0
BRDA:71,3,1,0
BRDA:84,4,0,0
BRDA:84,4,1,0
BRDA:124,5,0,0
BRDA:124,5,1,0
BRDA:132,6,0,0
BRDA:132,6,1,0
BRDA:156,7,0,0
BRDA:156,7,1,0
BRDA:187,8,0,0
BRDA:187,8,1,0
BRDA:189,9,0,0
BRDA:189,9,1,0
BRDA:200,10,0,0
BRDA:200,10,1,0
BRDA:215,11,0,0
BRDA:215,11,1,0
BRDA:221,12,0,0
BRDA:221,12,1,0
BRDA:227,13,0,0
BRDA:227,13,1,0
BRDA:238,14,0,0
BRDA:238,14,1,0
BRDA:247,15,0,0
BRDA:247,15,1,0
BRDA:266,16,0,0
BRDA:266,16,1,0
BRDA:285,17,0,0
BRDA:285,17,1,0
BRDA:289,18,0,0
BRDA:289,18,1,0
BRDA:297,19,0,0
BRDA:297,19,1,0
BRDA:297,20,0,0
BRDA:297,20,1,0
BRDA:297,20,2,0
BRDA:320,21,0,0
BRDA:320,21,1,0
BRDA:324,22,0,0
BRDA:324,22,1,0
BRF:47
BRH:0
end_of_record
TN:
SF:src/components/plaintext/index.js
FN:11,(anonymous_0)
FN:18,(anonymous_1)
FN:25,(anonymous_2)
FN:32,(anonymous_3)
FNF:4
FNH:0
FNDA:0,(anonymous_0)
FNDA:0,(anonymous_1)
FNDA:0,(anonymous_2)
FNDA:0,(anonymous_3)
DA:8,0
DA:12,0
DA:13,0
DA:18,0
DA:19,0
DA:22,0
DA:25,0
DA:26,0
DA:29,0
DA:33,0
DA:34,0
DA:36,0
DA:46,0
DA:53,0
LF:14
LH:0
BRDA:38,0,0,0
BRDA:38,0,1,0
BRDA:39,1,0,0
BRDA:39,1,1,0
BRF:4
BRH:0
end_of_record
TN:
SF:src/components/radio/group.js
FN:10,Group
FN:14,(anonymous_1)
FN:18,renderChild
FN:19,(anonymous_3)
FN:25,(anonymous_4)
FN:42,(anonymous_5)
FNF:6
FNH:0
FNDA:0,Group
FNDA:0,(anonymous_1)
FNDA:0,renderChild
FNDA:0,(anonymous_3)
FNDA:0,(anonymous_4)
FNDA:0,(anonymous_5)
DA:8,0
DA:11,0
DA:12,0
DA:14,0
DA:15,0
DA:19,0
DA:21,0
DA:22,0
DA:26,0
DA:27,0
DA:32,0
DA:33,0
DA:38,0
DA:42,0
DA:44,0
DA:47,0
DA:54,0
LF:17
LH:0
BRDA:15,0,0,0
BRDA:15,0,1,0
BRDA:21,1,0,0
BRDA:21,1,1,0
BRDA:21,2,0,0
BRDA:21,2,1,0
BRDA:21,2,2,0
BRDA:32,3,0,0
BRDA:32,3,1,0
BRDA:32,4,0,0
BRDA:32,4,1,0
BRDA:32,4,2,0
BRF:12
BRH:0
end_of_record
TN:
SF:src/components/radio/index.js
FN:37,(anonymous_0)
FN:43,(anonymous_1)
FNF:2
FNH:0
FNDA:0,(anonymous_0)
FNDA:0,(anonymous_1)
DA:10,0
DA:13,0
DA:18,0
DA:22,0
DA:38,0
DA:39,0
DA:40,0
DA:44,0
DA:46,0
LF:9
LH:0
BRDA:39,0,0,0
BRDA:39,0,1,0
BRDA:44,1,0,0
BRF:3
BRH:0
end_of_record
TN:
SF:src/components/select/index.js
FN:19,(anonymous_0)
FN:22,(anonymous_1)
FN:29,(anonymous_2)
FN:30,(anonymous_3)
FN:48,(anonymous_4)
FN:70,(anonymous_5)
FN:116,(anonymous_6)
FN:126,(anonymous_7)
FN:131,(anonymous_8)
FN:159,(anonymous_9)
FN:164,(anonymous_10)
FN:168,(anonymous_11)
FN:173,(anonymous_12)
FN:181,(anonymous_13)
FN:193,(anonymous_14)
FN:201,(anonymous_15)
FN:207,(anonymous_16)
FN:234,(anonymous_17)
FN:245,(anonymous_18)
FN:259,(anonymous_19)
FN:272,(anonymous_20)
FN:279,(anonymous_21)
FN:292,(anonymous_22)
FN:294,(anonymous_23)
FN:307,(anonymous_24)
FN:310,(anonymous_25)
FN:314,(anonymous_26)
FN:324,(anonymous_27)
FN:341,(anonymous_28)
FN:358,(anonymous_29)
FN:375,(anonymous_30)
FN:388,(anonymous_31)
FN:416,(anonymous_32)
FNF:33
FNH:11
FNDA:4,(anonymous_0)
FNDA:276,(anonymous_1)
FNDA:0,(anonymous_2)
FNDA:0,(anonymous_3)
FNDA:4,(anonymous_4)
FNDA:4,(anonymous_5)
FNDA:4,(anonymous_6)
FNDA:0,(anonymous_7)
FNDA:0,(anonymous_8)
FNDA:0,(anonymous_9)
FNDA:4,(anonymous_10)
FNDA:0,(anonymous_11)
FNDA:4,(anonymous_12)
FNDA:12,(anonymous_13)
FNDA:4,(anonymous_14)
FNDA:0,(anonymous_15)
FNDA:0,(anonymous_16)
FNDA:0,(anonymous_17)
FNDA:0,(anonymous_18)
FNDA:0,(anonymous_19)
FNDA:0,(anonymous_20)
FNDA:0,(anonymous_21)
FNDA:0,(anonymous_22)
FNDA:0,(anonymous_23)
FNDA:0,(anonymous_24)
FNDA:0,(anonymous_25)
FNDA:0,(anonymous_26)
FNDA:0,(anonymous_27)
FNDA:0,(anonymous_28)
FNDA:0,(anonymous_29)
FNDA:0,(anonymous_30)
FNDA:4,(anonymous_31)
FNDA:4,(anonymous_32)
DA:19,5
DA:20,4
DA:21,4
DA:22,4
DA:23,276
DA:24,276
DA:26,4
DA:29,5
DA:30,0
DA:31,0
DA:44,5
DA:46,5
DA:49,4
DA:51,4
DA:52,4
DA:54,4
DA:56,4
DA:65,4
DA:66,4
DA:67,4
DA:71,4
DA:73,4
DA:79,4
DA:81,4
DA:86,0
DA:87,0
DA:88,0
DA:91,0
DA:94,0
DA:95,0
DA:96,0
DA:97,0
DA:106,4
DA:107,0
DA:113,4
DA:117,4
DA:118,4
DA:119,4
DA:121,4
DA:127,0
DA:128,0
DA:132,0
DA:133,0
DA:139,0
DA:145,0
DA:147,0
DA:160,0
DA:161,0
DA:165,4
DA:169,0
DA:170,0
DA:174,4
DA:175,4
DA:176,0
DA:178,4
DA:183,12
DA:184,12
DA:188,12
DA:190,0
DA:194,4
DA:195,4
DA:196,0
DA:198,4
DA:202,0
DA:203,0
DA:204,0
DA:207,4
DA:212,0
DA:214,0
DA:216,0
DA:217,0
DA:218,0
DA:226,0
DA:234,4
DA:239,0
DA:240,0
DA:241,0
DA:245,4
DA:246,0
DA:248,0
DA:251,0
DA:252,0
DA:253,0
DA:254,0
DA:255,0
DA:259,4
DA:260,0
DA:261,0
DA:263,0
DA:264,0
DA:266,0
DA:269,0
DA:272,4
DA:273,0
DA:274,0
DA:276,0
DA:279,4
DA:280,0
DA:281,0
DA:283,0
DA:284,0
DA:285,0
DA:288,0
DA:289,0
DA:290,0
DA:292,0
DA:294,0
DA:295,0
DA:302,0
DA:303,0
DA:307,4
DA:308,0
DA:309,0
DA:310,0
DA:311,0
DA:312,0
DA:314,0
DA:316,0
DA:321,0
DA:324,4
DA:329,0
DA:331,0
DA:333,0
DA:334,0
DA:337,0
DA:341,4
DA:342,0
DA:343,0
DA:345,0
DA:346,0
DA:347,0
DA:349,0
DA:355,0
DA:358,4
DA:363,0
DA:364,0
DA:366,0
DA:371,0
DA:372,0
DA:375,4
DA:381,0
DA:383,0
DA:384,0
DA:385,0
DA:389,4
DA:390,4
DA:392,4
DA:393,0
DA:406,4
DA:426,4
DA:427,4
DA:428,4
DA:429,4
DA:436,4
DA:445,4
DA:470,5
DA:509,5
LF:157
LH:61
BRDA:20,0,0,0
BRDA:20,0,1,4
BRDA:21,1,0,0
BRDA:21,1,1,4
BRDA:24,2,0,4
BRDA:24,2,1,272
BRDA:57,3,0,4
BRDA:57,3,1,4
BRDA:60,4,0,0
BRDA:60,4,1,4
BRDA:81,5,0,0
BRDA:81,5,1,4
BRDA:82,6,0,4
BRDA:82,6,1,4
BRDA:82,6,2,4
BRDA:87,7,0,0
BRDA:87,7,1,0
BRDA:88,8,0,0
BRDA:88,8,1,0
BRDA:91,9,0,0
BRDA:91,9,1,0
BRDA:95,10,0,0
BRDA:95,10,1,0
BRDA:96,11,0,0
BRDA:96,11,1,0
BRDA:100,12,0,0
BRDA:100,12,1,0
BRDA:106,13,0,0
BRDA:106,13,1,4
BRDA:119,14,0,0
BRDA:119,14,1,4
BRDA:121,15,0,4
BRDA:121,15,1,0
BRDA:127,16,0,0
BRDA:127,16,1,0
BRDA:127,17,0,0
BRDA:127,17,1,0
BRDA:148,18,0,0
BRDA:148,18,1,0
BRDA:148,18,2,0
BRDA:148,18,3,0
BRDA:148,18,4,0
BRDA:148,18,5,0
BRDA:148,18,6,0
BRDA:148,18,7,0
BRDA:170,19,0,0
BRDA:170,19,1,0
BRDA:175,20,0,0
BRDA:175,20,1,4
BRDA:176,21,0,0
BRDA:176,21,1,0
BRDA:176,21,2,0
BRDA:178,22,0,4
BRDA:178,22,1,0
BRDA:184,23,0,12
BRDA:184,23,1,0
BRDA:188,24,0,12
BRDA:188,24,1,0
BRDA:195,25,0,0
BRDA:195,25,1,4
BRDA:203,26,0,0
BRDA:203,26,1,0
BRDA:216,27,0,0
BRDA:216,27,1,0
BRDA:216,27,2,0
BRDA:217,28,0,0
BRDA:217,28,1,0
BRDA:222,29,0,0
BRDA:222,29,1,0
BRDA:228,30,0,0
BRDA:228,30,1,0
BRDA:240,31,0,0
BRDA:240,31,1,0
BRDA:240,32,0,0
BRDA:240,32,1,0
BRDA:248,33,0,0
BRDA:248,33,1,0
BRDA:248,33,2,0
BRDA:251,34,0,0
BRDA:251,34,1,0
BRDA:251,35,0,0
BRDA:251,35,1,0
BRDA:254,36,0,0
BRDA:254,36,1,0
BRDA:255,37,0,0
BRDA:255,37,1,0
BRDA:263,38,0,0
BRDA:263,38,1,0
BRDA:269,39,0,0
BRDA:269,39,1,0
BRDA:274,40,0,0
BRDA:274,40,1,0
BRDA:283,41,0,0
BRDA:283,41,1,0
BRDA:290,42,0,0
BRDA:290,42,1,0
BRDA:292,43,0,0
BRDA:292,43,1,0
BRDA:312,44,0,0
BRDA:312,44,1,0
BRDA:321,45,0,0
BRDA:321,45,1,0
BRDA:333,46,0,0
BRDA:333,46,1,0
BRDA:346,47,0,0
BRDA:346,47,1,0
BRDA:364,48,0,0
BRDA:364,48,1,0
BRDA:392,49,0,0
BRDA:392,49,1,4
BRDA:462,50,0,0
BRDA:462,50,1,4
BRDA:463,51,0,0
BRDA:463,51,1,0
BRDA:464,52,0,4
BRDA:464,52,1,0
BRF:116
BRH:22
end_of_record
TN:
SF:src/components/select/utils.js
FN:4,(anonymous_0)
FN:15,(anonymous_1)
FN:16,(anonymous_2)
FN:18,(anonymous_3)
FNF:4
FNH:0
FNDA:0,(anonymous_0)
FNDA:0,(anonymous_1)
FNDA:0,(anonymous_2)
FNDA:0,(anonymous_3)
DA:4,5
DA:5,0
DA:6,0
DA:7,0
DA:12,0
DA:15,5
DA:16,0
DA:17,0
DA:18,0
DA:19,0
DA:20,0
DA:22,0
LF:12
LH:2
BRDA:6,0,0,0
BRDA:6,0,1,0
BRDA:18,1,0,0
BRDA:18,1,1,0
BRDA:18,2,0,0
BRDA:18,2,1,0
BRDA:19,3,0,0
BRDA:19,3,1,0
BRDA:19,4,0,0
BRDA:19,4,1,0
BRF:10
BRH:0
end_of_record
TN:
SF:src/components/select/views/common.js
FN:9,(anonymous_0)
FN:18,(anonymous_1)
FNF:2
FNH:0
FNDA:0,(anonymous_0)
FNDA:0,(anonymous_1)
DA:7,5
DA:9,5
DA:10,0
DA:18,5
DA:19,0
LF:5
LH:3
BRF:0
BRH:0
end_of_record
TN:
SF:src/components/select/views/multi-select.js
FN:13,(anonymous_0)
FN:27,MultiSelect
FN:48,(anonymous_2)
FN:49,(anonymous_3)
FN:59,(anonymous_4)
FN:63,(anonymous_5)
FN:70,(anonymous_6)
FN:71,(anonymous_7)
FN:82,(anonymous_8)
FN:83,(anonymous_9)
FN:94,(anonymous_10)
FN:100,(anonymous_11)
FN:102,(anonymous_12)
FN:107,(anonymous_13)
FN:111,(anonymous_14)
FNF:15
FNH:0
FNDA:0,(anonymous_0)
FNDA:0,MultiSelect
FNDA:0,(anonymous_2)
FNDA:0,(anonymous_3)
FNDA:0,(anonymous_4)
FNDA:0,(anonymous_5)
FNDA:0,(anonymous_6)
FNDA:0,(anonymous_7)
FNDA:0,(anonymous_8)
FNDA:0,(anonymous_9)
FNDA:0,(anonymous_10)
FNDA:0,(anonymous_11)
FNDA:0,(anonymous_12)
FNDA:0,(anonymous_13)
FNDA:0,(anonymous_14)
DA:13,5
DA:14,0
DA:15,0
DA:44,0
DA:45,0
DA:46,0
DA:47,0
DA:48,0
DA:49,0
DA:50,0
DA:51,0
DA:53,0
DA:55,0
DA:56,0
DA:57,0
DA:59,0
DA:60,0
DA:61,0
DA:63,0
DA:64,0
DA:65,0
DA:66,0
DA:70,0
DA:71,0
DA:72,0
DA:73,0
DA:74,0
DA:76,0
DA:78,0
DA:81,0
DA:83,0
DA:84,0
DA:94,0
DA:95,0
DA:96,0
DA:97,0
DA:100,0
DA:102,0
DA:103,0
DA:104,0
DA:107,0
DA:108,0
DA:111,0
DA:112,0
DA:113,0
DA:114,0
DA:115,0
DA:116,0
DA:119,0
DA:144,5
DA:159,5
LF:51
LH:3
BRDA:14,0,0,0
BRDA:14,0,1,0
BRDA:51,1,0,0
BRDA:51,1,1,0
BRDA:51,2,0,0
BRDA:51,2,1,0
BRDA:60,3,0,0
BRDA:60,3,1,0
BRDA:73,4,0,0
BRDA:73,4,1,0
BRDA:74,5,0,0
BRDA:74,5,1,0
BRDA:74,6,0,0
BRDA:74,6,1,0
BRDA:76,7,0,0
BRDA:76,7,1,0
BRDA:76,8,0,0
BRDA:76,8,1,0
BRDA:114,9,0,0
BRDA:114,9,1,0
BRDA:122,10,0,0
BRDA:122,10,1,0
BRDA:125,11,0,0
BRDA:125,11,1,0
BRDA:128,12,0,0
BRDA:128,12,1,0
BRDA:128,12,2,0
BRDA:137,13,0,0
BRDA:137,13,1,0
BRF:29
BRH:0
end_of_record
TN:
SF:src/components/select/views/option.js
FN:10,Option
FN:13,(anonymous_1)
FN:16,(anonymous_2)
FN:21,(anonymous_3)
FN:41,(anonymous_4)
FNF:5
FNH:0
FNDA:0,Option
FNDA:0,(anonymous_1)
FNDA:0,(anonymous_2)
FNDA:0,(anonymous_3)
FNDA:0,(anonymous_4)
DA:11,0
DA:13,0
DA:14,0
DA:15,0
DA:16,0
DA:18,0
DA:21,0
DA:22,0
DA:24,0
DA:26,0
DA:28,0
DA:29,0
DA:30,0
DA:38,0
DA:40,0
DA:42,0
DA:50,5
DA:58,5
LF:18
LH:2
BRDA:15,0,0,0
BRDA:15,0,1,0
BRDA:16,1,0,0
BRDA:16,1,1,0
BRDA:22,2,0,0
BRDA:22,2,1,0
BRDA:28,3,0,0
BRDA:28,3,1,0
BRF:8
BRH:0
end_of_record
TN:
SF:src/components/select/views/selected.js
FN:11,(anonymous_0)
FN:15,(anonymous_1)
FN:18,(anonymous_2)
FN:22,(anonymous_3)
FN:26,(anonymous_4)
FN:28,(anonymous_5)
FN:34,(anonymous_6)
FN:38,(anonymous_7)
FN:50,(anonymous_8)
FN:62,(anonymous_9)
FN:69,(anonymous_10)
FN:83,(anonymous_11)
FN:89,(anonymous_12)
FN:112,(anonymous_13)
FNF:14
FNH:5
FNDA:4,(anonymous_0)
FNDA:0,(anonymous_1)
FNDA:0,(anonymous_2)
FNDA:0,(anonymous_3)
FNDA:0,(anonymous_4)
FNDA:0,(anonymous_5)
FNDA:4,(anonymous_6)
FNDA:4,(anonymous_7)
FNDA:4,(anonymous_8)
FNDA:0,(anonymous_9)
FNDA:0,(anonymous_10)
FNDA:0,(anonymous_11)
FNDA:4,(anonymous_12)
FNDA:0,(anonymous_13)
DA:11,5
DA:12,4
DA:13,4
DA:14,0
DA:15,0
DA:16,0
DA:18,0
DA:20,0
DA:22,0
DA:23,0
DA:25,0
DA:27,0
DA:28,0
DA:30,0
DA:34,4
DA:39,4
DA:40,4
DA:42,4
DA:43,4
DA:51,4
DA:52,4
DA:53,0
DA:54,0
DA:59,4
DA:62,4
DA:63,0
DA:64,0
DA:66,0
DA:69,4
DA:70,0
DA:71,0
DA:72,0
DA:73,0
DA:75,0
DA:76,0
DA:83,4
DA:84,0
DA:95,4
DA:97,4
DA:102,4
DA:107,4
DA:110,4
DA:111,4
DA:112,0
DA:115,4
DA:127,5
DA:140,5
LF:47
LH:23
BRDA:13,0,0,0
BRDA:13,0,1,4
BRDA:14,1,0,0
BRDA:14,1,1,0
BRDA:22,2,0,0
BRDA:22,2,1,0
BRDA:23,3,0,0
BRDA:23,3,1,0
BRDA:27,4,0,0
BRDA:27,4,1,0
BRDA:44,5,0,4
BRDA:44,5,1,0
BRDA:52,6,0,0
BRDA:52,6,1,4
BRDA:55,7,0,0
BRDA:55,7,1,0
BRDA:64,8,0,0
BRDA:64,8,1,0
BRDA:71,9,0,0
BRDA:71,9,1,0
BRDA:72,10,0,0
BRDA:72,10,1,0
BRDA:72,11,0,0
BRDA:72,11,1,0
BRDA:75,12,0,0
BRDA:75,12,1,0
BRDA:105,13,0,4
BRDA:105,13,1,0
BRDA:108,14,0,4
BRDA:108,14,1,0
BRDA:111,15,0,0
BRDA:111,15,1,4
BRDA:112,16,0,0
BRDA:112,16,1,0
BRDA:118,17,0,4
BRDA:118,17,1,0
BRDA:121,18,0,4
BRDA:121,18,1,4
BRF:38
BRH:9
end_of_record
TN:
SF:src/components/select/views/single-select.js
FN:11,(anonymous_0)
FN:18,SingleSelect
FN:25,(anonymous_2)
FN:30,(anonymous_3)
FN:31,(anonymous_4)
FN:46,(anonymous_5)
FN:52,(anonymous_6)
FN:54,(anonymous_7)
FNF:8
FNH:0
FNDA:0,(anonymous_0)
FNDA:0,SingleSelect
FNDA:0,(anonymous_2)
FNDA:0,(anonymous_3)
FNDA:0,(anonymous_4)
FNDA:0,(anonymous_5)
FNDA:0,(anonymous_6)
FNDA:0,(anonymous_7)
DA:11,5
DA:12,0
DA:13,0
DA:14,0
DA:19,0
DA:20,0
DA:21,0
DA:22,0
DA:23,0
DA:25,0
DA:26,0
DA:29,0
DA:31,0
DA:32,0
DA:33,0
DA:34,0
DA:37,0
DA:46,0
DA:47,0
DA:48,0
DA:49,0
DA:52,0
DA:54,0
DA:55,0
DA:56,0
DA:59,0
DA:72,5
DA:82,5
LF:28
LH:3
BRDA:13,0,0,0
BRDA:13,0,1,0
BRDA:33,1,0,0
BRDA:33,1,1,0
BRDA:62,2,0,0
BRDA:62,2,1,0
BRDA:66,3,0,0
BRDA:66,3,1,0
BRF:8
BRH:0
end_of_record
TN:
SF:src/components/step/constants.js
FNF:0
FNH:0
DA:2,0
DA:3,0
DA:4,0
DA:7,0
DA:8,0
DA:9,0
DA:12,0
DA:13,0
LF:8
LH:0
BRF:0
BRH:0
end_of_record
TN:
SF:src/components/step/index.js
FN:32,(anonymous_0)
FN:46,(anonymous_1)
FN:49,(anonymous_2)
FN:56,(anonymous_3)
FNF:4
FNH:0
FNDA:0,(anonymous_0)
FNDA:0,(anonymous_1)
FNDA:0,(anonymous_2)
FNDA:0,(anonymous_3)
DA:12,0
DA:21,0
DA:30,0
DA:33,0
DA:35,0
DA:36,0
DA:39,0
DA:40,0
DA:43,0
DA:47,0
DA:48,0
DA:49,0
DA:50,0
DA:52,0
DA:57,0
DA:58,0
DA:64,0
LF:17
LH:0
BRDA:35,0,0,0
BRDA:35,0,1,0
BRDA:39,1,0,0
BRDA:39,1,1,0
BRDA:55,2,0,0
BRDA:55,2,1,0
BRDA:60,3,0,0
BRDA:60,3,1,0
BRF:8
BRH:0
end_of_record
TN:
SF:src/components/step/item.js
FN:29,(anonymous_0)
FNF:1
FNH:0
FNDA:0,(anonymous_0)
DA:11,0
DA:20,0
DA:30,0
DA:31,0
DA:33,0
LF:5
LH:0
BRDA:36,0,0,0
BRDA:36,0,1,0
BRDA:44,1,0,0
BRDA:44,1,1,0
BRF:4
BRH:0
end_of_record
TN:
SF:src/components/table/index.js
FN:61,(anonymous_0)
FNF:1
FNH:0
FNDA:0,(anonymous_0)
DA:7,0
DA:45,0
DA:49,0
DA:55,0
DA:61,0
DA:62,0
DA:63,0
DA:71,0
DA:77,0
LF:9
LH:0
BRDA:62,0,0,0
BRDA:62,0,1,0
BRF:2
BRH:0
end_of_record
TN:
SF:src/components/table-lite/index.js
FN:26,(anonymous_0)
FN:43,(anonymous_1)
FN:46,(anonymous_2)
FN:65,(anonymous_3)
FN:70,(anonymous_4)
FN:86,(anonymous_5)
FN:87,(anonymous_6)
FN:96,(anonymous_7)
FN:107,(anonymous_8)
FN:109,(anonymous_9)
FN:117,(anonymous_10)
FN:125,(anonymous_11)
FN:132,(anonymous_12)
FN:141,(anonymous_13)
FN:149,(anonymous_14)
FN:156,(anonymous_15)
FN:174,(anonymous_16)
FN:177,(anonymous_17)
FN:189,(anonymous_18)
FN:193,(anonymous_19)
FN:197,(anonymous_20)
FN:204,(anonymous_21)
FNF:22
FNH:0
FNDA:0,(anonymous_0)
FNDA:0,(anonymous_1)
FNDA:0,(anonymous_2)
FNDA:0,(anonymous_3)
FNDA:0,(anonymous_4)
FNDA:0,(anonymous_5)
FNDA:0,(anonymous_6)
FNDA:0,(anonymous_7)
FNDA:0,(anonymous_8)
FNDA:0,(anonymous_9)
FNDA:0,(anonymous_10)
FNDA:0,(anonymous_11)
FNDA:0,(anonymous_12)
FNDA:0,(anonymous_13)
FNDA:0,(anonymous_14)
FNDA:0,(anonymous_15)
FNDA:0,(anonymous_16)
FNDA:0,(anonymous_17)
FNDA:0,(anonymous_18)
FNDA:0,(anonymous_19)
FNDA:0,(anonymous_20)
FNDA:0,(anonymous_21)
DA:8,0
DA:17,0
DA:27,0
DA:28,0
DA:29,0
DA:38,0
DA:39,0
DA:40,0
DA:44,0
DA:46,0
DA:47,0
DA:49,0
DA:50,0
DA:66,0
DA:67,0
DA:71,0
DA:72,0
DA:87,0
DA:88,0
DA:89,0
DA:94,0
DA:96,0
DA:97,0
DA:108,0
DA:109,0
DA:110,0
DA:111,0
DA:118,0
DA:125,0
DA:126,0
DA:127,0
DA:128,0
DA:133,0
DA:134,0
DA:141,0
DA:146,0
DA:147,0
DA:149,0
DA:157,0
DA:158,0
DA:159,0
DA:175,0
DA:177,0
DA:178,0
DA:179,0
DA:180,0
DA:182,0
DA:183,0
DA:184,0
DA:190,0
DA:194,0
DA:198,0
DA:199,0
DA:201,0
DA:205,0
DA:206,0
DA:207,0
DA:208,0
LF:58
LH:0
BRDA:46,0,0,0
BRDA:46,0,1,0
BRDA:69,1,0,0
BRDA:69,1,1,0
BRDA:71,2,0,0
BRDA:71,3,0,0
BRDA:88,4,0,0
BRDA:88,4,1,0
BRDA:110,5,0,0
BRDA:110,5,1,0
BRDA:113,6,0,0
BRDA:113,6,1,0
BRDA:113,7,0,0
BRDA:113,7,1,0
BRDA:125,8,0,0
BRDA:131,9,0,0
BRDA:131,9,1,0
BRDA:133,10,0,0
BRDA:136,11,0,0
BRDA:136,11,1,0
BRDA:141,12,0,0
BRDA:141,12,1,0
BRDA:141,13,0,0
BRDA:141,13,1,0
BRDA:141,13,2,0
BRDA:141,13,3,0
BRDA:146,14,0,0
BRDA:146,14,1,0
BRDA:158,15,0,0
BRDA:158,15,1,0
BRDA:175,16,0,0
BRDA:175,16,1,0
BRDA:179,17,0,0
BRDA:179,17,1,0
BRDA:198,18,0,0
BRDA:198,18,1,0
BRDA:216,19,0,0
BRDA:216,19,1,0
BRF:38
BRH:0
end_of_record
TN:
SF:src/components/table-pagination/index.js
FN:34,(anonymous_0)
FN:46,(anonymous_1)
FN:52,(anonymous_2)
FN:61,(anonymous_3)
FN:66,(anonymous_4)
FN:74,(anonymous_5)
FN:76,(anonymous_6)
FN:83,(anonymous_7)
FN:88,(anonymous_8)
FN:100,(anonymous_9)
FN:122,(anonymous_10)
FN:135,(anonymous_11)
FN:139,(anonymous_12)
FN:145,(anonymous_13)
FN:151,(anonymous_14)
FN:155,(anonymous_15)
FN:159,(anonymous_16)
FN:182,(anonymous_17)
FN:188,(anonymous_18)
FN:192,(anonymous_19)
FNF:20
FNH:0
FNDA:0,(anonymous_0)
FNDA:0,(anonymous_1)
FNDA:0,(anonymous_2)
FNDA:0,(anonymous_3)
FNDA:0,(anonymous_4)
FNDA:0,(anonymous_5)
FNDA:0,(anonymous_6)
FNDA:0,(anonymous_7)
FNDA:0,(anonymous_8)
FNDA:0,(anonymous_9)
FNDA:0,(anonymous_10)
FNDA:0,(anonymous_11)
FNDA:0,(anonymous_12)
FNDA:0,(anonymous_13)
FNDA:0,(anonymous_14)
FNDA:0,(anonymous_15)
FNDA:0,(anonymous_16)
FNDA:0,(anonymous_17)
FNDA:0,(anonymous_18)
FNDA:0,(anonymous_19)
DA:10,0
DA:22,0
DA:35,0
DA:36,0
DA:38,0
DA:43,0
DA:44,0
DA:45,0
DA:46,0
DA:48,0
DA:53,0
DA:54,0
DA:55,0
DA:56,0
DA:58,0
DA:62,0
DA:63,0
DA:66,0
DA:67,0
DA:74,0
DA:75,0
DA:76,0
DA:83,0
DA:84,0
DA:85,0
DA:89,0
DA:100,0
DA:101,0
DA:102,0
DA:104,0
DA:122,0
DA:123,0
DA:124,0
DA:125,0
DA:128,0
DA:129,0
DA:132,0
DA:135,0
DA:136,0
DA:139,0
DA:140,0
DA:141,0
DA:142,0
DA:145,0
DA:146,0
DA:147,0
DA:148,0
DA:151,0
DA:152,0
DA:155,0
DA:156,0
DA:159,0
DA:160,0
DA:161,0
DA:162,0
DA:164,0
DA:165,0
DA:168,0
DA:171,0
DA:172,0
DA:175,0
DA:178,0
DA:182,0
DA:183,0
DA:188,0
DA:189,0
[...]
BRF:4
BRH:0
end_of_record
TN:
SF:src/components/tree/store.js
FN:18,(anonymous_0)
FN:32,(anonymous_1)
FN:40,(anonymous_2)
FN:48,(anonymous_3)
FN:54,(anonymous_4)
FN:61,(anonymous_5)
FN:81,(anonymous_6)
FN:97,(anonymous_7)
FN:113,(anonymous_8)
FN:119,(anonymous_9)
FN:131,(anonymous_10)
FN:132,(anonymous_11)
FN:136,(anonymous_12)
FN:157,(anonymous_13)
FN:160,setSelected
FN:162,(anonymous_15)
FN:183,(anonymous_16)
FN:188,(anonymous_17)
FN:198,(anonymous_18)
FN:199,(anonymous_19)
FN:211,(anonymous_20)
FN:220,(anonymous_21)
FN:263,(anonymous_22)
FN:269,(anonymous_23)
FN:272,(anonymous_24)
FN:280,(anonymous_25)
FN:280,(anonymous_26)
FN:284,(anonymous_27)
FN:285,(anonymous_28)
FN:301,(anonymous_29)
FN:303,(anonymous_30)
FN:304,(anonymous_31)
FN:325,(anonymous_32)
FN:335,(anonymous_33)
FN:345,(anonymous_34)
FN:357,(anonymous_35)
FN:378,(anonymous_36)
FN:400,(anonymous_37)
FN:412,(anonymous_38)
FN:428,(anonymous_39)
FN:439,(anonymous_40)
FN:445,(anonymous_41)
FN:446,(anonymous_42)
FNF:43
FNH:0
FNDA:0,(anonymous_0)
FNDA:0,(anonymous_1)
FNDA:0,(anonymous_2)
FNDA:0,(anonymous_3)
FNDA:0,(anonymous_4)
FNDA:0,(anonymous_5)
FNDA:0,(anonymous_6)
FNDA:0,(anonymous_7)
FNDA:0,(anonymous_8)
FNDA:0,(anonymous_9)
FNDA:0,(anonymous_10)
FNDA:0,(anonymous_11)
FNDA:0,(anonymous_12)
FNDA:0,(anonymous_13)
FNDA:0,setSelected
FNDA:0,(anonymous_15)
FNDA:0,(anonymous_16)
FNDA:0,(anonymous_17)
FNDA:0,(anonymous_18)
FNDA:0,(anonymous_19)
FNDA:0,(anonymous_20)
FNDA:0,(anonymous_21)
FNDA:0,(anonymous_22)
FNDA:0,(anonymous_23)
FNDA:0,(anonymous_24)
FNDA:0,(anonymous_25)
FNDA:0,(anonymous_26)
FNDA:0,(anonymous_27)
FNDA:0,(anonymous_28)
FNDA:0,(anonymous_29)
FNDA:0,(anonymous_30)
FNDA:0,(anonymous_31)
FNDA:0,(anonymous_32)
FNDA:0,(anonymous_33)
FNDA:0,(anonymous_34)
FNDA:0,(anonymous_35)
FNDA:0,(anonymous_36)
FNDA:0,(anonymous_37)
FNDA:0,(anonymous_38)
FNDA:0,(anonymous_39)
FNDA:0,(anonymous_40)
FNDA:0,(anonymous_41)
FNDA:0,(anonymous_42)
DA:18,0
DA:20,0
DA:21,0
DA:23,0
DA:26,0
DA:27,0
DA:28,0
DA:32,0
DA:34,0
DA:35,0
DA:37,0
DA:38,0
DA:40,0
DA:41,0
DA:43,0
DA:48,0
DA:49,0
DA:51,0
DA:52,0
DA:54,0
DA:55,0
DA:56,0
DA:61,0
DA:62,0
DA:63,0
DA:65,0
DA:67,0
DA:68,0
DA:72,0
DA:74,0
DA:75,0
DA:79,0
DA:81,0
DA:82,0
DA:86,0
DA:87,0
DA:91,0
DA:92,0
DA:96,0
DA:97,0
DA:98,0
DA:100,0
DA:102,0
DA:103,0
DA:106,0
DA:110,0
DA:111,0
DA:113,0
DA:114,0
DA:116,0
DA:118,0
DA:119,0
DA:120,0
DA:123,0
DA:131,0
DA:132,0
DA:133,0
DA:134,0
DA:136,0
DA:137,0
DA:142,0
DA:143,0
DA:145,0
DA:148,0
DA:157,0
DA:158,0
DA:162,0
DA:163,0
DA:164,0
DA:165,0
DA:167,0
DA:168,0
DA:170,0
DA:174,0
DA:184,0
DA:185,0
DA:187,0
DA:188,0
DA:189,0
DA:190,0
DA:191,0
DA:192,0
DA:198,0
DA:199,0
DA:200,0
DA:201,0
DA:202,0
DA:203,0
DA:204,0
DA:205,0
DA:211,0
DA:212,0
DA:214,0
DA:215,0
DA:217,0
DA:218,0
DA:220,0
DA:222,0
DA:223,0
DA:226,0
DA:227,0
DA:228,0
DA:232,0
DA:234,0
DA:235,0
DA:236,0
DA:238,0
DA:239,0
DA:242,0
DA:243,0
DA:246,0
DA:247,0
DA:251,0
DA:252,0
DA:253,0
DA:263,0
DA:264,0
DA:265,0
DA:267,0
DA:268,0
DA:269,0
DA:270,0
DA:271,0
DA:272,0
DA:273,0
DA:276,0
DA:279,0
DA:280,0
DA:282,0
DA:284,0
DA:285,0
DA:286,0
DA:287,0
DA:289,0
DA:291,0
DA:301,0
DA:302,0
DA:303,0
DA:304,0
DA:305,0
DA:306,0
DA:307,0
DA:309,0
DA:310,0
DA:312,0
DA:315,0
DA:316,0
DA:326,0
DA:336,0
DA:337,0
DA:346,0
DA:347,0
DA:358,0
DA:360,0
DA:361,0
DA:363,0
DA:364,0
DA:365,0
DA:367,0
DA:368,0
DA:379,0
DA:380,0
DA:381,0
DA:383,0
DA:386,0
DA:387,0
DA:391,0
DA:401,0
DA:404,0
DA:405,0
DA:409,0
DA:410,0
DA:412,0
DA:413,0
DA:414,0
DA:415,0
DA:417,0
DA:429,0
DA:430,0
DA:431,0
DA:439,0
DA:440,0
DA:441,0
DA:442,0
DA:445,0
DA:446,0
DA:448,0
DA:449,0
DA:450,0
DA:451,0
DA:452,0
DA:454,0
DA:457,0
DA:461,0
DA:462,0
DA:463,0
DA:465,0
DA:468,0
LF:198
LH:0
BRDA:20,0,0,0
BRDA:20,0,1,0
BRDA:20,1,0,0
BRDA:20,1,1,0
BRDA:26,2,0,0
BRDA:26,2,1,0
BRDA:27,3,0,0
BRDA:27,3,1,0
BRDA:37,4,0,0
BRDA:37,4,1,0
BRDA:40,5,0,0
BRDA:40,5,1,0
BRDA:51,6,0,0
BRDA:51,6,1,0
BRDA:51,7,0,0
BRDA:51,7,1,0
BRDA:67,8,0,0
BRDA:67,8,1,0
BRDA:74,9,0,0
BRDA:74,9,1,0
BRDA:74,10,0,0
BRDA:74,10,1,0
BRDA:79,11,0,0
BRDA:79,11,1,0
BRDA:79,12,0,0
BRDA:79,12,1,0
BRDA:79,12,2,0
BRDA:81,13,0,0
BRDA:81,13,1,0
BRDA:86,14,0,0
BRDA:86,14,1,0
BRDA:91,15,0,0
BRDA:91,15,1,0
BRDA:91,16,0,0
BRDA:91,16,1,0
BRDA:96,17,0,0
BRDA:96,17,1,0
BRDA:98,18,0,0
BRDA:98,18,1,0
BRDA:102,19,0,0
BRDA:102,19,1,0
BRDA:110,20,0,0
BRDA:110,20,1,0
BRDA:110,21,0,0
BRDA:110,21,1,0
BRDA:118,22,0,0
BRDA:118,22,1,0
BRDA:133,23,0,0
BRDA:133,23,1,0
BRDA:142,24,0,0
BRDA:142,24,1,0
BRDA:163,25,0,0
BRDA:163,25,1,0
BRDA:167,26,0,0
BRDA:167,26,1,0
BRDA:167,27,0,0
BRDA:167,27,1,0
BRDA:174,28,0,0
BRDA:174,28,1,0
BRDA:187,29,0,0
BRDA:187,29,1,0
BRDA:187,30,0,0
BRDA:187,30,1,0
BRDA:189,31,0,0
BRDA:189,31,1,0
BRDA:204,32,0,0
BRDA:204,32,1,0
BRDA:204,33,0,0
BRDA:204,33,1,0
BRDA:214,34,0,0
BRDA:214,34,1,0
BRDA:222,35,0,0
BRDA:222,35,1,0
BRDA:226,36,0,0
BRDA:226,36,1,0
BRDA:232,37,0,0
BRDA:232,37,1,0
BRDA:232,38,0,0
BRDA:232,38,1,0
BRDA:236,39,0,0
BRDA:236,39,1,0
BRDA:246,40,0,0
BRDA:246,40,1,0
BRDA:246,41,0,0
BRDA:246,41,1,0
BRDA:251,42,0,0
BRDA:251,42,1,0
BRDA:263,43,0,0
BRDA:264,44,0,0
BRDA:264,44,1,0
BRDA:265,45,0,0
BRDA:265,45,1,0
BRDA:267,46,0,0
BRDA:267,46,1,0
BRDA:267,47,0,0
BRDA:267,47,1,0
BRDA:267,47,2,0
BRDA:271,48,0,0
BRDA:271,48,1,0
BRDA:271,49,0,0
BRDA:271,49,1,0
BRDA:286,50,0,0
BRDA:286,50,1,0
BRDA:286,51,0,0
BRDA:286,51,1,0
BRDA:286,51,2,0
BRDA:305,52,0,0
BRDA:305,52,1,0
BRDA:309,53,0,0
BRDA:309,53,1,0
BRDA:337,54,0,0
BRDA:337,54,1,0
BRDA:360,55,0,0
BRDA:360,55,1,0
BRDA:363,56,0,0
BRDA:363,56,1,0
BRDA:380,57,0,0
BRDA:380,57,1,0
BRDA:386,58,0,0
BRDA:386,58,1,0
BRDA:391,59,0,0
BRDA:391,59,1,0
BRDA:404,60,0,0
BRDA:404,60,1,0
BRDA:409,61,0,0
BRDA:409,61,1,0
BRDA:409,62,0,0
BRDA:409,62,1,0
BRDA:413,63,0,0
BRDA:413,63,1,0
BRDA:441,64,0,0
BRDA:441,64,1,0
BRDA:448,65,0,0
BRDA:448,65,1,0
BRDA:449,66,0,0
BRDA:449,66,1,0
BRDA:449,67,0,0
BRDA:449,67,1,0
BRDA:449,67,2,0
BRDA:451,68,0,0
BRDA:451,68,1,0
BRDA:461,69,0,0
BRDA:461,69,1,0
BRDA:461,70,0,0
BRDA:461,70,1,0
BRF:145
BRH:0
end_of_record
TN:
SF:src/components/tree-select/const.js
FN:5,(anonymous_0)
FN:7,(anonymous_1)
FN:8,(anonymous_2)
FN:10,(anonymous_3)
FNF:4
FNH:0
FNDA:0,(anonymous_0)
FNDA:0,(anonymous_1)
FNDA:0,(anonymous_2)
FNDA:0,(anonymous_3)
DA:3,0
DA:5,0
DA:6,0
DA:7,0
DA:8,0
DA:9,0
DA:10,0
DA:11,0
DA:12,0
DA:16,0
DA:17,0
DA:20,0
DA:21,0
DA:22,0
LF:14
LH:0
BRDA:9,0,0,0
BRDA:9,0,1,0
BRDA:9,1,0,0
BRDA:9,1,1,0
BRDA:10,2,0,0
BRDA:10,2,1,0
BRDA:11,3,0,0
BRDA:11,3,1,0
BRF:8
BRH:0
end_of_record
TN:
SF:src/components/tree-select/index.js
FN:19,(anonymous_0)
FN:47,(anonymous_1)
FN:74,(anonymous_2)
FN:79,(anonymous_3)
FN:100,(anonymous_4)
FN:105,(anonymous_5)
FN:109,(anonymous_6)
FN:113,(anonymous_7)
FN:118,(anonymous_8)
FN:125,(anonymous_9)
FN:130,(anonymous_10)
FN:138,(anonymous_11)
FN:142,(anonymous_12)
FN:172,(anonymous_13)
FN:185,(anonymous_14)
FN:196,(anonymous_15)
FN:205,(anonymous_16)
FN:213,(anonymous_17)
FN:223,(anonymous_18)
FN:230,(anonymous_19)
FN:244,(anonymous_20)
FN:260,(anonymous_21)
FN:269,(anonymous_22)
FN:278,(anonymous_23)
FN:285,(anonymous_24)
FN:311,(anonymous_25)
FNF:26
FNH:0
FNDA:0,(anonymous_0)
FNDA:0,(anonymous_1)
FNDA:0,(anonymous_2)
FNDA:0,(anonymous_3)
FNDA:0,(anonymous_4)
FNDA:0,(anonymous_5)
FNDA:0,(anonymous_6)
FNDA:0,(anonymous_7)
FNDA:0,(anonymous_8)
FNDA:0,(anonymous_9)
FNDA:0,(anonymous_10)
FNDA:0,(anonymous_11)
FNDA:0,(anonymous_12)
FNDA:0,(anonymous_13)
FNDA:0,(anonymous_14)
FNDA:0,(anonymous_15)
FNDA:0,(anonymous_16)
FNDA:0,(anonymous_17)
FNDA:0,(anonymous_18)
FNDA:0,(anonymous_19)
FNDA:0,(anonymous_20)
FNDA:0,(anonymous_21)
FNDA:0,(anonymous_22)
FNDA:0,(anonymous_23)
FNDA:0,(anonymous_24)
FNDA:0,(anonymous_25)
DA:17,0
DA:20,0
DA:22,0
DA:24,0
DA:25,0
DA:27,0
DA:29,0
DA:36,0
DA:37,0
DA:38,0
DA:40,0
DA:41,0
DA:48,0
DA:49,0
DA:54,0
DA:55,0
DA:59,0
DA:65,0
DA:66,0
DA:71,0
DA:75,0
DA:76,0
DA:80,0
DA:81,0
DA:87,0
DA:88,0
DA:89,0
DA:101,0
DA:102,0
DA:106,0
DA:110,0
DA:114,0
DA:115,0
DA:119,0
DA:120,0
DA:121,0
DA:122,0
DA:126,0
DA:127,0
DA:131,0
DA:132,0
DA:133,0
DA:135,0
DA:139,0
DA:142,0
DA:147,0
DA:149,0
DA:151,0
DA:152,0
DA:153,0
DA:154,0
DA:163,0
DA:172,0
DA:173,0
DA:175,0
DA:177,0
DA:178,0
DA:179,0
DA:180,0
DA:181,0
DA:185,0
DA:186,0
DA:187,0
DA:188,0
DA:189,0
DA:191,0
DA:193,0
DA:196,0
DA:197,0
DA:198,0
DA:199,0
DA:202,0
DA:205,0
DA:206,0
DA:207,0
DA:209,0
DA:213,0
DA:214,0
DA:215,0
DA:219,0
DA:220,0
DA:223,0
DA:227,0
DA:228,0
DA:230,0
DA:231,0
DA:235,0
DA:236,0
DA:239,0
DA:240,0
DA:244,0
DA:245,0
DA:246,0
DA:247,0
DA:248,0
DA:253,0
DA:254,0
DA:256,0
DA:260,0
DA:261,0
DA:262,0
DA:265,0
DA:266,0
DA:269,0
DA:270,0
DA:271,0
DA:274,0
DA:275,0
DA:278,0
DA:279,0
DA:282,0
DA:286,0
DA:287,0
DA:297,0
DA:319,0
DA:320,0
DA:321,0
DA:323,0
DA:329,0
DA:338,0
DA:358,0
DA:383,0
LF:122
LH:0
BRDA:24,0,0,0
BRDA:24,0,1,0
BRDA:25,1,0,0
BRDA:25,1,1,0
BRDA:25,1,2,0
BRDA:27,2,0,0
BRDA:27,2,1,0
BRDA:30,3,0,0
BRDA:30,3,1,0
BRDA:40,4,0,0
BRDA:40,4,1,0
BRDA:40,5,0,0
BRDA:40,5,1,0
BRDA:55,6,0,0
BRDA:55,6,1,0
BRDA:56,7,0,0
BRDA:56,7,1,0
BRDA:65,8,0,0
BRDA:65,8,1,0
BRDA:76,9,0,0
BRDA:76,9,1,0
BRDA:90,10,0,0
BRDA:90,10,1,0
BRDA:90,10,2,0
BRDA:90,10,3,0
BRDA:90,10,4,0
BRDA:90,10,5,0
BRDA:90,10,6,0
BRDA:101,11,0,0
BRDA:101,11,1,0
BRDA:101,12,0,0
BRDA:101,12,1,0
BRDA:115,13,0,0
BRDA:115,13,1,0
BRDA:120,14,0,0
BRDA:120,14,1,0
BRDA:121,15,0,0
BRDA:121,15,1,0
BRDA:127,16,0,0
BRDA:127,16,1,0
BRDA:132,17,0,0
BRDA:132,17,1,0
BRDA:151,18,0,0
BRDA:151,18,1,0
BRDA:151,18,2,0
BRDA:152,19,0,0
BRDA:152,19,1,0
BRDA:153,20,0,0
BRDA:153,20,1,0
BRDA:158,21,0,0
BRDA:158,21,1,0
BRDA:165,22,0,0
BRDA:165,22,1,0
BRDA:175,23,0,0
BRDA:175,23,1,0
BRDA:175,23,2,0
BRDA:177,24,0,0
BRDA:177,24,1,0
BRDA:177,25,0,0
BRDA:177,25,1,0
BRDA:180,26,0,0
BRDA:180,26,1,0
BRDA:181,27,0,0
BRDA:181,27,1,0
BRDA:188,28,0,0
BRDA:188,28,1,0
BRDA:193,29,0,0
BRDA:193,29,1,0
BRDA:198,30,0,0
BRDA:198,30,1,0
BRDA:206,31,0,0
BRDA:206,31,1,0
BRDA:228,32,0,0
BRDA:228,32,1,0
BRDA:230,33,0,0
BRDA:230,33,1,0
BRDA:235,34,0,0
BRDA:235,34,1,0
BRDA:235,35,0,0
BRDA:235,35,1,0
BRDA:240,36,0,0
BRDA:240,36,1,0
BRDA:247,37,0,0
BRDA:247,37,1,0
BRDA:253,38,0,0
BRDA:253,38,1,0
BRDA:286,39,0,0
BRDA:286,39,1,0
BRDA:350,40,0,0
BRDA:350,40,1,0
BRDA:351,41,0,0
BRDA:351,41,1,0
BRDA:352,42,0,0
BRDA:352,42,1,0
BRF:94
BRH:0
end_of_record
TN:
SF:src/components/tree-select/selected.js
FN:11,(anonymous_0)
FN:13,(anonymous_1)
FN:17,(anonymous_2)
FN:29,(anonymous_3)
FN:41,(anonymous_4)
FN:47,(anonymous_5)
FN:53,(anonymous_6)
FNF:7
FNH:0
FNDA:0,(anonymous_0)
FNDA:0,(anonymous_1)
FNDA:0,(anonymous_2)
FNDA:0,(anonymous_3)
FNDA:0,(anonymous_4)
FNDA:0,(anonymous_5)
FNDA:0,(anonymous_6)
DA:11,0
DA:12,0
DA:13,0
DA:18,0
DA:19,0
DA:21,0
DA:22,0
DA:30,0
DA:31,0
DA:32,0
DA:33,0
DA:38,0
DA:41,0
DA:42,0
DA:47,0
DA:48,0
DA:59,0
DA:61,0
DA:62,0
DA:67,0
DA:71,0
DA:86,0
DA:96,0
LF:23
LH:0
BRDA:12,0,0,0
BRDA:12,0,1,0
BRDA:13,1,0,0
BRDA:13,1,1,0
BRDA:23,2,0,0
BRDA:23,2,1,0
BRDA:31,3,0,0
BRDA:31,3,1,0
BRDA:34,4,0,0
BRDA:34,4,1,0
BRDA:65,5,0,0
BRDA:65,5,1,0
BRDA:65,5,2,0
BRDA:68,6,0,0
BRDA:68,6,1,0
BRDA:68,6,2,0
BRDA:76,7,0,0
BRDA:76,7,1,0
BRDA:77,8,0,0
BRDA:77,8,1,0
BRDA:78,9,0,0
BRDA:78,9,1,0
BRF:22
BRH:0
end_of_record
TN:
SF:src/components/tree-select/single-tree.js
FN:12,(anonymous_0)
FN:27,(anonymous_1)
FN:37,(anonymous_2)
FN:50,(anonymous_3)
FN:65,(anonymous_4)
FN:74,(anonymous_5)
FN:82,(anonymous_6)
FN:85,(anonymous_7)
FN:86,(anonymous_8)
FN:102,(anonymous_9)
FN:119,(anonymous_10)
FN:127,(anonymous_11)
FN:129,(anonymous_12)
FN:153,(anonymous_13)
FNF:14
FNH:0
FNDA:0,(anonymous_0)
FNDA:0,(anonymous_1)
FNDA:0,(anonymous_2)
FNDA:0,(anonymous_3)
FNDA:0,(anonymous_4)
FNDA:0,(anonymous_5)
FNDA:0,(anonymous_6)
FNDA:0,(anonymous_7)
FNDA:0,(anonymous_8)
FNDA:0,(anonymous_9)
FNDA:0,(anonymous_10)
FNDA:0,(anonymous_11)
FNDA:0,(anonymous_12)
FNDA:0,(anonymous_13)
DA:12,0
DA:13,0
DA:27,0
DA:28,0
DA:38,0
DA:40,0
DA:41,0
DA:51,0
DA:52,0
DA:53,0
DA:54,0
DA:55,0
DA:62,0
DA:65,0
DA:66,0
DA:67,0
DA:70,0
DA:71,0
DA:74,0
DA:75,0
DA:78,0
DA:79,0
DA:82,0
DA:83,0
DA:84,0
DA:85,0
DA:86,0
DA:87,0
DA:88,0
DA:90,0
DA:91,0
DA:92,0
DA:93,0
DA:94,0
DA:96,0
DA:99,0
DA:102,0
DA:103,0
DA:104,0
DA:105,0
DA:106,0
DA:107,0
DA:108,0
DA:110,0
DA:115,0
DA:119,0
DA:120,0
DA:121,0
DA:123,0
DA:124,0
DA:128,0
DA:129,0
DA:130,0
DA:135,0
DA:136,0
DA:140,0
DA:141,0
DA:154,0
DA:155,0
DA:156,0
DA:157,0
DA:158,0
DA:170,0
DA:182,0
LF:64
LH:0
BRDA:54,0,0,0
BRDA:54,0,1,0
BRDA:54,1,0,0
BRDA:54,1,1,0
BRDA:87,2,0,0
BRDA:87,2,1,0
BRDA:90,3,0,0
BRDA:90,3,1,0
BRDA:90,4,0,0
BRDA:90,4,1,0
BRDA:96,5,0,0
BRDA:96,5,1,0
BRDA:96,5,2,0
BRDA:103,6,0,0
BRDA:103,6,1,0
BRDA:105,7,0,0
BRDA:105,7,1,0
BRDA:120,8,0,0
BRDA:120,8,1,0
BRDA:127,9,0,0
BRDA:131,10,0,0
BRDA:131,10,1,0
BRDA:132,11,0,0
BRDA:132,11,1,0
BRDA:145,12,0,0
BRDA:145,12,1,0
BRDA:145,13,0,0
BRDA:145,13,1,0
BRDA:147,14,0,0
BRDA:147,14,1,0
BRDA:147,15,0,0
BRDA:147,15,1,0
BRDA:160,16,0,0
BRDA:160,16,1,0
BRDA:164,17,0,0
BRDA:164,17,1,0
BRF:36
BRH:0
end_of_record
TN:
SF:src/components/tree-select/tree.js
FN:12,(anonymous_0)
FN:21,(anonymous_1)
FN:42,(anonymous_2)
FN:46,(anonymous_3)
FN:75,(anonymous_4)
FNF:5
FNH:0
FNDA:0,(anonymous_0)
FNDA:0,(anonymous_1)
FNDA:0,(anonymous_2)
FNDA:0,(anonymous_3)
FNDA:0,(anonymous_4)
DA:12,0
DA:13,0
DA:22,0
DA:23,0
DA:42,0
DA:43,0
DA:59,0
DA:60,0
DA:63,0
DA:75,0
DA:82,0
DA:97,0
LF:12
LH:0
BRDA:65,0,0,0
BRDA:65,0,1,0
BRDA:75,1,0,0
BRDA:75,1,1,0
BRDA:76,2,0,0
BRDA:76,2,1,0
BRF:6
BRH:0
end_of_record
TN:
SF:src/components/upload/constant.js
FNF:0
FNH:0
DA:3,0
DA:8,0
LF:2
LH:0
BRF:0
BRH:0
end_of_record
TN:
SF:src/components/upload/http.js
FN:1,getError
FN:12,getBody
FN:26,http
FN:33,progress
FN:46,(anonymous_4)
FN:48,(anonymous_5)
FN:54,error
FN:58,onload
FN:77,(anonymous_8)
FN:78,(anonymous_9)
FN:85,(anonymous_10)
FNF:11
FNH:0
FNDA:0,getError
FNDA:0,getBody
FNDA:0,http
FNDA:0,progress
FNDA:0,(anonymous_4)
FNDA:0,(anonymous_5)
FNDA:0,error
FNDA:0,onload
FNDA:0,(anonymous_8)
FNDA:0,(anonymous_9)
FNDA:0,(anonymous_10)
DA:2,0
DA:3,0
DA:5,0
DA:6,0
DA:7,0
DA:9,0
DA:13,0
DA:15,0
DA:16,0
DA:19,0
DA:20,0
DA:22,0
DA:27,0
DA:29,0
DA:32,0
DA:33,0
DA:34,0
DA:36,0
DA:37,0
DA:40,0
DA:44,0
DA:45,0
DA:46,0
DA:47,0
DA:48,0
DA:49,0
DA:54,0
DA:55,0
DA:58,0
DA:60,0
DA:61,0
DA:63,0
DA:66,0
DA:68,0
DA:69,0
DA:72,0
DA:73,0
DA:76,0
DA:77,0
DA:79,0
DA:82,0
DA:84,0
DA:86,0
LF:43
LH:0
BRDA:13,0,0,0
BRDA:13,0,1,0
BRDA:15,1,0,0
BRDA:15,1,1,0
BRDA:29,2,0,0
BRDA:32,3,0,0
BRDA:32,3,1,0
BRDA:32,4,0,0
BRDA:32,4,1,0
BRDA:36,5,0,0
BRDA:36,5,1,0
BRDA:45,6,0,0
BRDA:45,6,1,0
BRDA:60,7,0,0
BRDA:60,7,1,0
BRDA:60,8,0,0
BRDA:60,8,1,0
BRDA:68,9,0,0
BRDA:68,9,1,0
BRDA:68,10,0,0
BRDA:68,10,1,0
BRDA:72,11,0,0
BRDA:72,11,1,0
BRF:23
BRH:0
end_of_record
TN:
SF:src/components/upload/index.js
FN:15,(anonymous_0)
FN:24,(anonymous_1)
FN:38,(anonymous_2)
FN:48,(anonymous_3)
FN:57,(anonymous_4)
FN:61,(anonymous_5)
FN:66,(anonymous_6)
FN:73,(anonymous_7)
FN:80,(anonymous_8)
FN:84,(anonymous_9)
FN:93,(anonymous_10)
FN:96,(anonymous_11)
FN:105,(anonymous_12)
FN:116,(anonymous_13)
FN:127,(anonymous_14)
FN:148,(anonymous_15)
FN:163,(anonymous_16)
FN:180,(anonymous_17)
FN:183,(anonymous_18)
FN:188,(anonymous_19)
FN:197,(anonymous_20)
FN:209,(anonymous_21)
FN:212,(anonymous_22)
FN:216,(anonymous_23)
FN:224,(anonymous_24)
FN:225,(anonymous_25)
FN:235,(anonymous_26)
FN:314,(anonymous_27)
FN:314,(anonymous_28)
FNF:29
FNH:0
FNDA:0,(anonymous_0)
FNDA:0,(anonymous_1)
FNDA:0,(anonymous_2)
FNDA:0,(anonymous_3)
FNDA:0,(anonymous_4)
FNDA:0,(anonymous_5)
FNDA:0,(anonymous_6)
FNDA:0,(anonymous_7)
FNDA:0,(anonymous_8)
FNDA:0,(anonymous_9)
FNDA:0,(anonymous_10)
FNDA:0,(anonymous_11)
FNDA:0,(anonymous_12)
FNDA:0,(anonymous_13)
FNDA:0,(anonymous_14)
FNDA:0,(anonymous_15)
FNDA:0,(anonymous_16)
FNDA:0,(anonymous_17)
FNDA:0,(anonymous_18)
FNDA:0,(anonymous_19)
FNDA:0,(anonymous_20)
FNDA:0,(anonymous_21)
FNDA:0,(anonymous_22)
FNDA:0,(anonymous_23)
FNDA:0,(anonymous_24)
FNDA:0,(anonymous_25)
FNDA:0,(anonymous_26)
FNDA:0,(anonymous_27)
FNDA:0,(anonymous_28)
DA:15,0
DA:16,0
DA:24,0
DA:25,0
DA:34,0
DA:36,0
DA:39,0
DA:41,0
DA:43,0
DA:49,0
DA:50,0
DA:54,0
DA:58,0
DA:61,0
DA:62,0
DA:63,0
DA:64,0
DA:66,0
DA:67,0
DA:68,0
DA:69,0
DA:71,0
DA:74,0
DA:81,0
DA:84,0
DA:86,0
DA:88,0
DA:90,0
DA:93,0
DA:94,0
DA:96,0
DA:98,0
DA:99,0
DA:100,0
DA:102,0
DA:105,0
DA:106,0
DA:108,0
DA:109,0
DA:116,0
DA:117,0
DA:119,0
DA:120,0
DA:127,0
DA:128,0
DA:129,0
DA:131,0
DA:134,0
DA:137,0
DA:138,0
DA:139,0
DA:140,0
DA:148,0
DA:149,0
DA:150,0
DA:151,0
DA:152,0
DA:164,0
DA:166,0
DA:168,0
DA:169,0
DA:170,0
DA:171,0
DA:174,0
DA:175,0
DA:177,0
DA:181,0
DA:182,0
DA:183,0
DA:184,0
DA:185,0
DA:188,0
DA:189,0
DA:190,0
DA:191,0
DA:198,0
DA:199,0
DA:200,0
DA:201,0
DA:210,0
DA:213,0
DA:214,0
DA:217,0
DA:218,0
DA:221,0
DA:225,0
DA:226,0
DA:227,0
DA:228,0
DA:231,0
DA:236,0
DA:237,0
DA:239,0
DA:249,0
DA:255,0
DA:277,0
DA:301,0
DA:314,0
LF:98
LH:0
BRDA:18,0,0,0
BRDA:18,0,1,0
BRDA:44,1,0,0
BRDA:44,1,1,0
BRDA:49,2,0,0
BRDA:49,2,1,0
BRDA:49,3,0,0
BRDA:49,3,1,0
BRDA:63,4,0,0
BRDA:63,4,1,0
BRDA:63,5,0,0
BRDA:63,5,1,0
BRDA:67,6,0,0
BRDA:67,6,1,0
BRDA:88,7,0,0
BRDA:88,7,1,0
BRDA:108,8,0,0
BRDA:108,8,1,0
BRDA:119,9,0,0
BRDA:119,9,1,0
BRDA:129,10,0,0
BRDA:129,10,1,0
BRDA:139,11,0,0
BRDA:139,11,1,0
BRDA:151,12,0,0
BRDA:151,12,1,0
BRDA:168,13,0,0
BRDA:168,13,1,0
BRDA:174,14,0,0
BRDA:174,14,1,0
BRDA:182,15,0,0
BRDA:182,15,1,0
BRDA:184,16,0,0
BRDA:184,16,1,0
BRDA:190,17,0,0
BRDA:190,17,1,0
BRDA:199,18,0,0
BRDA:199,18,1,0
BRDA:227,19,0,0
BRDA:227,19,1,0
BRDA:227,20,0,0
BRDA:227,20,1,0
BRDA:249,21,0,0
BRDA:249,21,1,0
BRDA:268,22,0,0
BRDA:268,22,1,0
BRF:46
BRH:0
end_of_record
TN:
SF:src/components/upload/list.js
FN:11,(anonymous_0)
FN:14,(anonymous_1)
FN:21,(anonymous_2)
FN:30,(anonymous_3)
FN:33,(anonymous_4)
FN:40,(anonymous_5)
FN:50,(anonymous_6)
FNF:7
FNH:0
FNDA:0,(anonymous_0)
FNDA:0,(anonymous_1)
FNDA:0,(anonymous_2)
FNDA:0,(anonymous_3)
FNDA:0,(anonymous_4)
FNDA:0,(anonymous_5)
FNDA:0,(anonymous_6)
DA:9,0
DA:11,0
DA:12,0
DA:14,0
DA:15,0
DA:22,0
DA:30,0
DA:31,0
DA:33,0
DA:34,0
DA:41,0
DA:51,0
DA:53,0
DA:57,0
DA:65,0
DA:71,0
LF:16
LH:0
BRDA:59,0,0,0
BRDA:59,0,1,0
BRF:2
BRH:0
end_of_record
TN:
SF:src/components/upload/utils.js
FN:1,getUuid
FNF:1
FNH:0
FNDA:0,getUuid
DA:2,0
DA:3,0
LF:2
LH:0
BRF:0
BRH:0
end_of_record
TN:
SF:src/contexts/context-provider.js
FN:16,(anonymous_0)
FNF:1
FNH:0
FNDA:0,(anonymous_0)
DA:17,0
LF:1
LH:0
BRDA:17,0,0,0
BRDA:17,0,1,0
BRF:2
BRH:0
end_of_record
TN:
SF:src/utils/config.js
FNF:0
FNH:0
DA:1,5
DA:2,5
LF:2
LH:2
BRF:0
BRH:0
end_of_record
TN:
SF:src/utils/flat.js
FN:1,flat
FN:2,(anonymous_1)
FN:4,(anonymous_2)
FNF:3
FNH:3
FNDA:12,flat
FNDA:12,(anonymous_1)
FNDA:828,(anonymous_2)
DA:2,12
DA:3,12
DA:4,828
DA:6,0
DA:8,12
LF:5
LH:4
BRDA:3,0,0,12
BRDA:3,0,1,0
BRDA:4,1,0,0
BRDA:4,1,1,828
BRF:4
BRH:2
end_of_record
TN:
SF:src/utils/get-root-window.js
FN:1,getRootWindow
FN:6,(anonymous_1)
FNF:2
FNH:0
FNDA:0,getRootWindow
FNDA:0,(anonymous_1)
DA:2,0
DA:4,0
DA:6,0
DA:7,0
DA:9,0
DA:10,0
DA:13,0
DA:14,0
DA:17,0
DA:19,0
DA:21,0
DA:25,0
LF:12
LH:0
BRDA:1,0,0,0
BRDA:4,1,0,0
BRDA:4,1,1,0
BRDA:9,2,0,0
BRDA:9,2,1,0
BRDA:9,3,0,0
BRDA:9,3,1,0
BRDA:13,4,0,0
BRDA:13,4,1,0
BRF:9
BRH:0
end_of_record
TN:
SF:src/utils/get-styles.js
FN:1,getCssText
FN:5,(anonymous_1)
FN:15,(anonymous_2)
FN:17,(anonymous_3)
FN:21,(anonymous_4)
FNF:5
FNH:0
FNDA:0,getCssText
FNDA:0,(anonymous_1)
FNDA:0,(anonymous_2)
FNDA:0,(anonymous_3)
FNDA:0,(anonymous_4)
DA:2,0
DA:4,0
DA:6,0
DA:7,0
DA:8,0
DA:13,0
DA:15,0
DA:17,0
DA:18,0
DA:20,0
DA:22,0
DA:23,0
DA:26,0
DA:27,0
DA:28,0
DA:31,0
DA:34,0
LF:17
LH:0
BRDA:7,0,0,0
BRDA:7,0,1,0
BRDA:7,1,0,0
BRDA:7,1,1,0
BRDA:22,2,0,0
BRDA:22,2,1,0
BRDA:26,3,0,0
BRDA:26,3,1,0
BRF:8
BRH:0
end_of_record
TN:
SF:src/utils/index.js
FNF:0
FNH:0
LF:0
LH:0
BRF:0
BRH:0
end_of_record
TN:
SF:src/utils/noop.js
FN:1,(anonymous_0)
FNF:1
FNH:0
FNDA:0,(anonymous_0)
DA:1,5
LF:1
LH:1
BRF:0
BRH:0
end_of_record
TN:
SF:src/utils/omit.js
FN:1,(anonymous_0)
FN:1,(anonymous_1)
FNF:2
FNH:2
FNDA:40,(anonymous_0)
FNDA:524,(anonymous_1)
DA:1,40
DA:2,524
DA:3,268
DA:5,524
LF:4
LH:4
BRDA:2,0,0,268
BRDA:2,0,1,256
BRF:2
BRH:2
end_of_record
TN:
SF:src/utils/sandbox-selector.js
FNF:0
FNH:0
DA:1,5
LF:1
LH:1
BRF:0
BRH:0
end_of_record
