TN:
SF:src/components/index.js
FNF:0
FNH:0
DA:7,0
DA:8,0
DA:11,0
DA:12,0
DA:13,0
DA:14,0
DA:15,0
DA:16,0
DA:20,0
LF:9
LH:0
BRDA:7,0,0,0
BRDA:7,0,1,0
BRDA:15,1,0,0
BRDA:15,1,1,0
BRF:4
BRH:0
end_of_record
TN:
SF:src/components/avatar/index.js
FN:9,Avatar
FN:13,(anonymous_1)
FN:25,(anonymous_2)
FNF:3
FNH:0
FNDA:0,Avatar
FNDA:0,(anonymous_1)
FNDA:0,(anonymous_2)
DA:7,0
DA:10,0
DA:11,0
DA:13,0
DA:14,0
DA:17,0
DA:18,0
DA:19,0
DA:20,0
DA:21,0
DA:22,0
DA:25,0
DA:26,0
DA:27,0
DA:28,0
DA:29,0
DA:35,0
DA:36,0
DA:44,0
DA:45,0
DA:46,0
DA:47,0
DA:48,0
DA:49,0
DA:51,0
DA:53,0
DA:66,0
DA:75,0
LF:28
LH:0
BRDA:18,0,0,0
BRDA:19,1,0,0
BRDA:19,1,1,0
BRDA:20,2,0,0
BRDA:20,2,1,0
BRDA:27,3,0,0
BRDA:27,3,1,0
BRDA:28,4,0,0
BRDA:28,4,1,0
BRDA:35,5,0,0
BRDA:35,5,1,0
BRDA:35,6,0,0
BRDA:35,6,1,0
BRDA:44,7,0,0
BRDA:44,7,1,0
BRDA:46,8,0,0
BRDA:46,8,1,0
BRDA:48,9,0,0
BRDA:48,9,1,0
BRF:19
BRH:0
end_of_record
TN:
SF:src/components/badge/index.js
FN:10,Badge
FN:13,(anonymous_1)
FN:52,(anonymous_2)
FNF:3
FNH:0
FNDA:0,Badge
FNDA:0,(anonymous_1)
FNDA:0,(anonymous_2)
DA:8,0
DA:11,0
DA:13,0
DA:14,0
DA:17,0
DA:35,0
DA:45,0
LF:7
LH:0
BRDA:28,0,0,0
BRDA:28,0,1,0
BRDA:29,1,0,0
BRDA:29,1,1,0
BRDA:30,2,0,0
BRDA:30,2,1,0
BRF:6
BRH:0
end_of_record
TN:
SF:src/components/bread-crumbs/index.js
FN:11,BreadCrumbs
FN:17,(anonymous_1)
FN:28,(anonymous_2)
FN:44,(anonymous_3)
FN:47,(anonymous_4)
FNF:5
FNH:3
FNDA:6,BreadCrumbs
FNDA:4,(anonymous_1)
FNDA:0,(anonymous_2)
FNDA:8,(anonymous_3)
FNDA:0,(anonymous_4)
DA:8,1
DA:9,1
DA:12,6
DA:14,6
DA:15,6
DA:17,6
DA:18,4
DA:19,4
DA:21,4
DA:22,0
DA:24,4
DA:28,6
DA:29,0
DA:30,0
DA:33,6
DA:35,6
DA:46,8
DA:47,0
DA:65,1
DA:72,1
LF:20
LH:16
BRDA:21,0,0,0
BRDA:21,0,1,4
BRDA:48,1,0,8
BRDA:48,1,1,8
BRDA:48,1,2,0
BRDA:51,2,0,8
BRDA:51,2,1,4
BRDA:52,3,0,8
BRDA:52,3,1,0
BRDA:52,3,2,0
BRF:10
BRH:6
end_of_record
TN:
SF:src/components/button/index.js
FN:9,ButtonGroup
FN:14,(anonymous_1)
FN:54,(anonymous_2)
FNF:3
FNH:3
FNDA:3,ButtonGroup
FNDA:3,(anonymous_1)
FNDA:254,(anonymous_2)
DA:10,3
DA:12,3
DA:14,3
DA:24,19
DA:26,19
DA:39,19
DA:52,19
DA:55,254
DA:73,254
DA:75,254
DA:76,254
DA:89,254
DA:98,254
DA:107,23
DA:110,254
LF:15
LH:15
BRDA:75,0,0,1
BRDA:75,0,1,253
BRDA:80,1,0,254
BRDA:80,1,1,88
BRDA:80,1,2,88
BRDA:89,2,0,148
BRDA:89,2,1,106
BRDA:89,3,0,254
BRDA:89,3,1,254
BRDA:89,3,2,254
BRDA:89,3,3,254
BRDA:89,3,4,197
BRDA:98,4,0,23
BRDA:98,4,1,231
BRDA:99,5,0,254
BRDA:99,5,1,47
BRDA:99,5,2,27
BRDA:99,5,3,27
BRDA:99,5,4,23
BRDA:99,5,5,23
BRDA:99,5,6,23
BRDA:114,6,0,254
BRDA:114,6,1,239
BRDA:117,7,0,254
BRDA:117,7,1,253
BRDA:118,8,0,1
BRDA:118,8,1,253
BRDA:119,9,0,1
BRDA:119,9,1,253
BRDA:122,10,0,254
BRDA:122,10,1,2
BRDA:123,11,0,254
BRDA:123,11,1,0
BRF:33
BRH:32
end_of_record
TN:
SF:src/components/c-cascader/index.js
FN:9,highlightKeyword
FN:14,(anonymous_1)
FN:21,(anonymous_2)
FN:43,(anonymous_3)
FN:49,(anonymous_4)
FN:69,(anonymous_5)
FN:72,(anonymous_6)
FN:75,(anonymous_7)
FN:79,(anonymous_8)
FN:85,(anonymous_9)
FN:93,(anonymous_10)
FN:122,(anonymous_11)
FN:123,(anonymous_12)
FNF:13
FNH:0
FNDA:0,highlightKeyword
FNDA:0,(anonymous_1)
FNDA:0,(anonymous_2)
FNDA:0,(anonymous_3)
FNDA:0,(anonymous_4)
FNDA:0,(anonymous_5)
FNDA:0,(anonymous_6)
FNDA:0,(anonymous_7)
FNDA:0,(anonymous_8)
FNDA:0,(anonymous_9)
FNDA:0,(anonymous_10)
FNDA:0,(anonymous_11)
FNDA:0,(anonymous_12)
DA:10,0
DA:15,0
DA:18,0
DA:19,0
DA:21,0
DA:22,0
DA:23,0
DA:24,0
DA:26,0
DA:27,0
DA:38,0
DA:41,0
DA:43,0
DA:44,0
DA:47,0
DA:49,0
DA:50,0
DA:51,0
DA:54,0
DA:55,0
DA:56,0
DA:57,0
DA:60,0
DA:62,0
DA:65,0
DA:70,0
DA:73,0
DA:75,0
DA:79,0
DA:80,0
DA:86,0
DA:87,0
DA:88,0
DA:93,0
DA:94,0
DA:95,0
DA:98,0
DA:102,0
DA:103,0
DA:109,0
DA:111,0
DA:121,0
DA:124,0
DA:144,0
LF:44
LH:0
BRDA:15,0,0,0
BRDA:15,0,1,0
BRDA:26,1,0,0
BRDA:26,1,1,0
BRDA:50,2,0,0
BRDA:50,2,1,0
BRDA:56,3,0,0
BRDA:56,3,1,0
BRDA:56,4,0,0
BRDA:56,4,1,0
BRDA:87,5,0,0
BRDA:87,5,1,0
BRDA:88,6,0,0
BRDA:88,6,1,0
BRDA:94,7,0,0
BRDA:94,7,1,0
BRDA:102,8,0,0
BRDA:102,8,1,0
BRDA:124,9,0,0
BRDA:124,9,1,0
BRF:20
BRH:0
end_of_record
TN:
SF:src/components/c-menu/MenuContext.js
FNF:0
FNH:0
DA:3,0
LF:1
LH:0
BRF:0
BRH:0
end_of_record
TN:
SF:src/components/c-menu/MenuItem.js
FN:14,(anonymous_0)
FN:34,(anonymous_1)
FN:46,(anonymous_2)
FN:53,(anonymous_3)
FNF:4
FNH:0
FNDA:0,(anonymous_0)
FNDA:0,(anonymous_1)
FNDA:0,(anonymous_2)
FNDA:0,(anonymous_3)
DA:12,0
DA:15,0
DA:16,0
DA:17,0
DA:18,0
DA:19,0
DA:21,0
DA:22,0
DA:28,0
DA:31,0
DA:35,0
DA:36,0
DA:47,0
DA:48,0
DA:50,0
DA:54,0
DA:55,0
DA:56,0
DA:57,0
LF:19
LH:0
BRDA:18,0,0,0
BRDA:18,0,1,0
BRDA:18,1,0,0
BRDA:18,1,1,0
BRDA:21,2,0,0
BRDA:21,2,1,0
BRDA:21,3,0,0
BRDA:21,3,1,0
BRDA:21,3,2,0
BRDA:22,4,0,0
BRDA:22,4,1,0
BRDA:23,5,0,0
BRDA:23,5,1,0
BRDA:23,5,2,0
BRDA:23,5,3,0
BRDA:37,6,0,0
BRDA:37,6,1,0
BRDA:47,7,0,0
BRDA:47,7,1,0
BRDA:47,8,0,0
BRDA:47,8,1,0
BRDA:47,8,2,0
BRDA:60,9,0,0
BRDA:60,9,1,0
BRDA:61,10,0,0
BRDA:61,10,1,0
BRDA:61,11,0,0
BRDA:61,11,1,0
BRF:28
BRH:0
end_of_record
TN:
SF:src/components/c-menu/SubMenu.js
FN:10,SubMenu
FNF:1
FNH:0
FNDA:0,SubMenu
DA:11,0
DA:12,0
DA:13,0
DA:14,0
DA:17,0
DA:18,0
DA:24,0
DA:26,0
DA:29,0
DA:30,0
DA:46,0
LF:11
LH:0
BRDA:17,0,0,0
BRDA:17,0,1,0
BRDA:18,1,0,0
BRDA:18,1,1,0
BRDA:19,2,0,0
BRDA:19,2,1,0
BRDA:19,2,2,0
BRDA:19,2,3,0
BRDA:29,3,0,0
BRDA:29,3,1,0
BRDA:32,4,0,0
BRDA:32,4,1,0
BRDA:41,5,0,0
BRDA:41,5,1,0
BRDA:41,6,0,0
BRDA:41,6,1,0
BRDA:57,7,0,0
BRDA:57,7,1,0
BRDA:57,8,0,0
BRDA:57,8,1,0
BRDA:60,9,0,0
BRDA:60,9,1,0
BRF:22
BRH:0
end_of_record
TN:
SF:src/components/c-menu/index.js
FN:29,(anonymous_0)
FN:36,(anonymous_1)
FN:65,(anonymous_2)
FN:91,(anonymous_3)
FN:101,(anonymous_4)
FNF:5
FNH:0
FNDA:0,(anonymous_0)
FNDA:0,(anonymous_1)
FNDA:0,(anonymous_2)
FNDA:0,(anonymous_3)
FNDA:0,(anonymous_4)
DA:16,0
DA:21,0
DA:25,0
DA:29,0
DA:30,0
DA:36,0
DA:44,0
DA:45,0
DA:46,0
DA:65,0
DA:92,0
DA:97,0
DA:99,0
DA:102,0
LF:14
LH:0
BRDA:49,0,0,0
BRDA:49,0,1,0
BRDA:51,1,0,0
BRDA:51,1,1,0
BRDA:58,2,0,0
BRDA:58,2,1,0
BRDA:58,2,2,0
BRDA:58,2,3,0
BRDA:61,3,0,0
BRDA:61,3,1,0
BRDA:61,3,2,0
BRDA:72,4,0,0
BRDA:72,4,1,0
BRDA:74,5,0,0
BRDA:74,5,1,0
BRF:15
BRH:0
end_of_record
TN:
SF:src/components/c-menu/reactNode.js
FN:5,replaceElement
FN:14,cloneElement
FNF:2
FNH:0
FNDA:0,replaceElement
FNDA:0,cloneElement
DA:3,0
DA:6,0
DA:8,0
DA:15,0
LF:4
LH:0
BRDA:6,0,0,0
BRDA:6,0,1,0
BRDA:10,1,0,0
BRDA:10,1,1,0
BRDA:10,2,0,0
BRDA:10,2,1,0
BRF:6
BRH:0
end_of_record
TN:
SF:src/components/c-menu/toArray.js
FN:16,toArray
FN:20,(anonymous_1)
FNF:2
FNH:0
FNDA:0,toArray
FNDA:0,(anonymous_1)
DA:5,0
DA:7,0
DA:10,0
DA:12,0
DA:14,0
DA:17,0
DA:18,0
DA:20,0
DA:21,0
DA:22,0
DA:25,0
DA:26,0
DA:27,0
DA:28,0
DA:30,0
DA:34,0
LF:16
LH:0
BRDA:17,0,0,0
BRDA:17,0,1,0
BRDA:17,1,0,0
BRDA:17,1,1,0
BRDA:21,2,0,0
BRDA:21,2,1,0
BRDA:21,3,0,0
BRDA:21,3,1,0
BRDA:21,3,2,0
BRDA:25,4,0,0
BRDA:25,4,1,0
BRDA:27,5,0,0
BRDA:27,5,1,0
BRDA:27,6,0,0
BRDA:27,6,1,0
BRF:15
BRH:0
end_of_record
TN:
SF:src/components/c-picker/formats.js
FNF:0
FNH:0
DA:1,0
DA:2,0
DA:3,0
DA:4,0
DA:5,0
DA:6,0
LF:6
LH:0
BRF:0
BRH:0
end_of_record
TN:
SF:src/components/c-picker/index.js
FNF:0
FNH:0
DA:10,0
DA:12,0
DA:14,0
DA:15,0
DA:16,0
DA:17,0
DA:18,0
LF:7
LH:0
BRF:0
BRH:0
end_of_record
TN:
SF:src/components/c-picker/utils.js
FN:7,(anonymous_0)
FN:9,(anonymous_1)
FNF:2
FNH:0
FNDA:0,(anonymous_0)
FNDA:0,(anonymous_1)
DA:4,0
DA:5,0
DA:7,0
DA:8,0
DA:9,0
DA:11,0
DA:12,0
DA:13,0
DA:15,0
DA:17,0
DA:18,0
DA:23,0
DA:24,0
DA:25,0
DA:27,0
DA:29,0
LF:16
LH:0
BRDA:8,0,0,0
BRDA:8,0,1,0
BRDA:11,1,0,0
BRDA:11,1,1,0
BRDA:12,2,0,0
BRDA:12,2,1,0
BRDA:17,3,0,0
BRDA:17,3,1,0
BRDA:23,4,0,0
BRDA:23,4,1,0
BRDA:24,5,0,0
BRDA:24,5,1,0
BRF:12
BRH:0
end_of_record
TN:
SF:src/components/c-picker/generator/index.js
FN:4,generatePicker
FNF:1
FNH:0
FNDA:0,generatePicker
DA:13,0
DA:17,0
DA:19,0
LF:3
LH:0
BRF:0
BRH:0
end_of_record
TN:
SF:src/components/c-picker/generator/range.js
FN:10,generateRangePicker
FN:11,getRangePicker
FN:15,(anonymous_2)
FN:21,(anonymous_3)
FN:27,(anonymous_4)
FNF:5
FNH:0
FNDA:0,generateRangePicker
FNDA:0,getRangePicker
FNDA:0,(anonymous_2)
FNDA:0,(anonymous_3)
FNDA:0,(anonymous_4)
DA:13,0
DA:15,0
DA:16,0
DA:17,0
DA:21,0
DA:22,0
DA:23,0
DA:34,0
DA:35,0
DA:36,0
DA:38,0
DA:39,0
DA:40,0
DA:43,0
DA:52,0
DA:56,0
DA:104,0
DA:105,0
DA:108,0
DA:111,0
DA:112,0
DA:114,0
LF:22
LH:0
BRDA:16,0,0,0
BRDA:16,0,1,0
BRDA:22,1,0,0
BRDA:22,1,1,0
BRDA:31,2,0,0
BRDA:39,3,0,0
BRDA:39,3,1,0
BRDA:45,4,0,0
BRDA:45,4,1,0
BRDA:46,5,0,0
BRDA:46,5,1,0
BRDA:52,6,0,0
BRDA:52,6,1,0
BRDA:65,7,0,0
BRDA:65,7,1,0
BRDA:68,8,0,0
BRDA:68,8,1,0
BRDA:69,9,0,0
BRDA:69,9,1,0
BRDA:69,10,0,0
BRDA:69,10,1,0
BRDA:74,11,0,0
BRDA:74,11,1,0
BRDA:104,12,0,0
BRDA:104,12,1,0
BRF:25
BRH:0
end_of_record
TN:
SF:src/components/c-picker/generator/single.js
FN:10,generateSinglePicker
FN:11,getPicker
FN:15,(anonymous_2)
FN:21,(anonymous_3)
FN:27,(anonymous_4)
FNF:5
FNH:0
FNDA:0,generateSinglePicker
FNDA:0,getPicker
FNDA:0,(anonymous_2)
FNDA:0,(anonymous_3)
FNDA:0,(anonymous_4)
DA:13,0
DA:15,0
DA:16,0
DA:17,0
DA:21,0
DA:22,0
DA:23,0
DA:34,0
DA:35,0
DA:36,0
DA:38,0
DA:39,0
DA:40,0
DA:42,0
DA:43,0
DA:45,0
DA:47,0
DA:57,0
DA:98,0
DA:99,0
DA:102,0
DA:105,0
DA:106,0
DA:107,0
DA:108,0
DA:109,0
DA:110,0
DA:112,0
LF:28
LH:0
BRDA:16,0,0,0
BRDA:16,0,1,0
BRDA:22,1,0,0
BRDA:22,1,1,0
BRDA:31,2,0,0
BRDA:39,3,0,0
BRDA:39,3,1,0
BRDA:42,4,0,0
BRDA:42,4,1,0
BRDA:45,5,0,0
BRDA:45,5,1,0
BRDA:49,6,0,0
BRDA:49,6,1,0
BRDA:52,7,0,0
BRDA:52,7,1,0
BRDA:61,8,0,0
BRDA:61,8,1,0
BRDA:64,9,0,0
BRDA:64,9,1,0
BRDA:68,10,0,0
BRDA:68,10,1,0
BRDA:98,11,0,0
BRDA:98,11,1,0
BRF:23
BRH:0
end_of_record
TN:
SF:src/components/c-picker/generator/utils.js
FN:1,toArray
FN:9,getTimeProps
FNF:2
FNH:0
FNDA:0,toArray
FNDA:0,getTimeProps
DA:2,0
DA:3,0
DA:5,0
DA:11,0
DA:12,0
DA:13,0
DA:15,0
DA:16,0
DA:17,0
DA:19,0
DA:20,0
DA:22,0
DA:27,0
DA:30,0
DA:34,0
DA:38,0
DA:39,0
DA:42,0
DA:44,0
DA:47,0
LF:20
LH:0
BRDA:2,0,0,0
BRDA:2,0,1,0
BRDA:5,1,0,0
BRDA:5,1,1,0
BRDA:15,2,0,0
BRDA:15,2,1,0
BRDA:15,3,0,0
BRDA:15,3,1,0
BRDA:16,4,0,0
BRDA:16,4,1,0
BRDA:16,5,0,0
BRDA:16,5,1,0
BRDA:19,6,0,0
BRDA:19,6,1,0
BRDA:19,7,0,0
BRDA:19,7,1,0
BRDA:22,8,0,0
BRDA:22,8,1,0
BRDA:23,9,0,0
BRDA:23,9,1,0
BRDA:23,9,2,0
BRDA:30,10,0,0
BRDA:30,10,1,0
BRDA:31,11,0,0
BRDA:31,11,1,0
BRDA:31,11,2,0
BRDA:38,12,0,0
BRDA:38,12,1,0
BRDA:42,13,0,0
BRDA:42,13,1,0
BRF:30
BRH:0
end_of_record
TN:
SF:src/components/c-picker/generator/components/index.js
FNF:0
FNH:0
LF:0
LH:0
BRF:0
BRH:0
end_of_record
TN:
SF:src/components/c-picker/generator/components/picker-button.js
FN:4,PickerButton
FNF:1
FNH:0
FNDA:0,PickerButton
DA:5,0
LF:1
LH:0
BRF:0
BRH:0
end_of_record
TN:
SF:src/components/c-picker/generator/components/picker-tag.js
FN:4,PickerTag
FNF:1
FNH:0
FNDA:0,PickerTag
DA:5,0
LF:1
LH:0
BRF:0
BRH:0
end_of_record
TN:
SF:src/components/c-picker/pickers/date-range.js
FN:16,(anonymous_0)
FN:68,(anonymous_1)
FN:76,(anonymous_2)
FN:97,(anonymous_3)
FN:111,(anonymous_4)
FN:116,(anonymous_5)
FN:127,(anonymous_6)
FN:140,(anonymous_7)
FN:145,(anonymous_8)
FN:157,(anonymous_9)
FN:171,(anonymous_10)
FN:172,(anonymous_11)
FN:173,(anonymous_12)
FN:178,(anonymous_13)
FN:190,(anonymous_14)
FN:205,(anonymous_15)
FN:210,(anonymous_16)
FN:217,(anonymous_17)
FNF:18
FNH:0
FNDA:0,(anonymous_0)
FNDA:0,(anonymous_1)
FNDA:0,(anonymous_2)
FNDA:0,(anonymous_3)
FNDA:0,(anonymous_4)
FNDA:0,(anonymous_5)
FNDA:0,(anonymous_6)
FNDA:0,(anonymous_7)
FNDA:0,(anonymous_8)
FNDA:0,(anonymous_9)
FNDA:0,(anonymous_10)
FNDA:0,(anonymous_11)
FNDA:0,(anonymous_12)
FNDA:0,(anonymous_13)
FNDA:0,(anonymous_14)
FNDA:0,(anonymous_15)
FNDA:0,(anonymous_16)
FNDA:0,(anonymous_17)
DA:14,0
DA:16,0
DA:58,0
DA:61,0
DA:62,0
DA:63,0
DA:64,0
DA:65,0
DA:68,0
DA:69,0
DA:70,0
DA:72,0
DA:75,0
DA:77,0
DA:78,0
DA:82,0
DA:86,0
DA:96,0
DA:98,0
DA:99,0
DA:100,0
DA:101,0
DA:103,0
DA:105,0
DA:110,0
DA:112,0
DA:113,0
DA:114,0
DA:117,0
DA:118,0
DA:120,0
DA:123,0
DA:125,0
DA:128,0
DA:129,0
DA:131,0
DA:139,0
DA:141,0
DA:142,0
DA:143,0
DA:146,0
DA:147,0
DA:149,0
DA:153,0
DA:155,0
DA:158,0
DA:159,0
DA:161,0
DA:170,0
DA:172,0
DA:173,0
DA:174,0
DA:175,0
DA:176,0
DA:179,0
DA:180,0
DA:182,0
DA:186,0
DA:188,0
DA:191,0
DA:192,0
DA:194,0
DA:199,0
DA:205,0
DA:206,0
DA:207,0
DA:209,0
DA:210,0
DA:212,0
DA:215,0
DA:217,0
DA:221,0
LF:72
LH:0
BRDA:37,0,0,0
BRDA:40,1,0,0
BRDA:41,2,0,0
BRDA:62,3,0,0
BRDA:62,3,1,0
BRDA:62,4,0,0
BRDA:62,4,1,0
BRDA:64,5,0,0
BRDA:64,5,1,0
BRDA:69,6,0,0
BRDA:69,6,1,0
BRDA:69,7,0,0
BRDA:69,7,1,0
BRDA:78,8,0,0
BRDA:78,8,1,0
BRDA:79,9,0,0
BRDA:79,9,1,0
BRDA:82,10,0,0
BRDA:82,10,1,0
BRDA:83,11,0,0
BRDA:83,11,1,0
BRDA:87,12,0,0
BRDA:87,12,1,0
BRDA:87,12,2,0
BRDA:87,12,3,0
BRDA:87,12,4,0
BRDA:87,12,5,0
BRDA:87,12,6,0
BRDA:87,12,7,0
BRDA:98,13,0,0
BRDA:98,13,1,0
BRDA:99,14,0,0
BRDA:99,14,1,0
BRDA:100,15,0,0
BRDA:100,15,1,0
BRDA:101,16,0,0
BRDA:101,16,1,0
BRDA:103,17,0,0
BRDA:103,17,1,0
BRDA:105,18,0,0
BRDA:105,18,1,0
BRDA:112,19,0,0
BRDA:112,19,1,0
BRDA:113,20,0,0
BRDA:113,20,1,0
BRDA:115,21,0,0
BRDA:115,21,1,0
BRDA:117,22,0,0
BRDA:117,22,1,0
BRDA:118,23,0,0
BRDA:118,23,1,0
BRDA:120,24,0,0
BRDA:120,24,1,0
BRDA:126,25,0,0
BRDA:126,25,1,0
BRDA:128,26,0,0
BRDA:128,26,1,0
BRDA:129,27,0,0
BRDA:129,27,1,0
BRDA:131,28,0,0
BRDA:131,28,1,0
BRDA:141,29,0,0
BRDA:141,29,1,0
BRDA:142,30,0,0
BRDA:142,30,1,0
BRDA:144,31,0,0
BRDA:144,31,1,0
BRDA:146,32,0,0
BRDA:146,32,1,0
BRDA:147,33,0,0
BRDA:147,33,1,0
BRDA:149,34,0,0
BRDA:149,34,1,0
BRDA:156,35,0,0
BRDA:156,35,1,0
BRDA:158,36,0,0
BRDA:158,36,1,0
BRDA:159,37,0,0
BRDA:159,37,1,0
BRDA:161,38,0,0
BRDA:161,38,1,0
BRDA:172,39,0,0
BRDA:172,39,1,0
BRDA:172,40,0,0
BRDA:172,40,1,0
BRDA:173,41,0,0
BRDA:173,41,1,0
BRDA:173,42,0,0
BRDA:173,42,1,0
BRDA:174,43,0,0
BRDA:174,43,1,0
BRDA:175,44,0,0
BRDA:175,44,1,0
BRDA:177,45,0,0
BRDA:177,45,1,0
BRDA:179,46,0,0
BRDA:179,46,1,0
BRDA:180,47,0,0
BRDA:180,47,1,0
BRDA:182,48,0,0
BRDA:182,48,1,0
BRDA:189,49,0,0
BRDA:189,49,1,0
BRDA:191,50,0,0
BRDA:191,50,1,0
BRDA:199,51,0,0
BRDA:199,51,1,0
BRDA:206,52,0,0
BRDA:206,52,1,0
BRDA:209,53,0,0
BRDA:209,53,1,0
BRDA:217,54,0,0
BRDA:217,54,1,0
BRDA:217,55,0,0
BRDA:217,55,1,0
BRDA:226,56,0,0
BRDA:226,56,1,0
BRDA:227,57,0,0
BRDA:227,57,1,0
BRDA:228,58,0,0
BRDA:228,58,1,0
BRDA:233,59,0,0
BRDA:233,59,1,0
BRDA:235,60,0,0
BRDA:235,60,1,0
BRDA:253,61,0,0
BRDA:253,61,1,0
BRF:127
BRH:0
end_of_record
TN:
SF:src/components/c-picker/pickers/date.js
FN:16,(anonymous_0)
FN:65,(anonymous_1)
FN:73,(anonymous_2)
FN:88,(anonymous_3)
FN:101,(anonymous_4)
FN:114,(anonymous_5)
FN:126,(anonymous_6)
FN:131,(anonymous_7)
FN:137,(anonymous_8)
FN:154,(anonymous_9)
FNF:10
FNH:0
FNDA:0,(anonymous_0)
FNDA:0,(anonymous_1)
FNDA:0,(anonymous_2)
FNDA:0,(anonymous_3)
FNDA:0,(anonymous_4)
FNDA:0,(anonymous_5)
FNDA:0,(anonymous_6)
FNDA:0,(anonymous_7)
FNDA:0,(anonymous_8)
FNDA:0,(anonymous_9)
DA:14,0
DA:16,0
DA:59,0
DA:62,0
DA:63,0
DA:65,0
DA:66,0
DA:67,0
DA:69,0
DA:72,0
DA:74,0
DA:75,0
DA:76,0
DA:78,0
DA:81,0
DA:87,0
DA:89,0
DA:90,0
DA:91,0
DA:93,0
DA:100,0
DA:102,0
DA:103,0
DA:104,0
DA:106,0
DA:113,0
DA:115,0
DA:116,0
DA:117,0
DA:119,0
DA:126,0
DA:127,0
DA:128,0
DA:130,0
DA:131,0
DA:133,0
DA:136,0
DA:138,0
DA:139,0
DA:141,0
DA:143,0
DA:153,0
DA:155,0
DA:156,0
DA:157,0
DA:159,0
DA:161,0
DA:166,0
DA:171,0
LF:49
LH:0
BRDA:37,0,0,0
BRDA:63,1,0,0
BRDA:63,1,1,0
BRDA:63,2,0,0
BRDA:63,2,1,0
BRDA:66,3,0,0
BRDA:66,3,1,0
BRDA:74,4,0,0
BRDA:74,4,1,0
BRDA:75,5,0,0
BRDA:75,5,1,0
BRDA:76,6,0,0
BRDA:76,6,1,0
BRDA:89,7,0,0
BRDA:89,7,1,0
BRDA:90,8,0,0
BRDA:90,8,1,0
BRDA:91,9,0,0
BRDA:91,9,1,0
BRDA:93,10,0,0
BRDA:93,10,1,0
BRDA:102,11,0,0
BRDA:102,11,1,0
BRDA:103,12,0,0
BRDA:103,12,1,0
BRDA:104,13,0,0
BRDA:104,13,1,0
BRDA:106,14,0,0
BRDA:106,14,1,0
BRDA:115,15,0,0
BRDA:115,15,1,0
BRDA:116,16,0,0
BRDA:116,16,1,0
BRDA:117,17,0,0
BRDA:117,17,1,0
BRDA:127,18,0,0
BRDA:127,18,1,0
BRDA:130,19,0,0
BRDA:130,19,1,0
BRDA:139,20,0,0
BRDA:139,20,1,0
BRDA:140,21,0,0
BRDA:140,21,1,0
BRDA:141,22,0,0
BRDA:141,22,1,0
BRDA:142,23,0,0
BRDA:142,23,1,0
BRDA:144,24,0,0
BRDA:144,24,1,0
BRDA:144,24,2,0
BRDA:144,24,3,0
BRDA:144,24,4,0
BRDA:144,24,5,0
BRDA:144,24,6,0
BRDA:144,24,7,0
BRDA:155,25,0,0
BRDA:155,25,1,0
BRDA:156,26,0,0
BRDA:156,26,1,0
BRDA:157,27,0,0
BRDA:157,27,1,0
BRDA:159,28,0,0
BRDA:159,28,1,0
BRDA:167,29,0,0
BRDA:167,29,1,0
BRDA:175,30,0,0
BRDA:175,30,1,0
BRDA:178,31,0,0
BRDA:178,31,1,0
BRDA:180,32,0,0
BRDA:180,32,1,0
BRDA:199,33,0,0
BRDA:199,33,1,0
BRF:73
BRH:0
end_of_record
TN:
SF:src/components/c-picker/pickers/month.js
FN:9,(anonymous_0)
FN:52,(anonymous_1)
FN:57,(anonymous_2)
FN:68,(anonymous_3)
FN:77,(anonymous_4)
FN:85,(anonymous_5)
FN:90,(anonymous_6)
FN:96,(anonymous_7)
FN:109,(anonymous_8)
FNF:9
FNH:0
FNDA:0,(anonymous_0)
FNDA:0,(anonymous_1)
FNDA:0,(anonymous_2)
FNDA:0,(anonymous_3)
FNDA:0,(anonymous_4)
FNDA:0,(anonymous_5)
FNDA:0,(anonymous_6)
FNDA:0,(anonymous_7)
FNDA:0,(anonymous_8)
DA:7,0
DA:9,0
DA:47,0
DA:48,0
DA:49,0
DA:50,0
DA:52,0
DA:53,0
DA:56,0
DA:58,0
DA:59,0
DA:61,0
DA:67,0
DA:69,0
DA:70,0
DA:76,0
DA:78,0
DA:79,0
DA:85,0
DA:86,0
DA:87,0
DA:89,0
DA:90,0
DA:92,0
DA:95,0
DA:97,0
DA:98,0
DA:108,0
DA:110,0
DA:111,0
DA:113,0
DA:118,0
LF:32
LH:0
BRDA:28,0,0,0
BRDA:48,1,0,0
BRDA:48,1,1,0
BRDA:53,2,0,0
BRDA:53,2,1,0
BRDA:58,3,0,0
BRDA:58,3,1,0
BRDA:59,4,0,0
BRDA:59,4,1,0
BRDA:69,5,0,0
BRDA:69,5,1,0
BRDA:70,6,0,0
BRDA:70,6,1,0
BRDA:78,7,0,0
BRDA:78,7,1,0
BRDA:79,8,0,0
BRDA:79,8,1,0
BRDA:86,9,0,0
BRDA:86,9,1,0
BRDA:89,10,0,0
BRDA:89,10,1,0
BRDA:99,11,0,0
BRDA:99,11,1,0
BRDA:99,11,2,0
BRDA:99,11,3,0
BRDA:99,11,4,0
BRDA:99,11,5,0
BRDA:99,11,6,0
BRDA:99,11,7,0
BRDA:110,12,0,0
BRDA:110,12,1,0
BRDA:111,13,0,0
BRDA:111,13,1,0
BRDA:122,14,0,0
BRDA:122,14,1,0
BRF:35
BRH:0
end_of_record
TN:
SF:src/components/c-picker/pickers/time-range.js
FN:10,(anonymous_0)
FN:50,(anonymous_1)
FN:55,(anonymous_2)
FN:59,(anonymous_3)
FN:74,(anonymous_4)
FN:78,(anonymous_5)
FN:90,(anonymous_6)
FN:95,(anonymous_7)
FNF:8
FNH:0
FNDA:0,(anonymous_0)
FNDA:0,(anonymous_1)
FNDA:0,(anonymous_2)
FNDA:0,(anonymous_3)
FNDA:0,(anonymous_4)
FNDA:0,(anonymous_5)
FNDA:0,(anonymous_6)
FNDA:0,(anonymous_7)
DA:8,0
DA:10,0
DA:43,0
DA:44,0
DA:45,0
DA:46,0
DA:47,0
DA:50,0
DA:51,0
DA:54,0
DA:56,0
DA:57,0
DA:60,0
DA:61,0
DA:63,0
DA:67,0
DA:73,0
DA:75,0
DA:76,0
DA:79,0
DA:80,0
DA:82,0
DA:90,0
DA:91,0
DA:92,0
DA:94,0
DA:95,0
DA:97,0
DA:100,0
LF:29
LH:0
BRDA:24,0,0,0
BRDA:46,1,0,0
BRDA:46,1,1,0
BRDA:56,2,0,0
BRDA:56,2,1,0
BRDA:58,3,0,0
BRDA:58,3,1,0
BRDA:60,4,0,0
BRDA:60,4,1,0
BRDA:75,5,0,0
BRDA:75,5,1,0
BRDA:77,6,0,0
BRDA:77,6,1,0
BRDA:79,7,0,0
BRDA:79,7,1,0
BRDA:80,8,0,0
BRDA:80,8,1,0
BRDA:82,9,0,0
BRDA:82,9,1,0
BRDA:91,10,0,0
BRDA:91,10,1,0
BRDA:94,11,0,0
BRDA:94,11,1,0
BRDA:105,12,0,0
BRDA:105,12,1,0
BRDA:106,13,0,0
BRDA:106,13,1,0
BRDA:107,14,0,0
BRDA:107,14,1,0
BRDA:122,15,0,0
BRDA:122,15,1,0
BRF:31
BRH:0
end_of_record
TN:
SF:src/components/c-picker/pickers/time.js
FN:12,(anonymous_0)
FN:47,(anonymous_1)
FN:52,(anonymous_2)
FN:63,(anonymous_3)
FN:71,(anonymous_4)
FN:76,(anonymous_5)
FNF:6
FNH:0
FNDA:0,(anonymous_0)
FNDA:0,(anonymous_1)
FNDA:0,(anonymous_2)
FNDA:0,(anonymous_3)
FNDA:0,(anonymous_4)
FNDA:0,(anonymous_5)
DA:10,0
DA:12,0
DA:44,0
DA:45,0
DA:47,0
DA:48,0
DA:51,0
DA:53,0
DA:54,0
DA:56,0
DA:62,0
DA:64,0
DA:65,0
DA:71,0
DA:72,0
DA:73,0
DA:75,0
DA:76,0
DA:78,0
DA:81,0
LF:20
LH:0
BRDA:26,0,0,0
BRDA:45,1,0,0
BRDA:45,1,1,0
BRDA:53,2,0,0
BRDA:53,2,1,0
BRDA:64,3,0,0
BRDA:64,3,1,0
BRDA:65,4,0,0
BRDA:65,4,1,0
BRDA:72,5,0,0
BRDA:72,5,1,0
BRDA:75,6,0,0
BRDA:75,6,1,0
BRDA:85,7,0,0
BRDA:85,7,1,0
BRF:15
BRH:0
end_of_record
TN:
SF:src/components/c-picker/pickers/year.js
FN:9,(anonymous_0)
FN:48,(anonymous_1)
FN:53,(anonymous_2)
FN:64,(anonymous_3)
FN:73,(anonymous_4)
FN:81,(anonymous_5)
FN:86,(anonymous_6)
FN:92,(anonymous_7)
FN:103,(anonymous_8)
FNF:9
FNH:0
FNDA:0,(anonymous_0)
FNDA:0,(anonymous_1)
FNDA:0,(anonymous_2)
FNDA:0,(anonymous_3)
FNDA:0,(anonymous_4)
FNDA:0,(anonymous_5)
FNDA:0,(anonymous_6)
FNDA:0,(anonymous_7)
FNDA:0,(anonymous_8)
DA:7,0
DA:9,0
DA:45,0
DA:46,0
DA:48,0
DA:49,0
DA:52,0
DA:54,0
DA:55,0
DA:57,0
DA:63,0
DA:65,0
DA:66,0
DA:72,0
DA:74,0
DA:75,0
DA:81,0
DA:82,0
DA:83,0
DA:85,0
DA:86,0
DA:88,0
DA:91,0
DA:93,0
DA:94,0
DA:102,0
DA:104,0
DA:105,0
DA:107,0
DA:112,0
LF:30
LH:0
BRDA:26,0,0,0
BRDA:46,1,0,0
BRDA:46,1,1,0
BRDA:49,2,0,0
BRDA:49,2,1,0
BRDA:54,3,0,0
BRDA:54,3,1,0
BRDA:55,4,0,0
BRDA:55,4,1,0
BRDA:65,5,0,0
BRDA:65,5,1,0
BRDA:66,6,0,0
BRDA:66,6,1,0
BRDA:74,7,0,0
BRDA:74,7,1,0
BRDA:75,8,0,0
BRDA:75,8,1,0
BRDA:82,9,0,0
BRDA:82,9,1,0
BRDA:85,10,0,0
BRDA:85,10,1,0
BRDA:95,11,0,0
BRDA:95,11,1,0
BRDA:95,11,2,0
BRDA:95,11,3,0
BRDA:104,12,0,0
BRDA:104,12,1,0
BRDA:105,13,0,0
BRDA:105,13,1,0
BRDA:116,14,0,0
BRDA:116,14,1,0
BRF:31
BRH:0
end_of_record
TN:
SF:src/components/c-table/constant.js
FNF:0
FNH:0
DA:3,0
DA:5,0
DA:7,0
LF:3
LH:0
BRF:0
BRH:0
end_of_record
TN:
SF:src/components/c-table/index.js
FN:49,(anonymous_0)
FN:69,(anonymous_1)
FN:84,(anonymous_2)
FN:90,(anonymous_3)
FN:97,(anonymous_4)
FN:125,(anonymous_5)
FN:127,(anonymous_6)
FN:134,(anonymous_7)
FN:135,(anonymous_8)
FN:138,(anonymous_9)
FN:141,(anonymous_10)
FN:152,(anonymous_11)
FN:152,(anonymous_12)
FN:161,(anonymous_13)
FN:169,(anonymous_14)
FN:182,(anonymous_15)
FN:192,(anonymous_16)
FN:207,(anonymous_17)
FN:211,(anonymous_18)
FN:227,(anonymous_19)
FN:228,(anonymous_20)
FN:233,(anonymous_21)
FN:243,(anonymous_22)
FN:247,(anonymous_23)
FN:264,(anonymous_24)
FN:284,(anonymous_25)
FN:298,(anonymous_26)
FN:300,(anonymous_27)
FN:313,(anonymous_28)
FN:325,(anonymous_29)
FN:338,(anonymous_30)
FN:340,(anonymous_31)
FN:353,(anonymous_32)
FN:373,(anonymous_33)
FN:373,(anonymous_34)
FN:376,(anonymous_35)
FN:389,(anonymous_36)
FN:402,(anonymous_37)
FN:404,(anonymous_38)
FN:407,(anonymous_39)
FN:416,(anonymous_40)
FN:418,(anonymous_41)
FN:427,(anonymous_42)
FN:445,(anonymous_43)
FN:450,(anonymous_44)
FN:466,(anonymous_45)
FN:474,(anonymous_46)
FN:480,(anonymous_47)
FN:483,(anonymous_48)
FN:499,(anonymous_49)
FN:516,(anonymous_50)
FN:527,(anonymous_51)
FN:536,(anonymous_52)
FN:545,(anonymous_53)
FN:551,(anonymous_54)
FN:570,(anonymous_55)
FN:582,(anonymous_56)
FN:588,(anonymous_57)
FN:589,(anonymous_58)
FN:599,(anonymous_59)
FN:614,(anonymous_60)
FN:705,(anonymous_61)
FN:730,(anonymous_62)
FN:733,(anonymous_63)
FN:792,(anonymous_64)
FNF:65
FNH:0
FNDA:0,(anonymous_0)
FNDA:0,(anonymous_1)
FNDA:0,(anonymous_2)
FNDA:0,(anonymous_3)
FNDA:0,(anonymous_4)
FNDA:0,(anonymous_5)
FNDA:0,(anonymous_6)
FNDA:0,(anonymous_7)
FNDA:0,(anonymous_8)
FNDA:0,(anonymous_9)
FNDA:0,(anonymous_10)
FNDA:0,(anonymous_11)
FNDA:0,(anonymous_12)
FNDA:0,(anonymous_13)
FNDA:0,(anonymous_14)
FNDA:0,(anonymous_15)
FNDA:0,(anonymous_16)
FNDA:0,(anonymous_17)
FNDA:0,(anonymous_18)
FNDA:0,(anonymous_19)
FNDA:0,(anonymous_20)
FNDA:0,(anonymous_21)
FNDA:0,(anonymous_22)
FNDA:0,(anonymous_23)
FNDA:0,(anonymous_24)
FNDA:0,(anonymous_25)
FNDA:0,(anonymous_26)
FNDA:0,(anonymous_27)
FNDA:0,(anonymous_28)
FNDA:0,(anonymous_29)
FNDA:0,(anonymous_30)
FNDA:0,(anonymous_31)
FNDA:0,(anonymous_32)
FNDA:0,(anonymous_33)
FNDA:0,(anonymous_34)
FNDA:0,(anonymous_35)
FNDA:0,(anonymous_36)
FNDA:0,(anonymous_37)
FNDA:0,(anonymous_38)
FNDA:0,(anonymous_39)
FNDA:0,(anonymous_40)
FNDA:0,(anonymous_41)
FNDA:0,(anonymous_42)
FNDA:0,(anonymous_43)
FNDA:0,(anonymous_44)
FNDA:0,(anonymous_45)
FNDA:0,(anonymous_46)
FNDA:0,(anonymous_47)
FNDA:0,(anonymous_48)
FNDA:0,(anonymous_49)
FNDA:0,(anonymous_50)
FNDA:0,(anonymous_51)
FNDA:0,(anonymous_52)
FNDA:0,(anonymous_53)
FNDA:0,(anonymous_54)
FNDA:0,(anonymous_55)
FNDA:0,(anonymous_56)
FNDA:0,(anonymous_57)
FNDA:0,(anonymous_58)
FNDA:0,(anonymous_59)
FNDA:0,(anonymous_60)
FNDA:0,(anonymous_61)
FNDA:0,(anonymous_62)
FNDA:0,(anonymous_63)
FNDA:0,(anonymous_64)
DA:33,0
DA:35,0
DA:37,0
DA:45,0
DA:47,0
DA:50,0
DA:51,0
DA:66,0
DA:70,0
DA:71,0
DA:75,0
DA:77,0
DA:78,0
DA:80,0
DA:81,0
DA:83,0
DA:84,0
DA:85,0
DA:86,0
DA:89,0
DA:90,0
DA:93,0
DA:98,0
DA:102,0
DA:104,0
DA:105,0
DA:107,0
DA:108,0
DA:112,0
DA:115,0
DA:126,0
DA:127,0
DA:130,0
DA:134,0
DA:135,0
DA:138,0
DA:139,0
DA:141,0
DA:152,0
DA:153,0
DA:160,0
DA:161,0
DA:162,0
DA:166,0
DA:167,0
DA:170,0
DA:176,0
DA:183,0
DA:192,0
DA:193,0
DA:194,0
DA:195,0
DA:197,0
DA:199,0
DA:200,0
DA:201,0
DA:207,0
DA:208,0
DA:209,0
DA:211,0
DA:212,0
DA:213,0
DA:214,0
DA:215,0
DA:216,0
DA:227,0
DA:228,0
DA:229,0
DA:230,0
DA:232,0
DA:233,0
DA:235,0
DA:236,0
DA:238,0
DA:241,0
DA:243,0
DA:244,0
DA:245,0
DA:247,0
DA:249,0
DA:250,0
DA:252,0
DA:264,0
DA:265,0
DA:266,0
DA:269,0
DA:270,0
DA:284,0
DA:285,0
DA:287,0
DA:288,0
DA:290,0
DA:298,0
DA:299,0
DA:300,0
DA:301,0
DA:302,0
DA:305,0
DA:313,0
DA:314,0
DA:315,0
DA:316,0
DA:318,0
DA:319,0
DA:323,0
DA:324,0
DA:325,0
DA:330,0
DA:338,0
DA:339,0
DA:340,0
DA:341,0
DA:347,0
DA:353,0
DA:354,0
DA:355,0
DA:357,0
DA:358,0
DA:361,0
DA:362,0
DA:373,0
DA:374,0
DA:375,0
DA:376,0
DA:377,0
DA:378,0
DA:380,0
DA:384,0
DA:388,0
DA:389,0
DA:391,0
DA:392,0
DA:396,0
DA:402,0
DA:404,0
DA:405,0
DA:406,0
DA:407,0
DA:408,0
DA:412,0
DA:415,0
DA:416,0
DA:417,0
DA:418,0
DA:421,0
DA:426,0
DA:427,0
DA:428,0
DA:431,0
DA:445,0
DA:449,0
DA:450,0
DA:451,0
DA:452,0
DA:457,0
DA:463,0
DA:464,0
DA:465,0
DA:466,0
DA:467,0
DA:470,0
DA:472,0
DA:473,0
DA:474,0
DA:479,0
DA:480,0
DA:481,0
DA:482,0
DA:483,0
DA:484,0
DA:486,0
DA:489,0
DA:493,0
DA:500,0
DA:501,0
DA:502,0
DA:503,0
DA:504,0
DA:505,0
DA:516,0
DA:517,0
DA:518,0
DA:519,0
DA:521,0
DA:527,0
DA:528,0
DA:536,0
DA:537,0
DA:545,0
DA:546,0
DA:552,0
DA:554,0
DA:555,0
DA:558,0
DA:559,0
DA:560,0
DA:570,0
DA:571,0
DA:572,0
DA:574,0
DA:575,0
DA:576,0
DA:577,0
DA:578,0
DA:583,0
DA:588,0
DA:589,0
DA:590,0
DA:591,0
DA:599,0
DA:600,0
DA:601,0
DA:603,0
DA:623,0
DA:653,0
DA:662,0
DA:663,0
DA:665,0
DA:706,0
DA:707,0
DA:708,0
DA:710,0
DA:711,0
DA:713,0
DA:714,0
DA:716,0
DA:731,0
DA:734,0
DA:793,0
DA:794,0
DA:795,0
DA:807,0
DA:813,0
DA:814,0
LF:234
LH:0
BRDA:47,0,0,0
BRDA:47,0,1,0
BRDA:55,1,0,0
BRDA:55,1,1,0
BRDA:60,2,0,0
BRDA:60,2,1,0
BRDA:71,3,0,0
BRDA:71,3,1,0
BRDA:72,4,0,0
BRDA:72,4,1,0
BRDA:72,4,2,0
BRDA:77,5,0,0
BRDA:77,5,1,0
BRDA:77,6,0,0
BRDA:77,6,1,0
BRDA:80,7,0,0
BRDA:80,7,1,0
BRDA:80,8,0,0
BRDA:80,8,1,0
BRDA:89,9,0,0
BRDA:89,9,1,0
BRDA:90,10,0,0
BRDA:90,10,1,0
BRDA:98,11,0,0
BRDA:98,11,1,0
BRDA:99,12,0,0
BRDA:99,12,1,0
BRDA:104,13,0,0
BRDA:104,13,1,0
BRDA:107,14,0,0
BRDA:107,14,1,0
BRDA:108,15,0,0
BRDA:108,15,1,0
BRDA:112,16,0,0
BRDA:112,16,1,0
BRDA:119,17,0,0
BRDA:119,17,1,0
BRDA:126,18,0,0
BRDA:126,18,1,0
BRDA:127,19,0,0
BRDA:127,19,1,0
BRDA:140,20,0,0
BRDA:140,20,1,0
BRDA:140,20,2,0
BRDA:152,21,0,0
BRDA:166,22,0,0
BRDA:166,22,1,0
BRDA:170,23,0,0
BRDA:170,23,1,0
BRDA:208,24,0,0
BRDA:208,24,1,0
BRDA:208,25,0,0
BRDA:208,25,1,0
BRDA:212,26,0,0
BRDA:212,26,1,0
BRDA:214,27,0,0
BRDA:214,27,1,0
BRDA:229,28,0,0
BRDA:229,28,1,0
BRDA:229,29,0,0
BRDA:229,29,1,0
BRDA:235,30,0,0
BRDA:235,30,1,0
BRDA:241,31,0,0
BRDA:241,31,1,0
BRDA:244,32,0,0
BRDA:244,32,1,0
BRDA:265,33,0,0
BRDA:265,33,1,0
BRDA:269,34,0,0
BRDA:269,34,1,0
BRDA:285,35,0,0
BRDA:285,35,1,0
BRDA:288,36,0,0
BRDA:288,36,1,0
BRDA:301,37,0,0
BRDA:301,37,1,0
BRDA:315,38,0,0
BRDA:315,38,1,0
BRDA:318,39,0,0
BRDA:318,39,1,0
BRDA:323,40,0,0
BRDA:323,40,1,0
BRDA:354,41,0,0
BRDA:354,41,1,0
BRDA:357,42,0,0
BRDA:357,42,1,0
BRDA:357,43,0,0
BRDA:357,43,1,0
BRDA:361,44,0,0
BRDA:361,44,1,0
BRDA:373,45,0,0
BRDA:377,46,0,0
BRDA:377,46,1,0
BRDA:380,47,0,0
BRDA:380,47,1,0
BRDA:381,48,0,0
BRDA:381,48,1,0
BRDA:381,48,2,0
BRDA:391,49,0,0
BRDA:391,49,1,0
BRDA:406,50,0,0
BRDA:406,50,1,0
BRDA:421,51,0,0
BRDA:421,51,1,0
BRDA:422,52,0,0
BRDA:422,52,1,0
BRDA:422,52,2,0
BRDA:426,53,0,0
BRDA:426,53,1,0
BRDA:446,54,0,0
BRDA:446,55,0,0
BRDA:447,56,0,0
BRDA:454,57,0,0
BRDA:454,57,1,0
BRDA:455,58,0,0
BRDA:455,58,1,0
BRDA:459,59,0,0
BRDA:459,59,1,0
BRDA:465,60,0,0
BRDA:465,60,1,0
BRDA:467,61,0,0
BRDA:467,61,1,0
BRDA:472,62,0,0
BRDA:472,62,1,0
BRDA:472,63,0,0
BRDA:472,63,1,0
BRDA:481,64,0,0
BRDA:481,64,1,0
BRDA:482,65,0,0
BRDA:482,65,1,0
BRDA:518,66,0,0
BRDA:518,66,1,0
BRDA:518,67,0,0
BRDA:518,67,1,0
BRDA:536,68,0,0
BRDA:536,69,0,0
BRDA:537,70,0,0
BRDA:537,70,1,0
BRDA:545,71,0,0
BRDA:545,72,0,0
BRDA:554,73,0,0
BRDA:554,73,1,0
BRDA:571,74,0,0
BRDA:571,74,1,0
BRDA:600,75,0,0
BRDA:600,75,1,0
BRDA:674,76,0,0
BRDA:674,76,1,0
BRDA:678,77,0,0
BRDA:678,77,1,0
BRDA:681,78,0,0
BRDA:681,78,1,0
BRDA:683,79,0,0
BRDA:683,79,1,0
BRDA:686,80,0,0
BRDA:686,80,1,0
BRDA:687,81,0,0
BRDA:687,81,1,0
BRDA:701,82,0,0
BRDA:701,82,1,0
BRDA:707,83,0,0
BRDA:707,83,1,0
BRDA:710,84,0,0
BRDA:710,84,1,0
BRDA:713,85,0,0
BRDA:713,85,1,0
BRDA:713,86,0,0
BRDA:713,86,1,0
BRDA:720,87,0,0
BRDA:720,87,1,0
BRDA:729,88,0,0
BRDA:729,88,1,0
BRDA:729,89,0,0
BRDA:729,89,1,0
BRDA:735,90,0,0
BRDA:735,90,1,0
BRDA:744,91,0,0
BRDA:744,91,1,0
BRDA:752,92,0,0
BRDA:752,92,1,0
BRDA:755,93,0,0
BRDA:755,93,1,0
BRDA:755,93,2,0
BRDA:757,94,0,0
BRDA:757,94,1,0
BRDA:760,95,0,0
BRDA:760,95,1,0
BRDA:771,96,0,0
BRDA:771,96,1,0
BRDA:794,97,0,0
BRDA:794,97,1,0
BRDA:800,98,0,0
BRDA:800,98,1,0
BRDA:800,99,0,0
BRDA:800,99,1,0
BRF:196
BRH:0
end_of_record
TN:
SF:src/components/c-table/util.js
FN:9,getDataSource
FN:17,getDataSourceWithDelay
FN:19,(anonymous_2)
FN:20,(anonymous_3)
FN:25,(anonymous_4)
FN:26,(anonymous_5)
FN:37,isEveryChecked
FN:38,(anonymous_7)
FN:46,isSomeChecked
FN:47,(anonymous_9)
FN:55,isLeaf
FN:64,getLeafNodes
FN:66,(anonymous_12)
FN:83,traverseTree
FN:84,(anonymous_14)
FN:86,(anonymous_15)
FN:90,(anonymous_16)
FN:93,getConfigKey
FN:98,(anonymous_18)
FN:105,(anonymous_19)
FN:112,(anonymous_20)
FN:119,(anonymous_21)
FN:127,(anonymous_22)
FN:129,(anonymous_23)
FN:133,(anonymous_24)
FN:139,(anonymous_25)
FNF:26
FNH:0
FNDA:0,getDataSource
FNDA:0,getDataSourceWithDelay
FNDA:0,(anonymous_2)
FNDA:0,(anonymous_3)
FNDA:0,(anonymous_4)
FNDA:0,(anonymous_5)
FNDA:0,isEveryChecked
FNDA:0,(anonymous_7)
FNDA:0,isSomeChecked
FNDA:0,(anonymous_9)
FNDA:0,isLeaf
FNDA:0,getLeafNodes
FNDA:0,(anonymous_12)
FNDA:0,traverseTree
FNDA:0,(anonymous_14)
FNDA:0,(anonymous_15)
FNDA:0,(anonymous_16)
FNDA:0,getConfigKey
FNDA:0,(anonymous_18)
FNDA:0,(anonymous_19)
FNDA:0,(anonymous_20)
FNDA:0,(anonymous_21)
FNDA:0,(anonymous_22)
FNDA:0,(anonymous_23)
FNDA:0,(anonymous_24)
FNDA:0,(anonymous_25)
DA:10,0
DA:11,0
DA:13,0
DA:16,0
DA:18,0
DA:19,0
DA:20,0
DA:21,0
DA:25,0
DA:26,0
DA:27,0
DA:38,0
DA:47,0
DA:56,0
DA:65,0
DA:66,0
DA:67,0
DA:68,0
DA:70,0
DA:73,0
DA:74,0
DA:84,0
DA:85,0
DA:86,0
DA:88,0
DA:90,0
DA:94,0
DA:95,0
DA:98,0
DA:99,0
DA:100,0
DA:102,0
DA:105,0
DA:106,0
DA:107,0
DA:109,0
DA:112,0
DA:113,0
DA:114,0
DA:116,0
DA:119,0
DA:127,0
DA:128,0
DA:129,0
DA:130,0
DA:131,0
DA:133,0
DA:134,0
DA:139,0
DA:140,0
DA:141,0
LF:51
LH:0
BRDA:10,0,0,0
BRDA:10,0,1,0
BRDA:18,1,0,0
BRDA:18,1,1,0
BRDA:38,2,0,0
BRDA:38,2,1,0
BRDA:38,3,0,0
BRDA:38,3,1,0
BRDA:47,4,0,0
BRDA:47,4,1,0
BRDA:47,5,0,0
BRDA:47,5,1,0
BRDA:56,6,0,0
BRDA:56,6,1,0
BRDA:67,7,0,0
BRDA:67,7,1,0
BRDA:67,8,0,0
BRDA:67,8,1,0
BRDA:83,9,0,0
BRDA:85,10,0,0
BRDA:85,10,1,0
BRDA:85,11,0,0
BRDA:85,11,1,0
BRDA:99,12,0,0
BRDA:99,12,1,0
BRDA:106,13,0,0
BRDA:106,13,1,0
BRDA:113,14,0,0
BRDA:113,14,1,0
BRDA:130,15,0,0
BRDA:130,15,1,0
BRF:31
BRH:0
end_of_record
TN:
SF:src/components/c-table/js/column.js
FN:12,(anonymous_0)
FN:21,(anonymous_1)
FN:57,(anonymous_2)
FN:69,(anonymous_3)
FN:97,(anonymous_4)
FN:121,(anonymous_5)
FN:141,(anonymous_6)
FN:149,(anonymous_7)
FN:152,(anonymous_8)
FN:179,(anonymous_9)
FN:197,(anonymous_10)
FN:217,(anonymous_11)
FN:261,(anonymous_12)
FN:276,(anonymous_13)
FN:286,(anonymous_14)
FN:291,(anonymous_15)
FN:295,(anonymous_16)
FN:298,(anonymous_17)
FN:321,(anonymous_18)
FN:323,(anonymous_19)
FN:324,(anonymous_20)
FN:331,(anonymous_21)
FN:343,(anonymous_22)
FN:349,(anonymous_23)
FN:357,(anonymous_24)
FN:367,(anonymous_25)
FN:376,(anonymous_26)
FN:388,(anonymous_27)
FN:393,(anonymous_28)
FN:402,(anonymous_29)
FN:412,(anonymous_30)
FN:420,(anonymous_31)
FN:430,(anonymous_32)
FN:441,(anonymous_33)
FN:444,(anonymous_34)
FN:446,(anonymous_35)
FN:454,(anonymous_36)
FN:468,(anonymous_37)
FN:471,(anonymous_38)
FN:477,(anonymous_39)
FN:486,(anonymous_40)
FN:489,(anonymous_41)
FN:495,(anonymous_42)
FN:496,(anonymous_43)
FN:503,(anonymous_44)
FN:513,(anonymous_45)
FN:515,(anonymous_46)
FN:521,(anonymous_47)
FN:541,(anonymous_48)
FN:545,(anonymous_49)
FN:553,(anonymous_50)
FN:564,(anonymous_51)
FN:566,(anonymous_52)
FN:575,(anonymous_53)
FNF:54
FNH:0
FNDA:0,(anonymous_0)
FNDA:0,(anonymous_1)
FNDA:0,(anonymous_2)
FNDA:0,(anonymous_3)
FNDA:0,(anonymous_4)
FNDA:0,(anonymous_5)
FNDA:0,(anonymous_6)
FNDA:0,(anonymous_7)
FNDA:0,(anonymous_8)
FNDA:0,(anonymous_9)
FNDA:0,(anonymous_10)
FNDA:0,(anonymous_11)
FNDA:0,(anonymous_12)
FNDA:0,(anonymous_13)
FNDA:0,(anonymous_14)
FNDA:0,(anonymous_15)
FNDA:0,(anonymous_16)
FNDA:0,(anonymous_17)
FNDA:0,(anonymous_18)
FNDA:0,(anonymous_19)
FNDA:0,(anonymous_20)
FNDA:0,(anonymous_21)
FNDA:0,(anonymous_22)
FNDA:0,(anonymous_23)
FNDA:0,(anonymous_24)
FNDA:0,(anonymous_25)
FNDA:0,(anonymous_26)
FNDA:0,(anonymous_27)
FNDA:0,(anonymous_28)
FNDA:0,(anonymous_29)
FNDA:0,(anonymous_30)
FNDA:0,(anonymous_31)
FNDA:0,(anonymous_32)
FNDA:0,(anonymous_33)
FNDA:0,(anonymous_34)
FNDA:0,(anonymous_35)
FNDA:0,(anonymous_36)
FNDA:0,(anonymous_37)
FNDA:0,(anonymous_38)
FNDA:0,(anonymous_39)
FNDA:0,(anonymous_40)
FNDA:0,(anonymous_41)
FNDA:0,(anonymous_42)
FNDA:0,(anonymous_43)
FNDA:0,(anonymous_44)
FNDA:0,(anonymous_45)
FNDA:0,(anonymous_46)
FNDA:0,(anonymous_47)
FNDA:0,(anonymous_48)
FNDA:0,(anonymous_49)
FNDA:0,(anonymous_50)
FNDA:0,(anonymous_51)
FNDA:0,(anonymous_52)
FNDA:0,(anonymous_53)
DA:13,0
DA:14,0
DA:15,0
DA:21,0
DA:22,0
DA:23,0
DA:24,0
DA:25,0
DA:27,0
DA:28,0
DA:29,0
DA:36,0
DA:38,0
DA:39,0
DA:40,0
DA:47,0
DA:49,0
DA:57,0
DA:58,0
DA:59,0
DA:62,0
DA:63,0
DA:64,0
DA:65,0
DA:69,0
DA:71,0
DA:72,0
DA:74,0
DA:75,0
DA:81,0
DA:85,0
DA:89,0
DA:90,0
DA:97,0
DA:102,0
DA:103,0
DA:104,0
DA:108,0
DA:109,0
DA:110,0
DA:114,0
DA:115,0
DA:121,0
DA:126,0
DA:127,0
DA:141,0
DA:148,0
DA:149,0
DA:150,0
DA:151,0
DA:153,0
DA:154,0
DA:166,0
DA:167,0
DA:171,0
DA:173,0
DA:179,0
DA:180,0
DA:181,0
DA:182,0
DA:184,0
DA:185,0
DA:197,0
DA:218,0
DA:249,0
DA:250,0
DA:252,0
DA:261,0
DA:262,0
DA:263,0
DA:265,0
DA:266,0
DA:269,0
DA:273,0
DA:276,0
DA:277,0
DA:279,0
DA:286,0
DA:287,0
DA:288,0
DA:289,0
DA:292,0
DA:295,0
DA:299,0
DA:300,0
DA:301,0
DA:303,0
DA:304,0
DA:305,0
DA:321,0
DA:322,0
DA:323,0
DA:324,0
DA:325,0
DA:326,0
DA:327,0
DA:330,0
DA:331,0
DA:332,0
DA:333,0
DA:338,0
DA:343,0
DA:349,0
DA:357,0
DA:358,0
DA:359,0
DA:360,0
DA:368,0
DA:369,0
DA:370,0
DA:371,0
DA:376,0
DA:388,0
DA:389,0
DA:390,0
DA:392,0
DA:394,0
DA:395,0
DA:397,0
DA:401,0
DA:402,0
DA:404,0
DA:406,0
DA:412,0
DA:421,0
DA:422,0
DA:423,0
DA:424,0
DA:425,0
DA:430,0
DA:441,0
DA:442,0
DA:444,0
DA:445,0
DA:446,0
DA:447,0
DA:448,0
DA:453,0
DA:454,0
DA:455,0
DA:468,0
DA:469,0
DA:471,0
DA:472,0
DA:473,0
DA:476,0
DA:477,0
DA:478,0
DA:486,0
DA:487,0
DA:489,0
DA:490,0
DA:491,0
DA:495,0
DA:496,0
DA:497,0
DA:502,0
DA:503,0
DA:504,0
DA:513,0
DA:514,0
DA:515,0
DA:517,0
DA:518,0
DA:522,0
DA:523,0
DA:529,0
DA:541,0
DA:542,0
DA:543,0
DA:544,0
DA:545,0
DA:547,0
DA:548,0
DA:550,0
DA:551,0
DA:553,0
DA:554,0
DA:555,0
DA:556,0
DA:564,0
DA:565,0
DA:566,0
DA:567,0
DA:568,0
DA:575,0
DA:576,0
DA:577,0
DA:578,0
LF:189
LH:0
BRDA:27,0,0,0
BRDA:27,0,1,0
BRDA:32,1,0,0
BRDA:32,1,1,0
BRDA:38,2,0,0
BRDA:38,2,1,0
BRDA:43,3,0,0
BRDA:43,3,1,0
BRDA:57,4,0,0
BRDA:65,5,0,0
BRDA:65,5,1,0
BRDA:65,5,2,0
BRDA:71,6,0,0
BRDA:71,6,1,0
BRDA:74,7,0,0
BRDA:74,7,1,0
BRDA:78,8,0,0
BRDA:78,8,1,0
BRDA:89,9,0,0
BRDA:89,9,1,0
BRDA:96,10,0,0
BRDA:96,10,1,0
BRDA:102,11,0,0
BRDA:102,11,1,0
BRDA:108,12,0,0
BRDA:108,12,1,0
BRDA:114,13,0,0
BRDA:114,13,1,0
BRDA:126,14,0,0
BRDA:126,14,1,0
BRDA:148,15,0,0
BRDA:148,15,1,0
BRDA:150,16,0,0
BRDA:150,16,1,0
BRDA:156,17,0,0
BRDA:156,17,1,0
BRDA:166,18,0,0
BRDA:166,18,1,0
BRDA:166,19,0,0
BRDA:166,19,1,0
BRDA:182,20,0,0
BRDA:182,20,1,0
BRDA:184,21,0,0
BRDA:184,21,1,0
BRDA:184,22,0,0
BRDA:184,22,1,0
BRDA:191,23,0,0
BRDA:191,23,1,0
BRDA:202,24,0,0
BRDA:202,24,1,0
BRDA:213,25,0,0
BRDA:213,25,1,0
BRDA:225,26,0,0
BRDA:225,26,1,0
BRDA:225,26,2,0
BRDA:240,27,0,0
BRDA:240,27,1,0
BRDA:249,28,0,0
BRDA:249,28,1,0
BRDA:265,29,0,0
BRDA:265,29,1,0
BRDA:269,30,0,0
BRDA:269,30,1,0
BRDA:270,31,0,0
BRDA:270,31,1,0
BRDA:276,32,0,0
BRDA:276,32,1,0
BRDA:295,33,0,0
BRDA:295,33,1,0
BRDA:300,34,0,0
BRDA:300,34,1,0
BRDA:308,35,0,0
BRDA:308,35,1,0
BRDA:326,36,0,0
BRDA:326,36,1,0
BRDA:328,37,0,0
BRDA:328,37,1,0
BRDA:332,38,0,0
BRDA:332,38,1,0
BRDA:366,39,0,0
BRDA:366,39,1,0
BRDA:369,40,0,0
BRDA:369,40,1,0
BRDA:394,41,0,0
BRDA:394,41,1,0
BRDA:404,42,0,0
BRDA:404,42,1,0
BRDA:419,43,0,0
BRDA:419,43,1,0
BRDA:421,44,0,0
BRDA:421,44,1,0
BRDA:423,45,0,0
BRDA:423,45,1,0
BRDA:423,46,0,0
BRDA:423,46,1,0
BRDA:445,47,0,0
BRDA:445,47,1,0
BRDA:447,48,0,0
BRDA:447,48,1,0
BRDA:472,49,0,0
BRDA:472,49,1,0
BRDA:490,50,0,0
BRDA:490,50,1,0
BRDA:522,51,0,0
BRDA:522,51,1,0
BRDA:526,52,0,0
BRDA:526,52,1,0
BRDA:547,53,0,0
BRDA:547,53,1,0
BRDA:547,54,0,0
BRDA:547,54,1,0
BRDA:550,55,0,0
BRDA:550,55,1,0
BRDA:550,56,0,0
BRDA:550,56,1,0
BRDA:554,57,0,0
BRDA:554,57,1,0
BRF:117
BRH:0
end_of_record
TN:
SF:src/components/c-table/js/expend.js
FN:13,(anonymous_0)
FN:20,(anonymous_1)
FN:26,getExpandableConfig
FN:39,(anonymous_3)
FN:46,(anonymous_4)
FN:53,(anonymous_5)
FNF:6
FNH:0
FNDA:0,(anonymous_0)
FNDA:0,(anonymous_1)
FNDA:0,getExpandableConfig
FNDA:0,(anonymous_3)
FNDA:0,(anonymous_4)
FNDA:0,(anonymous_5)
DA:13,0
DA:14,0
DA:21,0
DA:33,0
DA:34,0
DA:36,0
DA:40,0
DA:42,0
DA:47,0
DA:48,0
DA:54,0
DA:55,0
DA:57,0
LF:13
LH:0
BRDA:33,0,0,0
BRDA:33,0,1,0
BRDA:40,1,0,0
BRDA:40,1,1,0
BRDA:40,1,2,0
BRDA:47,2,0,0
BRDA:47,2,1,0
BRDA:51,3,0,0
BRDA:51,3,1,0
BRDA:54,4,0,0
BRDA:54,4,1,0
BRF:11
BRH:0
end_of_record
TN:
SF:src/components/c-table/js/propType.js
FN:75,(anonymous_0)
FN:77,(anonymous_1)
FN:78,(anonymous_2)
FN:79,(anonymous_3)
FN:84,(anonymous_4)
FN:93,(anonymous_5)
FN:94,(anonymous_6)
FN:95,(anonymous_7)
FN:113,(anonymous_8)
FNF:9
FNH:0
FNDA:0,(anonymous_0)
FNDA:0,(anonymous_1)
FNDA:0,(anonymous_2)
FNDA:0,(anonymous_3)
FNDA:0,(anonymous_4)
FNDA:0,(anonymous_5)
FNDA:0,(anonymous_6)
FNDA:0,(anonymous_7)
FNDA:0,(anonymous_8)
DA:4,0
DA:63,0
DA:75,0
DA:79,0
DA:84,0
DA:113,0
LF:6
LH:0
BRF:0
BRH:0
end_of_record
TN:
SF:src/components/c-table/js/resizableTitle.js
FN:5,ResizableTitle
FNF:1
FNH:0
FNDA:0,ResizableTitle
DA:6,0
DA:7,0
LF:2
LH:0
BRDA:9,0,0,0
BRDA:9,0,1,0
BRF:2
BRH:0
end_of_record
TN:
SF:src/components/card/index.js
FN:10,Card
FN:13,(anonymous_1)
FNF:2
FNH:0
FNDA:0,Card
FNDA:0,(anonymous_1)
DA:8,0
DA:11,0
DA:13,0
DA:14,0
DA:15,0
DA:17,0
DA:18,0
DA:22,0
DA:29,0
DA:39,0
DA:40,0
DA:47,0
LF:12
LH:0
BRDA:14,0,0,0
BRDA:14,0,1,0
BRDA:14,1,0,0
BRDA:14,1,1,0
BRDA:14,1,2,0
BRDA:17,2,0,0
BRDA:17,2,1,0
BRDA:24,3,0,0
BRDA:24,3,1,0
BRDA:25,4,0,0
BRDA:25,4,1,0
BRDA:33,5,0,0
BRDA:33,5,1,0
BRF:13
BRH:0
end_of_record
TN:
SF:src/components/card/mate.js
FN:9,Mate
FNF:1
FNH:0
FNDA:0,Mate
DA:7,0
DA:10,0
DA:11,0
DA:22,0
DA:27,0
LF:5
LH:0
BRDA:13,0,0,0
BRDA:13,0,1,0
BRDA:14,1,0,0
BRDA:14,1,1,0
BRDA:14,2,0,0
BRDA:14,2,1,0
BRDA:15,3,0,0
BRDA:15,3,1,0
BRDA:16,4,0,0
BRDA:16,4,1,0
BRF:10
BRH:0
end_of_record
TN:
SF:src/components/cascader/cascader.js
FN:9,(anonymous_0)
FN:32,(anonymous_1)
FN:39,(anonymous_2)
FN:88,(anonymous_3)
FN:106,(anonymous_4)
FN:128,(anonymous_5)
FN:132,(anonymous_6)
FN:141,(anonymous_7)
FN:149,(anonymous_8)
FN:152,(anonymous_9)
FN:158,(anonymous_10)
FN:161,(anonymous_11)
FN:162,(anonymous_12)
FN:167,(anonymous_13)
FN:180,(anonymous_14)
FN:183,(anonymous_15)
FN:190,(anonymous_16)
FN:194,(anonymous_17)
FN:239,(anonymous_18)
FN:246,(anonymous_19)
FN:257,(anonymous_20)
FN:322,(anonymous_21)
FN:326,(anonymous_22)
FN:371,(anonymous_23)
FN:372,(anonymous_24)
FNF:25
FNH:0
FNDA:0,(anonymous_0)
FNDA:0,(anonymous_1)
FNDA:0,(anonymous_2)
FNDA:0,(anonymous_3)
FNDA:0,(anonymous_4)
FNDA:0,(anonymous_5)
FNDA:0,(anonymous_6)
FNDA:0,(anonymous_7)
FNDA:0,(anonymous_8)
FNDA:0,(anonymous_9)
FNDA:0,(anonymous_10)
FNDA:0,(anonymous_11)
FNDA:0,(anonymous_12)
FNDA:0,(anonymous_13)
FNDA:0,(anonymous_14)
FNDA:0,(anonymous_15)
FNDA:0,(anonymous_16)
FNDA:0,(anonymous_17)
FNDA:0,(anonymous_18)
FNDA:0,(anonymous_19)
FNDA:0,(anonymous_20)
FNDA:0,(anonymous_21)
FNDA:0,(anonymous_22)
FNDA:0,(anonymous_23)
FNDA:0,(anonymous_24)
DA:9,0
DA:10,0
DA:11,0
DA:14,0
DA:15,0
DA:18,0
DA:20,0
DA:21,0
DA:24,0
DA:25,0
DA:26,0
DA:30,0
DA:32,0
DA:33,0
DA:34,0
DA:35,0
DA:36,0
DA:37,0
DA:38,0
DA:39,0
DA:40,0
DA:42,0
DA:43,0
DA:45,0
DA:46,0
DA:47,0
DA:49,0
DA:52,0
DA:89,0
DA:90,0
DA:91,0
DA:92,0
DA:93,0
DA:94,0
DA:97,0
DA:103,0
DA:107,0
DA:108,0
DA:112,0
DA:113,0
DA:117,0
DA:118,0
DA:121,0
DA:122,0
DA:125,0
DA:129,0
DA:133,0
DA:134,0
DA:135,0
DA:136,0
DA:138,0
DA:142,0
DA:143,0
DA:144,0
DA:146,0
DA:150,0
DA:151,0
DA:152,0
DA:155,0
DA:156,0
DA:158,0
DA:162,0
DA:167,0
DA:168,0
DA:169,0
DA:172,0
DA:173,0
DA:177,0
DA:180,0
DA:181,0
DA:182,0
DA:183,0
DA:186,0
DA:190,0
DA:191,0
DA:194,0
DA:196,0
DA:197,0
DA:198,0
DA:200,0
DA:201,0
DA:202,0
DA:204,0
DA:205,0
DA:206,0
DA:207,0
DA:208,0
DA:209,0
DA:210,0
DA:212,0
DA:213,0
DA:214,0
DA:216,0
DA:217,0
DA:218,0
DA:220,0
DA:222,0
DA:223,0
DA:224,0
DA:226,0
DA:229,0
DA:231,0
DA:233,0
DA:234,0
DA:236,0
DA:239,0
DA:240,0
DA:241,0
DA:242,0
DA:246,0
DA:247,0
DA:250,0
DA:251,0
DA:252,0
DA:254,0
DA:255,0
DA:256,0
DA:257,0
DA:258,0
DA:269,0
DA:272,0
DA:280,0
DA:281,0
DA:283,0
DA:284,0
DA:285,0
DA:286,0
DA:287,0
DA:288,0
DA:289,0
DA:291,0
DA:292,0
DA:295,0
DA:297,0
DA:298,0
DA:299,0
DA:300,0
DA:301,0
DA:302,0
DA:303,0
DA:304,0
DA:306,0
DA:307,0
DA:308,0
DA:310,0
DA:311,0
DA:313,0
DA:314,0
DA:315,0
DA:317,0
DA:318,0
DA:322,0
DA:323,0
DA:327,0
DA:329,0
DA:330,0
DA:331,0
DA:332,0
DA:344,0
DA:346,0
DA:370,0
DA:384,0
LF:162
LH:0
BRDA:10,0,0,0
BRDA:10,0,1,0
BRDA:14,1,0,0
BRDA:14,1,1,0
BRDA:14,2,0,0
BRDA:14,2,1,0
BRDA:20,3,0,0
BRDA:20,3,1,0
BRDA:25,4,0,0
BRDA:25,4,1,0
BRDA:33,5,0,0
BRDA:33,5,1,0
BRDA:34,6,0,0
BRDA:34,6,1,0
BRDA:35,7,0,0
BRDA:35,7,1,0
BRDA:42,8,0,0
BRDA:42,8,1,0
BRDA:46,9,0,0
BRDA:46,9,1,0
BRDA:91,10,0,0
BRDA:91,10,1,0
BRDA:92,11,0,0
BRDA:92,11,1,0
BRDA:93,12,0,0
BRDA:93,12,1,0
BRDA:94,13,0,0
BRDA:94,13,1,0
BRDA:107,14,0,0
BRDA:112,15,0,0
BRDA:112,15,1,0
BRDA:112,16,0,0
BRDA:112,16,1,0
BRDA:113,17,0,0
BRDA:113,17,1,0
BRDA:117,18,0,0
BRDA:117,18,1,0
BRDA:118,19,0,0
BRDA:118,19,1,0
BRDA:121,20,0,0
BRDA:121,20,1,0
BRDA:135,21,0,0
BRDA:135,21,1,0
BRDA:136,22,0,0
BRDA:136,22,1,0
BRDA:138,23,0,0
BRDA:138,23,1,0
BRDA:143,24,0,0
BRDA:143,24,1,0
BRDA:150,25,0,0
BRDA:151,26,0,0
BRDA:155,27,0,0
BRDA:155,27,1,0
BRDA:162,28,0,0
BRDA:162,28,1,0
BRDA:168,29,0,0
BRDA:168,29,1,0
BRDA:172,30,0,0
BRDA:172,30,1,0
BRDA:172,31,0,0
BRDA:172,31,1,0
BRDA:181,32,0,0
BRDA:181,32,1,0
BRDA:181,33,0,0
BRDA:181,33,1,0
BRDA:197,34,0,0
BRDA:197,34,1,0
BRDA:197,35,0,0
BRDA:197,35,1,0
BRDA:201,36,0,0
BRDA:201,36,1,0
BRDA:201,37,0,0
BRDA:201,37,1,0
BRDA:208,38,0,0
BRDA:208,38,1,0
BRDA:208,39,0,0
BRDA:208,39,1,0
BRDA:208,39,2,0
BRDA:209,40,0,0
BRDA:209,40,1,0
BRDA:217,41,0,0
BRDA:217,41,1,0
BRDA:217,42,0,0
BRDA:217,42,1,0
BRDA:222,43,0,0
BRDA:222,43,1,0
BRDA:222,44,0,0
BRDA:222,44,1,0
BRDA:222,44,2,0
BRDA:223,45,0,0
BRDA:223,45,1,0
BRDA:233,46,0,0
BRDA:233,46,1,0
BRDA:233,47,0,0
BRDA:233,47,1,0
BRDA:233,47,2,0
BRDA:241,48,0,0
BRDA:241,48,1,0
BRDA:250,49,0,0
BRDA:250,49,1,0
BRDA:250,50,0,0
BRDA:250,50,1,0
BRDA:255,51,0,0
BRDA:255,51,1,0
BRDA:258,52,0,0
BRDA:258,52,1,0
BRDA:259,53,0,0
BRDA:259,53,1,0
BRDA:259,53,2,0
BRDA:259,53,3,0
BRDA:259,53,4,0
BRDA:259,53,5,0
BRDA:259,53,6,0
BRDA:259,53,7,0
BRDA:259,53,8,0
BRDA:272,54,0,0
BRDA:272,54,1,0
BRDA:273,55,0,0
BRDA:273,55,1,0
BRDA:273,55,2,0
BRDA:273,55,3,0
BRDA:273,55,4,0
BRDA:273,55,5,0
BRDA:283,56,0,0
BRDA:283,56,1,0
BRDA:283,57,0,0
BRDA:283,57,1,0
BRDA:286,58,0,0
BRDA:286,58,1,0
BRDA:287,59,0,0
BRDA:287,59,1,0
BRDA:289,60,0,0
BRDA:289,60,1,0
BRDA:292,61,0,0
BRDA:292,61,1,0
BRDA:298,62,0,0
BRDA:298,62,1,0
BRDA:298,63,0,0
BRDA:298,63,1,0
BRDA:301,64,0,0
BRDA:301,64,1,0
BRDA:303,65,0,0
BRDA:303,65,1,0
BRDA:303,66,0,0
BRDA:303,66,1,0
BRDA:306,67,0,0
BRDA:306,67,1,0
BRDA:306,68,0,0
BRDA:306,68,1,0
BRDA:310,69,0,0
BRDA:310,69,1,0
BRDA:310,70,0,0
BRDA:310,70,1,0
BRDA:317,71,0,0
BRDA:317,71,1,0
BRDA:327,72,0,0
BRDA:331,73,0,0
BRDA:331,73,1,0
BRDA:331,74,0,0
BRDA:331,74,1,0
BRDA:355,75,0,0
BRDA:355,75,1,0
BRDA:356,76,0,0
BRDA:356,76,1,0
BRDA:363,77,0,0
BRDA:363,77,1,0
BRF:166
BRH:0
end_of_record
TN:
SF:src/components/cascader/index.js
FN:16,(anonymous_0)
FN:19,(anonymous_1)
FN:21,(anonymous_2)
FN:24,(anonymous_3)
FN:27,(anonymous_4)
FN:33,(anonymous_5)
FN:38,(anonymous_6)
FN:41,(anonymous_7)
FN:55,(anonymous_8)
FNF:9
FNH:0
FNDA:0,(anonymous_0)
FNDA:0,(anonymous_1)
FNDA:0,(anonymous_2)
FNDA:0,(anonymous_3)
FNDA:0,(anonymous_4)
FNDA:0,(anonymous_5)
FNDA:0,(anonymous_6)
FNDA:0,(anonymous_7)
FNDA:0,(anonymous_8)
DA:11,0
DA:12,0
DA:17,0
DA:20,0
DA:21,0
DA:24,0
DA:26,0
DA:27,0
DA:29,0
DA:33,0
DA:34,0
DA:38,0
DA:39,0
DA:42,0
DA:43,0
DA:44,0
DA:45,0
DA:54,0
DA:68,0
LF:19
LH:0
BRDA:43,0,0,0
BRDA:43,0,1,0
BRF:2
BRH:0
end_of_record
TN:
SF:src/components/cascader/menus.js
FN:6,(anonymous_0)
FN:13,(anonymous_1)
FN:26,(anonymous_2)
FN:32,(anonymous_3)
FN:36,(anonymous_4)
FN:42,(anonymous_5)
FN:48,(anonymous_6)
FN:101,(anonymous_7)
FN:110,(anonymous_8)
FN:115,(anonymous_9)
FN:120,(anonymous_10)
FN:123,(anonymous_11)
FN:124,(anonymous_12)
FN:129,(anonymous_13)
FN:135,(anonymous_14)
FN:142,(anonymous_15)
FN:154,(anonymous_16)
FN:159,(anonymous_17)
FN:159,(anonymous_18)
FN:163,(anonymous_19)
FN:167,(anonymous_20)
FN:169,(anonymous_21)
FN:181,(anonymous_22)
FNF:23
FNH:0
FNDA:0,(anonymous_0)
FNDA:0,(anonymous_1)
FNDA:0,(anonymous_2)
FNDA:0,(anonymous_3)
FNDA:0,(anonymous_4)
FNDA:0,(anonymous_5)
FNDA:0,(anonymous_6)
FNDA:0,(anonymous_7)
FNDA:0,(anonymous_8)
FNDA:0,(anonymous_9)
FNDA:0,(anonymous_10)
FNDA:0,(anonymous_11)
FNDA:0,(anonymous_12)
FNDA:0,(anonymous_13)
FNDA:0,(anonymous_14)
FNDA:0,(anonymous_15)
FNDA:0,(anonymous_16)
FNDA:0,(anonymous_17)
FNDA:0,(anonymous_18)
FNDA:0,(anonymous_19)
FNDA:0,(anonymous_20)
FNDA:0,(anonymous_21)
FNDA:0,(anonymous_22)
DA:6,0
DA:7,0
DA:8,0
DA:9,0
DA:10,0
DA:11,0
DA:12,0
DA:13,0
DA:14,0
DA:16,0
DA:17,0
DA:19,0
DA:20,0
DA:21,0
DA:23,0
DA:27,0
DA:29,0
DA:33,0
DA:37,0
DA:38,0
DA:43,0
DA:45,0
DA:49,0
DA:50,0
DA:51,0
DA:52,0
DA:56,0
DA:57,0
DA:59,0
DA:60,0
DA:61,0
DA:62,0
DA:63,0
DA:66,0
DA:67,0
DA:73,0
DA:74,0
DA:75,0
DA:77,0
DA:78,0
DA:81,0
DA:82,0
DA:83,0
DA:84,0
DA:87,0
DA:88,0
DA:89,0
DA:90,0
DA:91,0
DA:94,0
DA:101,0
DA:111,0
DA:112,0
DA:113,0
DA:115,0
DA:121,0
DA:122,0
DA:123,0
DA:124,0
DA:125,0
DA:126,0
DA:130,0
DA:131,0
DA:132,0
DA:134,0
DA:135,0
DA:136,0
DA:137,0
DA:144,0
DA:145,0
DA:146,0
DA:147,0
DA:148,0
DA:149,0
DA:155,0
DA:156,0
DA:159,0
DA:160,0
DA:164,0
DA:165,0
DA:168,0
DA:169,0
DA:177,0
DA:187,0
LF:84
LH:0
BRDA:7,0,0,0
BRDA:7,0,1,0
BRDA:8,1,0,0
BRDA:8,1,1,0
BRDA:9,2,0,0
BRDA:9,2,1,0
BRDA:16,3,0,0
BRDA:16,3,1,0
BRDA:20,4,0,0
BRDA:20,4,1,0
BRDA:37,5,0,0
BRDA:37,5,1,0
BRDA:37,6,0,0
BRDA:37,6,1,0
BRDA:45,7,0,0
BRDA:45,7,1,0
BRDA:59,8,0,0
BRDA:59,8,1,0
BRDA:60,9,0,0
BRDA:60,9,1,0
BRDA:60,10,0,0
BRDA:60,10,1,0
BRDA:62,11,0,0
BRDA:62,11,1,0
BRDA:66,12,0,0
BRDA:66,12,1,0
BRDA:66,13,0,0
BRDA:66,13,1,0
BRDA:66,13,2,0
BRDA:73,14,0,0
BRDA:73,14,1,0
BRDA:77,15,0,0
BRDA:77,15,1,0
BRDA:82,16,0,0
BRDA:82,16,1,0
BRDA:84,17,0,0
BRDA:84,17,1,0
BRDA:88,18,0,0
BRDA:88,18,1,0
BRDA:90,19,0,0
BRDA:90,19,1,0
BRDA:111,20,0,0
BRDA:111,20,1,0
BRDA:130,21,0,0
BRDA:130,21,1,0
BRDA:134,22,0,0
BRDA:134,22,1,0
BRDA:147,23,0,0
BRDA:147,23,1,0
BRDA:155,24,0,0
BRF:50
BRH:0
end_of_record
TN:
SF:src/components/checkbox/index.js
FN:10,Group
FN:15,(anonymous_1)
FN:21,(anonymous_2)
FN:90,(anonymous_3)
FN:98,(anonymous_4)
FN:109,(anonymous_5)
FN:114,(anonymous_6)
FN:132,(anonymous_7)
FNF:8
FNH:8
FNDA:12,Group
FNDA:22,(anonymous_1)
FNDA:4,(anonymous_2)
FNDA:141,(anonymous_3)
FNDA:29,(anonymous_4)
FNDA:362,(anonymous_5)
FNDA:337,(anonymous_6)
FNDA:29,(anonymous_7)
DA:8,15
DA:11,12
DA:13,12
DA:15,12
DA:16,22
DA:22,4
DA:23,1
DA:26,4
DA:28,4
DA:29,1
DA:32,4
DA:33,3
DA:36,4
DA:41,12
DA:46,12
DA:49,15
DA:56,15
DA:64,15
DA:76,15
DA:88,15
DA:91,141
DA:93,141
DA:99,29
DA:100,29
DA:102,25
DA:104,25
DA:106,25
DA:110,362
DA:111,362
DA:115,337
DA:116,337
DA:118,337
DA:124,337
DA:133,29
LF:34
LH:34
BRDA:13,0,0,2
BRDA:13,0,1,10
BRDA:17,1,0,19
BRDA:17,1,1,3
BRDA:19,2,0,18
BRDA:19,2,1,4
BRDA:22,3,0,1
BRDA:22,3,1,3
BRDA:28,4,0,1
BRDA:28,4,1,3
BRDA:28,5,0,4
BRDA:28,5,1,1
BRDA:32,6,0,3
BRDA:32,6,1,1
BRDA:32,7,0,4
BRDA:32,7,1,3
BRDA:100,8,0,4
BRDA:100,8,1,25
BRDA:111,9,0,37
BRDA:111,9,1,325
BRDA:115,10,0,316
BRDA:115,11,0,26
BRDA:120,12,0,64
BRDA:120,12,1,273
BRF:24
BRH:24
end_of_record
TN:
SF:src/components/complex-checkbox/index.js
FN:11,ComplexCheckbox
FNF:1
FNH:0
FNDA:0,ComplexCheckbox
DA:9,0
DA:12,0
DA:14,0
DA:15,0
DA:17,0
DA:46,0
DA:54,0
LF:7
LH:0
BRDA:14,0,0,0
BRDA:14,0,1,0
BRDA:14,0,2,0
BRDA:15,1,0,0
BRDA:15,1,1,0
BRDA:15,1,2,0
BRDA:26,2,0,0
BRDA:26,2,1,0
BRDA:28,3,0,0
BRDA:28,3,1,0
BRDA:29,4,0,0
BRDA:29,4,1,0
BRDA:30,5,0,0
BRDA:30,5,1,0
BRF:14
BRH:0
end_of_record
TN:
SF:src/components/complex-radio/index.js
FN:11,ComplexRadio
FN:84,(anonymous_1)
FNF:2
FNH:0
FNDA:0,ComplexRadio
FNDA:0,(anonymous_1)
DA:9,0
DA:20,0
DA:22,0
DA:23,0
DA:25,0
DA:58,0
DA:60,0
DA:74,0
LF:8
LH:0
BRDA:22,0,0,0
BRDA:22,0,1,0
BRDA:22,0,2,0
BRDA:23,1,0,0
BRDA:23,1,1,0
BRDA:23,1,2,0
BRDA:33,2,0,0
BRDA:33,2,1,0
BRDA:34,3,0,0
BRDA:34,3,1,0
BRDA:38,4,0,0
BRDA:38,4,1,0
BRDA:40,5,0,0
BRDA:40,5,1,0
BRDA:41,6,0,0
BRDA:41,6,1,0
BRDA:42,7,0,0
BRDA:42,7,1,0
BRF:18
BRH:0
end_of_record
TN:
SF:src/components/datepicker/constant.js
FNF:0
FNH:0
DA:3,5
DA:4,5
DA:5,5
DA:6,5
DA:7,5
DA:8,5
DA:10,5
DA:26,5
DA:28,5
DA:41,5
DA:69,5
DA:76,5
DA:77,5
DA:78,5
DA:80,5
LF:15
LH:15
BRDA:82,0,0,5
BRDA:82,0,1,0
BRDA:83,1,0,0
BRDA:83,1,1,5
BRF:4
BRH:2
end_of_record
TN:
SF:src/components/datepicker/index.js
FNF:0
FNH:0
DA:9,5
LF:1
LH:1
BRF:0
BRH:0
end_of_record
TN:
SF:src/components/datepicker/proptypes.js
FNF:0
FNH:0
DA:4,5
DA:27,5
LF:2
LH:2
BRF:0
BRH:0
end_of_record
TN:
SF:src/components/datepicker/utils.js
FN:9,getMonthMaxDay
FN:27,getMonthSize
FN:36,getWeekDisplayRange
FN:44,displayNow
FN:59,today
FN:64,getMonthData
FN:116,refreshDays
FN:121,convert
FN:142,(anonymous_8)
FN:155,formatTime
FN:165,transformObj
FN:169,formatZero
FN:180,checkFormat
FNF:13
FNH:8
FNDA:0,getMonthMaxDay
FNDA:12,getMonthSize
FNDA:6,getWeekDisplayRange
FNDA:63,displayNow
FNDA:186,today
FNDA:6,getMonthData
FNDA:6,refreshDays
FNDA:0,convert
FNDA:0,(anonymous_8)
FNDA:0,formatTime
FNDA:9,transformObj
FNDA:0,formatZero
FNDA:12,checkFormat
DA:10,0
DA:11,0
DA:12,0
DA:14,0
DA:16,0
DA:17,0
DA:19,0
DA:21,0
DA:22,0
DA:24,0
DA:28,12
DA:29,12
DA:37,6
DA:38,6
DA:39,6
DA:41,6
DA:45,63
DA:46,63
DA:47,63
DA:48,63
DA:49,63
DA:60,186
DA:61,186
DA:65,6
DA:66,6
DA:67,6
DA:68,6
DA:69,6
DA:70,6
DA:71,6
DA:72,6
DA:73,6
DA:74,6
DA:75,6
DA:77,6
DA:78,0
DA:79,0
DA:81,6
DA:84,6
DA:86,6
DA:87,18
DA:88,18
DA:90,6
DA:91,6
DA:92,6
DA:94,6
DA:95,186
DA:96,186
DA:99,6
DA:100,6
DA:101,6
DA:102,6
DA:103,6
DA:104,42
DA:105,42
DA:109,6
DA:117,6
DA:122,0
DA:123,0
DA:126,0
DA:135,0
DA:136,0
DA:137,0
DA:142,0
DA:143,0
DA:144,0
DA:152,0
DA:156,0
DA:157,0
DA:159,0
DA:160,0
DA:162,0
DA:166,9
DA:170,0
DA:181,12
DA:182,12
DA:183,12
DA:185,12
DA:187,12
DA:188,3
DA:191,9
DA:192,3
DA:193,3
DA:202,6
DA:203,3
DA:204,3
DA:215,3
DA:216,3
DA:217,3
DA:218,3
DA:221,3
DA:228,3
DA:232,0
DA:236,3
DA:238,0
DA:239,0
DA:242,0
DA:243,0
DA:246,0
DA:247,0
DA:248,0
DA:260,0
DA:264,3
DA:267,5
LF:104
LH:67
BRDA:10,0,0,0
BRDA:10,0,1,0
BRDA:14,1,0,0
BRDA:14,1,1,0
BRDA:16,2,0,0
BRDA:16,2,1,0
BRDA:16,3,0,0
BRDA:16,3,1,0
BRDA:16,3,2,0
BRDA:21,4,0,0
BRDA:21,4,1,0
BRDA:30,5,0,12
BRDA:30,5,1,0
BRDA:31,6,0,12
BRDA:31,6,1,0
BRDA:38,7,0,6
BRDA:38,7,1,0
BRDA:39,8,0,6
BRDA:39,8,1,0
BRDA:44,9,0,57
BRDA:77,10,0,0
BRDA:77,10,1,6
BRDA:100,11,0,6
BRDA:100,11,1,0
BRDA:102,12,0,0
BRDA:102,12,1,6
BRDA:110,13,0,6
BRDA:110,13,1,0
BRDA:111,14,0,6
BRDA:111,14,1,0
BRDA:112,15,0,6
BRDA:112,15,1,0
BRDA:136,16,0,0
BRDA:136,16,1,0
BRDA:136,17,0,0
BRDA:136,17,1,0
BRDA:143,18,0,0
BRDA:143,18,1,0
BRDA:146,19,0,0
BRDA:146,19,1,0
BRDA:155,20,0,0
BRDA:156,21,0,0
BRDA:156,21,1,0
BRDA:159,22,0,0
BRDA:159,22,1,0
BRDA:166,23,0,0
BRDA:166,23,1,9
BRDA:170,24,0,0
BRDA:170,24,1,0
BRDA:180,25,0,12
BRDA:187,26,0,3
BRDA:187,26,1,9
BRDA:191,27,0,3
BRDA:191,27,1,6
BRDA:194,28,0,3
BRDA:194,28,1,0
BRDA:194,28,2,0
BRDA:194,28,3,0
BRDA:194,28,4,0
BRDA:202,29,0,3
BRDA:202,29,1,3
BRDA:205,30,0,3
BRDA:205,30,1,0
BRDA:205,30,2,0
BRDA:205,30,3,0
BRDA:205,30,4,0
BRDA:205,30,5,0
BRDA:205,30,6,0
BRDA:215,31,0,3
BRDA:215,31,1,0
BRDA:222,32,0,3
BRDA:222,32,1,0
BRDA:222,32,2,0
BRDA:222,32,3,0
BRDA:228,33,0,0
BRDA:228,33,1,3
BRDA:229,34,0,3
BRDA:229,34,1,0
BRDA:229,34,2,0
BRDA:229,34,3,0
BRDA:229,34,4,0
BRDA:236,35,0,0
BRDA:236,35,1,3
BRDA:238,36,0,0
BRDA:238,36,1,0
BRDA:242,37,0,0
BRDA:242,37,1,0
BRDA:248,38,0,0
BRDA:248,38,1,0
BRDA:249,39,0,0
BRDA:249,39,1,0
BRDA:249,39,2,0
BRDA:249,39,3,0
BRDA:249,39,4,0
BRDA:249,39,5,0
BRDA:249,39,6,0
BRDA:249,39,7,0
BRDA:249,39,8,0
BRDA:249,39,9,0
BRF:99
BRH:26
end_of_record
TN:
SF:src/components/datepicker/common/arrow.js
FN:11,(anonymous_0)
FN:18,(anonymous_1)
FN:31,(anonymous_2)
FN:38,(anonymous_3)
FNF:4
FNH:2
FNDA:9,(anonymous_0)
FNDA:0,(anonymous_1)
FNDA:9,(anonymous_2)
FNDA:0,(anonymous_3)
DA:6,5
DA:11,5
DA:12,9
DA:14,9
DA:18,9
DA:19,0
DA:20,0
DA:24,9
DA:31,5
DA:32,9
DA:34,9
DA:38,9
DA:39,0
DA:40,0
DA:44,9
LF:15
LH:11
BRDA:19,0,0,0
BRDA:19,0,1,0
BRDA:39,1,0,0
BRDA:39,1,1,0
BRF:4
BRH:0
end_of_record
TN:
SF:src/components/datepicker/common/header.js
FN:10,(anonymous_0)
FN:22,(anonymous_1)
FN:34,(anonymous_2)
FN:39,(anonymous_3)
FN:44,(anonymous_4)
FN:78,(anonymous_5)
FN:103,(anonymous_6)
FN:109,(anonymous_7)
FN:115,(anonymous_8)
FN:129,(anonymous_9)
FN:137,(anonymous_10)
FN:153,(anonymous_11)
FN:181,(anonymous_12)
FNF:13
FNH:9
FNDA:0,(anonymous_0)
FNDA:0,(anonymous_1)
FNDA:0,(anonymous_2)
FNDA:0,(anonymous_3)
FNDA:36,(anonymous_4)
FNDA:6,(anonymous_5)
FNDA:156,(anonymous_6)
FNDA:156,(anonymous_7)
FNDA:153,(anonymous_8)
FNDA:3,(anonymous_9)
FNDA:36,(anonymous_10)
FNDA:3,(anonymous_11)
FNDA:3,(anonymous_12)
DA:10,3
DA:11,0
DA:13,0
DA:14,0
DA:16,0
DA:22,3
DA:23,0
DA:25,0
DA:26,0
DA:28,0
DA:34,3
DA:35,0
DA:36,0
DA:39,3
DA:40,0
DA:41,0
DA:44,3
DA:45,36
DA:47,36
DA:48,36
DA:50,36
DA:51,0
DA:52,0
DA:53,0
DA:59,36
DA:60,0
DA:61,0
DA:67,36
DA:68,0
DA:69,0
DA:75,36
DA:78,3
DA:79,6
DA:81,6
DA:82,6
DA:84,6
DA:85,0
DA:86,0
DA:87,6
DA:88,0
DA:89,0
DA:92,6
DA:93,3
DA:94,0
DA:95,0
DA:98,3
DA:99,0
DA:100,0
DA:103,3
DA:104,156
DA:105,156
DA:106,156
DA:109,3
DA:110,156
DA:111,156
DA:112,156
DA:115,3
DA:116,153
DA:117,153
DA:118,0
DA:120,153
DA:121,0
DA:123,153
DA:124,0
DA:126,153
DA:130,3
DA:131,3
DA:138,36
DA:139,36
DA:154,3
DA:155,3
DA:156,3
DA:157,3
DA:159,3
DA:160,153
DA:170,3
DA:182,3
DA:184,3
DA:201,5
DA:210,5
LF:80
LH:50
BRDA:13,0,0,0
BRDA:13,0,1,0
BRDA:14,1,0,0
BRDA:14,1,1,0
BRDA:25,2,0,0
BRDA:25,2,1,0
BRDA:26,3,0,0
BRDA:26,3,1,0
BRDA:44,4,0,36
BRDA:50,5,0,0
BRDA:50,5,1,36
BRDA:50,6,0,36
BRDA:50,6,1,0
BRDA:54,7,0,0
BRDA:54,7,1,0
BRDA:59,8,0,0
BRDA:59,8,1,36
BRDA:59,9,0,36
BRDA:59,9,1,0
BRDA:62,10,0,0
BRDA:62,10,1,0
BRDA:67,11,0,0
BRDA:67,11,1,36
BRDA:67,12,0,36
BRDA:67,12,1,36
BRDA:70,13,0,0
BRDA:70,13,1,0
BRDA:75,14,0,36
BRDA:75,14,1,36
BRDA:84,15,0,0
BRDA:84,15,1,6
BRDA:87,16,0,0
BRDA:87,16,1,6
BRDA:92,17,0,3
BRDA:92,17,1,3
BRDA:93,18,0,3
BRDA:93,18,1,0
BRDA:98,19,0,3
BRDA:98,19,1,0
BRDA:105,20,0,0
BRDA:105,20,1,156
BRDA:105,21,0,156
BRDA:105,21,1,0
BRDA:106,22,0,0
BRDA:106,22,1,156
BRDA:111,23,0,0
BRDA:111,23,1,156
BRDA:111,24,0,156
BRDA:111,24,1,0
BRDA:112,25,0,0
BRDA:112,25,1,156
BRDA:117,26,0,0
BRDA:117,26,1,153
BRDA:117,27,0,153
BRDA:117,27,1,0
BRDA:118,28,0,0
BRDA:118,28,1,0
BRDA:120,29,0,0
BRDA:120,29,1,153
BRDA:120,30,0,153
BRDA:120,30,1,0
BRDA:121,31,0,0
BRDA:121,31,1,0
BRDA:123,32,0,0
BRDA:123,32,1,153
BRDA:123,33,0,153
BRDA:123,33,1,153
BRDA:124,34,0,0
BRDA:124,34,1,0
BRDA:126,35,0,153
BRDA:126,35,1,153
BRF:71
BRH:31
end_of_record
TN:
SF:src/components/datepicker/common/picker.js
FN:27,(anonymous_0)
FN:51,(anonymous_1)
FN:54,(anonymous_2)
FN:57,(anonymous_3)
FN:60,(anonymous_4)
FN:65,(anonymous_5)
FN:79,(anonymous_6)
FN:86,(anonymous_7)
FN:99,(anonymous_8)
FN:104,(anonymous_9)
FN:108,(anonymous_10)
FN:112,(anonymous_11)
FN:123,(anonymous_12)
FN:142,(anonymous_13)
FN:147,(anonymous_14)
FN:201,(anonymous_15)
FN:209,(anonymous_16)
FN:244,(anonymous_17)
FN:275,(anonymous_18)
FN:300,(anonymous_19)
FN:334,(anonymous_20)
FN:347,(anonymous_21)
FN:415,(anonymous_22)
FN:442,(anonymous_23)
FN:465,(anonymous_24)
FNF:25
FNH:15
FNDA:24,(anonymous_0)
FNDA:3,(anonymous_1)
FNDA:3,(anonymous_2)
FNDA:3,(anonymous_3)
FNDA:3,(anonymous_4)
FNDA:36,(anonymous_5)
FNDA:16,(anonymous_6)
FNDA:12,(anonymous_7)
FNDA:4,(anonymous_8)
FNDA:0,(anonymous_9)
FNDA:44,(anonymous_10)
FNDA:0,(anonymous_11)
FNDA:0,(anonymous_12)
FNDA:0,(anonymous_13)
FNDA:12,(anonymous_14)
FNDA:0,(anonymous_15)
FNDA:0,(anonymous_16)
FNDA:12,(anonymous_17)
FNDA:0,(anonymous_18)
FNDA:12,(anonymous_19)
FNDA:16,(anonymous_20)
FNDA:0,(anonymous_21)
FNDA:0,(anonymous_22)
FNDA:0,(anonymous_23)
FNDA:36,(anonymous_24)
DA:25,5
DA:28,24
DA:30,24
DA:31,24
DA:35,24
DA:46,24
DA:47,24
DA:49,24
DA:51,24
DA:52,3
DA:54,24
DA:55,3
DA:57,24
DA:58,3
DA:60,24
DA:61,3
DA:66,36
DA:67,36
DA:68,36
DA:70,36
DA:71,0
DA:76,36
DA:80,16
DA:81,16
DA:82,0
DA:87,12
DA:88,12
DA:89,12
DA:90,12
DA:91,0
DA:92,0
DA:94,12
DA:95,0
DA:100,4
DA:101,4
DA:105,0
DA:109,44
DA:113,0
DA:114,0
DA:123,24
DA:124,0
DA:126,0
DA:129,0
DA:132,0
DA:133,0
DA:142,24
DA:143,0
DA:144,0
DA:147,24
DA:148,12
DA:149,12
DA:151,12
DA:154,12
DA:158,12
DA:159,3
DA:169,9
DA:170,3
DA:180,6
DA:181,3
DA:191,3
DA:201,24
DA:202,0
DA:203,0
DA:204,0
DA:209,24
DA:211,0
DA:213,0
DA:214,0
DA:217,0
DA:218,0
DA:219,0
DA:220,0
DA:224,0
DA:225,0
DA:226,0
DA:230,0
DA:232,0
DA:240,0
DA:244,24
DA:245,12
DA:246,12
DA:247,12
DA:249,12
DA:250,12
DA:254,12
DA:256,12
DA:257,0
DA:259,12
DA:260,12
DA:273,12
DA:275,0
DA:276,0
DA:279,0
DA:280,0
DA:282,0
DA:286,0
DA:290,12
DA:293,0
DA:296,0
DA:297,0
DA:300,24
DA:302,12
DA:303,12
DA:305,12
DA:307,12
DA:309,12
DA:311,12
DA:315,12
DA:316,12
DA:317,0
DA:326,12
DA:334,24
DA:335,16
DA:336,16
DA:337,16
DA:339,16
DA:342,12
DA:343,12
DA:347,24
DA:348,0
DA:349,0
DA:351,0
DA:352,0
DA:353,0
DA:356,0
DA:360,0
DA:362,0
DA:364,0
DA:369,0
DA:374,0
DA:375,0
DA:379,0
DA:383,0
DA:388,0
DA:389,0
DA:390,0
DA:391,0
DA:392,0
DA:393,0
DA:394,0
DA:395,0
DA:396,0
DA:397,0
DA:399,0
DA:415,24
DA:416,0
DA:417,0
DA:420,0
DA:421,0
DA:422,0
DA:423,0
DA:428,0
DA:436,0
DA:442,24
DA:443,0
DA:444,0
DA:445,0
DA:446,0
DA:447,0
DA:449,0
DA:457,0
DA:462,0
DA:472,36
DA:473,36
DA:482,36
DA:483,36
DA:502,36
DA:545,5
DA:567,5
LF:169
LH:86
BRDA:31,0,0,0
BRDA:31,0,1,24
BRDA:36,1,0,0
BRDA:36,1,1,24
BRDA:70,2,0,0
BRDA:70,2,1,36
BRDA:81,3,0,0
BRDA:81,3,1,16
BRDA:90,4,0,0
BRDA:90,4,1,12
BRDA:91,5,0,0
BRDA:91,5,1,0
BRDA:91,6,0,0
BRDA:91,6,1,0
BRDA:94,7,0,0
BRDA:94,7,1,12
BRDA:114,8,0,0
BRDA:114,8,1,0
BRDA:123,9,0,0
BRDA:123,10,0,0
BRDA:123,11,0,0
BRDA:126,12,0,0
BRDA:126,12,1,0
BRDA:126,13,0,0
BRDA:126,13,1,0
BRDA:126,13,2,0
BRDA:128,14,0,0
BRDA:128,14,1,0
BRDA:130,15,0,0
BRDA:130,15,1,0
BRDA:132,16,0,0
BRDA:132,16,1,0
BRDA:142,17,0,0
BRDA:154,18,0,0
BRDA:154,18,1,12
BRDA:154,19,0,12
BRDA:154,19,1,0
BRDA:158,20,0,3
BRDA:158,20,1,9
BRDA:169,21,0,3
BRDA:169,21,1,6
BRDA:180,22,0,3
BRDA:180,22,1,3
BRDA:203,23,0,0
BRDA:203,23,1,0
BRDA:211,24,0,0
BRDA:211,24,1,0
BRDA:211,24,2,0
BRDA:217,25,0,0
BRDA:217,25,1,0
BRDA:217,26,0,0
BRDA:217,26,1,0
BRDA:217,26,2,0
BRDA:224,27,0,0
BRDA:224,27,1,0
BRDA:224,28,0,0
BRDA:224,28,1,0
BRDA:224,28,2,0
BRDA:230,29,0,0
BRDA:230,29,1,0
BRDA:230,30,0,0
BRDA:230,30,1,0
BRDA:230,30,2,0
BRDA:232,31,0,0
BRDA:232,31,1,0
BRDA:249,32,0,12
BRDA:249,32,1,0
BRDA:249,33,0,12
BRDA:249,33,1,12
BRDA:256,34,0,0
BRDA:256,34,1,12
BRDA:273,35,0,0
BRDA:273,35,1,12
BRDA:282,36,0,0
BRDA:282,36,1,0
BRDA:309,37,0,12
BRDA:309,37,1,0
BRDA:309,37,2,0
BRDA:311,38,0,12
BRDA:311,38,1,0
BRDA:311,38,2,0
BRDA:311,38,3,0
BRDA:315,39,0,0
BRDA:315,39,1,12
BRDA:316,40,0,0
BRDA:316,40,1,12
BRDA:319,41,0,0
BRDA:319,41,1,0
BRDA:322,42,0,0
BRDA:322,42,1,0
BRDA:327,43,0,0
BRDA:327,43,1,12
BRDA:328,44,0,0
BRDA:328,44,1,12
BRDA:329,45,0,0
BRDA:329,45,1,12
BRDA:339,46,0,4
BRDA:339,46,1,12
BRDA:342,47,0,12
BRDA:342,47,1,0
BRDA:347,48,0,0
BRDA:349,49,0,0
BRDA:349,49,1,0
BRDA:351,50,0,0
BRDA:351,50,1,0
BRDA:351,51,0,0
BRDA:351,51,1,0
BRDA:360,52,0,0
BRDA:360,52,1,0
BRDA:364,53,0,0
BRDA:364,53,1,0
BRDA:364,54,0,0
BRDA:364,54,1,0
BRDA:374,55,0,0
BRDA:374,55,1,0
BRDA:374,56,0,0
BRDA:374,56,1,0
BRDA:379,57,0,0
BRDA:379,57,1,0
BRDA:388,58,0,0
BRDA:388,58,1,0
BRDA:388,59,0,0
BRDA:388,59,1,0
BRDA:389,60,0,0
BRDA:389,60,1,0
BRDA:391,61,0,0
BRDA:391,61,1,0
BRDA:393,62,0,0
BRDA:393,62,1,0
BRDA:395,63,0,0
BRDA:395,63,1,0
BRDA:400,64,0,0
BRDA:400,64,1,0
BRDA:420,65,0,0
BRDA:420,65,1,0
BRDA:420,66,0,0
BRDA:420,66,1,0
BRDA:428,67,0,0
BRDA:428,67,1,0
BRDA:447,68,0,0
BRDA:447,68,1,0
BRDA:447,69,0,0
BRDA:447,69,1,0
BRDA:447,69,2,0
BRDA:527,70,0,36
BRDA:527,70,1,12
BRDA:527,70,2,0
BRF:147
BRH:31
end_of_record
TN:
SF:src/components/datepicker/common/time.js
FN:8,formatNumber
FN:16,(anonymous_1)
FN:32,(anonymous_2)
FN:41,(anonymous_3)
FN:53,(anonymous_4)
FN:63,(anonymous_5)
FN:73,(anonymous_6)
FN:74,(anonymous_7)
FN:82,(anonymous_8)
FN:83,(anonymous_9)
FN:91,(anonymous_10)
FN:92,(anonymous_11)
FN:100,(anonymous_12)
FN:135,(anonymous_13)
FN:170,(anonymous_14)
FN:196,(anonymous_15)
FNF:16
FNH:6
FNDA:1,formatNumber
FNDA:2,(anonymous_1)
FNDA:1,(anonymous_2)
FNDA:2,(anonymous_3)
FNDA:0,(anonymous_4)
FNDA:0,(anonymous_5)
FNDA:0,(anonymous_6)
FNDA:0,(anonymous_7)
FNDA:0,(anonymous_8)
FNDA:0,(anonymous_9)
FNDA:0,(anonymous_10)
FNDA:0,(anonymous_11)
FNDA:1,(anonymous_12)
FNDA:0,(anonymous_13)
FNDA:0,(anonymous_14)
FNDA:3,(anonymous_15)
DA:9,1
DA:10,1
DA:12,1
DA:17,2
DA:19,2
DA:20,2
DA:22,2
DA:24,2
DA:33,1
DA:34,1
DA:36,1
DA:37,0
DA:42,2
DA:44,2
DA:45,0
DA:50,2
DA:54,0
DA:56,0
DA:63,2
DA:64,0
DA:66,0
DA:73,2
DA:74,0
DA:75,0
DA:82,2
DA:83,0
DA:84,0
DA:91,2
DA:92,0
DA:93,0
DA:100,2
DA:101,1
DA:102,1
DA:105,1
DA:107,1
DA:108,1
DA:109,0
DA:111,1
DA:113,1
DA:114,1
DA:115,1
DA:118,0
DA:122,1
DA:126,1
DA:128,1
DA:135,2
DA:136,0
DA:137,0
DA:140,0
DA:142,0
DA:143,0
DA:144,0
DA:147,0
DA:148,0
DA:149,0
DA:150,0
DA:153,0
DA:157,0
DA:161,0
DA:163,0
DA:170,2
DA:171,0
DA:172,0
DA:173,0
DA:175,0
DA:176,0
DA:177,0
DA:180,0
DA:183,0
DA:187,0
DA:189,0
DA:197,3
DA:198,3
DA:201,3
DA:209,3
DA:245,5
DA:254,5
LF:77
LH:39
BRDA:36,0,0,0
BRDA:36,0,1,1
BRDA:44,1,0,0
BRDA:44,1,1,2
BRDA:44,2,0,2
BRDA:44,2,1,0
BRDA:45,3,0,0
BRDA:45,3,1,0
BRDA:107,4,0,1
BRDA:107,4,1,0
BRDA:108,5,0,0
BRDA:108,5,1,1
BRDA:111,6,0,1
BRDA:111,6,1,0
BRDA:111,7,0,1
BRDA:111,7,1,1
BRDA:142,8,0,0
BRDA:142,8,1,0
BRDA:143,9,0,0
BRDA:143,9,1,0
BRDA:147,10,0,0
BRDA:147,10,1,0
BRDA:147,11,0,0
BRDA:147,11,1,0
BRDA:175,12,0,0
BRDA:175,12,1,0
BRDA:176,13,0,0
BRDA:176,13,1,0
BRDA:201,14,0,3
BRDA:201,14,1,0
BRDA:211,15,0,3
BRDA:211,15,1,0
BRF:32
BRH:10
end_of_record
TN:
SF:src/components/datepicker/common/utils.js
FN:7,createWrapper
FN:22,renderDOM
FN:29,destroyDOM
FNF:3
FNH:2
FNDA:12,createWrapper
FNDA:12,renderDOM
FNDA:0,destroyDOM
DA:4,5
DA:8,12
DA:9,12
DA:10,12
DA:11,12
DA:12,12
DA:13,12
DA:14,12
DA:15,12
DA:16,12
DA:17,12
DA:18,12
DA:23,12
DA:24,12
DA:25,12
DA:30,0
DA:31,0
DA:32,0
DA:33,0
DA:34,0
DA:36,0
DA:37,0
LF:22
LH:15
BRDA:15,0,0,12
BRDA:15,0,1,0
BRDA:16,1,0,12
BRDA:16,1,1,0
BRDA:31,2,0,0
BRDA:31,2,1,0
BRDA:36,3,0,0
BRDA:36,3,1,0
BRF:8
BRH:2
end_of_record
TN:
SF:src/components/datepicker/common/week.js
FN:12,(anonymous_0)
FN:20,(anonymous_1)
FN:52,(anonymous_2)
FN:55,(anonymous_3)
FN:62,(anonymous_4)
FN:63,(anonymous_5)
FN:70,(anonymous_6)
FN:78,(anonymous_7)
FN:91,(anonymous_8)
FN:93,(anonymous_9)
FN:105,(anonymous_10)
FN:113,(anonymous_11)
FN:126,(anonymous_12)
FNF:13
FNH:10
FNDA:0,(anonymous_0)
FNDA:252,(anonymous_1)
FNDA:6,(anonymous_2)
FNDA:42,(anonymous_3)
FNDA:12,(anonymous_4)
FNDA:66,(anonymous_5)
FNDA:0,(anonymous_6)
FNDA:6,(anonymous_7)
FNDA:6,(anonymous_8)
FNDA:186,(anonymous_9)
FNDA:0,(anonymous_10)
FNDA:6,(anonymous_11)
FNDA:6,(anonymous_12)
DA:10,6
DA:12,6
DA:13,0
DA:20,6
DA:21,252
DA:23,252
DA:24,252
DA:25,252
DA:27,252
DA:28,252
DA:30,252
DA:31,0
DA:35,0
DA:37,0
DA:40,252
DA:41,0
DA:45,0
DA:47,0
DA:49,252
DA:53,6
DA:56,42
DA:63,12
DA:64,66
DA:65,66
DA:68,66
DA:70,0
DA:79,6
DA:80,6
DA:81,6
DA:82,6
DA:83,0
DA:84,0
DA:86,6
DA:88,6
DA:92,6
DA:93,6
DA:94,186
DA:95,186
DA:96,186
DA:97,186
DA:103,186
DA:105,0
DA:114,6
DA:115,6
DA:116,6
DA:117,6
DA:118,0
DA:119,0
DA:121,6
DA:123,6
DA:127,6
DA:129,6
DA:148,5
DA:156,5
LF:54
LH:41
BRDA:30,0,0,0
BRDA:30,0,1,252
BRDA:30,1,0,252
BRDA:30,1,1,252
BRDA:31,2,0,0
BRDA:31,2,1,0
BRDA:32,3,0,0
BRDA:32,3,1,0
BRDA:40,4,0,0
BRDA:40,4,1,252
BRDA:40,5,0,252
BRDA:40,5,1,252
BRDA:41,6,0,0
BRDA:41,6,1,0
BRDA:42,7,0,0
BRDA:42,7,1,0
BRDA:70,8,0,0
BRDA:70,8,1,0
BRDA:82,9,0,0
BRDA:82,9,1,6
BRDA:105,10,0,0
BRDA:105,10,1,0
BRDA:117,11,0,0
BRDA:117,11,1,6
BRF:24
BRH:8
end_of_record
TN:
SF:src/components/datepicker/date-picker/grid.js
FN:11,(anonymous_0)
FN:34,(anonymous_1)
FN:40,(anonymous_2)
FN:52,(anonymous_3)
FN:62,(anonymous_4)
FN:97,(anonymous_5)
FN:121,(anonymous_6)
FN:129,(anonymous_7)
FN:133,(anonymous_8)
FN:146,(anonymous_9)
FNF:10
FNH:4
FNDA:3,(anonymous_0)
FNDA:0,(anonymous_1)
FNDA:0,(anonymous_2)
FNDA:3,(anonymous_3)
FNDA:3,(anonymous_4)
FNDA:0,(anonymous_5)
FNDA:0,(anonymous_6)
FNDA:0,(anonymous_7)
FNDA:0,(anonymous_8)
FNDA:3,(anonymous_9)
DA:12,3
DA:14,3
DA:16,3
DA:18,3
DA:20,3
DA:35,0
DA:36,0
DA:41,0
DA:42,0
DA:43,0
DA:44,0
DA:53,3
DA:54,3
DA:55,0
DA:59,3
DA:62,3
DA:63,3
DA:64,3
DA:65,3
DA:66,3
DA:67,3
DA:75,3
DA:83,3
DA:91,3
DA:92,0
DA:94,3
DA:97,3
DA:98,0
DA:99,0
DA:101,0
DA:102,0
DA:105,0
DA:109,0
DA:112,0
DA:115,0
DA:116,0
DA:118,0
DA:121,3
DA:122,0
DA:129,3
DA:130,0
DA:133,3
DA:134,0
DA:135,0
DA:137,0
DA:148,3
DA:149,3
DA:151,3
DA:153,3
DA:203,5
DA:218,5
LF:51
LH:28
BRDA:23,0,0,3
BRDA:23,0,1,3
BRDA:23,0,2,0
BRDA:24,1,0,0
BRDA:24,1,1,0
BRDA:26,2,0,3
BRDA:26,2,1,3
BRDA:26,2,2,0
BRDA:27,3,0,0
BRDA:27,3,1,0
BRDA:29,4,0,3
BRDA:29,4,1,3
BRDA:29,4,2,0
BRDA:30,5,0,0
BRDA:30,5,1,0
BRDA:35,6,0,0
BRDA:35,6,1,0
BRDA:41,7,0,0
BRDA:41,7,1,0
BRDA:43,8,0,0
BRDA:43,8,1,0
BRDA:45,9,0,0
BRDA:45,9,1,0
BRDA:46,10,0,0
BRDA:46,10,1,0
BRDA:47,11,0,0
BRDA:47,11,1,0
BRDA:54,12,0,0
BRDA:54,12,1,3
BRDA:91,13,0,0
BRDA:91,13,1,3
BRDA:91,14,0,3
BRDA:91,14,1,3
BRDA:94,15,0,3
BRDA:94,15,1,3
BRDA:105,16,0,0
BRDA:105,16,1,0
BRDA:105,17,0,0
BRDA:105,17,1,0
BRDA:109,18,0,0
BRDA:109,18,1,0
BRDA:109,19,0,0
BRDA:109,19,1,0
BRDA:115,20,0,0
BRDA:115,20,1,0
BRDA:115,21,0,0
BRDA:115,21,1,0
BRDA:118,22,0,0
BRDA:118,22,1,0
BRDA:167,23,0,3
BRDA:167,23,1,0
BRDA:176,24,0,0
BRDA:176,24,1,3
BRDA:192,25,0,3
BRDA:192,25,1,0
BRF:55
BRH:15
end_of_record
TN:
SF:src/components/datepicker/date-picker/index.js
FN:9,(anonymous_0)
FN:22,(anonymous_1)
FN:34,(anonymous_2)
FNF:3
FNH:2
FNDA:6,(anonymous_0)
FNDA:0,(anonymous_1)
FNDA:6,(anonymous_2)
DA:10,6
DA:11,6
DA:12,6
DA:15,6
DA:16,6
DA:19,6
DA:22,6
DA:23,0
DA:24,0
DA:26,0
DA:29,0
DA:31,0
DA:35,6
DA:36,6
DA:47,5
DA:57,5
LF:16
LH:11
BRDA:12,0,0,0
BRDA:12,0,1,6
BRDA:15,1,0,0
BRDA:15,1,1,6
BRDA:16,2,0,0
BRDA:16,2,1,6
BRDA:19,3,0,6
BRDA:19,3,1,6
BRDA:24,4,0,0
BRDA:24,4,1,0
BRDA:26,5,0,0
BRDA:26,5,1,0
BRDA:29,6,0,0
BRDA:29,6,1,0
BRF:14
BRH:5
end_of_record
TN:
SF:src/components/datepicker/date-picker/main.js
FN:9,(anonymous_0)
FN:24,(anonymous_1)
FN:34,(anonymous_2)
FN:41,(anonymous_3)
FN:49,(anonymous_4)
FNF:5
FNH:2
FNDA:3,(anonymous_0)
FNDA:0,(anonymous_1)
FNDA:0,(anonymous_2)
FNDA:0,(anonymous_3)
FNDA:3,(anonymous_4)
DA:10,3
DA:12,3
DA:14,3
DA:16,3
DA:24,3
DA:25,0
DA:26,0
DA:34,3
DA:35,0
DA:41,3
DA:42,0
DA:58,3
DA:59,3
DA:60,3
DA:88,5
DA:96,5
LF:16
LH:12
BRDA:18,0,0,0
BRDA:18,0,1,3
BRDA:19,1,0,0
BRDA:19,1,1,3
BRDA:20,2,0,0
BRDA:20,2,1,3
BRDA:28,3,0,0
BRDA:28,3,1,0
BRDA:29,4,0,0
BRDA:29,4,1,0
BRDA:30,5,0,0
BRDA:30,5,1,0
BRDA:77,6,0,3
BRDA:77,6,1,3
BRDA:78,7,0,3
BRDA:78,7,1,3
BRF:16
BRH:7
end_of_record
TN:
SF:src/components/datepicker/date-range/index.js
FN:8,(anonymous_0)
FN:23,(anonymous_1)
FN:34,(anonymous_2)
FN:39,(anonymous_3)
FN:44,(anonymous_4)
FN:48,(anonymous_5)
FNF:6
FNH:0
FNDA:0,(anonymous_0)
FNDA:0,(anonymous_1)
FNDA:0,(anonymous_2)
FNDA:0,(anonymous_3)
FNDA:0,(anonymous_4)
FNDA:0,(anonymous_5)
DA:9,0
DA:11,0
DA:12,0
DA:14,0
DA:16,0
DA:24,0
DA:25,0
DA:26,0
DA:28,0
DA:29,0
DA:31,0
DA:34,0
DA:35,0
DA:36,0
DA:39,0
DA:40,0
DA:41,0
DA:44,0
DA:45,0
DA:49,0
DA:57,0
DA:59,0
DA:61,0
DA:62,0
DA:63,0
DA:64,0
DA:69,0
DA:71,0
DA:99,5
DA:115,5
LF:30
LH:2
BRDA:12,0,0,0
BRDA:12,0,1,0
BRDA:12,0,2,0
BRDA:24,1,0,0
BRDA:24,1,1,0
BRDA:24,2,0,0
BRDA:24,2,1,0
BRDA:28,3,0,0
BRDA:28,3,1,0
BRDA:53,4,0,0
BRDA:61,5,0,0
BRDA:61,5,1,0
BRDA:62,6,0,0
BRDA:62,6,1,0
BRDA:78,7,0,0
BRDA:78,7,1,0
BRDA:87,8,0,0
BRDA:87,8,1,0
BRF:18
BRH:0
end_of_record
TN:
SF:src/components/datepicker/month-day/grid.js
FN:10,(anonymous_0)
FN:20,(anonymous_1)
FN:28,(anonymous_2)
FN:37,(anonymous_3)
FN:51,(anonymous_4)
FN:73,(anonymous_5)
FN:79,(anonymous_6)
FN:86,(anonymous_7)
FN:94,(anonymous_8)
FN:123,(anonymous_9)
FNF:10
FNH:5
FNDA:3,(anonymous_0)
FNDA:0,(anonymous_1)
FNDA:3,(anonymous_2)
FNDA:3,(anonymous_3)
FNDA:3,(anonymous_4)
FNDA:0,(anonymous_5)
FNDA:0,(anonymous_6)
FNDA:0,(anonymous_7)
FNDA:3,(anonymous_8)
FNDA:0,(anonymous_9)
DA:11,3
DA:13,3
DA:15,3
DA:21,0
DA:23,0
DA:24,0
DA:29,3
DA:30,3
DA:31,3
DA:32,3
DA:33,3
DA:34,3
DA:37,3
DA:38,3
DA:39,3
DA:40,3
DA:46,0
DA:48,3
DA:51,3
DA:52,3
DA:53,3
DA:54,3
DA:56,0
DA:57,0
DA:58,0
DA:62,0
DA:64,0
DA:65,0
DA:67,0
DA:68,0
DA:70,0
DA:74,0
DA:79,3
DA:80,0
DA:83,0
DA:86,3
DA:87,0
DA:88,0
DA:90,0
DA:99,3
DA:101,3
DA:102,3
DA:103,3
DA:104,3
DA:106,3
DA:123,0
DA:141,5
DA:147,5
LF:48
LH:28
BRDA:23,0,0,0
BRDA:23,0,1,0
BRDA:30,1,0,0
BRDA:30,1,1,3
BRDA:31,2,0,0
BRDA:31,2,1,3
BRDA:32,3,0,0
BRDA:32,3,1,3
BRDA:33,4,0,0
BRDA:33,4,1,3
BRDA:40,5,0,0
BRDA:40,5,1,3
BRDA:41,6,0,3
BRDA:41,6,1,0
BRDA:41,6,2,3
BRDA:41,6,3,0
BRDA:41,6,4,3
BRDA:41,6,5,0
BRDA:41,6,6,3
BRDA:41,6,7,0
BRDA:53,7,0,3
BRDA:53,7,1,0
BRDA:58,8,0,0
BRDA:58,8,1,0
BRDA:59,9,0,0
BRDA:59,9,1,0
BRDA:59,9,2,0
BRDA:59,9,3,0
BRDA:64,10,0,0
BRDA:64,10,1,0
BRDA:64,11,0,0
BRDA:64,11,1,0
BRDA:67,12,0,0
BRDA:67,12,1,0
BRDA:67,13,0,0
BRDA:67,13,1,0
BRDA:87,14,0,0
BRDA:87,14,1,0
BRDA:103,15,0,0
BRDA:103,15,1,3
BRDA:104,16,0,0
BRDA:104,16,1,3
BRF:42
BRH:12
end_of_record
TN:
SF:src/components/datepicker/month-day/index.js
FN:9,(anonymous_0)
FN:14,(anonymous_1)
FNF:2
FNH:1
FNDA:0,(anonymous_0)
FNDA:6,(anonymous_1)
DA:9,6
DA:10,0
DA:11,0
DA:15,6
DA:26,5
DA:32,5
LF:6
LH:4
BRDA:10,0,0,0
BRDA:10,0,1,0
BRF:2
BRH:0
end_of_record
TN:
SF:src/components/datepicker/month-day/main.js
FN:11,(anonymous_0)
FN:24,(anonymous_1)
FN:33,(anonymous_2)
FN:43,(anonymous_3)
FN:53,(anonymous_4)
FN:59,(anonymous_5)
FN:80,(anonymous_6)
FN:87,(anonymous_7)
FN:99,(anonymous_8)
FNF:9
FNH:3
FNDA:3,(anonymous_0)
FNDA:0,(anonymous_1)
FNDA:0,(anonymous_2)
FNDA:0,(anonymous_3)
FNDA:0,(anonymous_4)
FNDA:0,(anonymous_5)
FNDA:0,(anonymous_6)
FNDA:3,(anonymous_7)
FNDA:36,(anonymous_8)
DA:12,3
DA:14,3
DA:16,3
DA:24,3
DA:25,0
DA:33,3
DA:34,0
DA:36,0
DA:37,0
DA:43,3
DA:44,0
DA:46,0
DA:47,0
DA:53,3
DA:54,0
DA:59,3
DA:60,0
DA:64,0
DA:65,0
DA:68,0
DA:73,0
DA:80,3
DA:81,0
DA:88,3
DA:90,3
DA:100,36
DA:123,5
DA:128,5
LF:28
LH:14
BRDA:17,0,0,0
BRDA:17,0,1,3
BRDA:20,1,0,0
BRDA:20,1,1,3
BRDA:26,2,0,0
BRDA:26,2,1,0
BRDA:29,3,0,0
BRDA:29,3,1,0
BRDA:36,4,0,0
BRDA:36,4,1,0
BRDA:46,5,0,0
BRDA:46,5,1,0
BRDA:64,6,0,0
BRDA:64,6,1,0
BRF:14
BRH:2
end_of_record
TN:
SF:src/components/datepicker/time-picker/index.js
FN:8,(anonymous_0)
FNF:1
FNH:1
FNDA:2,(anonymous_0)
DA:9,2
DA:13,5
DA:18,5
LF:3
LH:3
BRF:0
BRH:0
end_of_record
TN:
SF:src/components/datepicker/year/grid.js
FN:11,getClassName
FN:25,(anonymous_1)
FN:36,(anonymous_2)
FN:43,(anonymous_3)
FN:49,(anonymous_4)
FN:55,(anonymous_5)
FN:65,(anonymous_6)
FN:75,(anonymous_7)
FN:83,(anonymous_8)
FN:93,(anonymous_9)
FN:98,(anonymous_10)
FN:103,(anonymous_11)
FN:116,(anonymous_12)
FN:124,(anonymous_13)
FNF:14
FNH:5
FNDA:45,getClassName
FNDA:3,(anonymous_1)
FNDA:0,(anonymous_2)
FNDA:0,(anonymous_3)
FNDA:3,(anonymous_4)
FNDA:0,(anonymous_5)
FNDA:0,(anonymous_6)
FNDA:3,(anonymous_7)
FNDA:15,(anonymous_8)
FNDA:0,(anonymous_9)
FNDA:0,(anonymous_10)
FNDA:0,(anonymous_11)
FNDA:0,(anonymous_12)
FNDA:0,(anonymous_13)
DA:9,5
DA:12,45
DA:13,0
DA:15,45
DA:16,0
DA:18,45
DA:19,3
DA:21,42
DA:26,3
DA:28,3
DA:29,3
DA:31,3
DA:37,0
DA:38,0
DA:39,0
DA:44,0
DA:49,3
DA:50,3
DA:51,3
DA:52,3
DA:55,3
DA:56,0
DA:57,0
DA:60,0
DA:65,3
DA:66,0
DA:68,0
DA:69,0
DA:70,0
DA:72,0
DA:76,3
DA:77,3
DA:79,3
DA:84,15
DA:85,15
DA:86,15
DA:87,15
DA:88,15
DA:89,15
DA:90,15
DA:93,0
DA:98,0
DA:103,0
DA:116,0
DA:124,0
DA:134,5
DA:143,5
LF:47
LH:28
BRDA:12,0,0,0
BRDA:12,0,1,45
BRDA:12,1,0,45
BRDA:12,1,1,45
BRDA:15,2,0,0
BRDA:15,2,1,45
BRDA:18,3,0,3
BRDA:18,3,1,42
BRDA:38,4,0,0
BRDA:38,4,1,0
BRDA:52,5,0,3
BRDA:52,5,1,3
BRDA:56,6,0,0
BRDA:56,6,1,0
BRDA:68,7,0,0
BRDA:68,7,1,0
BRF:16
BRH:8
end_of_record
TN:
SF:src/components/datepicker/year/index.js
FN:8,(anonymous_0)
FN:12,(anonymous_1)
FNF:2
FNH:1
FNDA:0,(anonymous_0)
FNDA:6,(anonymous_1)
DA:8,6
DA:9,0
DA:13,6
DA:14,6
DA:16,6
DA:19,6
DA:33,5
DA:40,5
LF:8
LH:7
BRDA:14,0,0,0
BRDA:14,0,1,6
BRDA:14,1,0,6
BRDA:14,1,1,0
BRDA:16,2,0,0
BRDA:16,2,1,6
BRDA:16,3,0,6
BRDA:16,3,1,0
BRF:8
BRH:4
end_of_record
TN:
SF:src/components/datepicker/year/main.js
FN:7,(anonymous_0)
FN:16,(anonymous_1)
FN:23,(anonymous_2)
FN:33,(anonymous_3)
FN:40,(anonymous_4)
FN:48,(anonymous_5)
FNF:6
FNH:3
FNDA:3,(anonymous_0)
FNDA:0,(anonymous_1)
FNDA:3,(anonymous_2)
FNDA:0,(anonymous_3)
FNDA:0,(anonymous_4)
FNDA:3,(anonymous_5)
DA:8,3
DA:9,3
DA:10,3
DA:16,3
DA:17,0
DA:23,3
DA:24,3
DA:25,3
DA:27,3
DA:28,3
DA:30,0
DA:33,3
DA:34,0
DA:35,0
DA:40,3
DA:41,0
DA:43,0
DA:49,3
DA:50,3
DA:52,3
DA:54,3
LF:21
LH:15
BRDA:25,0,0,0
BRDA:25,0,1,3
BRDA:27,1,0,3
BRDA:27,1,1,0
BRDA:27,2,0,3
BRDA:27,2,1,0
BRDA:52,3,0,0
BRDA:52,3,1,3
BRF:8
BRH:4
end_of_record
TN:
SF:src/components/datepicker/year-month/grid.js
FN:12,formatData
FN:17,(anonymous_1)
FN:25,(anonymous_2)
FN:32,(anonymous_3)
FN:38,(anonymous_4)
FN:45,(anonymous_5)
FN:62,(anonymous_6)
FN:97,(anonymous_7)
FN:104,(anonymous_8)
FN:111,(anonymous_9)
FN:133,(anonymous_10)
FN:138,(anonymous_11)
FN:143,(anonymous_12)
FN:156,(anonymous_13)
FN:164,(anonymous_14)
FNF:15
FNH:5
FNDA:0,formatData
FNDA:3,(anonymous_1)
FNDA:0,(anonymous_2)
FNDA:0,(anonymous_3)
FNDA:0,(anonymous_4)
FNDA:3,(anonymous_5)
FNDA:36,(anonymous_6)
FNDA:0,(anonymous_7)
FNDA:3,(anonymous_8)
FNDA:12,(anonymous_9)
FNDA:0,(anonymous_10)
FNDA:0,(anonymous_11)
FNDA:0,(anonymous_12)
FNDA:0,(anonymous_13)
FNDA:0,(anonymous_14)
DA:9,5
DA:10,5
DA:13,0
DA:18,3
DA:19,3
DA:20,3
DA:26,0
DA:27,0
DA:28,0
DA:33,0
DA:38,3
DA:39,0
DA:40,0
DA:42,0
DA:45,3
DA:46,3
DA:47,3
DA:48,3
DA:49,3
DA:50,0
DA:52,3
DA:53,0
DA:54,0
DA:55,0
DA:56,0
DA:59,3
DA:62,3
DA:63,36
DA:64,36
DA:66,36
DA:67,0
DA:70,36
DA:71,36
DA:72,36
DA:73,36
DA:74,36
DA:75,0
DA:77,36
DA:78,0
DA:80,36
DA:81,0
DA:83,36
DA:84,36
DA:88,0
DA:90,36
DA:91,3
DA:94,33
DA:97,3
DA:98,0
DA:99,0
DA:100,0
DA:101,0
DA:105,3
DA:107,3
DA:112,12
DA:113,12
DA:114,12
DA:115,12
DA:120,12
DA:125,12
DA:130,12
DA:133,0
DA:138,0
DA:143,0
DA:156,0
DA:164,0
DA:174,5
DA:179,5
LF:68
LH:41
BRDA:21,0,0,0
BRDA:21,0,1,3
BRDA:27,1,0,0
BRDA:27,1,1,0
BRDA:39,2,0,0
BRDA:39,2,1,0
BRDA:49,3,0,0
BRDA:49,3,1,3
BRDA:49,4,0,3
BRDA:49,4,1,3
BRDA:52,5,0,0
BRDA:52,5,1,3
BRDA:55,6,0,0
BRDA:55,6,1,0
BRDA:55,7,0,0
BRDA:55,7,1,0
BRDA:66,8,0,0
BRDA:66,8,1,36
BRDA:66,9,0,36
BRDA:66,9,1,0
BRDA:74,10,0,0
BRDA:74,10,1,36
BRDA:74,11,0,36
BRDA:74,11,1,36
BRDA:77,12,0,0
BRDA:77,12,1,36
BRDA:77,13,0,36
BRDA:77,13,1,0
BRDA:80,14,0,0
BRDA:80,14,1,36
BRDA:80,15,0,36
BRDA:80,15,1,0
BRDA:83,16,0,36
BRDA:83,16,1,0
BRDA:84,17,0,0
BRDA:84,17,1,36
BRDA:85,18,0,36
BRDA:85,18,1,0
BRDA:85,18,2,36
BRDA:85,18,3,0
BRDA:90,19,0,3
BRDA:90,19,1,33
BRDA:100,20,0,0
BRDA:100,20,1,0
BRF:44
BRH:20
end_of_record
TN:
SF:src/components/datepicker/year-month/index.js
FN:9,(anonymous_0)
FN:14,(anonymous_1)
FNF:2
FNH:1
FNDA:0,(anonymous_0)
FNDA:6,(anonymous_1)
DA:9,6
DA:10,0
DA:11,0
DA:15,6
DA:26,5
DA:34,5
LF:6
LH:4
BRDA:10,0,0,0
BRDA:10,0,1,0
BRF:2
BRH:0
end_of_record
TN:
SF:src/components/datepicker/year-month/main.js
FN:7,(anonymous_0)
FN:23,(anonymous_1)
FN:30,(anonymous_2)
FN:49,(anonymous_3)
FN:55,(anonymous_4)
FN:63,(anonymous_5)
FNF:6
FNH:3
FNDA:3,(anonymous_0)
FNDA:0,(anonymous_1)
FNDA:3,(anonymous_2)
FNDA:0,(anonymous_3)
FNDA:0,(anonymous_4)
FNDA:3,(anonymous_5)
DA:8,3
DA:10,3
DA:12,3
DA:13,3
DA:15,3
DA:17,3
DA:23,3
DA:24,0
DA:31,3
DA:33,3
DA:35,3
DA:36,0
DA:39,3
DA:40,0
DA:42,3
DA:43,0
DA:46,3
DA:49,3
DA:50,0
DA:55,3
DA:56,0
DA:57,0
DA:64,3
DA:65,3
DA:67,3
DA:69,3
DA:70,603
DA:77,3
LF:28
LH:21
BRDA:35,0,0,0
BRDA:35,0,1,3
BRDA:39,1,0,0
BRDA:39,1,1,3
BRDA:42,2,0,0
BRDA:42,2,1,3
BRDA:56,3,0,0
BRDA:56,3,1,0
BRF:8
BRH:3
end_of_record
TN:
SF:src/components/field/index.js
FN:18,(anonymous_0)
FN:26,(anonymous_1)
FN:67,(anonymous_2)
FN:78,(anonymous_3)
FN:82,(anonymous_4)
FN:90,(anonymous_5)
FN:93,(anonymous_6)
FN:100,(anonymous_7)
FN:119,(anonymous_8)
FN:135,(anonymous_9)
FN:136,(anonymous_10)
FN:141,(anonymous_11)
FN:151,(anonymous_12)
FN:156,(anonymous_13)
FN:166,(anonymous_14)
FN:180,(anonymous_15)
FN:185,(anonymous_16)
FN:192,(anonymous_17)
FN:195,(anonymous_18)
FN:228,(anonymous_19)
FN:231,(anonymous_20)
FN:264,(anonymous_21)
FN:267,(anonymous_22)
FN:275,(anonymous_23)
FN:306,(anonymous_24)
FN:309,(anonymous_25)
FN:335,(anonymous_26)
FN:346,(anonymous_27)
FN:362,(anonymous_28)
FN:364,(anonymous_29)
FNF:30
FNH:30
FNDA:26,(anonymous_0)
FNDA:72,(anonymous_1)
FNDA:3,(anonymous_2)
FNDA:3,(anonymous_3)
FNDA:57,(anonymous_4)
FNDA:6,(anonymous_5)
FNDA:10,(anonymous_6)
FNDA:24,(anonymous_7)
FNDA:19,(anonymous_8)
FNDA:7,(anonymous_9)
FNDA:12,(anonymous_10)
FNDA:67,(anonymous_11)
FNDA:6,(anonymous_12)
FNDA:11,(anonymous_13)
FNDA:10,(anonymous_14)
FNDA:4,(anonymous_15)
FNDA:5,(anonymous_16)
FNDA:4,(anonymous_17)
FNDA:7,(anonymous_18)
FNDA:3,(anonymous_19)
FNDA:6,(anonymous_20)
FNDA:4,(anonymous_21)
FNDA:4,(anonymous_22)
FNDA:27,(anonymous_23)
FNDA:27,(anonymous_24)
FNDA:39,(anonymous_25)
FNDA:3,(anonymous_26)
FNDA:54,(anonymous_27)
FNDA:6,(anonymous_28)
FNDA:5,(anonymous_29)
DA:5,2
DA:6,2
DA:7,2
DA:9,2
DA:19,26
DA:20,26
DA:21,26
DA:24,26
DA:26,26
DA:34,72
DA:36,72
DA:38,72
DA:39,39
DA:50,39
DA:53,33
DA:54,1
DA:56,1
DA:57,1
DA:60,72
DA:66,72
DA:67,40
DA:68,3
DA:69,3
DA:71,3
DA:75,72
DA:78,3
DA:83,57
DA:84,55
DA:87,2
DA:90,26
DA:91,6
DA:93,6
DA:94,10
DA:97,6
DA:100,26
DA:101,24
DA:103,24
DA:104,2
DA:107,22
DA:108,22
DA:110,22
DA:111,20
DA:113,2
DA:114,2
DA:116,0
DA:119,26
DA:120,19
DA:122,19
DA:123,17
DA:124,17
DA:125,17
DA:128,2
DA:129,1
DA:131,1
DA:135,26
DA:136,7
DA:137,12
DA:141,26
DA:142,67
DA:144,67
DA:145,22
DA:148,45
DA:151,26
DA:152,6
DA:153,1
DA:156,5
DA:157,11
DA:159,11
DA:160,7
DA:162,11
DA:166,26
DA:167,10
DA:168,1
DA:171,9
DA:172,9
DA:174,9
DA:175,9
DA:177,9
DA:180,26
DA:181,4
DA:182,1
DA:185,3
DA:186,5
DA:189,3
DA:192,26
DA:193,4
DA:195,4
DA:196,7
DA:198,7
DA:201,7
DA:203,3
DA:204,4
DA:205,1
DA:206,3
DA:207,1
DA:208,2
DA:212,1
DA:215,7
DA:221,7
DA:225,4
DA:228,26
DA:229,3
DA:231,3
DA:232,6
DA:234,6
DA:237,6
DA:238,1
DA:239,5
DA:243,3
DA:244,2
DA:248,1
DA:251,6
DA:257,6
DA:261,3
DA:264,26
DA:265,4
DA:267,4
DA:268,4
DA:269,4
DA:272,4
DA:275,26
DA:276,27
DA:278,27
DA:281,27
DA:283,27
DA:284,27
DA:286,27
DA:287,39
DA:288,39
DA:289,39
DA:291,39
DA:292,39
DA:294,39
DA:296,39
DA:297,4
DA:299,35
DA:303,39
DA:306,27
DA:307,27
DA:309,27
DA:310,39
DA:311,39
DA:313,39
DA:314,22
DA:315,22
DA:317,17
DA:318,17
DA:320,17
DA:321,17
DA:325,27
DA:327,27
DA:328,7
DA:331,27
DA:335,26
DA:336,3
DA:337,3
DA:342,3
DA:343,3
DA:346,26
DA:347,54
DA:349,54
DA:351,24
DA:352,30
DA:354,1
DA:357,1
DA:362,2
DA:363,6
DA:364,6
DA:366,6
DA:369,2
LF:170
LH:169
BRDA:18,0,0,16
BRDA:21,1,0,26
BRDA:21,1,1,26
BRDA:26,2,0,2
BRDA:29,3,0,10
BRDA:30,4,0,72
BRDA:31,5,0,72
BRDA:32,6,0,72
BRDA:33,7,0,39
BRDA:38,8,0,39
BRDA:38,8,1,33
BRDA:40,9,0,39
BRDA:40,9,1,39
BRDA:53,10,0,1
BRDA:53,10,1,32
BRDA:53,11,0,33
BRDA:53,11,1,2
BRDA:63,12,0,33
BRDA:63,12,1,39
BRDA:66,13,0,40
BRDA:66,13,1,32
BRDA:83,14,0,55
BRDA:83,14,1,2
BRDA:90,15,0,6
BRDA:103,16,0,2
BRDA:103,16,1,22
BRDA:103,17,0,24
BRDA:103,17,1,4
BRDA:110,18,0,20
BRDA:110,18,1,2
BRDA:113,19,0,2
BRDA:113,19,1,0
BRDA:122,20,0,17
BRDA:122,20,1,2
BRDA:122,21,0,19
BRDA:122,21,1,17
BRDA:128,22,0,1
BRDA:128,22,1,1
BRDA:135,23,0,1
BRDA:144,24,0,22
BRDA:144,24,1,45
BRDA:144,25,0,67
BRDA:144,25,1,66
BRDA:144,25,2,22
BRDA:151,26,0,4
BRDA:152,27,0,1
BRDA:152,27,1,5
BRDA:159,28,0,7
BRDA:159,28,1,4
BRDA:167,29,0,1
BRDA:167,29,1,9
BRDA:167,30,0,10
BRDA:167,30,1,10
BRDA:171,31,0,8
[...]
BRDA:168,26,1,2
BRDA:172,27,0,2
BRDA:172,27,1,0
BRDA:172,28,0,2
BRDA:172,28,1,2
BRDA:179,29,0,1
BRDA:179,29,1,0
BRDA:192,30,0,4
BRDA:192,30,1,1
BRDA:192,31,0,5
BRDA:192,31,1,5
BRDA:194,32,0,6
BRDA:194,32,1,2
BRDA:209,33,0,5
BRDA:209,33,1,10
BRDA:209,34,0,15
BRDA:209,34,1,15
BRDA:219,35,0,5
BRDA:219,35,1,6
BRDA:227,36,0,3
BRDA:227,36,1,9
BRDA:231,37,0,2
BRDA:231,37,1,10
BRDA:237,38,0,1
BRDA:237,38,1,5
BRDA:237,39,0,6
BRDA:237,39,1,3
BRDA:241,40,0,0
BRDA:241,40,1,5
BRDA:251,41,0,6
BRDA:251,41,1,0
BRDA:251,42,0,6
BRDA:251,42,1,0
BRDA:256,43,0,5
BRDA:256,43,1,0
BRDA:268,44,0,26
BRDA:269,45,0,31
BRDA:269,45,1,0
BRDA:270,46,0,31
BRDA:270,46,1,24
BRDA:272,47,0,1
BRDA:272,47,1,30
BRDA:272,48,0,31
BRDA:272,48,1,8
BRDA:272,48,2,1
BRDA:276,49,0,2
BRDA:276,49,1,2
BRDA:276,50,0,4
BRDA:276,50,1,4
BRDA:293,51,0,17
BRDA:293,51,1,7
BRDA:293,52,0,24
BRDA:293,52,1,24
BRDA:293,52,2,22
BRDA:312,53,0,203
BRDA:312,53,1,888
BRDA:316,54,0,824
BRDA:316,54,1,64
BRDA:344,55,0,20
BRDA:344,55,1,20
BRDA:367,56,0,0
BRDA:367,56,1,2
BRDA:370,57,0,2
BRDA:370,57,1,0
BRDA:387,58,0,3
BRDA:387,58,1,0
BRDA:393,59,0,0
BRDA:393,59,1,0
BRDA:398,60,0,0
BRDA:398,60,1,0
BRDA:411,61,0,0
BRDA:411,61,1,0
BRDA:416,62,0,0
BRDA:416,62,1,0
BRDA:416,63,0,0
BRDA:416,63,1,0
BRDA:420,64,0,0
BRDA:420,64,1,0
BRDA:448,65,0,0
BRDA:448,65,1,2
BRDA:455,66,0,2
BRDA:455,66,1,16
BRDA:456,67,0,0
BRDA:456,67,1,2
BRDA:457,68,0,2
BRDA:457,68,1,2
BRDA:457,68,2,2
BRDA:462,69,0,0
BRDA:462,69,1,0
BRDA:472,70,0,8
BRDA:472,70,1,8
BRDA:472,71,0,16
BRDA:472,71,1,16
BRF:147
BRH:111
end_of_record
TN:
SF:src/components/tree-select/const.js
FN:11,(anonymous_0)
FN:13,(anonymous_1)
FN:15,(anonymous_2)
FN:34,(anonymous_3)
FN:36,(anonymous_4)
FN:38,(anonymous_5)
FN:45,(anonymous_6)
FN:54,(anonymous_7)
FN:56,(anonymous_8)
FNF:9
FNH:9
FNDA:22,(anonymous_0)
FNDA:44,(anonymous_1)
FNDA:22,(anonymous_2)
FNDA:12,(anonymous_3)
FNDA:55,(anonymous_4)
FNDA:22,(anonymous_5)
FNDA:33,(anonymous_6)
FNDA:1,(anonymous_7)
FNDA:2,(anonymous_8)
DA:3,2
DA:11,2
DA:12,22
DA:13,22
DA:14,44
DA:15,22
DA:16,22
DA:19,44
DA:20,2
DA:23,22
DA:24,22
DA:34,2
DA:35,12
DA:36,12
DA:37,55
DA:38,22
DA:39,22
DA:40,2
DA:43,55
DA:45,33
DA:46,12
DA:54,2
DA:55,1
DA:56,1
DA:57,2
DA:58,1
DA:59,1
DA:62,1
DA:63,1
DA:66,2
DA:67,2
DA:68,2
LF:32
LH:32
BRDA:14,0,0,22
BRDA:14,0,1,22
BRDA:14,1,0,44
BRDA:14,1,1,22
BRDA:19,2,0,2
BRDA:19,2,1,42
BRDA:37,3,0,22
BRDA:37,3,1,33
BRDA:37,4,0,55
BRDA:37,4,1,33
BRDA:39,5,0,2
BRDA:39,5,1,20
BRDA:39,6,0,22
BRDA:39,6,1,22
BRDA:57,7,0,1
BRDA:57,7,1,1
BRDA:57,8,0,2
BRDA:57,8,1,1
BRF:18
BRH:18
end_of_record
TN:
SF:src/components/tree-select/index.js
FN:19,(anonymous_0)
FN:47,(anonymous_1)
FN:74,(anonymous_2)
FN:79,(anonymous_3)
FN:100,(anonymous_4)
FN:105,(anonymous_5)
FN:109,(anonymous_6)
FN:113,(anonymous_7)
FN:118,(anonymous_8)
FN:125,(anonymous_9)
FN:130,(anonymous_10)
FN:138,(anonymous_11)
FN:142,(anonymous_12)
FN:172,(anonymous_13)
FN:185,(anonymous_14)
FN:196,(anonymous_15)
FN:205,(anonymous_16)
FN:213,(anonymous_17)
FN:223,(anonymous_18)
FN:230,(anonymous_19)
FN:244,(anonymous_20)
FN:260,(anonymous_21)
FN:269,(anonymous_22)
FN:278,(anonymous_23)
FN:285,(anonymous_24)
FN:311,(anonymous_25)
FNF:26
FNH:26
FNDA:30,(anonymous_0)
FNDA:89,(anonymous_1)
FNDA:23,(anonymous_2)
FNDA:59,(anonymous_3)
FNDA:57,(anonymous_4)
FNDA:2,(anonymous_5)
FNDA:45,(anonymous_6)
FNDA:2,(anonymous_7)
FNDA:174,(anonymous_8)
FNDA:127,(anonymous_9)
FNDA:107,(anonymous_10)
FNDA:20,(anonymous_11)
FNDA:20,(anonymous_12)
FNDA:4,(anonymous_13)
FNDA:24,(anonymous_14)
FNDA:21,(anonymous_15)
FNDA:6,(anonymous_16)
FNDA:1,(anonymous_17)
FNDA:6,(anonymous_18)
FNDA:5,(anonymous_19)
FNDA:2,(anonymous_20)
FNDA:1,(anonymous_21)
FNDA:1,(anonymous_22)
FNDA:1,(anonymous_23)
FNDA:87,(anonymous_24)
FNDA:87,(anonymous_25)
DA:17,2
DA:20,30
DA:22,30
DA:24,30
DA:25,13
DA:27,17
DA:29,30
DA:36,30
DA:37,30
DA:38,30
DA:40,30
DA:41,2
DA:48,89
DA:49,89
DA:54,89
DA:55,89
DA:59,1
DA:65,88
DA:66,4
DA:71,84
DA:75,23
DA:76,23
DA:80,59
DA:81,59
DA:87,59
DA:88,59
DA:89,59
DA:101,57
DA:102,19
DA:106,2
DA:110,45
DA:114,2
DA:115,2
DA:119,174
DA:120,174
DA:121,171
DA:122,168
DA:126,127
DA:127,127
DA:131,107
DA:132,107
DA:133,77
DA:135,30
DA:139,20
DA:142,30
DA:147,20
DA:149,20
DA:151,20
DA:152,20
DA:153,20
DA:154,1
DA:163,19
DA:172,30
DA:173,4
DA:175,4
DA:177,4
DA:178,3
DA:179,3
DA:180,3
DA:181,3
DA:185,30
DA:186,24
DA:187,24
DA:188,24
DA:189,6
DA:191,18
DA:193,24
DA:196,30
DA:197,21
DA:198,21
DA:199,1
DA:202,20
DA:205,30
DA:206,6
DA:207,5
DA:209,1
DA:213,30
DA:214,1
DA:215,1
DA:219,1
DA:220,1
DA:223,30
DA:227,6
DA:228,6
DA:230,5
DA:231,6
DA:235,6
DA:236,4
DA:239,4
DA:240,4
DA:244,30
DA:245,2
DA:246,2
DA:247,2
DA:248,2
DA:253,2
DA:254,1
DA:256,1
DA:260,30
DA:261,1
DA:262,1
DA:265,1
DA:266,1
DA:269,30
DA:270,1
DA:271,1
DA:274,1
DA:275,1
DA:278,30
DA:279,1
DA:282,1
DA:286,87
DA:287,46
DA:297,41
DA:319,87
DA:320,87
DA:321,87
DA:323,87
DA:329,87
DA:338,87
DA:358,2
DA:383,2
LF:122
LH:122
BRDA:24,0,0,13
BRDA:24,0,1,17
BRDA:25,1,0,13
BRDA:25,1,1,1
BRDA:25,1,2,1
BRDA:27,2,0,16
BRDA:27,2,1,1
BRDA:30,3,0,30
BRDA:30,3,1,29
BRDA:40,4,0,2
BRDA:40,4,1,28
BRDA:40,5,0,30
BRDA:40,5,1,29
BRDA:55,6,0,1
BRDA:55,6,1,88
BRDA:56,7,0,89
BRDA:56,7,1,88
BRDA:65,8,0,4
BRDA:65,8,1,84
BRDA:76,9,0,1
BRDA:76,9,1,22
BRDA:90,10,0,59
BRDA:90,10,1,59
BRDA:90,10,2,59
BRDA:90,10,3,54
BRDA:90,10,4,30
BRDA:90,10,5,22
BRDA:90,10,6,22
BRDA:101,11,0,19
BRDA:101,11,1,38
BRDA:101,12,0,57
BRDA:101,12,1,27
BRDA:115,13,0,2
BRDA:115,13,1,0
BRDA:120,14,0,3
BRDA:120,14,1,171
BRDA:121,15,0,3
BRDA:121,15,1,168
BRDA:127,16,0,127
BRDA:127,16,1,81
BRDA:132,17,0,77
BRDA:132,17,1,30
BRDA:151,18,0,20
BRDA:151,18,1,0
BRDA:151,18,2,0
BRDA:152,19,0,0
BRDA:152,19,1,20
BRDA:153,20,0,1
BRDA:153,20,1,19
BRDA:158,21,0,0
BRDA:158,21,1,1
BRDA:165,22,0,0
BRDA:165,22,1,19
BRDA:175,23,0,4
BRDA:175,23,1,4
BRDA:175,23,2,3
BRDA:177,24,0,3
BRDA:177,24,1,1
BRDA:177,25,0,4
BRDA:177,25,1,4
BRDA:180,26,0,1
BRDA:180,26,1,2
BRDA:181,27,0,2
BRDA:181,27,1,1
BRDA:188,28,0,6
BRDA:188,28,1,18
BRDA:193,29,0,22
BRDA:193,29,1,2
BRDA:198,30,0,1
BRDA:198,30,1,20
BRDA:206,31,0,5
BRDA:206,31,1,1
BRDA:228,32,0,1
BRDA:228,32,1,5
BRDA:230,33,0,5
BRDA:230,33,1,4
BRDA:235,34,0,4
BRDA:235,34,1,2
BRDA:235,35,0,6
BRDA:235,35,1,2
BRDA:240,36,0,1
BRDA:240,36,1,3
BRDA:247,37,0,1
BRDA:247,37,1,1
BRDA:253,38,0,1
BRDA:253,38,1,1
BRDA:286,39,0,46
BRDA:286,39,1,41
BRDA:350,40,0,3
BRDA:350,40,1,84
BRDA:351,41,0,3
BRDA:351,41,1,2
BRDA:352,42,0,84
BRDA:352,42,1,46
BRF:94
BRH:88
end_of_record
TN:
SF:src/components/tree-select/selected.js
FN:11,(anonymous_0)
FN:13,(anonymous_1)
FN:17,(anonymous_2)
FN:29,(anonymous_3)
FN:41,(anonymous_4)
FN:47,(anonymous_5)
FN:53,(anonymous_6)
FNF:7
FNH:7
FNDA:41,(anonymous_0)
FNDA:13,(anonymous_1)
FNDA:30,(anonymous_2)
FNDA:91,(anonymous_3)
FNDA:3,(anonymous_4)
FNDA:1,(anonymous_5)
FNDA:91,(anonymous_6)
DA:11,2
DA:12,41
DA:13,41
DA:18,30
DA:19,30
DA:21,30
DA:22,30
DA:30,91
DA:31,91
DA:32,11
DA:33,11
DA:38,80
DA:41,30
DA:42,3
DA:47,30
DA:48,1
DA:59,91
DA:61,91
DA:62,91
DA:67,91
DA:71,91
DA:86,2
DA:96,2
LF:23
LH:23
BRDA:12,0,0,36
BRDA:12,0,1,5
BRDA:13,1,0,13
BRDA:13,1,1,5
BRDA:23,2,0,30
BRDA:23,2,1,26
BRDA:31,3,0,11
BRDA:31,3,1,80
BRDA:34,4,0,11
BRDA:34,4,1,4
BRDA:65,5,0,91
BRDA:65,5,1,5
BRDA:65,5,2,3
BRDA:68,6,0,91
BRDA:68,6,1,5
BRDA:68,6,2,3
BRDA:76,7,0,8
BRDA:76,7,1,83
BRDA:77,8,0,8
BRDA:77,8,1,83
BRDA:78,9,0,91
BRDA:78,9,1,65
BRF:22
BRH:22
end_of_record
TN:
SF:src/components/tree-select/single-tree.js
FN:12,(anonymous_0)
FN:27,(anonymous_1)
FN:37,(anonymous_2)
FN:50,(anonymous_3)
FN:65,(anonymous_4)
FN:74,(anonymous_5)
FN:82,(anonymous_6)
FN:85,(anonymous_7)
FN:86,(anonymous_8)
FN:102,(anonymous_9)
FN:107,(anonymous_10)
FN:124,(anonymous_11)
FN:132,(anonymous_12)
FN:133,(anonymous_13)
FN:153,(anonymous_14)
FN:157,(anonymous_15)
FN:160,(anonymous_16)
FNF:17
FNH:17
FNDA:6,(anonymous_0)
FNDA:2,(anonymous_1)
FNDA:11,(anonymous_2)
FNDA:28,(anonymous_3)
FNDA:1,(anonymous_4)
FNDA:1,(anonymous_5)
FNDA:2,(anonymous_6)
FNDA:4,(anonymous_7)
FNDA:8,(anonymous_8)
FNDA:4,(anonymous_9)
FNDA:1,(anonymous_10)
FNDA:127,(anonymous_11)
FNDA:28,(anonymous_12)
FNDA:127,(anonymous_13)
FNDA:51,(anonymous_14)
FNDA:76,(anonymous_15)
FNDA:28,(anonymous_16)
DA:12,2
DA:13,6
DA:27,2
DA:28,2
DA:38,11
DA:40,11
DA:41,11
DA:51,28
DA:52,28
DA:53,28
DA:54,28
DA:55,1
DA:62,27
DA:65,11
DA:66,1
DA:67,1
DA:70,1
DA:71,1
DA:74,11
DA:75,1
DA:78,1
DA:79,1
DA:82,11
DA:83,2
DA:84,2
DA:85,2
DA:86,4
DA:87,8
DA:88,4
DA:90,4
DA:91,2
DA:92,2
DA:93,2
DA:94,2
DA:96,2
DA:99,2
DA:102,11
DA:103,4
DA:104,3
DA:105,3
DA:106,1
DA:107,1
DA:108,1
DA:109,1
DA:110,1
DA:113,1
DA:115,2
DA:120,1
DA:124,11
DA:125,127
DA:126,125
DA:128,2
DA:129,2
DA:133,28
DA:134,127
DA:135,127
DA:136,127
DA:141,127
DA:142,127
DA:146,127
DA:147,127
DA:153,51
DA:157,76
DA:161,28
DA:162,28
DA:163,28
DA:164,28
DA:165,28
DA:177,2
DA:189,2
LF:70
LH:70
BRDA:54,0,0,1
BRDA:54,0,1,27
BRDA:54,1,0,28
BRDA:54,1,1,27
BRDA:87,2,0,4
BRDA:87,2,1,4
BRDA:90,3,0,2
BRDA:90,3,1,2
BRDA:90,4,0,4
BRDA:90,4,1,3
BRDA:96,5,0,2
BRDA:96,5,1,1
BRDA:96,5,2,2
BRDA:103,6,0,3
BRDA:103,6,1,1
BRDA:103,7,0,4
BRDA:103,7,1,3
BRDA:105,8,0,1
BRDA:105,8,1,2
BRDA:109,9,0,1
BRDA:109,9,1,0
BRDA:125,10,0,125
BRDA:125,10,1,2
BRDA:133,11,0,76
BRDA:133,12,0,51
BRDA:135,13,0,127
BRDA:135,13,1,51
BRDA:138,14,0,127
BRDA:138,14,1,51
BRDA:151,15,0,51
BRDA:151,15,1,76
BRDA:151,16,0,127
BRDA:151,16,1,76
BRDA:153,17,0,51
BRDA:153,17,1,76
BRDA:153,18,0,127
BRDA:153,18,1,76
BRDA:167,19,0,28
BRDA:167,19,1,6
BRDA:171,20,0,28
BRDA:171,20,1,2
BRF:41
BRH:40
end_of_record
TN:
SF:src/components/tree-select/tree.js
FN:12,(anonymous_0)
FN:21,(anonymous_1)
FN:42,(anonymous_2)
FN:46,(anonymous_3)
FN:75,(anonymous_4)
FNF:5
FNH:5
FNDA:1,(anonymous_0)
FNDA:36,(anonymous_1)
FNDA:5,(anonymous_2)
FNDA:25,(anonymous_3)
FNDA:36,(anonymous_4)
DA:12,2
DA:13,1
DA:22,36
DA:23,36
DA:42,10
DA:43,5
DA:59,25
DA:60,25
DA:63,25
DA:75,36
DA:82,2
DA:97,2
LF:12
LH:12
BRDA:65,0,0,25
BRDA:65,0,1,24
BRDA:75,1,0,25
BRDA:75,1,1,13
BRDA:76,2,0,25
BRDA:76,2,1,1
BRF:6
BRH:6
end_of_record
TN:
SF:src/components/upload/constant.js
FN:29,(anonymous_0)
FNF:1
FNH:1
FNDA:15,(anonymous_0)
DA:3,1
DA:8,1
DA:10,1
DA:22,1
DA:29,1
DA:30,15
DA:31,15
DA:32,15
DA:34,15
DA:35,15
DA:38,0
DA:39,0
DA:42,0
LF:13
LH:10
BRDA:29,0,0,0
BRDA:30,1,0,0
BRDA:34,2,0,15
BRDA:34,2,1,0
BRDA:38,3,0,0
BRDA:38,3,1,0
BRF:6
BRH:1
end_of_record
TN:
SF:src/components/upload/http.js
FN:1,getError
FN:12,getBody
FN:26,http
FN:33,progress
FN:46,(anonymous_4)
FN:48,(anonymous_5)
FN:54,error
FN:58,onload
FN:77,(anonymous_8)
FN:78,(anonymous_9)
FN:85,(anonymous_10)
FNF:11
FNH:0
FNDA:0,getError
FNDA:0,getBody
FNDA:0,http
FNDA:0,progress
FNDA:0,(anonymous_4)
FNDA:0,(anonymous_5)
FNDA:0,error
FNDA:0,onload
FNDA:0,(anonymous_8)
FNDA:0,(anonymous_9)
FNDA:0,(anonymous_10)
DA:2,0
DA:3,0
DA:5,0
DA:6,0
DA:7,0
DA:9,0
DA:13,0
DA:15,0
DA:16,0
DA:19,0
DA:20,0
DA:22,0
DA:27,0
DA:29,0
DA:32,0
DA:33,0
DA:34,0
DA:36,0
DA:37,0
DA:40,0
DA:44,0
DA:45,0
DA:46,0
DA:47,0
DA:48,0
DA:49,0
DA:54,0
DA:55,0
DA:58,0
DA:60,0
DA:61,0
DA:63,0
DA:66,0
DA:68,0
DA:69,0
DA:72,0
DA:73,0
DA:76,0
DA:77,0
DA:79,0
DA:82,0
DA:84,0
DA:86,0
LF:43
LH:0
BRDA:13,0,0,0
BRDA:13,0,1,0
BRDA:15,1,0,0
BRDA:15,1,1,0
BRDA:29,2,0,0
BRDA:32,3,0,0
BRDA:32,3,1,0
BRDA:32,4,0,0
BRDA:32,4,1,0
BRDA:36,5,0,0
BRDA:36,5,1,0
BRDA:45,6,0,0
BRDA:45,6,1,0
BRDA:60,7,0,0
BRDA:60,7,1,0
BRDA:60,8,0,0
BRDA:60,8,1,0
BRDA:68,9,0,0
BRDA:68,9,1,0
BRDA:68,10,0,0
BRDA:68,10,1,0
BRDA:72,11,0,0
BRDA:72,11,1,0
BRF:23
BRH:0
end_of_record
TN:
SF:src/components/upload/index.js
FN:17,(anonymous_0)
FN:29,(anonymous_1)
FN:44,(anonymous_2)
FN:58,(anonymous_3)
FN:69,(anonymous_4)
FN:73,(anonymous_5)
FN:80,(anonymous_6)
FN:89,(anonymous_7)
FN:96,(anonymous_8)
FN:100,(anonymous_9)
FN:107,(anonymous_10)
FN:122,(anonymous_11)
FN:125,(anonymous_12)
FN:134,(anonymous_13)
FN:142,(anonymous_14)
FN:151,(anonymous_15)
FN:161,(anonymous_16)
FN:163,(anonymous_17)
FN:177,(anonymous_18)
FN:210,(anonymous_19)
FN:229,(anonymous_20)
FN:268,(anonymous_21)
FN:272,(anonymous_22)
FN:282,(anonymous_23)
FN:291,(anonymous_24)
FN:305,(anonymous_25)
FN:308,(anonymous_26)
FN:312,(anonymous_27)
FN:320,(anonymous_28)
FN:321,(anonymous_29)
FN:331,(anonymous_30)
FN:351,(anonymous_31)
FN:404,(anonymous_32)
FN:427,(anonymous_33)
FN:437,(anonymous_34)
FN:448,(anonymous_35)
FN:517,(anonymous_36)
FN:517,(anonymous_37)
FNF:38
FNH:32
FNDA:16,(anonymous_0)
FNDA:4,(anonymous_1)
FNDA:20,(anonymous_2)
FNDA:21,(anonymous_3)
FNDA:3,(anonymous_4)
FNDA:2,(anonymous_5)
FNDA:2,(anonymous_6)
FNDA:0,(anonymous_7)
FNDA:2,(anonymous_8)
FNDA:0,(anonymous_9)
FNDA:9,(anonymous_10)
FNDA:7,(anonymous_11)
FNDA:7,(anonymous_12)
FNDA:0,(anonymous_13)
FNDA:2,(anonymous_14)
FNDA:1,(anonymous_15)
FNDA:4,(anonymous_16)
FNDA:4,(anonymous_17)
FNDA:2,(anonymous_18)
FNDA:1,(anonymous_19)
FNDA:7,(anonymous_20)
FNDA:7,(anonymous_21)
FNDA:3,(anonymous_22)
FNDA:4,(anonymous_23)
FNDA:5,(anonymous_24)
FNDA:1,(anonymous_25)
FNDA:2,(anonymous_26)
FNDA:1,(anonymous_27)
FNDA:3,(anonymous_28)
FNDA:1,(anonymous_29)
FNDA:21,(anonymous_30)
FNDA:21,(anonymous_31)
FNDA:4,(anonymous_32)
FNDA:0,(anonymous_33)
FNDA:16,(anonymous_34)
FNDA:21,(anonymous_35)
FNDA:0,(anonymous_36)
FNDA:0,(anonymous_37)
DA:17,1
DA:20,16
DA:21,16
DA:29,1
DA:30,4
DA:31,4
DA:40,20
DA:42,20
DA:45,20
DA:47,20
DA:49,20
DA:50,20
DA:59,21
DA:60,21
DA:61,0
DA:66,21
DA:70,3
DA:73,20
DA:74,2
DA:75,2
DA:78,2
DA:80,2
DA:81,2
DA:82,1
DA:83,1
DA:85,1
DA:90,0
DA:97,2
DA:100,20
DA:101,0
DA:107,20
DA:109,9
DA:110,9
DA:112,9
DA:114,7
DA:115,0
DA:116,0
DA:119,7
DA:122,20
DA:123,7
DA:125,7
DA:127,7
DA:128,7
DA:129,7
DA:131,7
DA:134,20
DA:135,0
DA:139,0
DA:142,20
DA:143,2
DA:145,2
DA:151,20
DA:152,1
DA:153,1
DA:154,1
DA:161,20
DA:162,4
DA:163,4
DA:164,4
DA:165,4
DA:166,4
DA:167,0
DA:169,4
DA:170,0
DA:172,4
DA:174,4
DA:177,20
DA:178,2
DA:179,2
DA:181,1
DA:184,1
DA:187,2
DA:188,2
DA:189,2
DA:190,2
DA:191,2
DA:192,0
DA:197,0
DA:200,0
DA:203,2
DA:210,20
DA:211,1
DA:212,1
DA:213,1
DA:214,1
DA:215,0
DA:219,1
DA:232,7
DA:236,7
DA:237,7
DA:240,7
DA:241,0
DA:244,7
DA:245,1
DA:246,1
DA:247,1
DA:250,6
DA:251,6
DA:252,6
DA:253,6
DA:254,0
DA:255,0
DA:256,0
DA:260,6
DA:261,1
DA:262,1
DA:265,5
DA:269,7
DA:270,7
DA:271,3
DA:272,3
DA:273,3
DA:274,3
DA:275,1
DA:277,3
DA:278,2
DA:282,4
DA:283,4
DA:284,4
DA:285,3
DA:291,20
DA:294,5
DA:295,5
DA:296,5
DA:297,5
DA:306,1
DA:309,2
DA:310,2
DA:313,1
DA:314,1
DA:317,5
DA:321,3
DA:322,1
DA:323,1
DA:324,0
DA:327,1
DA:334,21
DA:336,21
DA:338,20
DA:339,16
DA:348,4
DA:354,21
DA:355,21
DA:356,21
DA:358,21
DA:368,21
DA:372,21
DA:373,0
DA:386,21
DA:405,4
DA:406,4
DA:407,4
DA:409,4
DA:427,0
DA:438,16
DA:439,16
DA:440,16
DA:449,21
DA:451,21
DA:452,1
DA:459,20
DA:467,1
DA:497,1
DA:517,0
LF:164
LH:143
BRDA:23,0,0,16
BRDA:23,0,1,12
BRDA:49,1,0,20
BRDA:49,1,1,13
BRDA:60,2,0,0
BRDA:60,2,1,21
BRDA:60,3,0,21
BRDA:60,3,1,8
BRDA:75,4,0,0
BRDA:75,4,1,2
BRDA:75,5,0,2
BRDA:75,5,1,2
BRDA:81,6,0,1
BRDA:81,6,1,1
BRDA:100,7,0,0
BRDA:112,8,0,2
BRDA:112,8,1,7
BRDA:114,9,0,0
BRDA:114,9,1,7
BRDA:114,10,0,7
BRDA:114,10,1,0
BRDA:114,10,2,0
BRDA:166,11,0,0
BRDA:166,11,1,4
BRDA:169,12,0,0
BRDA:169,12,1,4
BRDA:179,13,0,1
BRDA:179,13,1,1
BRDA:191,14,0,0
BRDA:191,14,1,2
BRDA:214,15,0,0
BRDA:214,15,1,1
BRDA:236,16,0,7
BRDA:236,16,1,0
BRDA:236,17,0,7
BRDA:236,17,1,0
BRDA:240,18,0,0
BRDA:240,18,1,7
BRDA:244,19,0,1
BRDA:244,19,1,6
BRDA:250,20,0,6
BRDA:250,20,1,0
BRDA:251,21,0,6
BRDA:251,21,1,0
BRDA:253,22,0,0
BRDA:253,22,1,6
BRDA:253,23,0,6
BRDA:253,23,1,0
BRDA:260,24,0,1
BRDA:260,24,1,5
BRDA:270,25,0,3
BRDA:270,25,1,4
BRDA:274,26,0,1
BRDA:274,26,1,2
BRDA:277,27,0,2
BRDA:277,27,1,1
BRDA:277,28,0,3
BRDA:277,28,1,2
BRDA:277,28,2,2
BRDA:284,29,0,3
BRDA:284,29,1,1
BRDA:295,30,0,5
BRDA:295,30,1,0
BRDA:323,31,0,0
BRDA:323,31,1,1
BRDA:323,32,0,1
BRDA:323,32,1,0
BRDA:336,33,0,1
BRDA:336,33,1,20
BRDA:338,34,0,16
BRDA:338,34,1,4
BRDA:356,35,0,21
BRDA:356,35,1,19
BRDA:356,35,2,0
BRDA:356,35,3,0
BRDA:368,36,0,2
BRDA:368,36,1,19
BRDA:372,37,0,0
BRDA:372,37,1,21
BRDA:372,38,0,21
BRDA:372,38,1,0
BRDA:420,39,0,4
BRDA:420,39,1,0
BRDA:451,40,0,1
BRDA:451,40,1,20
BRDA:461,41,0,4
BRDA:461,41,1,16
BRF:87
BRH:62
end_of_record
TN:
SF:src/components/upload/list.js
FN:14,(anonymous_0)
FN:23,(anonymous_1)
FN:33,(anonymous_2)
FN:60,(anonymous_3)
FN:70,(anonymous_4)
FN:72,(anonymous_5)
FN:75,(anonymous_6)
FN:80,(anonymous_7)
FN:96,(anonymous_8)
FN:116,(anonymous_9)
FN:126,(anonymous_10)
FN:133,(anonymous_11)
FN:145,UploadList
FNF:13
FNH:10
FNDA:15,(anonymous_0)
FNDA:15,(anonymous_1)
FNDA:15,(anonymous_2)
FNDA:1,(anonymous_3)
FNDA:16,(anonymous_4)
FNDA:15,(anonymous_5)
FNDA:4,(anonymous_6)
FNDA:8,(anonymous_7)
FNDA:0,(anonymous_8)
FNDA:0,(anonymous_9)
FNDA:0,(anonymous_10)
FNDA:1,(anonymous_11)
FNDA:20,UploadList
DA:10,1
DA:12,1
DA:14,1
DA:15,15
DA:16,15
DA:18,15
DA:20,15
DA:21,15
DA:23,15
DA:24,15
DA:25,15
DA:26,15
DA:27,0
DA:28,0
DA:33,15
DA:34,15
DA:35,0
DA:39,15
DA:61,1
DA:70,1
DA:71,16
DA:72,16
DA:75,1
DA:78,4
DA:80,4
DA:81,8
DA:84,8
DA:85,0
DA:97,0
DA:106,8
DA:117,0
DA:127,0
DA:134,1
DA:148,20
DA:150,20
DA:155,20
DA:173,1
DA:179,1
LF:38
LH:31
BRDA:24,0,0,15
BRDA:24,0,1,0
BRDA:26,1,0,0
BRDA:26,1,1,15
BRDA:34,2,0,0
BRDA:34,2,1,15
BRDA:44,3,0,15
BRDA:44,3,1,0
BRDA:50,4,0,0
BRDA:50,4,1,15
BRDA:56,5,0,15
BRDA:56,5,1,12
BRDA:84,6,0,0
BRDA:84,6,1,8
BRDA:91,7,0,0
BRDA:91,7,1,0
BRDA:112,8,0,8
BRDA:112,8,1,8
BRDA:115,9,0,0
BRDA:115,9,1,8
BRDA:121,10,0,8
BRDA:121,10,1,8
BRDA:147,11,0,0
BRDA:157,12,0,16
BRDA:157,12,1,4
BRF:25
BRH:15
end_of_record
TN:
SF:src/components/upload/utils.js
FN:1,getUuid
FNF:1
FNH:1
FNDA:7,getUuid
DA:2,7
DA:3,7
LF:2
LH:2
BRF:0
BRH:0
end_of_record
TN:
SF:src/contexts/context-provider.js
FN:16,(anonymous_0)
FNF:1
FNH:1
FNDA:25,(anonymous_0)
DA:17,25
LF:1
LH:1
BRDA:17,0,0,25
BRDA:17,0,1,25
BRF:2
BRH:2
end_of_record
TN:
SF:src/locale/zh_CN.js
FNF:0
FNH:0
DA:4,0
DA:59,0
LF:2
LH:0
BRF:0
BRH:0
end_of_record
TN:
SF:src/utils/config.js
FNF:0
FNH:0
DA:1,42
DA:2,42
LF:2
LH:2
BRF:0
BRH:0
end_of_record
TN:
SF:src/utils/flat.js
FN:1,flat
FN:2,(anonymous_1)
FN:4,(anonymous_2)
FNF:3
FNH:3
FNDA:402,flat
FNDA:409,(anonymous_1)
FNDA:2533,(anonymous_2)
DA:2,402
DA:3,409
DA:4,2533
DA:6,2
DA:8,402
LF:5
LH:5
BRDA:3,0,0,407
BRDA:3,0,1,2
BRDA:4,1,0,7
BRDA:4,1,1,2526
BRF:4
BRH:4
end_of_record
TN:
SF:src/utils/get-root-window.js
FN:1,getRootWindow
FN:6,(anonymous_1)
FNF:2
FNH:2
FNDA:102,getRootWindow
FNDA:101,(anonymous_1)
DA:2,102
DA:4,102
DA:6,101
DA:7,101
DA:9,101
DA:10,0
DA:13,101
DA:14,101
DA:17,0
DA:19,0
DA:21,0
DA:25,101
LF:12
LH:8
BRDA:1,0,0,101
BRDA:4,1,0,1
BRDA:4,1,1,101
BRDA:9,2,0,0
BRDA:9,2,1,101
BRDA:9,3,0,101
BRDA:9,3,1,101
BRDA:13,4,0,101
BRDA:13,4,1,0
BRF:9
BRH:7
end_of_record
TN:
SF:src/utils/get-styles.js
FN:1,getCssText
FN:5,(anonymous_1)
FN:15,(anonymous_2)
FN:17,(anonymous_3)
FN:21,(anonymous_4)
FNF:5
FNH:5
FNDA:4,getCssText
FNDA:4,(anonymous_1)
FNDA:3,(anonymous_2)
FNDA:3,(anonymous_3)
FNDA:3,(anonymous_4)
DA:2,4
DA:4,4
DA:6,4
DA:7,4
DA:8,3
DA:13,1
DA:15,3
DA:17,4
DA:18,3
DA:20,3
DA:22,3
DA:23,1
DA:26,2
DA:27,1
DA:28,1
DA:31,1
DA:34,4
LF:17
LH:17
BRDA:7,0,0,3
BRDA:7,0,1,0
BRDA:7,1,0,4
BRDA:7,1,1,4
BRDA:22,2,0,1
BRDA:22,2,1,2
BRDA:26,3,0,1
BRDA:26,3,1,1
BRF:8
BRH:7
end_of_record
TN:
SF:src/utils/index.js
FNF:0
FNH:0
LF:0
LH:0
BRF:0
BRH:0
end_of_record
TN:
SF:src/utils/module.js
FN:1,loadScript
FNF:1
FNH:1
FNDA:35,loadScript
DA:2,35
DA:3,35
DA:4,35
DA:5,35
LF:4
LH:4
BRF:0
BRH:0
end_of_record
TN:
SF:src/utils/motion.js
FN:1,(anonymous_0)
FN:2,(anonymous_1)
FN:3,(anonymous_2)
FN:4,(anonymous_3)
FNF:4
FNH:0
FNDA:0,(anonymous_0)
FNDA:0,(anonymous_1)
FNDA:0,(anonymous_2)
FNDA:0,(anonymous_3)
DA:1,0
DA:2,0
DA:3,0
DA:4,0
DA:5,0
DA:7,0
LF:6
LH:0
BRDA:5,0,0,0
BRDA:5,0,1,0
BRF:2
BRH:0
end_of_record
TN:
SF:src/utils/noop.js
FN:1,(anonymous_0)
FNF:1
FNH:1
FNDA:121,(anonymous_0)
DA:1,42
LF:1
LH:1
BRF:0
BRH:0
end_of_record
TN:
SF:src/utils/omit.js
FN:1,(anonymous_0)
FN:1,(anonymous_1)
FNF:2
FNH:2
FNDA:370,(anonymous_0)
FNDA:3975,(anonymous_1)
DA:1,370
DA:2,3975
DA:3,1266
DA:5,3975
LF:4
LH:4
BRDA:2,0,0,1266
BRDA:2,0,1,2709
BRF:2
BRH:2
end_of_record
TN:
SF:src/utils/sandbox-selector.js
FNF:0
FNH:0
DA:1,42
LF:1
LH:1
BRF:0
BRH:0
end_of_record
